[0.011s] Invoking command in '/home/zihao/Documents/limo/agilex_open_class/build/piper_description': CMAKE_PREFIX_PATH=/opt/ros/humble /usr/bin/cmake /home/zihao/Documents/limo/agilex_open_class/piper/piper_description -DCMAKE_INSTALL_PREFIX=/home/zihao/Documents/limo/agilex_open_class/install/piper_description
[0.019s] -- Found ament_cmake: 1.3.11 (/opt/ros/humble/share/ament_cmake/cmake)
[0.091s] -- Found ament_lint_auto: 0.12.11 (/opt/ros/humble/share/ament_lint_auto/cmake)
[0.150s] -- Added test 'copyright' to check source files copyright and LICENSE
[0.151s] -- Added test 'flake8' to check Python code syntax and style conventions
[0.151s] -- Added test 'lint_cmake' to check CMake code style
[0.152s] -- Added test 'pep257' to check Python code against some of the docstring style conventions in PEP 257
[0.152s] -- Added test 'xmllint' to check XML markup files
[0.153s] -- Configuring done
[0.154s] -- Generating done
[0.155s] -- Build files have been written to: /home/zihao/Documents/limo/agilex_open_class/build/piper_description
[0.157s] Invoked command in '/home/zihao/Documents/limo/agilex_open_class/build/piper_description' returned '0': CMAKE_PREFIX_PATH=/opt/ros/humble /usr/bin/cmake /home/zihao/Documents/limo/agilex_open_class/piper/piper_description -DCMAKE_INSTALL_PREFIX=/home/zihao/Documents/limo/agilex_open_class/install/piper_description
[0.158s] Invoking command in '/home/zihao/Documents/limo/agilex_open_class/build/piper_description': CMAKE_PREFIX_PATH=/opt/ros/humble /usr/bin/cmake --build /home/zihao/Documents/limo/agilex_open_class/build/piper_description -- -j32 -l32
[0.204s] Invoked command in '/home/zihao/Documents/limo/agilex_open_class/build/piper_description' returned '0': CMAKE_PREFIX_PATH=/opt/ros/humble /usr/bin/cmake --build /home/zihao/Documents/limo/agilex_open_class/build/piper_description -- -j32 -l32
[0.210s] Invoking command in '/home/zihao/Documents/limo/agilex_open_class/build/piper_description': CMAKE_PREFIX_PATH=/opt/ros/humble /usr/bin/cmake --install /home/zihao/Documents/limo/agilex_open_class/build/piper_description
[0.216s] -- Install configuration: ""
[0.216s] -- Installing: /home/zihao/Documents/limo/agilex_open_class/install/piper_description/share/piper_description/launch
[0.216s] -- Installing: /home/zihao/Documents/limo/agilex_open_class/install/piper_description/share/piper_description/launch/display_piper.launch.py
[0.216s] -- Installing: /home/zihao/Documents/limo/agilex_open_class/install/piper_description/share/piper_description/launch/piper_gazebo.launch.py
[0.216s] -- Installing: /home/zihao/Documents/limo/agilex_open_class/install/piper_description/share/piper_description/launch/piper_spawn.launch.py
[0.216s] -- Installing: /home/zihao/Documents/limo/agilex_open_class/install/piper_description/share/piper_description/launch/piper_empty_world.launch.py
[0.216s] -- Installing: /home/zihao/Documents/limo/agilex_open_class/install/piper_description/share/piper_description/meshes
[0.216s] -- Installing: /home/zihao/Documents/limo/agilex_open_class/install/piper_description/share/piper_description/meshes/link6.STL
[0.216s] -- Installing: /home/zihao/Documents/limo/agilex_open_class/install/piper_description/share/piper_description/meshes/link5.STL
[0.217s] -- Installing: /home/zihao/Documents/limo/agilex_open_class/install/piper_description/share/piper_description/meshes/link7.STL
[0.217s] -- Installing: /home/zihao/Documents/limo/agilex_open_class/install/piper_description/share/piper_description/meshes/link4.STL
[0.217s] -- Installing: /home/zihao/Documents/limo/agilex_open_class/install/piper_description/share/piper_description/meshes/link1.STL
[0.218s] -- Installing: /home/zihao/Documents/limo/agilex_open_class/install/piper_description/share/piper_description/meshes/link2.STL
[0.219s] -- Installing: /home/zihao/Documents/limo/agilex_open_class/install/piper_description/share/piper_description/meshes/link3.STL
[0.220s] -- Installing: /home/zihao/Documents/limo/agilex_open_class/install/piper_description/share/piper_description/meshes/base_link.STL
[0.220s] -- Installing: /home/zihao/Documents/limo/agilex_open_class/install/piper_description/share/piper_description/meshes/link8.STL
[0.220s] -- Installing: /home/zihao/Documents/limo/agilex_open_class/install/piper_description/share/piper_description/rviz
[0.220s] -- Installing: /home/zihao/Documents/limo/agilex_open_class/install/piper_description/share/piper_description/rviz/piper_ctrl.rviz
[0.220s] -- Installing: /home/zihao/Documents/limo/agilex_open_class/install/piper_description/share/piper_description/urdf
[0.220s] -- Installing: /home/zihao/Documents/limo/agilex_open_class/install/piper_description/share/piper_description/urdf/piper_description.csv
[0.221s] -- Installing: /home/zihao/Documents/limo/agilex_open_class/install/piper_description/share/piper_description/urdf/piper_description.xacro
[0.221s] -- Installing: /home/zihao/Documents/limo/agilex_open_class/install/piper_description/share/piper_description/urdf/piper_description.urdf
[0.221s] -- Installing: /home/zihao/Documents/limo/agilex_open_class/install/piper_description/share/piper_description/urdf/piper_description_gazebo.xacro
[0.221s] -- Installing: /home/zihao/Documents/limo/agilex_open_class/install/piper_description/share/piper_description/worlds
[0.221s] -- Installing: /home/zihao/Documents/limo/agilex_open_class/install/piper_description/share/piper_description/worlds/empty.world
[0.221s] -- Installing: /home/zihao/Documents/limo/agilex_open_class/install/piper_description/share/ament_index/resource_index/package_run_dependencies/piper_description
[0.221s] -- Installing: /home/zihao/Documents/limo/agilex_open_class/install/piper_description/share/ament_index/resource_index/parent_prefix_path/piper_description
[0.221s] -- Installing: /home/zihao/Documents/limo/agilex_open_class/install/piper_description/share/piper_description/environment/ament_prefix_path.sh
[0.221s] -- Installing: /home/zihao/Documents/limo/agilex_open_class/install/piper_description/share/piper_description/environment/ament_prefix_path.dsv
[0.221s] -- Installing: /home/zihao/Documents/limo/agilex_open_class/install/piper_description/share/piper_description/environment/path.sh
[0.221s] -- Installing: /home/zihao/Documents/limo/agilex_open_class/install/piper_description/share/piper_description/environment/path.dsv
[0.221s] -- Installing: /home/zihao/Documents/limo/agilex_open_class/install/piper_description/share/piper_description/local_setup.bash
[0.221s] -- Installing: /home/zihao/Documents/limo/agilex_open_class/install/piper_description/share/piper_description/local_setup.sh
[0.221s] -- Installing: /home/zihao/Documents/limo/agilex_open_class/install/piper_description/share/piper_description/local_setup.zsh
[0.221s] -- Installing: /home/zihao/Documents/limo/agilex_open_class/install/piper_description/share/piper_description/local_setup.dsv
[0.221s] -- Installing: /home/zihao/Documents/limo/agilex_open_class/install/piper_description/share/piper_description/package.dsv
[0.221s] -- Installing: /home/zihao/Documents/limo/agilex_open_class/install/piper_description/share/ament_index/resource_index/packages/piper_description
[0.221s] -- Installing: /home/zihao/Documents/limo/agilex_open_class/install/piper_description/share/piper_description/cmake/piper_descriptionConfig.cmake
[0.221s] -- Installing: /home/zihao/Documents/limo/agilex_open_class/install/piper_description/share/piper_description/cmake/piper_descriptionConfig-version.cmake
[0.221s] -- Installing: /home/zihao/Documents/limo/agilex_open_class/install/piper_description/share/piper_description/package.xml
[0.228s] Invoked command in '/home/zihao/Documents/limo/agilex_open_class/build/piper_description' returned '0': CMAKE_PREFIX_PATH=/opt/ros/humble /usr/bin/cmake --install /home/zihao/Documents/limo/agilex_open_class/build/piper_description
