[0.011s] Invoking command in '/home/zihao/Documents/limo/agilex_open_class/build/limo_learnning': CMAKE_PREFIX_PATH=/home/zihao/Documents/limo/agilex_open_class/install/limo_msgs:/home/zihao/Documents/limo/agilex_open_class/install/piper_moveit_config_v5:/home/zihao/Documents/limo/agilex_open_class/install/piper_moveit_config_v4:/home/zihao/Documents/limo/agilex_open_class/install/piper_description:/home/zihao/Documents/limo/agilex_open_class/install/limo_learnning:/home/zihao/Documents/limo/agilex_open_class/install/limo_bringup:/home/zihao/Documents/limo/agilex_open_class/install/limo_gazebo_sim:/home/zihao/Documents/limo/agilex_open_class/install/limo_description:/home/zihao/Documents/limo/agilex_open_class/install/learnning_piper:/home/zihao/Documents/limo/agilex_open_class/install/limo_learnning_py:/opt/ros/humble LD_LIBRARY_PATH=/home/zihao/Documents/limo/agilex_open_class/install/limo_msgs/lib:/usr/lib/x86_64-linux-gnu/gazebo-11/plugins:/opt/ros/humble/opt/rviz_ogre_vendor/lib:/opt/ros/humble/lib/x86_64-linux-gnu:/opt/ros/humble/lib:/tmp/.mount_Cursoro3GCvs/usr/lib/:/tmp/.mount_Cursoro3GCvs/usr/lib32/:/tmp/.mount_Cursoro3GCvs/usr/lib64/:/tmp/.mount_Cursoro3GCvs/lib/:/tmp/.mount_Cursoro3GCvs/lib/i386-linux-gnu/:/tmp/.mount_Cursoro3GCvs/lib/x86_64-linux-gnu/:/tmp/.mount_Cursoro3GCvs/lib/aarch64-linux-gnu/:/tmp/.mount_Cursoro3GCvs/lib32/:/tmp/.mount_Cursoro3GCvs/lib64/:/usr/share/gazebo/../../lib/x86_64-linux-gnu/gazebo-11/plugins:/usr/share/gazebo/../../lib/x86_64-linux-gnu/gazebo-11/plugins:/usr/share/gazebo/../../lib/x86_64-linux-gnu/gazebo-11/plugins:/usr/share/gazebo/../../lib/x86_64-linux-gnu/gazebo-11/plugins:/usr/share/gazebo/../../lib/x86_64-linux-gnu/gazebo-11/plugins:/usr/share/gazebo/../../lib/x86_64-linux-gnu/gazebo-11/plugins:/usr/share/gazebo/../../lib/x86_64-linux-gnu/gazebo-11/plugins:/usr/share/gazebo/../../lib/x86_64-linux-gnu/gazebo-11/plugins:/usr/share/gazebo/../../lib/x86_64-linux-gnu/gazebo-11/plugins:/usr/share/gazebo/../../lib/x86_64-linux-gnu/gazebo-11/plugins /usr/bin/cmake --build /home/zihao/Documents/limo/agilex_open_class/build/limo_learnning -- -j32 -l32
[0.110s] [  8%] Built target limo_client
[0.111s] [ 16%] Built target limo_action_server
[0.118s] [ 25%] Built target limo_scan
[0.121s] [ 41%] Built target limo_action_client
[0.121s] [ 41%] Built target limo_topic_cmd
[0.121s] [ 54%] Built target listen_tf
[0.121s] [ 58%] Built target limo_scan_nav
[0.123s] [ 83%] Built target limo_server
[0.123s] [ 83%] Built target follow_path
[0.123s] [ 83%] Built target multi_goal_nav
[0.123s] [ 91%] Built target explore
[0.124s] [100%] Built target record_path
[0.141s] Invoked command in '/home/zihao/Documents/limo/agilex_open_class/build/limo_learnning' returned '0': CMAKE_PREFIX_PATH=/home/zihao/Documents/limo/agilex_open_class/install/limo_msgs:/home/zihao/Documents/limo/agilex_open_class/install/piper_moveit_config_v5:/home/zihao/Documents/limo/agilex_open_class/install/piper_moveit_config_v4:/home/zihao/Documents/limo/agilex_open_class/install/piper_description:/home/zihao/Documents/limo/agilex_open_class/install/limo_learnning:/home/zihao/Documents/limo/agilex_open_class/install/limo_bringup:/home/zihao/Documents/limo/agilex_open_class/install/limo_gazebo_sim:/home/zihao/Documents/limo/agilex_open_class/install/limo_description:/home/zihao/Documents/limo/agilex_open_class/install/learnning_piper:/home/zihao/Documents/limo/agilex_open_class/install/limo_learnning_py:/opt/ros/humble LD_LIBRARY_PATH=/home/zihao/Documents/limo/agilex_open_class/install/limo_msgs/lib:/usr/lib/x86_64-linux-gnu/gazebo-11/plugins:/opt/ros/humble/opt/rviz_ogre_vendor/lib:/opt/ros/humble/lib/x86_64-linux-gnu:/opt/ros/humble/lib:/tmp/.mount_Cursoro3GCvs/usr/lib/:/tmp/.mount_Cursoro3GCvs/usr/lib32/:/tmp/.mount_Cursoro3GCvs/usr/lib64/:/tmp/.mount_Cursoro3GCvs/lib/:/tmp/.mount_Cursoro3GCvs/lib/i386-linux-gnu/:/tmp/.mount_Cursoro3GCvs/lib/x86_64-linux-gnu/:/tmp/.mount_Cursoro3GCvs/lib/aarch64-linux-gnu/:/tmp/.mount_Cursoro3GCvs/lib32/:/tmp/.mount_Cursoro3GCvs/lib64/:/usr/share/gazebo/../../lib/x86_64-linux-gnu/gazebo-11/plugins:/usr/share/gazebo/../../lib/x86_64-linux-gnu/gazebo-11/plugins:/usr/share/gazebo/../../lib/x86_64-linux-gnu/gazebo-11/plugins:/usr/share/gazebo/../../lib/x86_64-linux-gnu/gazebo-11/plugins:/usr/share/gazebo/../../lib/x86_64-linux-gnu/gazebo-11/plugins:/usr/share/gazebo/../../lib/x86_64-linux-gnu/gazebo-11/plugins:/usr/share/gazebo/../../lib/x86_64-linux-gnu/gazebo-11/plugins:/usr/share/gazebo/../../lib/x86_64-linux-gnu/gazebo-11/plugins:/usr/share/gazebo/../../lib/x86_64-linux-gnu/gazebo-11/plugins:/usr/share/gazebo/../../lib/x86_64-linux-gnu/gazebo-11/plugins /usr/bin/cmake --build /home/zihao/Documents/limo/agilex_open_class/build/limo_learnning -- -j32 -l32
[0.141s] Invoking command in '/home/zihao/Documents/limo/agilex_open_class/build/limo_learnning': CMAKE_PREFIX_PATH=/home/zihao/Documents/limo/agilex_open_class/install/limo_msgs:/home/zihao/Documents/limo/agilex_open_class/install/piper_moveit_config_v5:/home/zihao/Documents/limo/agilex_open_class/install/piper_moveit_config_v4:/home/zihao/Documents/limo/agilex_open_class/install/piper_description:/home/zihao/Documents/limo/agilex_open_class/install/limo_learnning:/home/zihao/Documents/limo/agilex_open_class/install/limo_bringup:/home/zihao/Documents/limo/agilex_open_class/install/limo_gazebo_sim:/home/zihao/Documents/limo/agilex_open_class/install/limo_description:/home/zihao/Documents/limo/agilex_open_class/install/learnning_piper:/home/zihao/Documents/limo/agilex_open_class/install/limo_learnning_py:/opt/ros/humble LD_LIBRARY_PATH=/home/zihao/Documents/limo/agilex_open_class/install/limo_msgs/lib:/usr/lib/x86_64-linux-gnu/gazebo-11/plugins:/opt/ros/humble/opt/rviz_ogre_vendor/lib:/opt/ros/humble/lib/x86_64-linux-gnu:/opt/ros/humble/lib:/tmp/.mount_Cursoro3GCvs/usr/lib/:/tmp/.mount_Cursoro3GCvs/usr/lib32/:/tmp/.mount_Cursoro3GCvs/usr/lib64/:/tmp/.mount_Cursoro3GCvs/lib/:/tmp/.mount_Cursoro3GCvs/lib/i386-linux-gnu/:/tmp/.mount_Cursoro3GCvs/lib/x86_64-linux-gnu/:/tmp/.mount_Cursoro3GCvs/lib/aarch64-linux-gnu/:/tmp/.mount_Cursoro3GCvs/lib32/:/tmp/.mount_Cursoro3GCvs/lib64/:/usr/share/gazebo/../../lib/x86_64-linux-gnu/gazebo-11/plugins:/usr/share/gazebo/../../lib/x86_64-linux-gnu/gazebo-11/plugins:/usr/share/gazebo/../../lib/x86_64-linux-gnu/gazebo-11/plugins:/usr/share/gazebo/../../lib/x86_64-linux-gnu/gazebo-11/plugins:/usr/share/gazebo/../../lib/x86_64-linux-gnu/gazebo-11/plugins:/usr/share/gazebo/../../lib/x86_64-linux-gnu/gazebo-11/plugins:/usr/share/gazebo/../../lib/x86_64-linux-gnu/gazebo-11/plugins:/usr/share/gazebo/../../lib/x86_64-linux-gnu/gazebo-11/plugins:/usr/share/gazebo/../../lib/x86_64-linux-gnu/gazebo-11/plugins:/usr/share/gazebo/../../lib/x86_64-linux-gnu/gazebo-11/plugins /usr/bin/cmake --install /home/zihao/Documents/limo/agilex_open_class/build/limo_learnning
[0.144s] -- Install configuration: ""
[0.145s] -- Up-to-date: /home/zihao/Documents/limo/agilex_open_class/install/limo_learnning/lib/limo_learnning/limo_server
[0.145s] -- Up-to-date: /home/zihao/Documents/limo/agilex_open_class/install/limo_learnning/lib/limo_learnning/limo_client
[0.145s] -- Up-to-date: /home/zihao/Documents/limo/agilex_open_class/install/limo_learnning/lib/limo_learnning/limo_action_server
[0.145s] -- Up-to-date: /home/zihao/Documents/limo/agilex_open_class/install/limo_learnning/lib/limo_learnning/limo_action_client
[0.145s] -- Up-to-date: /home/zihao/Documents/limo/agilex_open_class/install/limo_learnning/lib/limo_learnning/limo_topic_cmd
[0.145s] -- Up-to-date: /home/zihao/Documents/limo/agilex_open_class/install/limo_learnning/lib/limo_learnning/listen_tf
[0.145s] -- Up-to-date: /home/zihao/Documents/limo/agilex_open_class/install/limo_learnning/lib/limo_learnning/limo_scan
[0.145s] -- Up-to-date: /home/zihao/Documents/limo/agilex_open_class/install/limo_learnning/lib/limo_learnning/limo_scan_nav
[0.145s] -- Up-to-date: /home/zihao/Documents/limo/agilex_open_class/install/limo_learnning/lib/limo_learnning/multi_goal_nav
[0.145s] -- Up-to-date: /home/zihao/Documents/limo/agilex_open_class/install/limo_learnning/lib/limo_learnning/explore
[0.145s] -- Up-to-date: /home/zihao/Documents/limo/agilex_open_class/install/limo_learnning/lib/limo_learnning/record_path
[0.145s] -- Up-to-date: /home/zihao/Documents/limo/agilex_open_class/install/limo_learnning/lib/limo_learnning/follow_path
[0.145s] -- Up-to-date: /home/zihao/Documents/limo/agilex_open_class/install/limo_learnning/share/ament_index/resource_index/package_run_dependencies/limo_learnning
[0.145s] -- Up-to-date: /home/zihao/Documents/limo/agilex_open_class/install/limo_learnning/share/ament_index/resource_index/parent_prefix_path/limo_learnning
[0.145s] -- Up-to-date: /home/zihao/Documents/limo/agilex_open_class/install/limo_learnning/share/limo_learnning/environment/ament_prefix_path.sh
[0.145s] -- Up-to-date: /home/zihao/Documents/limo/agilex_open_class/install/limo_learnning/share/limo_learnning/environment/ament_prefix_path.dsv
[0.145s] -- Up-to-date: /home/zihao/Documents/limo/agilex_open_class/install/limo_learnning/share/limo_learnning/environment/path.sh
[0.145s] -- Up-to-date: /home/zihao/Documents/limo/agilex_open_class/install/limo_learnning/share/limo_learnning/environment/path.dsv
[0.146s] -- Up-to-date: /home/zihao/Documents/limo/agilex_open_class/install/limo_learnning/share/limo_learnning/local_setup.bash
[0.146s] -- Up-to-date: /home/zihao/Documents/limo/agilex_open_class/install/limo_learnning/share/limo_learnning/local_setup.sh
[0.146s] -- Up-to-date: /home/zihao/Documents/limo/agilex_open_class/install/limo_learnning/share/limo_learnning/local_setup.zsh
[0.146s] -- Up-to-date: /home/zihao/Documents/limo/agilex_open_class/install/limo_learnning/share/limo_learnning/local_setup.dsv
[0.146s] -- Installing: /home/zihao/Documents/limo/agilex_open_class/install/limo_learnning/share/limo_learnning/package.dsv
[0.146s] -- Up-to-date: /home/zihao/Documents/limo/agilex_open_class/install/limo_learnning/share/ament_index/resource_index/packages/limo_learnning
[0.146s] -- Up-to-date: /home/zihao/Documents/limo/agilex_open_class/install/limo_learnning/share/limo_learnning/cmake/limo_learnningConfig.cmake
[0.146s] -- Up-to-date: /home/zihao/Documents/limo/agilex_open_class/install/limo_learnning/share/limo_learnning/cmake/limo_learnningConfig-version.cmake
[0.146s] -- Up-to-date: /home/zihao/Documents/limo/agilex_open_class/install/limo_learnning/share/limo_learnning/package.xml
[0.147s] Invoked command in '/home/zihao/Documents/limo/agilex_open_class/build/limo_learnning' returned '0': CMAKE_PREFIX_PATH=/home/zihao/Documents/limo/agilex_open_class/install/limo_msgs:/home/zihao/Documents/limo/agilex_open_class/install/piper_moveit_config_v5:/home/zihao/Documents/limo/agilex_open_class/install/piper_moveit_config_v4:/home/zihao/Documents/limo/agilex_open_class/install/piper_description:/home/zihao/Documents/limo/agilex_open_class/install/limo_learnning:/home/zihao/Documents/limo/agilex_open_class/install/limo_bringup:/home/zihao/Documents/limo/agilex_open_class/install/limo_gazebo_sim:/home/zihao/Documents/limo/agilex_open_class/install/limo_description:/home/zihao/Documents/limo/agilex_open_class/install/learnning_piper:/home/zihao/Documents/limo/agilex_open_class/install/limo_learnning_py:/opt/ros/humble LD_LIBRARY_PATH=/home/zihao/Documents/limo/agilex_open_class/install/limo_msgs/lib:/usr/lib/x86_64-linux-gnu/gazebo-11/plugins:/opt/ros/humble/opt/rviz_ogre_vendor/lib:/opt/ros/humble/lib/x86_64-linux-gnu:/opt/ros/humble/lib:/tmp/.mount_Cursoro3GCvs/usr/lib/:/tmp/.mount_Cursoro3GCvs/usr/lib32/:/tmp/.mount_Cursoro3GCvs/usr/lib64/:/tmp/.mount_Cursoro3GCvs/lib/:/tmp/.mount_Cursoro3GCvs/lib/i386-linux-gnu/:/tmp/.mount_Cursoro3GCvs/lib/x86_64-linux-gnu/:/tmp/.mount_Cursoro3GCvs/lib/aarch64-linux-gnu/:/tmp/.mount_Cursoro3GCvs/lib32/:/tmp/.mount_Cursoro3GCvs/lib64/:/usr/share/gazebo/../../lib/x86_64-linux-gnu/gazebo-11/plugins:/usr/share/gazebo/../../lib/x86_64-linux-gnu/gazebo-11/plugins:/usr/share/gazebo/../../lib/x86_64-linux-gnu/gazebo-11/plugins:/usr/share/gazebo/../../lib/x86_64-linux-gnu/gazebo-11/plugins:/usr/share/gazebo/../../lib/x86_64-linux-gnu/gazebo-11/plugins:/usr/share/gazebo/../../lib/x86_64-linux-gnu/gazebo-11/plugins:/usr/share/gazebo/../../lib/x86_64-linux-gnu/gazebo-11/plugins:/usr/share/gazebo/../../lib/x86_64-linux-gnu/gazebo-11/plugins:/usr/share/gazebo/../../lib/x86_64-linux-gnu/gazebo-11/plugins:/usr/share/gazebo/../../lib/x86_64-linux-gnu/gazebo-11/plugins /usr/bin/cmake --install /home/zihao/Documents/limo/agilex_open_class/build/limo_learnning
