running egg_info
creating ../../build/limo_learnning_py/limo_learnning_py.egg-info
writing ../../build/limo_learnning_py/limo_learnning_py.egg-info/PKG-INFO
writing dependency_links to ../../build/limo_learnning_py/limo_learnning_py.egg-info/dependency_links.txt
writing entry points to ../../build/limo_learnning_py/limo_learnning_py.egg-info/entry_points.txt
writing requirements to ../../build/limo_learnning_py/limo_learnning_py.egg-info/requires.txt
writing top-level names to ../../build/limo_learnning_py/limo_learnning_py.egg-info/top_level.txt
writing manifest file '../../build/limo_learnning_py/limo_learnning_py.egg-info/SOURCES.txt'
reading manifest file '../../build/limo_learnning_py/limo_learnning_py.egg-info/SOURCES.txt'
writing manifest file '../../build/limo_learnning_py/limo_learnning_py.egg-info/SOURCES.txt'
running build
running build_py
creating /home/zihao/Documents/limo/agilex_open_class/build/limo_learnning_py/build
creating /home/zihao/Documents/limo/agilex_open_class/build/limo_learnning_py/build/lib
creating /home/zihao/Documents/limo/agilex_open_class/build/limo_learnning_py/build/lib/limo_learnning_py
copying limo_learnning_py/limo_topic_cmd.py -> /home/zihao/Documents/limo/agilex_open_class/build/limo_learnning_py/build/lib/limo_learnning_py
copying limo_learnning_py/limo_scan.py -> /home/zihao/Documents/limo/agilex_open_class/build/limo_learnning_py/build/lib/limo_learnning_py
copying limo_learnning_py/limo_action_server.py -> /home/zihao/Documents/limo/agilex_open_class/build/limo_learnning_py/build/lib/limo_learnning_py
copying limo_learnning_py/multi_goal_nav.py -> /home/zihao/Documents/limo/agilex_open_class/build/limo_learnning_py/build/lib/limo_learnning_py
copying limo_learnning_py/limo_action_client.py -> /home/zihao/Documents/limo/agilex_open_class/build/limo_learnning_py/build/lib/limo_learnning_py
copying limo_learnning_py/__init__.py -> /home/zihao/Documents/limo/agilex_open_class/build/limo_learnning_py/build/lib/limo_learnning_py
copying limo_learnning_py/limo_server.py -> /home/zihao/Documents/limo/agilex_open_class/build/limo_learnning_py/build/lib/limo_learnning_py
copying limo_learnning_py/limo_client.py -> /home/zihao/Documents/limo/agilex_open_class/build/limo_learnning_py/build/lib/limo_learnning_py
running install
running install_lib
creating /home/zihao/Documents/limo/agilex_open_class/install/limo_learnning_py/lib/python3.10/site-packages/limo_learnning_py
copying /home/zihao/Documents/limo/agilex_open_class/build/limo_learnning_py/build/lib/limo_learnning_py/limo_topic_cmd.py -> /home/zihao/Documents/limo/agilex_open_class/install/limo_learnning_py/lib/python3.10/site-packages/limo_learnning_py
copying /home/zihao/Documents/limo/agilex_open_class/build/limo_learnning_py/build/lib/limo_learnning_py/limo_scan.py -> /home/zihao/Documents/limo/agilex_open_class/install/limo_learnning_py/lib/python3.10/site-packages/limo_learnning_py
copying /home/zihao/Documents/limo/agilex_open_class/build/limo_learnning_py/build/lib/limo_learnning_py/limo_action_server.py -> /home/zihao/Documents/limo/agilex_open_class/install/limo_learnning_py/lib/python3.10/site-packages/limo_learnning_py
copying /home/zihao/Documents/limo/agilex_open_class/build/limo_learnning_py/build/lib/limo_learnning_py/multi_goal_nav.py -> /home/zihao/Documents/limo/agilex_open_class/install/limo_learnning_py/lib/python3.10/site-packages/limo_learnning_py
copying /home/zihao/Documents/limo/agilex_open_class/build/limo_learnning_py/build/lib/limo_learnning_py/limo_action_client.py -> /home/zihao/Documents/limo/agilex_open_class/install/limo_learnning_py/lib/python3.10/site-packages/limo_learnning_py
copying /home/zihao/Documents/limo/agilex_open_class/build/limo_learnning_py/build/lib/limo_learnning_py/__init__.py -> /home/zihao/Documents/limo/agilex_open_class/install/limo_learnning_py/lib/python3.10/site-packages/limo_learnning_py
copying /home/zihao/Documents/limo/agilex_open_class/build/limo_learnning_py/build/lib/limo_learnning_py/limo_server.py -> /home/zihao/Documents/limo/agilex_open_class/install/limo_learnning_py/lib/python3.10/site-packages/limo_learnning_py
copying /home/zihao/Documents/limo/agilex_open_class/build/limo_learnning_py/build/lib/limo_learnning_py/limo_client.py -> /home/zihao/Documents/limo/agilex_open_class/install/limo_learnning_py/lib/python3.10/site-packages/limo_learnning_py
byte-compiling /home/zihao/Documents/limo/agilex_open_class/install/limo_learnning_py/lib/python3.10/site-packages/limo_learnning_py/limo_topic_cmd.py to limo_topic_cmd.cpython-310.pyc
byte-compiling /home/zihao/Documents/limo/agilex_open_class/install/limo_learnning_py/lib/python3.10/site-packages/limo_learnning_py/limo_scan.py to limo_scan.cpython-310.pyc
byte-compiling /home/zihao/Documents/limo/agilex_open_class/install/limo_learnning_py/lib/python3.10/site-packages/limo_learnning_py/limo_action_server.py to limo_action_server.cpython-310.pyc
byte-compiling /home/zihao/Documents/limo/agilex_open_class/install/limo_learnning_py/lib/python3.10/site-packages/limo_learnning_py/multi_goal_nav.py to multi_goal_nav.cpython-310.pyc
byte-compiling /home/zihao/Documents/limo/agilex_open_class/install/limo_learnning_py/lib/python3.10/site-packages/limo_learnning_py/limo_action_client.py to limo_action_client.cpython-310.pyc
byte-compiling /home/zihao/Documents/limo/agilex_open_class/install/limo_learnning_py/lib/python3.10/site-packages/limo_learnning_py/__init__.py to __init__.cpython-310.pyc
byte-compiling /home/zihao/Documents/limo/agilex_open_class/install/limo_learnning_py/lib/python3.10/site-packages/limo_learnning_py/limo_server.py to limo_server.cpython-310.pyc
byte-compiling /home/zihao/Documents/limo/agilex_open_class/install/limo_learnning_py/lib/python3.10/site-packages/limo_learnning_py/limo_client.py to limo_client.cpython-310.pyc
running install_data
creating /home/zihao/Documents/limo/agilex_open_class/install/limo_learnning_py/share/ament_index
creating /home/zihao/Documents/limo/agilex_open_class/install/limo_learnning_py/share/ament_index/resource_index
creating /home/zihao/Documents/limo/agilex_open_class/install/limo_learnning_py/share/ament_index/resource_index/packages
copying resource/limo_learnning_py -> /home/zihao/Documents/limo/agilex_open_class/install/limo_learnning_py/share/ament_index/resource_index/packages
copying package.xml -> /home/zihao/Documents/limo/agilex_open_class/install/limo_learnning_py/share/limo_learnning_py
running install_egg_info
Copying ../../build/limo_learnning_py/limo_learnning_py.egg-info to /home/zihao/Documents/limo/agilex_open_class/install/limo_learnning_py/lib/python3.10/site-packages/limo_learnning_py-0.0.0-py3.10.egg-info
running install_scripts
Installing limo_action_client script to /home/zihao/Documents/limo/agilex_open_class/install/limo_learnning_py/lib/limo_learnning_py
Installing limo_action_server script to /home/zihao/Documents/limo/agilex_open_class/install/limo_learnning_py/lib/limo_learnning_py
Installing limo_client script to /home/zihao/Documents/limo/agilex_open_class/install/limo_learnning_py/lib/limo_learnning_py
Installing limo_scan script to /home/zihao/Documents/limo/agilex_open_class/install/limo_learnning_py/lib/limo_learnning_py
Installing limo_server script to /home/zihao/Documents/limo/agilex_open_class/install/limo_learnning_py/lib/limo_learnning_py
Installing limo_topic_cmd script to /home/zihao/Documents/limo/agilex_open_class/install/limo_learnning_py/lib/limo_learnning_py
Installing multi_goal_nav script to /home/zihao/Documents/limo/agilex_open_class/install/limo_learnning_py/lib/limo_learnning_py
writing list of installed files to '/home/zihao/Documents/limo/agilex_open_class/build/limo_learnning_py/install.log'
