[0.278s] Invoking command in '/home/zihao/Documents/limo/agilex_open_class/limo/limo_learnning_py': AMENT_PREFIX_PATH=/home/zihao/Documents/limo/agilex_open_class/install/limo_msgs:${AMENT_PREFIX_PATH} CMAKE_PREFIX_PATH=/home/zihao/Documents/limo/agilex_open_class/install/limo_msgs LD_LIBRARY_PATH=/home/zihao/Documents/limo/agilex_open_class/install/limo_msgs/lib:/usr/lib/x86_64-linux-gnu/gazebo-11/plugins:/opt/ros/humble/opt/rviz_ogre_vendor/lib:/opt/ros/humble/lib/x86_64-linux-gnu:/opt/ros/humble/lib:/tmp/.mount_Cursoro3GCvs/usr/lib/:/tmp/.mount_Cursoro3GCvs/usr/lib32/:/tmp/.mount_Cursoro3GCvs/usr/lib64/:/tmp/.mount_Cursoro3GCvs/lib/:/tmp/.mount_Cursoro3GCvs/lib/i386-linux-gnu/:/tmp/.mount_Cursoro3GCvs/lib/x86_64-linux-gnu/:/tmp/.mount_Cursoro3GCvs/lib/aarch64-linux-gnu/:/tmp/.mount_Cursoro3GCvs/lib32/:/tmp/.mount_Cursoro3GCvs/lib64/ PYTHONPATH=/home/zihao/Documents/limo/agilex_open_class/build/limo_learnning_py/prefix_override:/usr/lib/python3/dist-packages/colcon_core/task/python/colcon_distutils_commands:/home/zihao/Documents/limo/agilex_open_class/install/limo_learnning_py/lib/python3.10/site-packages:/home/zihao/Documents/limo/agilex_open_class/install/limo_msgs/lib/python3.12/site-packages:${PYTHONPATH} /usr/bin/python3 -W ignore:setup.py install is deprecated -W ignore:easy_install command is deprecated setup.py egg_info --egg-base ../../build/limo_learnning_py build --build-base /home/zihao/Documents/limo/agilex_open_class/build/limo_learnning_py/build install --record /home/zihao/Documents/limo/agilex_open_class/build/limo_learnning_py/install.log --single-version-externally-managed install_data
[0.373s] running egg_info
[0.373s] creating ../../build/limo_learnning_py/limo_learnning_py.egg-info
[0.373s] writing ../../build/limo_learnning_py/limo_learnning_py.egg-info/PKG-INFO
[0.373s] writing dependency_links to ../../build/limo_learnning_py/limo_learnning_py.egg-info/dependency_links.txt
[0.373s] writing entry points to ../../build/limo_learnning_py/limo_learnning_py.egg-info/entry_points.txt
[0.373s] writing requirements to ../../build/limo_learnning_py/limo_learnning_py.egg-info/requires.txt
[0.373s] writing top-level names to ../../build/limo_learnning_py/limo_learnning_py.egg-info/top_level.txt
[0.373s] writing manifest file '../../build/limo_learnning_py/limo_learnning_py.egg-info/SOURCES.txt'
[0.374s] reading manifest file '../../build/limo_learnning_py/limo_learnning_py.egg-info/SOURCES.txt'
[0.374s] writing manifest file '../../build/limo_learnning_py/limo_learnning_py.egg-info/SOURCES.txt'
[0.374s] running build
[0.374s] running build_py
[0.375s] creating /home/zihao/Documents/limo/agilex_open_class/build/limo_learnning_py/build
[0.375s] creating /home/zihao/Documents/limo/agilex_open_class/build/limo_learnning_py/build/lib
[0.375s] creating /home/zihao/Documents/limo/agilex_open_class/build/limo_learnning_py/build/lib/limo_learnning_py
[0.375s] copying limo_learnning_py/limo_topic_cmd.py -> /home/zihao/Documents/limo/agilex_open_class/build/limo_learnning_py/build/lib/limo_learnning_py
[0.375s] copying limo_learnning_py/limo_scan.py -> /home/zihao/Documents/limo/agilex_open_class/build/limo_learnning_py/build/lib/limo_learnning_py
[0.375s] copying limo_learnning_py/limo_action_server.py -> /home/zihao/Documents/limo/agilex_open_class/build/limo_learnning_py/build/lib/limo_learnning_py
[0.375s] copying limo_learnning_py/multi_goal_nav.py -> /home/zihao/Documents/limo/agilex_open_class/build/limo_learnning_py/build/lib/limo_learnning_py
[0.375s] copying limo_learnning_py/limo_action_client.py -> /home/zihao/Documents/limo/agilex_open_class/build/limo_learnning_py/build/lib/limo_learnning_py
[0.375s] copying limo_learnning_py/__init__.py -> /home/zihao/Documents/limo/agilex_open_class/build/limo_learnning_py/build/lib/limo_learnning_py
[0.375s] copying limo_learnning_py/limo_server.py -> /home/zihao/Documents/limo/agilex_open_class/build/limo_learnning_py/build/lib/limo_learnning_py
[0.375s] copying limo_learnning_py/limo_client.py -> /home/zihao/Documents/limo/agilex_open_class/build/limo_learnning_py/build/lib/limo_learnning_py
[0.375s] running install
[0.375s] running install_lib
[0.375s] creating /home/zihao/Documents/limo/agilex_open_class/install/limo_learnning_py/lib/python3.10/site-packages/limo_learnning_py
[0.375s] copying /home/zihao/Documents/limo/agilex_open_class/build/limo_learnning_py/build/lib/limo_learnning_py/limo_topic_cmd.py -> /home/zihao/Documents/limo/agilex_open_class/install/limo_learnning_py/lib/python3.10/site-packages/limo_learnning_py
[0.375s] copying /home/zihao/Documents/limo/agilex_open_class/build/limo_learnning_py/build/lib/limo_learnning_py/limo_scan.py -> /home/zihao/Documents/limo/agilex_open_class/install/limo_learnning_py/lib/python3.10/site-packages/limo_learnning_py
[0.375s] copying /home/zihao/Documents/limo/agilex_open_class/build/limo_learnning_py/build/lib/limo_learnning_py/limo_action_server.py -> /home/zihao/Documents/limo/agilex_open_class/install/limo_learnning_py/lib/python3.10/site-packages/limo_learnning_py
[0.375s] copying /home/zihao/Documents/limo/agilex_open_class/build/limo_learnning_py/build/lib/limo_learnning_py/multi_goal_nav.py -> /home/zihao/Documents/limo/agilex_open_class/install/limo_learnning_py/lib/python3.10/site-packages/limo_learnning_py
[0.375s] copying /home/zihao/Documents/limo/agilex_open_class/build/limo_learnning_py/build/lib/limo_learnning_py/limo_action_client.py -> /home/zihao/Documents/limo/agilex_open_class/install/limo_learnning_py/lib/python3.10/site-packages/limo_learnning_py
[0.376s] copying /home/zihao/Documents/limo/agilex_open_class/build/limo_learnning_py/build/lib/limo_learnning_py/__init__.py -> /home/zihao/Documents/limo/agilex_open_class/install/limo_learnning_py/lib/python3.10/site-packages/limo_learnning_py
[0.376s] copying /home/zihao/Documents/limo/agilex_open_class/build/limo_learnning_py/build/lib/limo_learnning_py/limo_server.py -> /home/zihao/Documents/limo/agilex_open_class/install/limo_learnning_py/lib/python3.10/site-packages/limo_learnning_py
[0.376s] copying /home/zihao/Documents/limo/agilex_open_class/build/limo_learnning_py/build/lib/limo_learnning_py/limo_client.py -> /home/zihao/Documents/limo/agilex_open_class/install/limo_learnning_py/lib/python3.10/site-packages/limo_learnning_py
[0.376s] byte-compiling /home/zihao/Documents/limo/agilex_open_class/install/limo_learnning_py/lib/python3.10/site-packages/limo_learnning_py/limo_topic_cmd.py to limo_topic_cmd.cpython-310.pyc
[0.376s] byte-compiling /home/zihao/Documents/limo/agilex_open_class/install/limo_learnning_py/lib/python3.10/site-packages/limo_learnning_py/limo_scan.py to limo_scan.cpython-310.pyc
[0.376s] byte-compiling /home/zihao/Documents/limo/agilex_open_class/install/limo_learnning_py/lib/python3.10/site-packages/limo_learnning_py/limo_action_server.py to limo_action_server.cpython-310.pyc
[0.376s] byte-compiling /home/zihao/Documents/limo/agilex_open_class/install/limo_learnning_py/lib/python3.10/site-packages/limo_learnning_py/multi_goal_nav.py to multi_goal_nav.cpython-310.pyc
[0.377s] byte-compiling /home/zihao/Documents/limo/agilex_open_class/install/limo_learnning_py/lib/python3.10/site-packages/limo_learnning_py/limo_action_client.py to limo_action_client.cpython-310.pyc
[0.377s] byte-compiling /home/zihao/Documents/limo/agilex_open_class/install/limo_learnning_py/lib/python3.10/site-packages/limo_learnning_py/__init__.py to __init__.cpython-310.pyc
[0.377s] byte-compiling /home/zihao/Documents/limo/agilex_open_class/install/limo_learnning_py/lib/python3.10/site-packages/limo_learnning_py/limo_server.py to limo_server.cpython-310.pyc
[0.377s] byte-compiling /home/zihao/Documents/limo/agilex_open_class/install/limo_learnning_py/lib/python3.10/site-packages/limo_learnning_py/limo_client.py to limo_client.cpython-310.pyc
[0.377s] running install_data
[0.377s] creating /home/zihao/Documents/limo/agilex_open_class/install/limo_learnning_py/share/ament_index
[0.377s] creating /home/zihao/Documents/limo/agilex_open_class/install/limo_learnning_py/share/ament_index/resource_index
[0.377s] creating /home/zihao/Documents/limo/agilex_open_class/install/limo_learnning_py/share/ament_index/resource_index/packages
[0.377s] copying resource/limo_learnning_py -> /home/zihao/Documents/limo/agilex_open_class/install/limo_learnning_py/share/ament_index/resource_index/packages
[0.377s] copying package.xml -> /home/zihao/Documents/limo/agilex_open_class/install/limo_learnning_py/share/limo_learnning_py
[0.377s] running install_egg_info
[0.378s] Copying ../../build/limo_learnning_py/limo_learnning_py.egg-info to /home/zihao/Documents/limo/agilex_open_class/install/limo_learnning_py/lib/python3.10/site-packages/limo_learnning_py-0.0.0-py3.10.egg-info
[0.378s] running install_scripts
[0.388s] Installing limo_action_client script to /home/zihao/Documents/limo/agilex_open_class/install/limo_learnning_py/lib/limo_learnning_py
[0.388s] Installing limo_action_server script to /home/zihao/Documents/limo/agilex_open_class/install/limo_learnning_py/lib/limo_learnning_py
[0.388s] Installing limo_client script to /home/zihao/Documents/limo/agilex_open_class/install/limo_learnning_py/lib/limo_learnning_py
[0.388s] Installing limo_scan script to /home/zihao/Documents/limo/agilex_open_class/install/limo_learnning_py/lib/limo_learnning_py
[0.389s] Installing limo_server script to /home/zihao/Documents/limo/agilex_open_class/install/limo_learnning_py/lib/limo_learnning_py
[0.389s] Installing limo_topic_cmd script to /home/zihao/Documents/limo/agilex_open_class/install/limo_learnning_py/lib/limo_learnning_py
[0.389s] Installing multi_goal_nav script to /home/zihao/Documents/limo/agilex_open_class/install/limo_learnning_py/lib/limo_learnning_py
[0.389s] writing list of installed files to '/home/zihao/Documents/limo/agilex_open_class/build/limo_learnning_py/install.log'
[0.404s] Invoked command in '/home/zihao/Documents/limo/agilex_open_class/limo/limo_learnning_py' returned '0': AMENT_PREFIX_PATH=/home/zihao/Documents/limo/agilex_open_class/install/limo_msgs:${AMENT_PREFIX_PATH} CMAKE_PREFIX_PATH=/home/zihao/Documents/limo/agilex_open_class/install/limo_msgs LD_LIBRARY_PATH=/home/zihao/Documents/limo/agilex_open_class/install/limo_msgs/lib:/usr/lib/x86_64-linux-gnu/gazebo-11/plugins:/opt/ros/humble/opt/rviz_ogre_vendor/lib:/opt/ros/humble/lib/x86_64-linux-gnu:/opt/ros/humble/lib:/tmp/.mount_Cursoro3GCvs/usr/lib/:/tmp/.mount_Cursoro3GCvs/usr/lib32/:/tmp/.mount_Cursoro3GCvs/usr/lib64/:/tmp/.mount_Cursoro3GCvs/lib/:/tmp/.mount_Cursoro3GCvs/lib/i386-linux-gnu/:/tmp/.mount_Cursoro3GCvs/lib/x86_64-linux-gnu/:/tmp/.mount_Cursoro3GCvs/lib/aarch64-linux-gnu/:/tmp/.mount_Cursoro3GCvs/lib32/:/tmp/.mount_Cursoro3GCvs/lib64/ PYTHONPATH=/home/zihao/Documents/limo/agilex_open_class/build/limo_learnning_py/prefix_override:/usr/lib/python3/dist-packages/colcon_core/task/python/colcon_distutils_commands:/home/zihao/Documents/limo/agilex_open_class/install/limo_learnning_py/lib/python3.10/site-packages:/home/zihao/Documents/limo/agilex_open_class/install/limo_msgs/lib/python3.12/site-packages:${PYTHONPATH} /usr/bin/python3 -W ignore:setup.py install is deprecated -W ignore:easy_install command is deprecated setup.py egg_info --egg-base ../../build/limo_learnning_py build --build-base /home/zihao/Documents/limo/agilex_open_class/build/limo_learnning_py/build install --record /home/zihao/Documents/limo/agilex_open_class/build/limo_learnning_py/install.log --single-version-externally-managed install_data
