-- Found ament_cmake: 1.3.11 (/opt/ros/humble/share/ament_cmake/cmake)
-- Found std_msgs: 4.2.4 (/opt/ros/humble/share/std_msgs/cmake)
-- Found rosidl_generator_c: 3.1.6 (/opt/ros/humble/share/rosidl_generator_c/cmake)
-- Found rosidl_adapter: 3.1.6 (/opt/ros/humble/share/rosidl_adapter/cmake)
-- Found rosidl_generator_cpp: 3.1.6 (/opt/ros/humble/share/rosidl_generator_cpp/cmake)
-- Using all available rosidl_typesupport_c: rosidl_typesupport_fastrtps_c;rosidl_typesupport_introspection_c
-- Using all available rosidl_typesupport_cpp: rosidl_typesupport_fastrtps_cpp;rosidl_typesupport_introspection_cpp
-- Found rosidl_default_generators: 1.2.0 (/opt/ros/humble/share/rosidl_default_generators/cmake)
-- Found ament_cmake_ros: 0.10.0 (/opt/ros/humble/share/ament_cmake_ros/cmake)
-- Using all available rosidl_typesupport_c: rosidl_typesupport_fastrtps_c;rosidl_typesupport_introspection_c
-- Using all available rosidl_typesupport_cpp: rosidl_typesupport_fastrtps_cpp;rosidl_typesupport_introspection_cpp
-- Found PythonInterp: /home/zihao/anaconda3/bin/python3 (found suitable version "3.12.7", minimum required is "3.6") 
-- Found python_cmake_module: 0.10.0 (/opt/ros/humble/share/python_cmake_module/cmake)
-- Found PythonLibs: /home/zihao/anaconda3/lib/libpython3.12.so (found suitable version "3.12.7", minimum required is "3.5") 
-- Using PYTHON_EXECUTABLE: /home/zihao/anaconda3/bin/python3
-- Using PYTHON_INCLUDE_DIRS: /home/zihao/anaconda3/include/python3.12
-- Using PYTHON_LIBRARIES: /home/zihao/anaconda3/lib/libpython3.12.so
-- Found PythonExtra: .so  
-- Using numpy include directory: /home/zihao/anaconda3/lib/python3.12/site-packages/numpy/core/include
-- Found ament_lint_auto: 0.12.11 (/opt/ros/humble/share/ament_lint_auto/cmake)
-- Added test 'copyright' to check source files copyright and LICENSE
-- Added test 'lint_cmake' to check CMake code style
-- Added test 'xmllint' to check XML markup files
-- Configuring done
-- Generating done
-- Build files have been written to: /home/zihao/Documents/limo/agilex_open_class/build/limo_msgs
[  2%] [34m[1mGenerating C code for ROS interfaces[0m
[  2%] Built target ament_cmake_python_copy_limo_msgs
[  4%] [34m[1mGenerating C++ code for ROS interfaces[0m
Traceback (most recent call last):
  File "/opt/ros/humble/share/rosidl_generator_c/cmake/../../../lib/rosidl_generator_c/rosidl_generator_c", line 8, in <module>
    from rosidl_generator_c import generate_c
  File "/opt/ros/humble/local/lib/python3.10/dist-packages/rosidl_generator_c/__init__.py", line 15, in <module>
    from rosidl_cmake import convert_camel_case_to_lower_case_underscore
  File "/opt/ros/humble/local/lib/python3.10/dist-packages/rosidl_cmake/__init__.py", line 24, in <module>
    from rosidl_parser.parser import parse_idl_file
  File "/opt/ros/humble/local/lib/python3.10/dist-packages/rosidl_parser/parser.py", line 20, in <module>
    from lark import Lark
ModuleNotFoundError: No module named 'lark'
gmake[2]: *** [CMakeFiles/limo_msgs__rosidl_generator_c.dir/build.make:126: rosidl_generator_c/limo_msgs/msg/limo_status.h] Error 1
gmake[1]: *** [CMakeFiles/Makefile2:212: CMakeFiles/limo_msgs__rosidl_generator_c.dir/all] Error 2
gmake[1]: *** Waiting for unfinished jobs....
Traceback (most recent call last):
  File "/opt/ros/humble/share/rosidl_generator_cpp/cmake/../../../lib/rosidl_generator_cpp/rosidl_generator_cpp", line 8, in <module>
    from rosidl_generator_cpp import generate_cpp
  File "/opt/ros/humble/local/lib/python3.10/dist-packages/rosidl_generator_cpp/__init__.py", line 17, in <module>
    from rosidl_cmake import generate_files
  File "/opt/ros/humble/local/lib/python3.10/dist-packages/rosidl_cmake/__init__.py", line 24, in <module>
    from rosidl_parser.parser import parse_idl_file
  File "/opt/ros/humble/local/lib/python3.10/dist-packages/rosidl_parser/parser.py", line 20, in <module>
    from lark import Lark
ModuleNotFoundError: No module named 'lark'
gmake[2]: *** [CMakeFiles/limo_msgs__cpp.dir/build.make:142: rosidl_generator_cpp/limo_msgs/msg/limo_status.hpp] Error 1
gmake[1]: *** [CMakeFiles/Makefile2:265: CMakeFiles/limo_msgs__cpp.dir/all] Error 2
running egg_info
creating limo_msgs.egg-info
writing limo_msgs.egg-info/PKG-INFO
writing dependency_links to limo_msgs.egg-info/dependency_links.txt
writing top-level names to limo_msgs.egg-info/top_level.txt
writing manifest file 'limo_msgs.egg-info/SOURCES.txt'
reading manifest file 'limo_msgs.egg-info/SOURCES.txt'
writing manifest file 'limo_msgs.egg-info/SOURCES.txt'
[  4%] Built target ament_cmake_python_build_limo_msgs_egg
gmake: *** [Makefile:146: all] Error 2
