[0.007s] Invoking command in '/home/zihao/Documents/limo/agilex_open_class/build/limo_msgs': CMAKE_PREFIX_PATH=/opt/ros/humble CONDA_PROMPT_MODIFIER=(base) /usr/bin/cmake /home/zihao/Documents/limo/agilex_open_class/limo/limo_msgs -DCMAKE_INSTALL_PREFIX=/home/zihao/Documents/limo/agilex_open_class/install/limo_msgs
[0.014s] -- Found ament_cmake: 1.3.11 (/opt/ros/humble/share/ament_cmake/cmake)
[0.077s] -- Found std_msgs: 4.2.4 (/opt/ros/humble/share/std_msgs/cmake)
[0.087s] -- Found rosidl_generator_c: 3.1.6 (/opt/ros/humble/share/rosidl_generator_c/cmake)
[0.088s] -- Found rosidl_adapter: 3.1.6 (/opt/ros/humble/share/rosidl_adapter/cmake)
[0.090s] -- Found rosidl_generator_cpp: 3.1.6 (/opt/ros/humble/share/rosidl_generator_cpp/cmake)
[0.093s] -- Using all available rosidl_typesupport_c: rosidl_typesupport_fastrtps_c;rosidl_typesupport_introspection_c
[0.097s] -- Using all available rosidl_typesupport_cpp: rosidl_typesupport_fastrtps_cpp;rosidl_typesupport_introspection_cpp
[0.105s] -- Found rosidl_default_generators: 1.2.0 (/opt/ros/humble/share/rosidl_default_generators/cmake)
[0.272s] -- Found ament_cmake_ros: 0.10.0 (/opt/ros/humble/share/ament_cmake_ros/cmake)
[0.439s] -- Using all available rosidl_typesupport_c: rosidl_typesupport_fastrtps_c;rosidl_typesupport_introspection_c
[0.503s] -- Using all available rosidl_typesupport_cpp: rosidl_typesupport_fastrtps_cpp;rosidl_typesupport_introspection_cpp
[0.512s] -- Found PythonInterp: /home/zihao/anaconda3/bin/python3 (found suitable version "3.12.7", minimum required is "3.6") 
[0.513s] -- Found python_cmake_module: 0.10.0 (/opt/ros/humble/share/python_cmake_module/cmake)
[0.533s] -- Found PythonLibs: /home/zihao/anaconda3/lib/libpython3.12.so (found suitable version "3.12.7", minimum required is "3.5") 
[0.533s] -- Using PYTHON_EXECUTABLE: /home/zihao/anaconda3/bin/python3
[0.533s] -- Using PYTHON_INCLUDE_DIRS: /home/zihao/anaconda3/include/python3.12
[0.534s] -- Using PYTHON_LIBRARIES: /home/zihao/anaconda3/lib/libpython3.12.so
[0.545s] -- Found PythonExtra: .so  
[0.622s] -- Using numpy include directory: /home/zihao/anaconda3/lib/python3.12/site-packages/numpy/core/include
[0.626s] -- Found ament_lint_auto: 0.12.11 (/opt/ros/humble/share/ament_lint_auto/cmake)
[0.635s] -- Added test 'copyright' to check source files copyright and LICENSE
[0.635s] -- Added test 'lint_cmake' to check CMake code style
[0.636s] -- Added test 'xmllint' to check XML markup files
[0.636s] -- Configuring done
[0.661s] -- Generating done
[0.666s] -- Build files have been written to: /home/zihao/Documents/limo/agilex_open_class/build/limo_msgs
[0.671s] Invoked command in '/home/zihao/Documents/limo/agilex_open_class/build/limo_msgs' returned '0': CMAKE_PREFIX_PATH=/opt/ros/humble CONDA_PROMPT_MODIFIER=(base) /usr/bin/cmake /home/zihao/Documents/limo/agilex_open_class/limo/limo_msgs -DCMAKE_INSTALL_PREFIX=/home/zihao/Documents/limo/agilex_open_class/install/limo_msgs
[0.672s] Invoking command in '/home/zihao/Documents/limo/agilex_open_class/build/limo_msgs': CMAKE_PREFIX_PATH=/opt/ros/humble CONDA_PROMPT_MODIFIER=(base) /usr/bin/cmake --build /home/zihao/Documents/limo/agilex_open_class/build/limo_msgs -- -j32 -l32
[0.704s] [  2%] [34m[1mGenerating C code for ROS interfaces[0m
[0.715s] [  2%] Built target ament_cmake_python_copy_limo_msgs
[0.715s] [  4%] [34m[1mGenerating C++ code for ROS interfaces[0m
[0.730s] Traceback (most recent call last):
[0.730s]   File "/opt/ros/humble/share/rosidl_generator_c/cmake/../../../lib/rosidl_generator_c/rosidl_generator_c", line 8, in <module>
[0.730s]     from rosidl_generator_c import generate_c
[0.730s]   File "/opt/ros/humble/local/lib/python3.10/dist-packages/rosidl_generator_c/__init__.py", line 15, in <module>
[0.730s]     from rosidl_cmake import convert_camel_case_to_lower_case_underscore
[0.730s]   File "/opt/ros/humble/local/lib/python3.10/dist-packages/rosidl_cmake/__init__.py", line 24, in <module>
[0.730s]     from rosidl_parser.parser import parse_idl_file
[0.730s]   File "/opt/ros/humble/local/lib/python3.10/dist-packages/rosidl_parser/parser.py", line 20, in <module>
[0.730s]     from lark import Lark
[0.730s] ModuleNotFoundError: No module named 'lark'
[0.733s] gmake[2]: *** [CMakeFiles/limo_msgs__rosidl_generator_c.dir/build.make:126: rosidl_generator_c/limo_msgs/msg/limo_status.h] Error 1
[0.734s] gmake[1]: *** [CMakeFiles/Makefile2:212: CMakeFiles/limo_msgs__rosidl_generator_c.dir/all] Error 2
[0.734s] gmake[1]: *** Waiting for unfinished jobs....
[0.741s] Traceback (most recent call last):
[0.741s]   File "/opt/ros/humble/share/rosidl_generator_cpp/cmake/../../../lib/rosidl_generator_cpp/rosidl_generator_cpp", line 8, in <module>
[0.741s]     from rosidl_generator_cpp import generate_cpp
[0.741s]   File "/opt/ros/humble/local/lib/python3.10/dist-packages/rosidl_generator_cpp/__init__.py", line 17, in <module>
[0.741s]     from rosidl_cmake import generate_files
[0.741s]   File "/opt/ros/humble/local/lib/python3.10/dist-packages/rosidl_cmake/__init__.py", line 24, in <module>
[0.741s]     from rosidl_parser.parser import parse_idl_file
[0.741s]   File "/opt/ros/humble/local/lib/python3.10/dist-packages/rosidl_parser/parser.py", line 20, in <module>
[0.741s]     from lark import Lark
[0.741s] ModuleNotFoundError: No module named 'lark'
[0.745s] gmake[2]: *** [CMakeFiles/limo_msgs__cpp.dir/build.make:142: rosidl_generator_cpp/limo_msgs/msg/limo_status.hpp] Error 1
[0.745s] gmake[1]: *** [CMakeFiles/Makefile2:265: CMakeFiles/limo_msgs__cpp.dir/all] Error 2
[0.842s] running egg_info
[0.843s] creating limo_msgs.egg-info
[0.852s] writing limo_msgs.egg-info/PKG-INFO
[0.853s] writing dependency_links to limo_msgs.egg-info/dependency_links.txt
[0.853s] writing top-level names to limo_msgs.egg-info/top_level.txt
[0.853s] writing manifest file 'limo_msgs.egg-info/SOURCES.txt'
[0.879s] reading manifest file 'limo_msgs.egg-info/SOURCES.txt'
[0.879s] writing manifest file 'limo_msgs.egg-info/SOURCES.txt'
[0.896s] [  4%] Built target ament_cmake_python_build_limo_msgs_egg
[0.897s] gmake: *** [Makefile:146: all] Error 2
[0.898s] Invoked command in '/home/zihao/Documents/limo/agilex_open_class/build/limo_msgs' returned '2': CMAKE_PREFIX_PATH=/opt/ros/humble CONDA_PROMPT_MODIFIER=(base) /usr/bin/cmake --build /home/zihao/Documents/limo/agilex_open_class/build/limo_msgs -- -j32 -l32
