[0.011s] Invoking command in '/home/zihao/Documents/limo/agilex_open_class/build/learnning_piper': CMAKE_PREFIX_PATH=${CMAKE_PREFIX_PATH}:/home/zihao/Documents/limo/agilex_open_class/install/limo_learnning_py:/opt/ros/humble /usr/bin/cmake --build /home/zihao/Documents/limo/agilex_open_class/build/learnning_piper -- -j32 -l32
[0.064s] [35m[1mConsolidate compiler generated dependencies of target move_target[0m
[0.069s] [35m[1mConsolidate compiler generated dependencies of target move_multi_target[0m
[0.071s] [35m[1mConsolidate compiler generated dependencies of target moveit_cpp_tutorial[0m
[0.109s] [ 33%] Built target move_target
[0.114s] [ 66%] Built target move_multi_target
[0.124s] [100%] Built target moveit_cpp_tutorial
[0.142s] Invoked command in '/home/zihao/Documents/limo/agilex_open_class/build/learnning_piper' returned '0': CMAKE_PREFIX_PATH=${CMAKE_PREFIX_PATH}:/home/zihao/Documents/limo/agilex_open_class/install/limo_learnning_py:/opt/ros/humble /usr/bin/cmake --build /home/zihao/Documents/limo/agilex_open_class/build/learnning_piper -- -j32 -l32
[0.143s] Invoking command in '/home/zihao/Documents/limo/agilex_open_class/build/learnning_piper': CMAKE_PREFIX_PATH=${CMAKE_PREFIX_PATH}:/home/zihao/Documents/limo/agilex_open_class/install/limo_learnning_py:/opt/ros/humble /usr/bin/cmake --install /home/zihao/Documents/limo/agilex_open_class/build/learnning_piper
[0.156s] -- Install configuration: ""
[0.156s] -- Up-to-date: /home/zihao/Documents/limo/agilex_open_class/install/learnning_piper/lib/learnning_piper/move_target
[0.156s] -- Up-to-date: /home/zihao/Documents/limo/agilex_open_class/install/learnning_piper/lib/learnning_piper/move_multi_target
[0.156s] -- Up-to-date: /home/zihao/Documents/limo/agilex_open_class/install/learnning_piper/lib/learnning_piper/moveit_cpp_tutorial
[0.156s] -- Up-to-date: /home/zihao/Documents/limo/agilex_open_class/install/learnning_piper/share/ament_index/resource_index/package_run_dependencies/learnning_piper
[0.156s] -- Up-to-date: /home/zihao/Documents/limo/agilex_open_class/install/learnning_piper/share/ament_index/resource_index/parent_prefix_path/learnning_piper
[0.156s] -- Up-to-date: /home/zihao/Documents/limo/agilex_open_class/install/learnning_piper/share/learnning_piper/environment/ament_prefix_path.sh
[0.156s] -- Up-to-date: /home/zihao/Documents/limo/agilex_open_class/install/learnning_piper/share/learnning_piper/environment/ament_prefix_path.dsv
[0.156s] -- Up-to-date: /home/zihao/Documents/limo/agilex_open_class/install/learnning_piper/share/learnning_piper/environment/path.sh
[0.157s] -- Up-to-date: /home/zihao/Documents/limo/agilex_open_class/install/learnning_piper/share/learnning_piper/environment/path.dsv
[0.157s] -- Up-to-date: /home/zihao/Documents/limo/agilex_open_class/install/learnning_piper/share/learnning_piper/local_setup.bash
[0.157s] -- Up-to-date: /home/zihao/Documents/limo/agilex_open_class/install/learnning_piper/share/learnning_piper/local_setup.sh
[0.157s] -- Up-to-date: /home/zihao/Documents/limo/agilex_open_class/install/learnning_piper/share/learnning_piper/local_setup.zsh
[0.157s] -- Up-to-date: /home/zihao/Documents/limo/agilex_open_class/install/learnning_piper/share/learnning_piper/local_setup.dsv
[0.157s] -- Installing: /home/zihao/Documents/limo/agilex_open_class/install/learnning_piper/share/learnning_piper/package.dsv
[0.157s] -- Up-to-date: /home/zihao/Documents/limo/agilex_open_class/install/learnning_piper/share/ament_index/resource_index/packages/learnning_piper
[0.157s] -- Up-to-date: /home/zihao/Documents/limo/agilex_open_class/install/learnning_piper/share/learnning_piper/cmake/learnning_piperConfig.cmake
[0.157s] -- Up-to-date: /home/zihao/Documents/limo/agilex_open_class/install/learnning_piper/share/learnning_piper/cmake/learnning_piperConfig-version.cmake
[0.157s] -- Up-to-date: /home/zihao/Documents/limo/agilex_open_class/install/learnning_piper/share/learnning_piper/package.xml
[0.158s] Invoked command in '/home/zihao/Documents/limo/agilex_open_class/build/learnning_piper' returned '0': CMAKE_PREFIX_PATH=${CMAKE_PREFIX_PATH}:/home/zihao/Documents/limo/agilex_open_class/install/limo_learnning_py:/opt/ros/humble /usr/bin/cmake --install /home/zihao/Documents/limo/agilex_open_class/build/learnning_piper
