-- Install configuration: ""
-- Up-to-date: /home/zihao/Documents/limo/agilex_open_class/install/limo_bringup/share/limo_bringup//param
-- Up-to-date: /home/zihao/Documents/limo/agilex_open_class/install/limo_bringup/share/limo_bringup//param/planner.yaml
-- Up-to-date: /home/zihao/Documents/limo/agilex_open_class/install/limo_bringup/share/limo_bringup//param/nav2.yaml
-- Up-to-date: /home/zihao/Documents/limo/agilex_open_class/install/limo_bringup/share/limo_bringup//param/nav2_explore.yaml
-- Up-to-date: /home/zihao/Documents/limo/agilex_open_class/install/limo_bringup/share/limo_bringup//param/amcl_params.yaml
-- Up-to-date: /home/zihao/Documents/limo/agilex_open_class/install/limo_bringup/share/limo_bringup//param/costmap_local.yaml
-- Up-to-date: /home/zihao/Documents/limo/agilex_open_class/install/limo_bringup/share/limo_bringup//param/nav2_ackermann.yaml
-- Up-to-date: /home/zihao/Documents/limo/agilex_open_class/install/limo_bringup/share/limo_bringup//param/ydlidar.yaml
-- Up-to-date: /home/zihao/Documents/limo/agilex_open_class/install/limo_bringup/share/limo_bringup//param/costmap_global_static.yaml
-- Up-to-date: /home/zihao/Documents/limo/agilex_open_class/install/limo_bringup/share/limo_bringup//param/nav2_ackermann_rtab.yaml
-- Up-to-date: /home/zihao/Documents/limo/agilex_open_class/install/limo_bringup/share/limo_bringup//param/costmap_global_laser.yaml
-- Up-to-date: /home/zihao/Documents/limo/agilex_open_class/install/limo_bringup/share/limo_bringup//param/nav2_ackermann_foxy.yaml
-- Up-to-date: /home/zihao/Documents/limo/agilex_open_class/install/limo_bringup/share/limo_bringup//param/costmap_common.yaml
-- Up-to-date: /home/zihao/Documents/limo/agilex_open_class/install/limo_bringup/share/limo_bringup//maps
-- Up-to-date: /home/zihao/Documents/limo/agilex_open_class/install/limo_bringup/share/limo_bringup//maps/map212.pgm
-- Up-to-date: /home/zihao/Documents/limo/agilex_open_class/install/limo_bringup/share/limo_bringup//maps/map04.pgm
-- Up-to-date: /home/zihao/Documents/limo/agilex_open_class/install/limo_bringup/share/limo_bringup//maps/map222 (copy).pgm
-- Up-to-date: /home/zihao/Documents/limo/agilex_open_class/install/limo_bringup/share/limo_bringup//maps/map01.yaml
-- Up-to-date: /home/zihao/Documents/limo/agilex_open_class/install/limo_bringup/share/limo_bringup//maps/limo.pgm
-- Up-to-date: /home/zihao/Documents/limo/agilex_open_class/install/limo_bringup/share/limo_bringup//maps/map.yaml
-- Up-to-date: /home/zihao/Documents/limo/agilex_open_class/install/limo_bringup/share/limo_bringup//maps/map02.yaml
-- Up-to-date: /home/zihao/Documents/limo/agilex_open_class/install/limo_bringup/share/limo_bringup//maps/map01.pgm
-- Up-to-date: /home/zihao/Documents/limo/agilex_open_class/install/limo_bringup/share/limo_bringup//maps/map04.yaml
-- Up-to-date: /home/zihao/Documents/limo/agilex_open_class/install/limo_bringup/share/limo_bringup//maps/limo.yaml
-- Up-to-date: /home/zihao/Documents/limo/agilex_open_class/install/limo_bringup/share/limo_bringup//maps/map.pgm
-- Up-to-date: /home/zihao/Documents/limo/agilex_open_class/install/limo_bringup/share/limo_bringup//maps/map03.pgm
-- Up-to-date: /home/zihao/Documents/limo/agilex_open_class/install/limo_bringup/share/limo_bringup//maps/map02.pgm
-- Up-to-date: /home/zihao/Documents/limo/agilex_open_class/install/limo_bringup/share/limo_bringup//maps/map222.yaml
-- Up-to-date: /home/zihao/Documents/limo/agilex_open_class/install/limo_bringup/share/limo_bringup//maps/map212.yaml
-- Up-to-date: /home/zihao/Documents/limo/agilex_open_class/install/limo_bringup/share/limo_bringup//maps/map03.yaml
-- Up-to-date: /home/zihao/Documents/limo/agilex_open_class/install/limo_bringup/share/limo_bringup//maps/map222.pgm
-- Up-to-date: /home/zihao/Documents/limo/agilex_open_class/install/limo_bringup/share/limo_bringup//config_files
-- Up-to-date: /home/zihao/Documents/limo/agilex_open_class/install/limo_bringup/share/limo_bringup//config_files/limon_navigation.rviz
-- Up-to-date: /home/zihao/Documents/limo/agilex_open_class/install/limo_bringup/share/limo_bringup//config_files/demo_2d.rviz
-- Up-to-date: /home/zihao/Documents/limo/agilex_open_class/install/limo_bringup/share/limo_bringup//config_files/limo_lds_2d.lua
-- Up-to-date: /home/zihao/Documents/limo/agilex_open_class/install/limo_bringup/share/limo_bringup//config_files/slam_box.yaml
-- Up-to-date: /home/zihao/Documents/limo/agilex_open_class/install/limo_bringup/share/limo_bringup//config_files/limo_laser.lua
-- Up-to-date: /home/zihao/Documents/limo/agilex_open_class/install/limo_bringup/share/limo_bringup//config_files/ekf.yaml
-- Up-to-date: /home/zihao/Documents/limo/agilex_open_class/install/limo_bringup/share/limo_bringup//launch
-- Up-to-date: /home/zihao/Documents/limo/agilex_open_class/install/limo_bringup/share/limo_bringup//launch/humble
-- Up-to-date: /home/zihao/Documents/limo/agilex_open_class/install/limo_bringup/share/limo_bringup//launch/humble/navigation_launch.py
-- Up-to-date: /home/zihao/Documents/limo/agilex_open_class/install/limo_bringup/share/limo_bringup//launch/humble/limo_start.launch.py
-- Up-to-date: /home/zihao/Documents/limo/agilex_open_class/install/limo_bringup/share/limo_bringup//launch/humble/limo_rtab_scan.launch.py
-- Up-to-date: /home/zihao/Documents/limo/agilex_open_class/install/limo_bringup/share/limo_bringup//launch/humble/limo_rtab_nav2.launch.py
-- Up-to-date: /home/zihao/Documents/limo/agilex_open_class/install/limo_bringup/share/limo_bringup//launch/humble/limo_nav2.launch.py
-- Up-to-date: /home/zihao/Documents/limo/agilex_open_class/install/limo_bringup/share/limo_bringup//launch/humble/bringup.launch.py
-- Up-to-date: /home/zihao/Documents/limo/agilex_open_class/install/limo_bringup/share/limo_bringup//launch/humble/limo_rtab_rgbd.launch.py
-- Up-to-date: /home/zihao/Documents/limo/agilex_open_class/install/limo_bringup/share/limo_bringup//launch/humble/ekf_odom.launch.py
-- Up-to-date: /home/zihao/Documents/limo/agilex_open_class/install/limo_bringup/share/limo_bringup//launch/humble/localization_launch.py
-- Up-to-date: /home/zihao/Documents/limo/agilex_open_class/install/limo_bringup/share/limo_bringup//launch/humble/limo_nav2_explore.launch.py
-- Up-to-date: /home/zihao/Documents/limo/agilex_open_class/install/limo_bringup/share/limo_bringup//launch/humble/rgbdslam_datasets.launch.py
-- Up-to-date: /home/zihao/Documents/limo/agilex_open_class/install/limo_bringup/share/limo_bringup//launch/humble/limo_slam_box.launch.py
-- Up-to-date: /home/zihao/Documents/limo/agilex_open_class/install/limo_bringup/share/limo_bringup//launch/humble/limo_cartographer.launch.py
-- Up-to-date: /home/zihao/Documents/limo/agilex_open_class/install/limo_bringup/share/limo_bringup//launch/humble/__pycache__
-- Up-to-date: /home/zihao/Documents/limo/agilex_open_class/install/limo_bringup/share/limo_bringup//launch/humble/__pycache__/limo_rtab_nav2.laun.cpython-310.pyc
-- Up-to-date: /home/zihao/Documents/limo/agilex_open_class/install/limo_bringup/share/limo_bringup//launch/humble/limo_cartographer.launch copy.py
-- Up-to-date: /home/zihao/Documents/limo/agilex_open_class/install/limo_bringup/share/limo_bringup//launch/__pycache__
-- Up-to-date: /home/zihao/Documents/limo/agilex_open_class/install/limo_bringup/share/limo_bringup//launch/__pycache__/occupancy_grid.launch.cpython-310.pyc
-- Up-to-date: /home/zihao/Documents/limo/agilex_open_class/install/limo_bringup/share/limo_bringup//launch/__pycache__/cartographer.launch.cpython-310.pyc
-- Up-to-date: /home/zihao/Documents/limo/agilex_open_class/install/limo_bringup/share/limo_bringup//rviz
-- Up-to-date: /home/zihao/Documents/limo/agilex_open_class/install/limo_bringup/share/limo_bringup//rviz/nav2.rviz
-- Up-to-date: /home/zihao/Documents/limo/agilex_open_class/install/limo_bringup/share/limo_bringup//rviz/nav2_rtab.rviz
-- Up-to-date: /home/zihao/Documents/limo/agilex_open_class/install/limo_bringup/share/limo_bringup//rviz/cartographer.rviz
-- Up-to-date: /home/zihao/Documents/limo/agilex_open_class/install/limo_bringup/share/limo_bringup//rviz/nav2_copy.rviz
-- Up-to-date: /home/zihao/Documents/limo/agilex_open_class/install/limo_bringup/share/limo_bringup//launch
-- Up-to-date: /home/zihao/Documents/limo/agilex_open_class/install/limo_bringup/share/limo_bringup//launch/humble
-- Up-to-date: /home/zihao/Documents/limo/agilex_open_class/install/limo_bringup/share/limo_bringup//launch/humble/navigation_launch.py
-- Up-to-date: /home/zihao/Documents/limo/agilex_open_class/install/limo_bringup/share/limo_bringup//launch/humble/limo_start.launch.py
-- Up-to-date: /home/zihao/Documents/limo/agilex_open_class/install/limo_bringup/share/limo_bringup//launch/humble/limo_rtab_scan.launch.py
-- Up-to-date: /home/zihao/Documents/limo/agilex_open_class/install/limo_bringup/share/limo_bringup//launch/humble/limo_rtab_nav2.launch.py
-- Up-to-date: /home/zihao/Documents/limo/agilex_open_class/install/limo_bringup/share/limo_bringup//launch/humble/limo_nav2.launch.py
-- Up-to-date: /home/zihao/Documents/limo/agilex_open_class/install/limo_bringup/share/limo_bringup//launch/humble/bringup.launch.py
-- Up-to-date: /home/zihao/Documents/limo/agilex_open_class/install/limo_bringup/share/limo_bringup//launch/humble/limo_rtab_rgbd.launch.py
-- Up-to-date: /home/zihao/Documents/limo/agilex_open_class/install/limo_bringup/share/limo_bringup//launch/humble/ekf_odom.launch.py
-- Up-to-date: /home/zihao/Documents/limo/agilex_open_class/install/limo_bringup/share/limo_bringup//launch/humble/localization_launch.py
-- Up-to-date: /home/zihao/Documents/limo/agilex_open_class/install/limo_bringup/share/limo_bringup//launch/humble/limo_nav2_explore.launch.py
-- Up-to-date: /home/zihao/Documents/limo/agilex_open_class/install/limo_bringup/share/limo_bringup//launch/humble/rgbdslam_datasets.launch.py
-- Up-to-date: /home/zihao/Documents/limo/agilex_open_class/install/limo_bringup/share/limo_bringup//launch/humble/limo_slam_box.launch.py
-- Up-to-date: /home/zihao/Documents/limo/agilex_open_class/install/limo_bringup/share/limo_bringup//launch/humble/limo_cartographer.launch.py
-- Up-to-date: /home/zihao/Documents/limo/agilex_open_class/install/limo_bringup/share/limo_bringup//launch/humble/__pycache__
-- Up-to-date: /home/zihao/Documents/limo/agilex_open_class/install/limo_bringup/share/limo_bringup//launch/humble/__pycache__/limo_rtab_nav2.laun.cpython-310.pyc
-- Up-to-date: /home/zihao/Documents/limo/agilex_open_class/install/limo_bringup/share/limo_bringup//launch/humble/limo_cartographer.launch copy.py
-- Up-to-date: /home/zihao/Documents/limo/agilex_open_class/install/limo_bringup/share/limo_bringup//launch/__pycache__
-- Up-to-date: /home/zihao/Documents/limo/agilex_open_class/install/limo_bringup/share/limo_bringup//launch/__pycache__/occupancy_grid.launch.cpython-310.pyc
-- Up-to-date: /home/zihao/Documents/limo/agilex_open_class/install/limo_bringup/share/limo_bringup//launch/__pycache__/cartographer.launch.cpython-310.pyc
-- Up-to-date: /home/zihao/Documents/limo/agilex_open_class/install/limo_bringup/share/ament_index/resource_index/package_run_dependencies/limo_bringup
-- Up-to-date: /home/zihao/Documents/limo/agilex_open_class/install/limo_bringup/share/ament_index/resource_index/parent_prefix_path/limo_bringup
-- Up-to-date: /home/zihao/Documents/limo/agilex_open_class/install/limo_bringup/share/limo_bringup/environment/ament_prefix_path.sh
-- Up-to-date: /home/zihao/Documents/limo/agilex_open_class/install/limo_bringup/share/limo_bringup/environment/ament_prefix_path.dsv
-- Up-to-date: /home/zihao/Documents/limo/agilex_open_class/install/limo_bringup/share/limo_bringup/environment/path.sh
-- Up-to-date: /home/zihao/Documents/limo/agilex_open_class/install/limo_bringup/share/limo_bringup/environment/path.dsv
-- Up-to-date: /home/zihao/Documents/limo/agilex_open_class/install/limo_bringup/share/limo_bringup/local_setup.bash
-- Up-to-date: /home/zihao/Documents/limo/agilex_open_class/install/limo_bringup/share/limo_bringup/local_setup.sh
-- Up-to-date: /home/zihao/Documents/limo/agilex_open_class/install/limo_bringup/share/limo_bringup/local_setup.zsh
-- Up-to-date: /home/zihao/Documents/limo/agilex_open_class/install/limo_bringup/share/limo_bringup/local_setup.dsv
-- Installing: /home/zihao/Documents/limo/agilex_open_class/install/limo_bringup/share/limo_bringup/package.dsv
-- Up-to-date: /home/zihao/Documents/limo/agilex_open_class/install/limo_bringup/share/ament_index/resource_index/packages/limo_bringup
-- Up-to-date: /home/zihao/Documents/limo/agilex_open_class/install/limo_bringup/share/limo_bringup/cmake/limo_bringupConfig.cmake
-- Up-to-date: /home/zihao/Documents/limo/agilex_open_class/install/limo_bringup/share/limo_bringup/cmake/limo_bringupConfig-version.cmake
-- Up-to-date: /home/zihao/Documents/limo/agilex_open_class/install/limo_bringup/share/limo_bringup/package.xml
