[0.270s] Invoking command in '/home/zihao/Documents/limo/agilex_open_class/limo/limo_learnning_py': AMENT_PREFIX_PATH=/home/zihao/Documents/limo/agilex_open_class/install/limo_msgs:${AMENT_PREFIX_PATH} CMAKE_PREFIX_PATH=/home/zihao/Documents/limo/agilex_open_class/install/limo_msgs CONDA_PROMPT_MODIFIER=(base) LD_LIBRARY_PATH=/home/zihao/Documents/limo/agilex_open_class/install/limo_msgs/lib:/usr/lib/x86_64-linux-gnu/gazebo-11/plugins:/opt/ros/humble/opt/rviz_ogre_vendor/lib:/opt/ros/humble/lib/x86_64-linux-gnu:/opt/ros/humble/lib:/tmp/.mount_Cursoro3GCvs/usr/lib/:/tmp/.mount_Cursoro3GCvs/usr/lib32/:/tmp/.mount_Cursoro3GCvs/usr/lib64/:/tmp/.mount_Cursoro3GCvs/lib/:/tmp/.mount_Cursoro3GCvs/lib/i386-linux-gnu/:/tmp/.mount_Cursoro3GCvs/lib/x86_64-linux-gnu/:/tmp/.mount_Cursoro3GCvs/lib/aarch64-linux-gnu/:/tmp/.mount_Cursoro3GCvs/lib32/:/tmp/.mount_Cursoro3GCvs/lib64/ PYTHONPATH=/home/zihao/Documents/limo/agilex_open_class/build/limo_learnning_py/prefix_override:/usr/lib/python3/dist-packages/colcon_core/task/python/colcon_distutils_commands:/home/zihao/Documents/limo/agilex_open_class/install/limo_learnning_py/lib/python3.10/site-packages:/home/zihao/Documents/limo/agilex_open_class/install/limo_msgs/lib/python3.12/site-packages:${PYTHONPATH} /usr/bin/python3 -W ignore:setup.py install is deprecated -W ignore:easy_install command is deprecated setup.py egg_info --egg-base ../../build/limo_learnning_py build --build-base /home/zihao/Documents/limo/agilex_open_class/build/limo_learnning_py/build install --record /home/zihao/Documents/limo/agilex_open_class/build/limo_learnning_py/install.log --single-version-externally-managed install_data
[0.357s] running egg_info
[0.357s] writing ../../build/limo_learnning_py/limo_learnning_py.egg-info/PKG-INFO
[0.357s] writing dependency_links to ../../build/limo_learnning_py/limo_learnning_py.egg-info/dependency_links.txt
[0.357s] writing entry points to ../../build/limo_learnning_py/limo_learnning_py.egg-info/entry_points.txt
[0.357s] writing requirements to ../../build/limo_learnning_py/limo_learnning_py.egg-info/requires.txt
[0.357s] writing top-level names to ../../build/limo_learnning_py/limo_learnning_py.egg-info/top_level.txt
[0.358s] reading manifest file '../../build/limo_learnning_py/limo_learnning_py.egg-info/SOURCES.txt'
[0.358s] writing manifest file '../../build/limo_learnning_py/limo_learnning_py.egg-info/SOURCES.txt'
[0.358s] running build
[0.358s] running build_py
[0.358s] running install
[0.358s] running install_lib
[0.359s] running install_data
[0.359s] running install_egg_info
[0.359s] removing '/home/zihao/Documents/limo/agilex_open_class/install/limo_learnning_py/lib/python3.10/site-packages/limo_learnning_py-0.0.0-py3.10.egg-info' (and everything under it)
[0.360s] Copying ../../build/limo_learnning_py/limo_learnning_py.egg-info to /home/zihao/Documents/limo/agilex_open_class/install/limo_learnning_py/lib/python3.10/site-packages/limo_learnning_py-0.0.0-py3.10.egg-info
[0.360s] running install_scripts
[0.368s] Installing limo_action_client script to /home/zihao/Documents/limo/agilex_open_class/install/limo_learnning_py/lib/limo_learnning_py
[0.368s] Installing limo_action_server script to /home/zihao/Documents/limo/agilex_open_class/install/limo_learnning_py/lib/limo_learnning_py
[0.368s] Installing limo_client script to /home/zihao/Documents/limo/agilex_open_class/install/limo_learnning_py/lib/limo_learnning_py
[0.368s] Installing limo_scan script to /home/zihao/Documents/limo/agilex_open_class/install/limo_learnning_py/lib/limo_learnning_py
[0.368s] Installing limo_server script to /home/zihao/Documents/limo/agilex_open_class/install/limo_learnning_py/lib/limo_learnning_py
[0.368s] Installing limo_topic_cmd script to /home/zihao/Documents/limo/agilex_open_class/install/limo_learnning_py/lib/limo_learnning_py
[0.368s] Installing multi_goal_nav script to /home/zihao/Documents/limo/agilex_open_class/install/limo_learnning_py/lib/limo_learnning_py
[0.368s] writing list of installed files to '/home/zihao/Documents/limo/agilex_open_class/build/limo_learnning_py/install.log'
[0.380s] Invoked command in '/home/zihao/Documents/limo/agilex_open_class/limo/limo_learnning_py' returned '0': AMENT_PREFIX_PATH=/home/zihao/Documents/limo/agilex_open_class/install/limo_msgs:${AMENT_PREFIX_PATH} CMAKE_PREFIX_PATH=/home/zihao/Documents/limo/agilex_open_class/install/limo_msgs CONDA_PROMPT_MODIFIER=(base) LD_LIBRARY_PATH=/home/zihao/Documents/limo/agilex_open_class/install/limo_msgs/lib:/usr/lib/x86_64-linux-gnu/gazebo-11/plugins:/opt/ros/humble/opt/rviz_ogre_vendor/lib:/opt/ros/humble/lib/x86_64-linux-gnu:/opt/ros/humble/lib:/tmp/.mount_Cursoro3GCvs/usr/lib/:/tmp/.mount_Cursoro3GCvs/usr/lib32/:/tmp/.mount_Cursoro3GCvs/usr/lib64/:/tmp/.mount_Cursoro3GCvs/lib/:/tmp/.mount_Cursoro3GCvs/lib/i386-linux-gnu/:/tmp/.mount_Cursoro3GCvs/lib/x86_64-linux-gnu/:/tmp/.mount_Cursoro3GCvs/lib/aarch64-linux-gnu/:/tmp/.mount_Cursoro3GCvs/lib32/:/tmp/.mount_Cursoro3GCvs/lib64/ PYTHONPATH=/home/zihao/Documents/limo/agilex_open_class/build/limo_learnning_py/prefix_override:/usr/lib/python3/dist-packages/colcon_core/task/python/colcon_distutils_commands:/home/zihao/Documents/limo/agilex_open_class/install/limo_learnning_py/lib/python3.10/site-packages:/home/zihao/Documents/limo/agilex_open_class/install/limo_msgs/lib/python3.12/site-packages:${PYTHONPATH} /usr/bin/python3 -W ignore:setup.py install is deprecated -W ignore:easy_install command is deprecated setup.py egg_info --egg-base ../../build/limo_learnning_py build --build-base /home/zihao/Documents/limo/agilex_open_class/build/limo_learnning_py/build install --record /home/zihao/Documents/limo/agilex_open_class/build/limo_learnning_py/install.log --single-version-externally-managed install_data
