[  8%] Built target limo_server
[ 16%] Built target listen_tf
[ 33%] Built target limo_action_server
[ 33%] Built target limo_topic_cmd
[ 41%] Built target limo_action_client
[ 50%] Built target record_path
[ 58%] Built target limo_scan
[ 66%] Built target follow_path
[ 75%] Built target limo_client
[ 83%] Built target limo_scan_nav
[ 91%] Built target multi_goal_nav
[100%] Built target explore
-- Install configuration: ""
-- Up-to-date: /home/zihao/Documents/limo/agilex_open_class/install/limo_learnning/lib/limo_learnning/limo_server
-- Up-to-date: /home/zihao/Documents/limo/agilex_open_class/install/limo_learnning/lib/limo_learnning/limo_client
-- Up-to-date: /home/zihao/Documents/limo/agilex_open_class/install/limo_learnning/lib/limo_learnning/limo_action_server
-- Up-to-date: /home/zihao/Documents/limo/agilex_open_class/install/limo_learnning/lib/limo_learnning/limo_action_client
-- Up-to-date: /home/zihao/Documents/limo/agilex_open_class/install/limo_learnning/lib/limo_learnning/limo_topic_cmd
-- Up-to-date: /home/zihao/Documents/limo/agilex_open_class/install/limo_learnning/lib/limo_learnning/listen_tf
-- Up-to-date: /home/zihao/Documents/limo/agilex_open_class/install/limo_learnning/lib/limo_learnning/limo_scan
-- Up-to-date: /home/zihao/Documents/limo/agilex_open_class/install/limo_learnning/lib/limo_learnning/limo_scan_nav
-- Up-to-date: /home/zihao/Documents/limo/agilex_open_class/install/limo_learnning/lib/limo_learnning/multi_goal_nav
-- Up-to-date: /home/zihao/Documents/limo/agilex_open_class/install/limo_learnning/lib/limo_learnning/explore
-- Up-to-date: /home/zihao/Documents/limo/agilex_open_class/install/limo_learnning/lib/limo_learnning/record_path
-- Up-to-date: /home/zihao/Documents/limo/agilex_open_class/install/limo_learnning/lib/limo_learnning/follow_path
-- Up-to-date: /home/zihao/Documents/limo/agilex_open_class/install/limo_learnning/share/ament_index/resource_index/package_run_dependencies/limo_learnning
-- Up-to-date: /home/zihao/Documents/limo/agilex_open_class/install/limo_learnning/share/ament_index/resource_index/parent_prefix_path/limo_learnning
-- Up-to-date: /home/zihao/Documents/limo/agilex_open_class/install/limo_learnning/share/limo_learnning/environment/ament_prefix_path.sh
-- Up-to-date: /home/zihao/Documents/limo/agilex_open_class/install/limo_learnning/share/limo_learnning/environment/ament_prefix_path.dsv
-- Up-to-date: /home/zihao/Documents/limo/agilex_open_class/install/limo_learnning/share/limo_learnning/environment/path.sh
-- Up-to-date: /home/zihao/Documents/limo/agilex_open_class/install/limo_learnning/share/limo_learnning/environment/path.dsv
-- Up-to-date: /home/zihao/Documents/limo/agilex_open_class/install/limo_learnning/share/limo_learnning/local_setup.bash
-- Up-to-date: /home/zihao/Documents/limo/agilex_open_class/install/limo_learnning/share/limo_learnning/local_setup.sh
-- Up-to-date: /home/zihao/Documents/limo/agilex_open_class/install/limo_learnning/share/limo_learnning/local_setup.zsh
-- Up-to-date: /home/zihao/Documents/limo/agilex_open_class/install/limo_learnning/share/limo_learnning/local_setup.dsv
-- Installing: /home/zihao/Documents/limo/agilex_open_class/install/limo_learnning/share/limo_learnning/package.dsv
-- Up-to-date: /home/zihao/Documents/limo/agilex_open_class/install/limo_learnning/share/ament_index/resource_index/packages/limo_learnning
-- Up-to-date: /home/zihao/Documents/limo/agilex_open_class/install/limo_learnning/share/limo_learnning/cmake/limo_learnningConfig.cmake
-- Up-to-date: /home/zihao/Documents/limo/agilex_open_class/install/limo_learnning/share/limo_learnning/cmake/limo_learnningConfig-version.cmake
-- Up-to-date: /home/zihao/Documents/limo/agilex_open_class/install/limo_learnning/share/limo_learnning/package.xml
