-- Install configuration: ""
-- Up-to-date: /home/zihao/Documents/limo/agilex_open_class/install/piper_description/share/piper_description/launch
-- Up-to-date: /home/zihao/Documents/limo/agilex_open_class/install/piper_description/share/piper_description/launch/display_piper.launch.py
-- Up-to-date: /home/zihao/Documents/limo/agilex_open_class/install/piper_description/share/piper_description/launch/piper_gazebo.launch.py
-- Up-to-date: /home/zihao/Documents/limo/agilex_open_class/install/piper_description/share/piper_description/launch/piper_spawn.launch.py
-- Up-to-date: /home/zihao/Documents/limo/agilex_open_class/install/piper_description/share/piper_description/launch/piper_empty_world.launch.py
-- Up-to-date: /home/zihao/Documents/limo/agilex_open_class/install/piper_description/share/piper_description/meshes
-- Up-to-date: /home/zihao/Documents/limo/agilex_open_class/install/piper_description/share/piper_description/meshes/link6.STL
-- Up-to-date: /home/zihao/Documents/limo/agilex_open_class/install/piper_description/share/piper_description/meshes/link5.STL
-- Up-to-date: /home/zihao/Documents/limo/agilex_open_class/install/piper_description/share/piper_description/meshes/link7.STL
-- Up-to-date: /home/zihao/Documents/limo/agilex_open_class/install/piper_description/share/piper_description/meshes/link4.STL
-- Up-to-date: /home/zihao/Documents/limo/agilex_open_class/install/piper_description/share/piper_description/meshes/link1.STL
-- Up-to-date: /home/zihao/Documents/limo/agilex_open_class/install/piper_description/share/piper_description/meshes/link2.STL
-- Up-to-date: /home/zihao/Documents/limo/agilex_open_class/install/piper_description/share/piper_description/meshes/link3.STL
-- Up-to-date: /home/zihao/Documents/limo/agilex_open_class/install/piper_description/share/piper_description/meshes/base_link.STL
-- Up-to-date: /home/zihao/Documents/limo/agilex_open_class/install/piper_description/share/piper_description/meshes/link8.STL
-- Up-to-date: /home/zihao/Documents/limo/agilex_open_class/install/piper_description/share/piper_description/rviz
-- Up-to-date: /home/zihao/Documents/limo/agilex_open_class/install/piper_description/share/piper_description/rviz/piper_ctrl.rviz
-- Up-to-date: /home/zihao/Documents/limo/agilex_open_class/install/piper_description/share/piper_description/urdf
-- Up-to-date: /home/zihao/Documents/limo/agilex_open_class/install/piper_description/share/piper_description/urdf/piper_description.csv
-- Up-to-date: /home/zihao/Documents/limo/agilex_open_class/install/piper_description/share/piper_description/urdf/piper_description.xacro
-- Up-to-date: /home/zihao/Documents/limo/agilex_open_class/install/piper_description/share/piper_description/urdf/piper_description.urdf
-- Up-to-date: /home/zihao/Documents/limo/agilex_open_class/install/piper_description/share/piper_description/urdf/piper_description_gazebo.xacro
-- Up-to-date: /home/zihao/Documents/limo/agilex_open_class/install/piper_description/share/piper_description/worlds
-- Up-to-date: /home/zihao/Documents/limo/agilex_open_class/install/piper_description/share/piper_description/worlds/empty.world
-- Up-to-date: /home/zihao/Documents/limo/agilex_open_class/install/piper_description/share/ament_index/resource_index/package_run_dependencies/piper_description
-- Up-to-date: /home/zihao/Documents/limo/agilex_open_class/install/piper_description/share/ament_index/resource_index/parent_prefix_path/piper_description
-- Up-to-date: /home/zihao/Documents/limo/agilex_open_class/install/piper_description/share/piper_description/environment/ament_prefix_path.sh
-- Up-to-date: /home/zihao/Documents/limo/agilex_open_class/install/piper_description/share/piper_description/environment/ament_prefix_path.dsv
-- Up-to-date: /home/zihao/Documents/limo/agilex_open_class/install/piper_description/share/piper_description/environment/path.sh
-- Up-to-date: /home/zihao/Documents/limo/agilex_open_class/install/piper_description/share/piper_description/environment/path.dsv
-- Up-to-date: /home/zihao/Documents/limo/agilex_open_class/install/piper_description/share/piper_description/local_setup.bash
-- Up-to-date: /home/zihao/Documents/limo/agilex_open_class/install/piper_description/share/piper_description/local_setup.sh
-- Up-to-date: /home/zihao/Documents/limo/agilex_open_class/install/piper_description/share/piper_description/local_setup.zsh
-- Up-to-date: /home/zihao/Documents/limo/agilex_open_class/install/piper_description/share/piper_description/local_setup.dsv
-- Up-to-date: /home/zihao/Documents/limo/agilex_open_class/install/piper_description/share/piper_description/package.dsv
-- Up-to-date: /home/zihao/Documents/limo/agilex_open_class/install/piper_description/share/ament_index/resource_index/packages/piper_description
-- Up-to-date: /home/zihao/Documents/limo/agilex_open_class/install/piper_description/share/piper_description/cmake/piper_descriptionConfig.cmake
-- Up-to-date: /home/zihao/Documents/limo/agilex_open_class/install/piper_description/share/piper_description/cmake/piper_descriptionConfig-version.cmake
-- Up-to-date: /home/zihao/Documents/limo/agilex_open_class/install/piper_description/share/piper_description/package.xml
