[0.007s] Invoking command in '/home/zihao/Documents/limo/agilex_open_class/build/piper_moveit_config_v5': AMENT_PREFIX_PATH=/home/zihao/Documents/limo/agilex_open_class/install/piper_description:${AMENT_PREFIX_PATH} CMAKE_PREFIX_PATH=/home/zihao/Documents/limo/agilex_open_class/install/piper_description:/opt/ros/humble /usr/bin/cmake /home/zihao/Documents/limo/agilex_open_class/piper/piper_moveit_config_v5 -DCMAKE_INSTALL_PREFIX=/home/zihao/Documents/limo/agilex_open_class/install/piper_moveit_config_v5
[0.050s] -- The C compiler identification is GNU 11.4.0
[0.086s] -- The CXX compiler identification is GNU 11.4.0
[0.093s] -- Detecting C compiler ABI info
[0.163s] -- Detecting C compiler ABI info - done
[0.166s] -- Check for working C compiler: /usr/bin/cc - skipped
[0.166s] -- Detecting C compile features
[0.167s] -- Detecting C compile features - done
[0.168s] -- Detecting CXX compiler ABI info
[0.237s] -- Detecting CXX compiler ABI info - done
[0.240s] -- Check for working CXX compiler: /usr/bin/c++ - skipped
[0.240s] -- Detecting CXX compile features
[0.240s] -- Detecting CXX compile features - done
[0.242s] -- Found ament_cmake: 1.3.11 (/opt/ros/humble/share/ament_cmake/cmake)
[0.314s] -- Found Python3: /usr/bin/python3 (found version "3.10.12") found components: Interpreter 
[0.385s] -- Configuring done
[0.387s] -- Generating done
[0.387s] -- Build files have been written to: /home/zihao/Documents/limo/agilex_open_class/build/piper_moveit_config_v5
[0.390s] Invoked command in '/home/zihao/Documents/limo/agilex_open_class/build/piper_moveit_config_v5' returned '0': AMENT_PREFIX_PATH=/home/zihao/Documents/limo/agilex_open_class/install/piper_description:${AMENT_PREFIX_PATH} CMAKE_PREFIX_PATH=/home/zihao/Documents/limo/agilex_open_class/install/piper_description:/opt/ros/humble /usr/bin/cmake /home/zihao/Documents/limo/agilex_open_class/piper/piper_moveit_config_v5 -DCMAKE_INSTALL_PREFIX=/home/zihao/Documents/limo/agilex_open_class/install/piper_moveit_config_v5
[0.391s] Invoking command in '/home/zihao/Documents/limo/agilex_open_class/build/piper_moveit_config_v5': AMENT_PREFIX_PATH=/home/zihao/Documents/limo/agilex_open_class/install/piper_description:${AMENT_PREFIX_PATH} CMAKE_PREFIX_PATH=/home/zihao/Documents/limo/agilex_open_class/install/piper_description:/opt/ros/humble /usr/bin/cmake --build /home/zihao/Documents/limo/agilex_open_class/build/piper_moveit_config_v5 -- -j32 -l32
[0.431s] Invoked command in '/home/zihao/Documents/limo/agilex_open_class/build/piper_moveit_config_v5' returned '0': AMENT_PREFIX_PATH=/home/zihao/Documents/limo/agilex_open_class/install/piper_description:${AMENT_PREFIX_PATH} CMAKE_PREFIX_PATH=/home/zihao/Documents/limo/agilex_open_class/install/piper_description:/opt/ros/humble /usr/bin/cmake --build /home/zihao/Documents/limo/agilex_open_class/build/piper_moveit_config_v5 -- -j32 -l32
[0.432s] Invoking command in '/home/zihao/Documents/limo/agilex_open_class/build/piper_moveit_config_v5': AMENT_PREFIX_PATH=/home/zihao/Documents/limo/agilex_open_class/install/piper_description:${AMENT_PREFIX_PATH} CMAKE_PREFIX_PATH=/home/zihao/Documents/limo/agilex_open_class/install/piper_description:/opt/ros/humble /usr/bin/cmake --install /home/zihao/Documents/limo/agilex_open_class/build/piper_moveit_config_v5
[0.437s] -- Install configuration: ""
[0.437s] -- Installing: /home/zihao/Documents/limo/agilex_open_class/install/piper_moveit_config_v5/share/ament_index/resource_index/package_run_dependencies/piper_moveit_config_v5
[0.437s] -- Installing: /home/zihao/Documents/limo/agilex_open_class/install/piper_moveit_config_v5/share/ament_index/resource_index/parent_prefix_path/piper_moveit_config_v5
[0.437s] -- Installing: /home/zihao/Documents/limo/agilex_open_class/install/piper_moveit_config_v5/share/piper_moveit_config_v5/environment/ament_prefix_path.sh
[0.437s] -- Installing: /home/zihao/Documents/limo/agilex_open_class/install/piper_moveit_config_v5/share/piper_moveit_config_v5/environment/ament_prefix_path.dsv
[0.438s] -- Installing: /home/zihao/Documents/limo/agilex_open_class/install/piper_moveit_config_v5/share/piper_moveit_config_v5/environment/path.sh
[0.438s] -- Installing: /home/zihao/Documents/limo/agilex_open_class/install/piper_moveit_config_v5/share/piper_moveit_config_v5/environment/path.dsv
[0.438s] -- Installing: /home/zihao/Documents/limo/agilex_open_class/install/piper_moveit_config_v5/share/piper_moveit_config_v5/local_setup.bash
[0.438s] -- Installing: /home/zihao/Documents/limo/agilex_open_class/install/piper_moveit_config_v5/share/piper_moveit_config_v5/local_setup.sh
[0.438s] -- Installing: /home/zihao/Documents/limo/agilex_open_class/install/piper_moveit_config_v5/share/piper_moveit_config_v5/local_setup.zsh
[0.438s] -- Installing: /home/zihao/Documents/limo/agilex_open_class/install/piper_moveit_config_v5/share/piper_moveit_config_v5/local_setup.dsv
[0.438s] -- Installing: /home/zihao/Documents/limo/agilex_open_class/install/piper_moveit_config_v5/share/piper_moveit_config_v5/package.dsv
[0.438s] -- Installing: /home/zihao/Documents/limo/agilex_open_class/install/piper_moveit_config_v5/share/ament_index/resource_index/packages/piper_moveit_config_v5
[0.438s] -- Installing: /home/zihao/Documents/limo/agilex_open_class/install/piper_moveit_config_v5/share/piper_moveit_config_v5/cmake/piper_moveit_config_v5Config.cmake
[0.438s] -- Installing: /home/zihao/Documents/limo/agilex_open_class/install/piper_moveit_config_v5/share/piper_moveit_config_v5/cmake/piper_moveit_config_v5Config-version.cmake
[0.438s] -- Installing: /home/zihao/Documents/limo/agilex_open_class/install/piper_moveit_config_v5/share/piper_moveit_config_v5/package.xml
[0.438s] -- Installing: /home/zihao/Documents/limo/agilex_open_class/install/piper_moveit_config_v5/share/piper_moveit_config_v5/launch
[0.438s] -- Installing: /home/zihao/Documents/limo/agilex_open_class/install/piper_moveit_config_v5/share/piper_moveit_config_v5/launch/setup_assistant.launch.py
[0.438s] -- Installing: /home/zihao/Documents/limo/agilex_open_class/install/piper_moveit_config_v5/share/piper_moveit_config_v5/launch/static_virtual_joint_tfs.launch.py
[0.438s] -- Installing: /home/zihao/Documents/limo/agilex_open_class/install/piper_moveit_config_v5/share/piper_moveit_config_v5/launch/spawn_controllers.launch.py
[0.438s] -- Installing: /home/zihao/Documents/limo/agilex_open_class/install/piper_moveit_config_v5/share/piper_moveit_config_v5/launch/warehouse_db.launch.py
[0.438s] -- Installing: /home/zihao/Documents/limo/agilex_open_class/install/piper_moveit_config_v5/share/piper_moveit_config_v5/launch/demo.launch.py
[0.438s] -- Installing: /home/zihao/Documents/limo/agilex_open_class/install/piper_moveit_config_v5/share/piper_moveit_config_v5/launch/moveit_rviz.launch.py
[0.438s] -- Installing: /home/zihao/Documents/limo/agilex_open_class/install/piper_moveit_config_v5/share/piper_moveit_config_v5/launch/move_group.launch.py
[0.438s] -- Installing: /home/zihao/Documents/limo/agilex_open_class/install/piper_moveit_config_v5/share/piper_moveit_config_v5/launch/rsp.launch.py
[0.438s] -- Installing: /home/zihao/Documents/limo/agilex_open_class/install/piper_moveit_config_v5/share/piper_moveit_config_v5/config
[0.439s] -- Installing: /home/zihao/Documents/limo/agilex_open_class/install/piper_moveit_config_v5/share/piper_moveit_config_v5/config/kinematics.yaml
[0.439s] -- Installing: /home/zihao/Documents/limo/agilex_open_class/install/piper_moveit_config_v5/share/piper_moveit_config_v5/config/initial_positions.yaml
[0.439s] -- Installing: /home/zihao/Documents/limo/agilex_open_class/install/piper_moveit_config_v5/share/piper_moveit_config_v5/config/piper.ros2_control.xacro
[0.439s] -- Installing: /home/zihao/Documents/limo/agilex_open_class/install/piper_moveit_config_v5/share/piper_moveit_config_v5/config/moveit.rviz
[0.439s] -- Installing: /home/zihao/Documents/limo/agilex_open_class/install/piper_moveit_config_v5/share/piper_moveit_config_v5/config/piper.urdf.xacro
[0.439s] -- Installing: /home/zihao/Documents/limo/agilex_open_class/install/piper_moveit_config_v5/share/piper_moveit_config_v5/config/moveit_controllers.yaml
[0.439s] -- Installing: /home/zihao/Documents/limo/agilex_open_class/install/piper_moveit_config_v5/share/piper_moveit_config_v5/config/piper.srdf
[0.439s] -- Installing: /home/zihao/Documents/limo/agilex_open_class/install/piper_moveit_config_v5/share/piper_moveit_config_v5/config/pilz_cartesian_limits.yaml
[0.439s] -- Installing: /home/zihao/Documents/limo/agilex_open_class/install/piper_moveit_config_v5/share/piper_moveit_config_v5/config/ros2_controllers.yaml
[0.439s] -- Installing: /home/zihao/Documents/limo/agilex_open_class/install/piper_moveit_config_v5/share/piper_moveit_config_v5/config/joint_limits.yaml
[0.439s] -- Installing: /home/zihao/Documents/limo/agilex_open_class/install/piper_moveit_config_v5/share/piper_moveit_config_v5/.setup_assistant
[0.446s] Invoked command in '/home/zihao/Documents/limo/agilex_open_class/build/piper_moveit_config_v5' returned '0': AMENT_PREFIX_PATH=/home/zihao/Documents/limo/agilex_open_class/install/piper_description:${AMENT_PREFIX_PATH} CMAKE_PREFIX_PATH=/home/zihao/Documents/limo/agilex_open_class/install/piper_description:/opt/ros/humble /usr/bin/cmake --install /home/zihao/Documents/limo/agilex_open_class/build/piper_moveit_config_v5
