-- Install configuration: ""
-- Up-to-date: /home/zihao/Documents/limo/agilex_open_class/install/piper_moveit_config_v5/share/ament_index/resource_index/package_run_dependencies/piper_moveit_config_v5
-- Up-to-date: /home/zihao/Documents/limo/agilex_open_class/install/piper_moveit_config_v5/share/ament_index/resource_index/parent_prefix_path/piper_moveit_config_v5
-- Up-to-date: /home/zihao/Documents/limo/agilex_open_class/install/piper_moveit_config_v5/share/piper_moveit_config_v5/environment/ament_prefix_path.sh
-- Up-to-date: /home/zihao/Documents/limo/agilex_open_class/install/piper_moveit_config_v5/share/piper_moveit_config_v5/environment/ament_prefix_path.dsv
-- Up-to-date: /home/zihao/Documents/limo/agilex_open_class/install/piper_moveit_config_v5/share/piper_moveit_config_v5/environment/path.sh
-- Up-to-date: /home/zihao/Documents/limo/agilex_open_class/install/piper_moveit_config_v5/share/piper_moveit_config_v5/environment/path.dsv
-- Up-to-date: /home/zihao/Documents/limo/agilex_open_class/install/piper_moveit_config_v5/share/piper_moveit_config_v5/local_setup.bash
-- Up-to-date: /home/zihao/Documents/limo/agilex_open_class/install/piper_moveit_config_v5/share/piper_moveit_config_v5/local_setup.sh
-- Up-to-date: /home/zihao/Documents/limo/agilex_open_class/install/piper_moveit_config_v5/share/piper_moveit_config_v5/local_setup.zsh
-- Up-to-date: /home/zihao/Documents/limo/agilex_open_class/install/piper_moveit_config_v5/share/piper_moveit_config_v5/local_setup.dsv
-- Up-to-date: /home/zihao/Documents/limo/agilex_open_class/install/piper_moveit_config_v5/share/piper_moveit_config_v5/package.dsv
-- Up-to-date: /home/zihao/Documents/limo/agilex_open_class/install/piper_moveit_config_v5/share/ament_index/resource_index/packages/piper_moveit_config_v5
-- Up-to-date: /home/zihao/Documents/limo/agilex_open_class/install/piper_moveit_config_v5/share/piper_moveit_config_v5/cmake/piper_moveit_config_v5Config.cmake
-- Up-to-date: /home/zihao/Documents/limo/agilex_open_class/install/piper_moveit_config_v5/share/piper_moveit_config_v5/cmake/piper_moveit_config_v5Config-version.cmake
-- Up-to-date: /home/zihao/Documents/limo/agilex_open_class/install/piper_moveit_config_v5/share/piper_moveit_config_v5/package.xml
-- Up-to-date: /home/zihao/Documents/limo/agilex_open_class/install/piper_moveit_config_v5/share/piper_moveit_config_v5/launch
-- Up-to-date: /home/zihao/Documents/limo/agilex_open_class/install/piper_moveit_config_v5/share/piper_moveit_config_v5/launch/setup_assistant.launch.py
-- Up-to-date: /home/zihao/Documents/limo/agilex_open_class/install/piper_moveit_config_v5/share/piper_moveit_config_v5/launch/static_virtual_joint_tfs.launch.py
-- Up-to-date: /home/zihao/Documents/limo/agilex_open_class/install/piper_moveit_config_v5/share/piper_moveit_config_v5/launch/spawn_controllers.launch.py
-- Up-to-date: /home/zihao/Documents/limo/agilex_open_class/install/piper_moveit_config_v5/share/piper_moveit_config_v5/launch/warehouse_db.launch.py
-- Up-to-date: /home/zihao/Documents/limo/agilex_open_class/install/piper_moveit_config_v5/share/piper_moveit_config_v5/launch/demo.launch.py
-- Up-to-date: /home/zihao/Documents/limo/agilex_open_class/install/piper_moveit_config_v5/share/piper_moveit_config_v5/launch/moveit_rviz.launch.py
-- Up-to-date: /home/zihao/Documents/limo/agilex_open_class/install/piper_moveit_config_v5/share/piper_moveit_config_v5/launch/move_group.launch.py
-- Up-to-date: /home/zihao/Documents/limo/agilex_open_class/install/piper_moveit_config_v5/share/piper_moveit_config_v5/launch/rsp.launch.py
-- Up-to-date: /home/zihao/Documents/limo/agilex_open_class/install/piper_moveit_config_v5/share/piper_moveit_config_v5/config
-- Up-to-date: /home/zihao/Documents/limo/agilex_open_class/install/piper_moveit_config_v5/share/piper_moveit_config_v5/config/kinematics.yaml
-- Up-to-date: /home/zihao/Documents/limo/agilex_open_class/install/piper_moveit_config_v5/share/piper_moveit_config_v5/config/initial_positions.yaml
-- Up-to-date: /home/zihao/Documents/limo/agilex_open_class/install/piper_moveit_config_v5/share/piper_moveit_config_v5/config/piper.ros2_control.xacro
-- Up-to-date: /home/zihao/Documents/limo/agilex_open_class/install/piper_moveit_config_v5/share/piper_moveit_config_v5/config/moveit.rviz
-- Up-to-date: /home/zihao/Documents/limo/agilex_open_class/install/piper_moveit_config_v5/share/piper_moveit_config_v5/config/piper.urdf.xacro
-- Up-to-date: /home/zihao/Documents/limo/agilex_open_class/install/piper_moveit_config_v5/share/piper_moveit_config_v5/config/moveit_controllers.yaml
-- Up-to-date: /home/zihao/Documents/limo/agilex_open_class/install/piper_moveit_config_v5/share/piper_moveit_config_v5/config/piper.srdf
-- Up-to-date: /home/zihao/Documents/limo/agilex_open_class/install/piper_moveit_config_v5/share/piper_moveit_config_v5/config/pilz_cartesian_limits.yaml
-- Up-to-date: /home/zihao/Documents/limo/agilex_open_class/install/piper_moveit_config_v5/share/piper_moveit_config_v5/config/ros2_controllers.yaml
-- Up-to-date: /home/zihao/Documents/limo/agilex_open_class/install/piper_moveit_config_v5/share/piper_moveit_config_v5/config/joint_limits.yaml
-- Up-to-date: /home/zihao/Documents/limo/agilex_open_class/install/piper_moveit_config_v5/share/piper_moveit_config_v5/.setup_assistant
