[0.009s] Invoking command in '/home/zihao/Documents/limo/agilex_open_class/build/limo_learnning': AMENT_PREFIX_PATH=/home/zihao/Documents/limo/agilex_open_class/install/limo_msgs:${AMENT_PREFIX_PATH} CMAKE_PREFIX_PATH=/home/zihao/Documents/limo/agilex_open_class/install/limo_msgs:/opt/ros/humble CONDA_PROMPT_MODIFIER=(base) LD_LIBRARY_PATH=/home/zihao/Documents/limo/agilex_open_class/install/limo_msgs/lib:/usr/lib/x86_64-linux-gnu/gazebo-11/plugins:/opt/ros/humble/opt/rviz_ogre_vendor/lib:/opt/ros/humble/lib/x86_64-linux-gnu:/opt/ros/humble/lib:/tmp/.mount_Cursoro3GCvs/usr/lib/:/tmp/.mount_Cursoro3GCvs/usr/lib32/:/tmp/.mount_Cursoro3GCvs/usr/lib64/:/tmp/.mount_Cursoro3GCvs/lib/:/tmp/.mount_Cursoro3GCvs/lib/i386-linux-gnu/:/tmp/.mount_Cursoro3GCvs/lib/x86_64-linux-gnu/:/tmp/.mount_Cursoro3GCvs/lib/aarch64-linux-gnu/:/tmp/.mount_Cursoro3GCvs/lib32/:/tmp/.mount_Cursoro3GCvs/lib64/ PYTHONPATH=/home/zihao/Documents/limo/agilex_open_class/install/limo_msgs/lib/python3.12/site-packages:${PYTHONPATH} /usr/bin/cmake --build /home/zihao/Documents/limo/agilex_open_class/build/limo_learnning -- -j32 -l32
[0.101s] [  8%] Built target limo_client
[0.101s] [ 16%] Built target limo_topic_cmd
[0.112s] [ 25%] Built target limo_action_client
[0.114s] [ 33%] Built target explore
[0.114s] [ 41%] Built target limo_scan
[0.118s] [ 50%] Built target listen_tf
[0.118s] [ 58%] Built target limo_action_server
[0.120s] [ 66%] Built target limo_server
[0.120s] [ 75%] Built target limo_scan_nav
[0.120s] [ 83%] Built target follow_path
[0.120s] [ 91%] Built target multi_goal_nav
[0.122s] [100%] Built target record_path
[0.131s] Invoked command in '/home/zihao/Documents/limo/agilex_open_class/build/limo_learnning' returned '0': AMENT_PREFIX_PATH=/home/zihao/Documents/limo/agilex_open_class/install/limo_msgs:${AMENT_PREFIX_PATH} CMAKE_PREFIX_PATH=/home/zihao/Documents/limo/agilex_open_class/install/limo_msgs:/opt/ros/humble CONDA_PROMPT_MODIFIER=(base) LD_LIBRARY_PATH=/home/zihao/Documents/limo/agilex_open_class/install/limo_msgs/lib:/usr/lib/x86_64-linux-gnu/gazebo-11/plugins:/opt/ros/humble/opt/rviz_ogre_vendor/lib:/opt/ros/humble/lib/x86_64-linux-gnu:/opt/ros/humble/lib:/tmp/.mount_Cursoro3GCvs/usr/lib/:/tmp/.mount_Cursoro3GCvs/usr/lib32/:/tmp/.mount_Cursoro3GCvs/usr/lib64/:/tmp/.mount_Cursoro3GCvs/lib/:/tmp/.mount_Cursoro3GCvs/lib/i386-linux-gnu/:/tmp/.mount_Cursoro3GCvs/lib/x86_64-linux-gnu/:/tmp/.mount_Cursoro3GCvs/lib/aarch64-linux-gnu/:/tmp/.mount_Cursoro3GCvs/lib32/:/tmp/.mount_Cursoro3GCvs/lib64/ PYTHONPATH=/home/zihao/Documents/limo/agilex_open_class/install/limo_msgs/lib/python3.12/site-packages:${PYTHONPATH} /usr/bin/cmake --build /home/zihao/Documents/limo/agilex_open_class/build/limo_learnning -- -j32 -l32
[0.132s] Invoking command in '/home/zihao/Documents/limo/agilex_open_class/build/limo_learnning': AMENT_PREFIX_PATH=/home/zihao/Documents/limo/agilex_open_class/install/limo_msgs:${AMENT_PREFIX_PATH} CMAKE_PREFIX_PATH=/home/zihao/Documents/limo/agilex_open_class/install/limo_msgs:/opt/ros/humble CONDA_PROMPT_MODIFIER=(base) LD_LIBRARY_PATH=/home/zihao/Documents/limo/agilex_open_class/install/limo_msgs/lib:/usr/lib/x86_64-linux-gnu/gazebo-11/plugins:/opt/ros/humble/opt/rviz_ogre_vendor/lib:/opt/ros/humble/lib/x86_64-linux-gnu:/opt/ros/humble/lib:/tmp/.mount_Cursoro3GCvs/usr/lib/:/tmp/.mount_Cursoro3GCvs/usr/lib32/:/tmp/.mount_Cursoro3GCvs/usr/lib64/:/tmp/.mount_Cursoro3GCvs/lib/:/tmp/.mount_Cursoro3GCvs/lib/i386-linux-gnu/:/tmp/.mount_Cursoro3GCvs/lib/x86_64-linux-gnu/:/tmp/.mount_Cursoro3GCvs/lib/aarch64-linux-gnu/:/tmp/.mount_Cursoro3GCvs/lib32/:/tmp/.mount_Cursoro3GCvs/lib64/ PYTHONPATH=/home/zihao/Documents/limo/agilex_open_class/install/limo_msgs/lib/python3.12/site-packages:${PYTHONPATH} /usr/bin/cmake --install /home/zihao/Documents/limo/agilex_open_class/build/limo_learnning
[0.138s] -- Install configuration: ""
[0.138s] -- Up-to-date: /home/zihao/Documents/limo/agilex_open_class/install/limo_learnning/lib/limo_learnning/limo_server
[0.138s] -- Up-to-date: /home/zihao/Documents/limo/agilex_open_class/install/limo_learnning/lib/limo_learnning/limo_client
[0.138s] -- Up-to-date: /home/zihao/Documents/limo/agilex_open_class/install/limo_learnning/lib/limo_learnning/limo_action_server
[0.138s] -- Up-to-date: /home/zihao/Documents/limo/agilex_open_class/install/limo_learnning/lib/limo_learnning/limo_action_client
[0.138s] -- Up-to-date: /home/zihao/Documents/limo/agilex_open_class/install/limo_learnning/lib/limo_learnning/limo_topic_cmd
[0.138s] -- Up-to-date: /home/zihao/Documents/limo/agilex_open_class/install/limo_learnning/lib/limo_learnning/listen_tf
[0.138s] -- Up-to-date: /home/zihao/Documents/limo/agilex_open_class/install/limo_learnning/lib/limo_learnning/limo_scan
[0.138s] -- Up-to-date: /home/zihao/Documents/limo/agilex_open_class/install/limo_learnning/lib/limo_learnning/limo_scan_nav
[0.138s] -- Up-to-date: /home/zihao/Documents/limo/agilex_open_class/install/limo_learnning/lib/limo_learnning/multi_goal_nav
[0.138s] -- Up-to-date: /home/zihao/Documents/limo/agilex_open_class/install/limo_learnning/lib/limo_learnning/explore
[0.138s] -- Up-to-date: /home/zihao/Documents/limo/agilex_open_class/install/limo_learnning/lib/limo_learnning/record_path
[0.138s] -- Up-to-date: /home/zihao/Documents/limo/agilex_open_class/install/limo_learnning/lib/limo_learnning/follow_path
[0.138s] -- Up-to-date: /home/zihao/Documents/limo/agilex_open_class/install/limo_learnning/share/ament_index/resource_index/package_run_dependencies/limo_learnning
[0.138s] -- Up-to-date: /home/zihao/Documents/limo/agilex_open_class/install/limo_learnning/share/ament_index/resource_index/parent_prefix_path/limo_learnning
[0.138s] -- Up-to-date: /home/zihao/Documents/limo/agilex_open_class/install/limo_learnning/share/limo_learnning/environment/ament_prefix_path.sh
[0.138s] -- Up-to-date: /home/zihao/Documents/limo/agilex_open_class/install/limo_learnning/share/limo_learnning/environment/ament_prefix_path.dsv
[0.138s] -- Up-to-date: /home/zihao/Documents/limo/agilex_open_class/install/limo_learnning/share/limo_learnning/environment/path.sh
[0.138s] -- Up-to-date: /home/zihao/Documents/limo/agilex_open_class/install/limo_learnning/share/limo_learnning/environment/path.dsv
[0.138s] -- Up-to-date: /home/zihao/Documents/limo/agilex_open_class/install/limo_learnning/share/limo_learnning/local_setup.bash
[0.138s] -- Up-to-date: /home/zihao/Documents/limo/agilex_open_class/install/limo_learnning/share/limo_learnning/local_setup.sh
[0.138s] -- Up-to-date: /home/zihao/Documents/limo/agilex_open_class/install/limo_learnning/share/limo_learnning/local_setup.zsh
[0.138s] -- Up-to-date: /home/zihao/Documents/limo/agilex_open_class/install/limo_learnning/share/limo_learnning/local_setup.dsv
[0.138s] -- Installing: /home/zihao/Documents/limo/agilex_open_class/install/limo_learnning/share/limo_learnning/package.dsv
[0.138s] -- Up-to-date: /home/zihao/Documents/limo/agilex_open_class/install/limo_learnning/share/ament_index/resource_index/packages/limo_learnning
[0.138s] -- Up-to-date: /home/zihao/Documents/limo/agilex_open_class/install/limo_learnning/share/limo_learnning/cmake/limo_learnningConfig.cmake
[0.138s] -- Up-to-date: /home/zihao/Documents/limo/agilex_open_class/install/limo_learnning/share/limo_learnning/cmake/limo_learnningConfig-version.cmake
[0.138s] -- Up-to-date: /home/zihao/Documents/limo/agilex_open_class/install/limo_learnning/share/limo_learnning/package.xml
[0.139s] Invoked command in '/home/zihao/Documents/limo/agilex_open_class/build/limo_learnning' returned '0': AMENT_PREFIX_PATH=/home/zihao/Documents/limo/agilex_open_class/install/limo_msgs:${AMENT_PREFIX_PATH} CMAKE_PREFIX_PATH=/home/zihao/Documents/limo/agilex_open_class/install/limo_msgs:/opt/ros/humble CONDA_PROMPT_MODIFIER=(base) LD_LIBRARY_PATH=/home/zihao/Documents/limo/agilex_open_class/install/limo_msgs/lib:/usr/lib/x86_64-linux-gnu/gazebo-11/plugins:/opt/ros/humble/opt/rviz_ogre_vendor/lib:/opt/ros/humble/lib/x86_64-linux-gnu:/opt/ros/humble/lib:/tmp/.mount_Cursoro3GCvs/usr/lib/:/tmp/.mount_Cursoro3GCvs/usr/lib32/:/tmp/.mount_Cursoro3GCvs/usr/lib64/:/tmp/.mount_Cursoro3GCvs/lib/:/tmp/.mount_Cursoro3GCvs/lib/i386-linux-gnu/:/tmp/.mount_Cursoro3GCvs/lib/x86_64-linux-gnu/:/tmp/.mount_Cursoro3GCvs/lib/aarch64-linux-gnu/:/tmp/.mount_Cursoro3GCvs/lib32/:/tmp/.mount_Cursoro3GCvs/lib64/ PYTHONPATH=/home/zihao/Documents/limo/agilex_open_class/install/limo_msgs/lib/python3.12/site-packages:${PYTHONPATH} /usr/bin/cmake --install /home/zihao/Documents/limo/agilex_open_class/build/limo_learnning
