-- Install configuration: ""
-- Up-to-date: /home/zihao/Documents/limo/agilex_open_class/install/piper_moveit_config_v4/share/ament_index/resource_index/package_run_dependencies/piper_moveit_config_v4
-- Up-to-date: /home/zihao/Documents/limo/agilex_open_class/install/piper_moveit_config_v4/share/ament_index/resource_index/parent_prefix_path/piper_moveit_config_v4
-- Up-to-date: /home/zihao/Documents/limo/agilex_open_class/install/piper_moveit_config_v4/share/piper_moveit_config_v4/environment/ament_prefix_path.sh
-- Up-to-date: /home/zihao/Documents/limo/agilex_open_class/install/piper_moveit_config_v4/share/piper_moveit_config_v4/environment/ament_prefix_path.dsv
-- Up-to-date: /home/zihao/Documents/limo/agilex_open_class/install/piper_moveit_config_v4/share/piper_moveit_config_v4/environment/path.sh
-- Up-to-date: /home/zihao/Documents/limo/agilex_open_class/install/piper_moveit_config_v4/share/piper_moveit_config_v4/environment/path.dsv
-- Up-to-date: /home/zihao/Documents/limo/agilex_open_class/install/piper_moveit_config_v4/share/piper_moveit_config_v4/local_setup.bash
-- Up-to-date: /home/zihao/Documents/limo/agilex_open_class/install/piper_moveit_config_v4/share/piper_moveit_config_v4/local_setup.sh
-- Up-to-date: /home/zihao/Documents/limo/agilex_open_class/install/piper_moveit_config_v4/share/piper_moveit_config_v4/local_setup.zsh
-- Up-to-date: /home/zihao/Documents/limo/agilex_open_class/install/piper_moveit_config_v4/share/piper_moveit_config_v4/local_setup.dsv
-- Installing: /home/zihao/Documents/limo/agilex_open_class/install/piper_moveit_config_v4/share/piper_moveit_config_v4/package.dsv
-- Up-to-date: /home/zihao/Documents/limo/agilex_open_class/install/piper_moveit_config_v4/share/ament_index/resource_index/packages/piper_moveit_config_v4
-- Up-to-date: /home/zihao/Documents/limo/agilex_open_class/install/piper_moveit_config_v4/share/piper_moveit_config_v4/cmake/piper_moveit_config_v4Config.cmake
-- Up-to-date: /home/zihao/Documents/limo/agilex_open_class/install/piper_moveit_config_v4/share/piper_moveit_config_v4/cmake/piper_moveit_config_v4Config-version.cmake
-- Up-to-date: /home/zihao/Documents/limo/agilex_open_class/install/piper_moveit_config_v4/share/piper_moveit_config_v4/package.xml
-- Up-to-date: /home/zihao/Documents/limo/agilex_open_class/install/piper_moveit_config_v4/share/piper_moveit_config_v4/launch
-- Up-to-date: /home/zihao/Documents/limo/agilex_open_class/install/piper_moveit_config_v4/share/piper_moveit_config_v4/launch/setup_assistant.launch.py
-- Up-to-date: /home/zihao/Documents/limo/agilex_open_class/install/piper_moveit_config_v4/share/piper_moveit_config_v4/launch/static_virtual_joint_tfs.launch.py
-- Up-to-date: /home/zihao/Documents/limo/agilex_open_class/install/piper_moveit_config_v4/share/piper_moveit_config_v4/launch/spawn_controllers.launch.py
-- Up-to-date: /home/zihao/Documents/limo/agilex_open_class/install/piper_moveit_config_v4/share/piper_moveit_config_v4/launch/warehouse_db.launch.py
-- Up-to-date: /home/zihao/Documents/limo/agilex_open_class/install/piper_moveit_config_v4/share/piper_moveit_config_v4/launch/demo.launch.py
-- Up-to-date: /home/zihao/Documents/limo/agilex_open_class/install/piper_moveit_config_v4/share/piper_moveit_config_v4/launch/moveit_rviz.launch.py
-- Up-to-date: /home/zihao/Documents/limo/agilex_open_class/install/piper_moveit_config_v4/share/piper_moveit_config_v4/launch/move_group.launch.py
-- Up-to-date: /home/zihao/Documents/limo/agilex_open_class/install/piper_moveit_config_v4/share/piper_moveit_config_v4/launch/rsp.launch.py
-- Up-to-date: /home/zihao/Documents/limo/agilex_open_class/install/piper_moveit_config_v4/share/piper_moveit_config_v4/config
-- Up-to-date: /home/zihao/Documents/limo/agilex_open_class/install/piper_moveit_config_v4/share/piper_moveit_config_v4/config/kinematics.yaml
-- Up-to-date: /home/zihao/Documents/limo/agilex_open_class/install/piper_moveit_config_v4/share/piper_moveit_config_v4/config/initial_positions.yaml
-- Up-to-date: /home/zihao/Documents/limo/agilex_open_class/install/piper_moveit_config_v4/share/piper_moveit_config_v4/config/piper.ros2_control.xacro
-- Up-to-date: /home/zihao/Documents/limo/agilex_open_class/install/piper_moveit_config_v4/share/piper_moveit_config_v4/config/moveit.rviz
-- Up-to-date: /home/zihao/Documents/limo/agilex_open_class/install/piper_moveit_config_v4/share/piper_moveit_config_v4/config/piper.urdf.xacro
-- Up-to-date: /home/zihao/Documents/limo/agilex_open_class/install/piper_moveit_config_v4/share/piper_moveit_config_v4/config/moveit_controllers.yaml
-- Up-to-date: /home/zihao/Documents/limo/agilex_open_class/install/piper_moveit_config_v4/share/piper_moveit_config_v4/config/piper.srdf
-- Up-to-date: /home/zihao/Documents/limo/agilex_open_class/install/piper_moveit_config_v4/share/piper_moveit_config_v4/config/pilz_cartesian_limits.yaml
-- Up-to-date: /home/zihao/Documents/limo/agilex_open_class/install/piper_moveit_config_v4/share/piper_moveit_config_v4/config/ros2_controllers.yaml
-- Up-to-date: /home/zihao/Documents/limo/agilex_open_class/install/piper_moveit_config_v4/share/piper_moveit_config_v4/config/joint_limits.yaml
-- Up-to-date: /home/zihao/Documents/limo/agilex_open_class/install/piper_moveit_config_v4/share/piper_moveit_config_v4/.setup_assistant
