[0.043s] DEBUG:colcon:Command line arguments: ['/usr/bin/colcon', 'build', '--packages-select', 'limo_description']
[0.044s] DEBUG:colcon:Parsed command line arguments: Namespace(log_base=None, log_level=None, verb_name='build', build_base='build', install_base='install', merge_install=False, symlink_install=False, test_result_base=None, continue_on_error=False, executor='parallel', parallel_workers=32, event_handlers=None, ignore_user_meta=False, metas=['./colcon.meta'], base_paths=['.'], packages_ignore=None, packages_ignore_regex=None, paths=None, packages_up_to=None, packages_up_to_regex=None, packages_above=None, packages_above_and_dependencies=None, packages_above_depth=None, packages_select_by_dep=None, packages_skip_by_dep=None, packages_skip_up_to=None, packages_select_build_failed=False, packages_skip_build_finished=False, packages_select_test_failures=False, packages_skip_test_passed=False, packages_select=['limo_description'], packages_skip=None, packages_select_regex=None, packages_skip_regex=None, packages_start=None, packages_end=None, allow_overriding=[], cmake_args=None, cmake_target=None, cmake_target_skip_unavailable=False, cmake_clean_cache=False, cmake_clean_first=False, cmake_force_configure=False, ament_cmake_args=None, catkin_cmake_args=None, catkin_skip_building_tests=False, mixin_files=None, mixin=None, verb_parser=<colcon_mixin.mixin.mixin_argument.MixinArgumentDecorator object at 0x726d41a72c50>, verb_extension=<colcon_core.verb.build.BuildVerb object at 0x726d41a72710>, main=<bound method BuildVerb.main of <colcon_core.verb.build.BuildVerb object at 0x726d41a72710>>, mixin_verb=('build',))
[0.119s] Level 1:colcon.colcon_core.package_discovery:discover_packages(colcon_meta) check parameters
[0.119s] Level 1:colcon.colcon_core.package_discovery:discover_packages(recursive) check parameters
[0.119s] Level 1:colcon.colcon_core.package_discovery:discover_packages(ignore) check parameters
[0.119s] Level 1:colcon.colcon_core.package_discovery:discover_packages(path) check parameters
[0.119s] Level 1:colcon.colcon_core.package_discovery:discover_packages(colcon_meta) discover
[0.120s] Level 1:colcon.colcon_core.package_discovery:discover_packages(recursive) discover
[0.120s] INFO:colcon.colcon_core.package_discovery:Crawling recursively for packages in '/home/zihao/Documents/limo/agilex_open_class'
[0.120s] Level 1:colcon.colcon_core.package_identification:_identify(.) by extensions ['ignore', 'ignore_ament_install']
[0.120s] Level 1:colcon.colcon_core.package_identification:_identify(.) by extension 'ignore'
[0.120s] Level 1:colcon.colcon_core.package_identification:_identify(.) by extension 'ignore_ament_install'
[0.120s] Level 1:colcon.colcon_core.package_identification:_identify(.) by extensions ['colcon_pkg']
[0.120s] Level 1:colcon.colcon_core.package_identification:_identify(.) by extension 'colcon_pkg'
[0.120s] Level 1:colcon.colcon_core.package_identification:_identify(.) by extensions ['colcon_meta']
[0.120s] Level 1:colcon.colcon_core.package_identification:_identify(.) by extension 'colcon_meta'
[0.120s] Level 1:colcon.colcon_core.package_identification:_identify(.) by extensions ['ros']
[0.120s] Level 1:colcon.colcon_core.package_identification:_identify(.) by extension 'ros'
[0.125s] Level 1:colcon.colcon_core.package_identification:_identify(.) by extensions ['cmake', 'python']
[0.125s] Level 1:colcon.colcon_core.package_identification:_identify(.) by extension 'cmake'
[0.125s] Level 1:colcon.colcon_core.package_identification:_identify(.) by extension 'python'
[0.125s] Level 1:colcon.colcon_core.package_identification:_identify(.) by extensions ['python_setup_py']
[0.125s] Level 1:colcon.colcon_core.package_identification:_identify(.) by extension 'python_setup_py'
[0.125s] Level 1:colcon.colcon_core.package_identification:_identify(build) by extensions ['ignore', 'ignore_ament_install']
[0.125s] Level 1:colcon.colcon_core.package_identification:_identify(build) by extension 'ignore'
[0.125s] Level 1:colcon.colcon_core.package_identification:_identify(build) ignored
[0.125s] Level 1:colcon.colcon_core.package_identification:_identify(img) by extensions ['ignore', 'ignore_ament_install']
[0.125s] Level 1:colcon.colcon_core.package_identification:_identify(img) by extension 'ignore'
[0.125s] Level 1:colcon.colcon_core.package_identification:_identify(img) by extension 'ignore_ament_install'
[0.125s] Level 1:colcon.colcon_core.package_identification:_identify(img) by extensions ['colcon_pkg']
[0.125s] Level 1:colcon.colcon_core.package_identification:_identify(img) by extension 'colcon_pkg'
[0.125s] Level 1:colcon.colcon_core.package_identification:_identify(img) by extensions ['colcon_meta']
[0.125s] Level 1:colcon.colcon_core.package_identification:_identify(img) by extension 'colcon_meta'
[0.125s] Level 1:colcon.colcon_core.package_identification:_identify(img) by extensions ['ros']
[0.125s] Level 1:colcon.colcon_core.package_identification:_identify(img) by extension 'ros'
[0.125s] Level 1:colcon.colcon_core.package_identification:_identify(img) by extensions ['cmake', 'python']
[0.125s] Level 1:colcon.colcon_core.package_identification:_identify(img) by extension 'cmake'
[0.125s] Level 1:colcon.colcon_core.package_identification:_identify(img) by extension 'python'
[0.125s] Level 1:colcon.colcon_core.package_identification:_identify(img) by extensions ['python_setup_py']
[0.125s] Level 1:colcon.colcon_core.package_identification:_identify(img) by extension 'python_setup_py'
[0.125s] Level 1:colcon.colcon_core.package_identification:_identify(install) by extensions ['ignore', 'ignore_ament_install']
[0.125s] Level 1:colcon.colcon_core.package_identification:_identify(install) by extension 'ignore'
[0.125s] Level 1:colcon.colcon_core.package_identification:_identify(install) ignored
[0.125s] Level 1:colcon.colcon_core.package_identification:_identify(limo) by extensions ['ignore', 'ignore_ament_install']
[0.125s] Level 1:colcon.colcon_core.package_identification:_identify(limo) by extension 'ignore'
[0.125s] Level 1:colcon.colcon_core.package_identification:_identify(limo) by extension 'ignore_ament_install'
[0.125s] Level 1:colcon.colcon_core.package_identification:_identify(limo) by extensions ['colcon_pkg']
[0.125s] Level 1:colcon.colcon_core.package_identification:_identify(limo) by extension 'colcon_pkg'
[0.125s] Level 1:colcon.colcon_core.package_identification:_identify(limo) by extensions ['colcon_meta']
[0.125s] Level 1:colcon.colcon_core.package_identification:_identify(limo) by extension 'colcon_meta'
[0.125s] Level 1:colcon.colcon_core.package_identification:_identify(limo) by extensions ['ros']
[0.125s] Level 1:colcon.colcon_core.package_identification:_identify(limo) by extension 'ros'
[0.125s] Level 1:colcon.colcon_core.package_identification:_identify(limo) by extensions ['cmake', 'python']
[0.125s] Level 1:colcon.colcon_core.package_identification:_identify(limo) by extension 'cmake'
[0.125s] Level 1:colcon.colcon_core.package_identification:_identify(limo) by extension 'python'
[0.125s] Level 1:colcon.colcon_core.package_identification:_identify(limo) by extensions ['python_setup_py']
[0.125s] Level 1:colcon.colcon_core.package_identification:_identify(limo) by extension 'python_setup_py'
[0.125s] Level 1:colcon.colcon_core.package_identification:_identify(limo/image) by extensions ['ignore', 'ignore_ament_install']
[0.125s] Level 1:colcon.colcon_core.package_identification:_identify(limo/image) by extension 'ignore'
[0.125s] Level 1:colcon.colcon_core.package_identification:_identify(limo/image) by extension 'ignore_ament_install'
[0.125s] Level 1:colcon.colcon_core.package_identification:_identify(limo/image) by extensions ['colcon_pkg']
[0.125s] Level 1:colcon.colcon_core.package_identification:_identify(limo/image) by extension 'colcon_pkg'
[0.125s] Level 1:colcon.colcon_core.package_identification:_identify(limo/image) by extensions ['colcon_meta']
[0.125s] Level 1:colcon.colcon_core.package_identification:_identify(limo/image) by extension 'colcon_meta'
[0.125s] Level 1:colcon.colcon_core.package_identification:_identify(limo/image) by extensions ['ros']
[0.125s] Level 1:colcon.colcon_core.package_identification:_identify(limo/image) by extension 'ros'
[0.125s] Level 1:colcon.colcon_core.package_identification:_identify(limo/image) by extensions ['cmake', 'python']
[0.125s] Level 1:colcon.colcon_core.package_identification:_identify(limo/image) by extension 'cmake'
[0.125s] Level 1:colcon.colcon_core.package_identification:_identify(limo/image) by extension 'python'
[0.125s] Level 1:colcon.colcon_core.package_identification:_identify(limo/image) by extensions ['python_setup_py']
[0.125s] Level 1:colcon.colcon_core.package_identification:_identify(limo/image) by extension 'python_setup_py'
[0.125s] Level 1:colcon.colcon_core.package_identification:_identify(limo/limo_bringup) by extensions ['ignore', 'ignore_ament_install']
[0.126s] Level 1:colcon.colcon_core.package_identification:_identify(limo/limo_bringup) by extension 'ignore'
[0.126s] Level 1:colcon.colcon_core.package_identification:_identify(limo/limo_bringup) by extension 'ignore_ament_install'
[0.126s] Level 1:colcon.colcon_core.package_identification:_identify(limo/limo_bringup) by extensions ['colcon_pkg']
[0.126s] Level 1:colcon.colcon_core.package_identification:_identify(limo/limo_bringup) by extension 'colcon_pkg'
[0.126s] Level 1:colcon.colcon_core.package_identification:_identify(limo/limo_bringup) by extensions ['colcon_meta']
[0.126s] Level 1:colcon.colcon_core.package_identification:_identify(limo/limo_bringup) by extension 'colcon_meta'
[0.126s] Level 1:colcon.colcon_core.package_identification:_identify(limo/limo_bringup) by extensions ['ros']
[0.126s] Level 1:colcon.colcon_core.package_identification:_identify(limo/limo_bringup) by extension 'ros'
[0.132s] DEBUG:colcon.colcon_core.package_identification:Package 'limo/limo_bringup' with type 'ros.ament_cmake' and name 'limo_bringup'
[0.132s] Level 1:colcon.colcon_core.package_identification:_identify(limo/limo_description) by extensions ['ignore', 'ignore_ament_install']
[0.132s] Level 1:colcon.colcon_core.package_identification:_identify(limo/limo_description) by extension 'ignore'
[0.132s] Level 1:colcon.colcon_core.package_identification:_identify(limo/limo_description) by extension 'ignore_ament_install'
[0.132s] Level 1:colcon.colcon_core.package_identification:_identify(limo/limo_description) by extensions ['colcon_pkg']
[0.132s] Level 1:colcon.colcon_core.package_identification:_identify(limo/limo_description) by extension 'colcon_pkg'
[0.132s] Level 1:colcon.colcon_core.package_identification:_identify(limo/limo_description) by extensions ['colcon_meta']
[0.132s] Level 1:colcon.colcon_core.package_identification:_identify(limo/limo_description) by extension 'colcon_meta'
[0.132s] Level 1:colcon.colcon_core.package_identification:_identify(limo/limo_description) by extensions ['ros']
[0.132s] Level 1:colcon.colcon_core.package_identification:_identify(limo/limo_description) by extension 'ros'
[0.132s] DEBUG:colcon.colcon_core.package_identification:Package 'limo/limo_description' with type 'ros.ament_cmake' and name 'limo_description'
[0.132s] Level 1:colcon.colcon_core.package_identification:_identify(limo/limo_gazebo_sim) by extensions ['ignore', 'ignore_ament_install']
[0.132s] Level 1:colcon.colcon_core.package_identification:_identify(limo/limo_gazebo_sim) by extension 'ignore'
[0.132s] Level 1:colcon.colcon_core.package_identification:_identify(limo/limo_gazebo_sim) by extension 'ignore_ament_install'
[0.132s] Level 1:colcon.colcon_core.package_identification:_identify(limo/limo_gazebo_sim) by extensions ['colcon_pkg']
[0.132s] Level 1:colcon.colcon_core.package_identification:_identify(limo/limo_gazebo_sim) by extension 'colcon_pkg'
[0.132s] Level 1:colcon.colcon_core.package_identification:_identify(limo/limo_gazebo_sim) by extensions ['colcon_meta']
[0.132s] Level 1:colcon.colcon_core.package_identification:_identify(limo/limo_gazebo_sim) by extension 'colcon_meta'
[0.132s] Level 1:colcon.colcon_core.package_identification:_identify(limo/limo_gazebo_sim) by extensions ['ros']
[0.132s] Level 1:colcon.colcon_core.package_identification:_identify(limo/limo_gazebo_sim) by extension 'ros'
[0.133s] DEBUG:colcon.colcon_core.package_identification:Package 'limo/limo_gazebo_sim' with type 'ros.ament_cmake' and name 'limo_gazebo_sim'
[0.133s] Level 1:colcon.colcon_core.package_identification:_identify(limo/limo_learnning) by extensions ['ignore', 'ignore_ament_install']
[0.133s] Level 1:colcon.colcon_core.package_identification:_identify(limo/limo_learnning) by extension 'ignore'
[0.133s] Level 1:colcon.colcon_core.package_identification:_identify(limo/limo_learnning) by extension 'ignore_ament_install'
[0.133s] Level 1:colcon.colcon_core.package_identification:_identify(limo/limo_learnning) by extensions ['colcon_pkg']
[0.133s] Level 1:colcon.colcon_core.package_identification:_identify(limo/limo_learnning) by extension 'colcon_pkg'
[0.133s] Level 1:colcon.colcon_core.package_identification:_identify(limo/limo_learnning) by extensions ['colcon_meta']
[0.133s] Level 1:colcon.colcon_core.package_identification:_identify(limo/limo_learnning) by extension 'colcon_meta'
[0.133s] Level 1:colcon.colcon_core.package_identification:_identify(limo/limo_learnning) by extensions ['ros']
[0.133s] Level 1:colcon.colcon_core.package_identification:_identify(limo/limo_learnning) by extension 'ros'
[0.133s] DEBUG:colcon.colcon_core.package_identification:Package 'limo/limo_learnning' with type 'ros.ament_cmake' and name 'limo_learnning'
[0.133s] Level 1:colcon.colcon_core.package_identification:_identify(limo/limo_learnning_py) by extensions ['ignore', 'ignore_ament_install']
[0.133s] Level 1:colcon.colcon_core.package_identification:_identify(limo/limo_learnning_py) by extension 'ignore'
[0.133s] Level 1:colcon.colcon_core.package_identification:_identify(limo/limo_learnning_py) by extension 'ignore_ament_install'
[0.133s] Level 1:colcon.colcon_core.package_identification:_identify(limo/limo_learnning_py) by extensions ['colcon_pkg']
[0.133s] Level 1:colcon.colcon_core.package_identification:_identify(limo/limo_learnning_py) by extension 'colcon_pkg'
[0.133s] Level 1:colcon.colcon_core.package_identification:_identify(limo/limo_learnning_py) by extensions ['colcon_meta']
[0.133s] Level 1:colcon.colcon_core.package_identification:_identify(limo/limo_learnning_py) by extension 'colcon_meta'
[0.133s] Level 1:colcon.colcon_core.package_identification:_identify(limo/limo_learnning_py) by extensions ['ros']
[0.133s] Level 1:colcon.colcon_core.package_identification:_identify(limo/limo_learnning_py) by extension 'ros'
[0.133s] DEBUG:colcon.colcon_core.package_identification:Package 'limo/limo_learnning_py' with type 'ros.ament_python' and name 'limo_learnning_py'
[0.133s] Level 1:colcon.colcon_core.package_identification:_identify(limo/limo_msgs) by extensions ['ignore', 'ignore_ament_install']
[0.133s] Level 1:colcon.colcon_core.package_identification:_identify(limo/limo_msgs) by extension 'ignore'
[0.134s] Level 1:colcon.colcon_core.package_identification:_identify(limo/limo_msgs) by extension 'ignore_ament_install'
[0.134s] Level 1:colcon.colcon_core.package_identification:_identify(limo/limo_msgs) by extensions ['colcon_pkg']
[0.134s] Level 1:colcon.colcon_core.package_identification:_identify(limo/limo_msgs) by extension 'colcon_pkg'
[0.134s] Level 1:colcon.colcon_core.package_identification:_identify(limo/limo_msgs) by extensions ['colcon_meta']
[0.134s] Level 1:colcon.colcon_core.package_identification:_identify(limo/limo_msgs) by extension 'colcon_meta'
[0.134s] Level 1:colcon.colcon_core.package_identification:_identify(limo/limo_msgs) by extensions ['ros']
[0.134s] Level 1:colcon.colcon_core.package_identification:_identify(limo/limo_msgs) by extension 'ros'
[0.134s] DEBUG:colcon.colcon_core.package_identification:Package 'limo/limo_msgs' with type 'ros.ament_cmake' and name 'limo_msgs'
[0.134s] Level 1:colcon.colcon_core.package_identification:_identify(log) by extensions ['ignore', 'ignore_ament_install']
[0.134s] Level 1:colcon.colcon_core.package_identification:_identify(log) by extension 'ignore'
[0.134s] Level 1:colcon.colcon_core.package_identification:_identify(log) ignored
[0.134s] Level 1:colcon.colcon_core.package_identification:_identify(piper) by extensions ['ignore', 'ignore_ament_install']
[0.134s] Level 1:colcon.colcon_core.package_identification:_identify(piper) by extension 'ignore'
[0.134s] Level 1:colcon.colcon_core.package_identification:_identify(piper) by extension 'ignore_ament_install'
[0.134s] Level 1:colcon.colcon_core.package_identification:_identify(piper) by extensions ['colcon_pkg']
[0.134s] Level 1:colcon.colcon_core.package_identification:_identify(piper) by extension 'colcon_pkg'
[0.134s] Level 1:colcon.colcon_core.package_identification:_identify(piper) by extensions ['colcon_meta']
[0.134s] Level 1:colcon.colcon_core.package_identification:_identify(piper) by extension 'colcon_meta'
[0.134s] Level 1:colcon.colcon_core.package_identification:_identify(piper) by extensions ['ros']
[0.134s] Level 1:colcon.colcon_core.package_identification:_identify(piper) by extension 'ros'
[0.134s] Level 1:colcon.colcon_core.package_identification:_identify(piper) by extensions ['cmake', 'python']
[0.134s] Level 1:colcon.colcon_core.package_identification:_identify(piper) by extension 'cmake'
[0.134s] Level 1:colcon.colcon_core.package_identification:_identify(piper) by extension 'python'
[0.134s] Level 1:colcon.colcon_core.package_identification:_identify(piper) by extensions ['python_setup_py']
[0.134s] Level 1:colcon.colcon_core.package_identification:_identify(piper) by extension 'python_setup_py'
[0.134s] Level 1:colcon.colcon_core.package_identification:_identify(piper/image) by extensions ['ignore', 'ignore_ament_install']
[0.134s] Level 1:colcon.colcon_core.package_identification:_identify(piper/image) by extension 'ignore'
[0.134s] Level 1:colcon.colcon_core.package_identification:_identify(piper/image) by extension 'ignore_ament_install'
[0.134s] Level 1:colcon.colcon_core.package_identification:_identify(piper/image) by extensions ['colcon_pkg']
[0.134s] Level 1:colcon.colcon_core.package_identification:_identify(piper/image) by extension 'colcon_pkg'
[0.134s] Level 1:colcon.colcon_core.package_identification:_identify(piper/image) by extensions ['colcon_meta']
[0.134s] Level 1:colcon.colcon_core.package_identification:_identify(piper/image) by extension 'colcon_meta'
[0.134s] Level 1:colcon.colcon_core.package_identification:_identify(piper/image) by extensions ['ros']
[0.134s] Level 1:colcon.colcon_core.package_identification:_identify(piper/image) by extension 'ros'
[0.134s] Level 1:colcon.colcon_core.package_identification:_identify(piper/image) by extensions ['cmake', 'python']
[0.134s] Level 1:colcon.colcon_core.package_identification:_identify(piper/image) by extension 'cmake'
[0.134s] Level 1:colcon.colcon_core.package_identification:_identify(piper/image) by extension 'python'
[0.134s] Level 1:colcon.colcon_core.package_identification:_identify(piper/image) by extensions ['python_setup_py']
[0.134s] Level 1:colcon.colcon_core.package_identification:_identify(piper/image) by extension 'python_setup_py'
[0.134s] Level 1:colcon.colcon_core.package_identification:_identify(piper/learnning_piper) by extensions ['ignore', 'ignore_ament_install']
[0.134s] Level 1:colcon.colcon_core.package_identification:_identify(piper/learnning_piper) by extension 'ignore'
[0.134s] Level 1:colcon.colcon_core.package_identification:_identify(piper/learnning_piper) by extension 'ignore_ament_install'
[0.134s] Level 1:colcon.colcon_core.package_identification:_identify(piper/learnning_piper) by extensions ['colcon_pkg']
[0.134s] Level 1:colcon.colcon_core.package_identification:_identify(piper/learnning_piper) by extension 'colcon_pkg'
[0.134s] Level 1:colcon.colcon_core.package_identification:_identify(piper/learnning_piper) by extensions ['colcon_meta']
[0.134s] Level 1:colcon.colcon_core.package_identification:_identify(piper/learnning_piper) by extension 'colcon_meta'
[0.134s] Level 1:colcon.colcon_core.package_identification:_identify(piper/learnning_piper) by extensions ['ros']
[0.134s] Level 1:colcon.colcon_core.package_identification:_identify(piper/learnning_piper) by extension 'ros'
[0.135s] DEBUG:colcon.colcon_core.package_identification:Package 'piper/learnning_piper' with type 'ros.ament_cmake' and name 'learnning_piper'
[0.135s] Level 1:colcon.colcon_core.package_identification:_identify(piper/piper_description) by extensions ['ignore', 'ignore_ament_install']
[0.135s] Level 1:colcon.colcon_core.package_identification:_identify(piper/piper_description) by extension 'ignore'
[0.135s] Level 1:colcon.colcon_core.package_identification:_identify(piper/piper_description) by extension 'ignore_ament_install'
[0.135s] Level 1:colcon.colcon_core.package_identification:_identify(piper/piper_description) by extensions ['colcon_pkg']
[0.135s] Level 1:colcon.colcon_core.package_identification:_identify(piper/piper_description) by extension 'colcon_pkg'
[0.135s] Level 1:colcon.colcon_core.package_identification:_identify(piper/piper_description) by extensions ['colcon_meta']
[0.135s] Level 1:colcon.colcon_core.package_identification:_identify(piper/piper_description) by extension 'colcon_meta'
[0.135s] Level 1:colcon.colcon_core.package_identification:_identify(piper/piper_description) by extensions ['ros']
[0.135s] Level 1:colcon.colcon_core.package_identification:_identify(piper/piper_description) by extension 'ros'
[0.135s] DEBUG:colcon.colcon_core.package_identification:Package 'piper/piper_description' with type 'ros.ament_cmake' and name 'piper_description'
[0.135s] Level 1:colcon.colcon_core.package_identification:_identify(piper/piper_moveit_config_v4) by extensions ['ignore', 'ignore_ament_install']
[0.135s] Level 1:colcon.colcon_core.package_identification:_identify(piper/piper_moveit_config_v4) by extension 'ignore'
[0.135s] Level 1:colcon.colcon_core.package_identification:_identify(piper/piper_moveit_config_v4) by extension 'ignore_ament_install'
[0.135s] Level 1:colcon.colcon_core.package_identification:_identify(piper/piper_moveit_config_v4) by extensions ['colcon_pkg']
[0.135s] Level 1:colcon.colcon_core.package_identification:_identify(piper/piper_moveit_config_v4) by extension 'colcon_pkg'
[0.135s] Level 1:colcon.colcon_core.package_identification:_identify(piper/piper_moveit_config_v4) by extensions ['colcon_meta']
[0.135s] Level 1:colcon.colcon_core.package_identification:_identify(piper/piper_moveit_config_v4) by extension 'colcon_meta'
[0.135s] Level 1:colcon.colcon_core.package_identification:_identify(piper/piper_moveit_config_v4) by extensions ['ros']
[0.135s] Level 1:colcon.colcon_core.package_identification:_identify(piper/piper_moveit_config_v4) by extension 'ros'
[0.136s] DEBUG:colcon.colcon_core.package_identification:Package 'piper/piper_moveit_config_v4' with type 'ros.ament_cmake' and name 'piper_moveit_config_v4'
[0.136s] Level 1:colcon.colcon_core.package_identification:_identify(piper/piper_moveit_config_v5) by extensions ['ignore', 'ignore_ament_install']
[0.136s] Level 1:colcon.colcon_core.package_identification:_identify(piper/piper_moveit_config_v5) by extension 'ignore'
[0.136s] Level 1:colcon.colcon_core.package_identification:_identify(piper/piper_moveit_config_v5) by extension 'ignore_ament_install'
[0.136s] Level 1:colcon.colcon_core.package_identification:_identify(piper/piper_moveit_config_v5) by extensions ['colcon_pkg']
[0.136s] Level 1:colcon.colcon_core.package_identification:_identify(piper/piper_moveit_config_v5) by extension 'colcon_pkg'
[0.136s] Level 1:colcon.colcon_core.package_identification:_identify(piper/piper_moveit_config_v5) by extensions ['colcon_meta']
[0.136s] Level 1:colcon.colcon_core.package_identification:_identify(piper/piper_moveit_config_v5) by extension 'colcon_meta'
[0.136s] Level 1:colcon.colcon_core.package_identification:_identify(piper/piper_moveit_config_v5) by extensions ['ros']
[0.136s] Level 1:colcon.colcon_core.package_identification:_identify(piper/piper_moveit_config_v5) by extension 'ros'
[0.136s] DEBUG:colcon.colcon_core.package_identification:Package 'piper/piper_moveit_config_v5' with type 'ros.ament_cmake' and name 'piper_moveit_config_v5'
[0.136s] Level 1:colcon.colcon_core.package_discovery:discover_packages(recursive) using defaults
[0.136s] Level 1:colcon.colcon_core.package_discovery:discover_packages(ignore) discover
[0.136s] Level 1:colcon.colcon_core.package_discovery:discover_packages(ignore) using defaults
[0.136s] Level 1:colcon.colcon_core.package_discovery:discover_packages(path) discover
[0.136s] Level 1:colcon.colcon_core.package_discovery:discover_packages(path) using defaults
[0.145s] INFO:colcon.colcon_core.package_selection:Skipping not selected package 'learnning_piper' in 'piper/learnning_piper'
[0.145s] INFO:colcon.colcon_core.package_selection:Skipping not selected package 'limo_gazebo_sim' in 'limo/limo_gazebo_sim'
[0.145s] INFO:colcon.colcon_core.package_selection:Skipping not selected package 'limo_msgs' in 'limo/limo_msgs'
[0.145s] INFO:colcon.colcon_core.package_selection:Skipping not selected package 'piper_description' in 'piper/piper_description'
[0.145s] INFO:colcon.colcon_core.package_selection:Skipping not selected package 'limo_bringup' in 'limo/limo_bringup'
[0.145s] INFO:colcon.colcon_core.package_selection:Skipping not selected package 'limo_learnning' in 'limo/limo_learnning'
[0.145s] INFO:colcon.colcon_core.package_selection:Skipping not selected package 'limo_learnning_py' in 'limo/limo_learnning_py'
[0.145s] INFO:colcon.colcon_core.package_selection:Skipping not selected package 'piper_moveit_config_v4' in 'piper/piper_moveit_config_v4'
[0.145s] INFO:colcon.colcon_core.package_selection:Skipping not selected package 'piper_moveit_config_v5' in 'piper/piper_moveit_config_v5'
[0.145s] Level 1:colcon.colcon_core.package_discovery:discover_packages(prefix_path) check parameters
[0.145s] Level 1:colcon.colcon_core.package_discovery:discover_packages(prefix_path) discover
[0.146s] DEBUG:colcon.colcon_installed_package_information.package_discovery:Found 10 installed packages in /home/zihao/Documents/limo/agilex_open_class/install
[0.147s] DEBUG:colcon.colcon_installed_package_information.package_discovery:Found 423 installed packages in /opt/ros/humble
[0.148s] Level 1:colcon.colcon_core.package_discovery:discover_packages(prefix_path) using defaults
[0.166s] Level 5:colcon.colcon_core.verb:set package 'limo_description' build argument 'cmake_args' from command line to 'None'
[0.166s] Level 5:colcon.colcon_core.verb:set package 'limo_description' build argument 'cmake_target' from command line to 'None'
[0.166s] Level 5:colcon.colcon_core.verb:set package 'limo_description' build argument 'cmake_target_skip_unavailable' from command line to 'False'
[0.166s] Level 5:colcon.colcon_core.verb:set package 'limo_description' build argument 'cmake_clean_cache' from command line to 'False'
[0.166s] Level 5:colcon.colcon_core.verb:set package 'limo_description' build argument 'cmake_clean_first' from command line to 'False'
[0.166s] Level 5:colcon.colcon_core.verb:set package 'limo_description' build argument 'cmake_force_configure' from command line to 'False'
[0.166s] Level 5:colcon.colcon_core.verb:set package 'limo_description' build argument 'ament_cmake_args' from command line to 'None'
[0.166s] Level 5:colcon.colcon_core.verb:set package 'limo_description' build argument 'catkin_cmake_args' from command line to 'None'
[0.166s] Level 5:colcon.colcon_core.verb:set package 'limo_description' build argument 'catkin_skip_building_tests' from command line to 'False'
[0.166s] DEBUG:colcon.colcon_core.verb:Building package 'limo_description' with the following arguments: {'ament_cmake_args': None, 'build_base': '/home/zihao/Documents/limo/agilex_open_class/build/limo_description', 'catkin_cmake_args': None, 'catkin_skip_building_tests': False, 'cmake_args': None, 'cmake_clean_cache': False, 'cmake_clean_first': False, 'cmake_force_configure': False, 'cmake_target': None, 'cmake_target_skip_unavailable': False, 'install_base': '/home/zihao/Documents/limo/agilex_open_class/install/limo_description', 'merge_install': False, 'path': '/home/zihao/Documents/limo/agilex_open_class/limo/limo_description', 'symlink_install': False, 'test_result_base': None}
[0.166s] INFO:colcon.colcon_core.executor:Executing jobs using 'parallel' executor
[0.167s] DEBUG:colcon.colcon_parallel_executor.executor.parallel:run_until_complete
[0.167s] INFO:colcon.colcon_ros.task.ament_cmake.build:Building ROS package in '/home/zihao/Documents/limo/agilex_open_class/limo/limo_description' with build type 'ament_cmake'
[0.167s] INFO:colcon.colcon_cmake.task.cmake.build:Building CMake package in '/home/zihao/Documents/limo/agilex_open_class/limo/limo_description'
[0.168s] INFO:colcon.colcon_core.plugin_system:Skipping extension 'colcon_core.shell.bat': Not used on non-Windows systems
[0.168s] INFO:colcon.colcon_core.shell:Skip shell extension 'powershell' for command environment: Not usable outside of PowerShell
[0.168s] DEBUG:colcon.colcon_core.shell:Skip shell extension 'dsv' for command environment
[0.174s] DEBUG:colcon.colcon_core.event_handler.log_command:Invoking command in '/home/zihao/Documents/limo/agilex_open_class/build/limo_description': CMAKE_PREFIX_PATH=${CMAKE_PREFIX_PATH}:/home/zihao/Documents/limo/agilex_open_class/install/limo_learnning_py:/opt/ros/humble /usr/bin/cmake --build /home/zihao/Documents/limo/agilex_open_class/build/limo_description -- -j32 -l32
[0.191s] DEBUG:colcon.colcon_core.event_handler.log_command:Invoked command in '/home/zihao/Documents/limo/agilex_open_class/build/limo_description' returned '0': CMAKE_PREFIX_PATH=${CMAKE_PREFIX_PATH}:/home/zihao/Documents/limo/agilex_open_class/install/limo_learnning_py:/opt/ros/humble /usr/bin/cmake --build /home/zihao/Documents/limo/agilex_open_class/build/limo_description -- -j32 -l32
[0.195s] DEBUG:colcon.colcon_core.event_handler.log_command:Invoking command in '/home/zihao/Documents/limo/agilex_open_class/build/limo_description': CMAKE_PREFIX_PATH=${CMAKE_PREFIX_PATH}:/home/zihao/Documents/limo/agilex_open_class/install/limo_learnning_py:/opt/ros/humble /usr/bin/cmake --install /home/zihao/Documents/limo/agilex_open_class/build/limo_description
[0.199s] Level 1:colcon.colcon_core.environment:create_environment_scripts_only(limo_description)
[0.199s] DEBUG:colcon.colcon_core.event_handler.log_command:Invoked command in '/home/zihao/Documents/limo/agilex_open_class/build/limo_description' returned '0': CMAKE_PREFIX_PATH=${CMAKE_PREFIX_PATH}:/home/zihao/Documents/limo/agilex_open_class/install/limo_learnning_py:/opt/ros/humble /usr/bin/cmake --install /home/zihao/Documents/limo/agilex_open_class/build/limo_description
[0.200s] Level 1:colcon.colcon_core.environment:checking '/home/zihao/Documents/limo/agilex_open_class/install/limo_description' for CMake module files
[0.200s] Level 1:colcon.colcon_core.environment:checking '/home/zihao/Documents/limo/agilex_open_class/install/limo_description' for CMake config files
[0.200s] Level 1:colcon.colcon_core.shell:create_environment_hook('limo_description', 'cmake_prefix_path')
[0.200s] INFO:colcon.colcon_core.shell:Creating environment hook '/home/zihao/Documents/limo/agilex_open_class/install/limo_description/share/limo_description/hook/cmake_prefix_path.ps1'
[0.200s] INFO:colcon.colcon_core.shell:Creating environment descriptor '/home/zihao/Documents/limo/agilex_open_class/install/limo_description/share/limo_description/hook/cmake_prefix_path.dsv'
[0.200s] INFO:colcon.colcon_core.shell:Creating environment hook '/home/zihao/Documents/limo/agilex_open_class/install/limo_description/share/limo_description/hook/cmake_prefix_path.sh'
[0.201s] Level 1:colcon.colcon_core.environment:checking '/home/zihao/Documents/limo/agilex_open_class/install/limo_description/bin'
[0.201s] Level 1:colcon.colcon_core.environment:checking '/home/zihao/Documents/limo/agilex_open_class/install/limo_description/lib/pkgconfig/limo_description.pc'
[0.201s] Level 1:colcon.colcon_core.environment:checking '/home/zihao/Documents/limo/agilex_open_class/install/limo_description/lib/python3.10/site-packages'
[0.201s] Level 1:colcon.colcon_core.environment:checking '/home/zihao/Documents/limo/agilex_open_class/install/limo_description/bin'
[0.201s] INFO:colcon.colcon_core.shell:Creating package script '/home/zihao/Documents/limo/agilex_open_class/install/limo_description/share/limo_description/package.ps1'
[0.201s] INFO:colcon.colcon_core.shell:Creating package descriptor '/home/zihao/Documents/limo/agilex_open_class/install/limo_description/share/limo_description/package.dsv'
[0.202s] INFO:colcon.colcon_core.shell:Creating package script '/home/zihao/Documents/limo/agilex_open_class/install/limo_description/share/limo_description/package.sh'
[0.202s] INFO:colcon.colcon_core.shell:Creating package script '/home/zihao/Documents/limo/agilex_open_class/install/limo_description/share/limo_description/package.bash'
[0.202s] INFO:colcon.colcon_core.shell:Creating package script '/home/zihao/Documents/limo/agilex_open_class/install/limo_description/share/limo_description/package.zsh'
[0.202s] Level 1:colcon.colcon_core.environment:create_file_with_runtime_dependencies(/home/zihao/Documents/limo/agilex_open_class/install/limo_description/share/colcon-core/packages/limo_description)
[0.202s] Level 1:colcon.colcon_core.environment:create_environment_scripts_only(limo_description)
[0.203s] Level 1:colcon.colcon_core.environment:checking '/home/zihao/Documents/limo/agilex_open_class/install/limo_description' for CMake module files
[0.203s] Level 1:colcon.colcon_core.environment:checking '/home/zihao/Documents/limo/agilex_open_class/install/limo_description' for CMake config files
[0.203s] Level 1:colcon.colcon_core.shell:create_environment_hook('limo_description', 'cmake_prefix_path')
[0.203s] INFO:colcon.colcon_core.shell:Creating environment hook '/home/zihao/Documents/limo/agilex_open_class/install/limo_description/share/limo_description/hook/cmake_prefix_path.ps1'
[0.203s] INFO:colcon.colcon_core.shell:Creating environment descriptor '/home/zihao/Documents/limo/agilex_open_class/install/limo_description/share/limo_description/hook/cmake_prefix_path.dsv'
[0.203s] INFO:colcon.colcon_core.shell:Creating environment hook '/home/zihao/Documents/limo/agilex_open_class/install/limo_description/share/limo_description/hook/cmake_prefix_path.sh'
[0.203s] Level 1:colcon.colcon_core.environment:checking '/home/zihao/Documents/limo/agilex_open_class/install/limo_description/bin'
[0.203s] Level 1:colcon.colcon_core.environment:checking '/home/zihao/Documents/limo/agilex_open_class/install/limo_description/lib/pkgconfig/limo_description.pc'
[0.203s] Level 1:colcon.colcon_core.environment:checking '/home/zihao/Documents/limo/agilex_open_class/install/limo_description/lib/python3.10/site-packages'
[0.204s] Level 1:colcon.colcon_core.environment:checking '/home/zihao/Documents/limo/agilex_open_class/install/limo_description/bin'
[0.204s] INFO:colcon.colcon_core.shell:Creating package script '/home/zihao/Documents/limo/agilex_open_class/install/limo_description/share/limo_description/package.ps1'
[0.204s] INFO:colcon.colcon_core.shell:Creating package descriptor '/home/zihao/Documents/limo/agilex_open_class/install/limo_description/share/limo_description/package.dsv'
[0.204s] INFO:colcon.colcon_core.shell:Creating package script '/home/zihao/Documents/limo/agilex_open_class/install/limo_description/share/limo_description/package.sh'
[0.204s] INFO:colcon.colcon_core.shell:Creating package script '/home/zihao/Documents/limo/agilex_open_class/install/limo_description/share/limo_description/package.bash'
[0.204s] INFO:colcon.colcon_core.shell:Creating package script '/home/zihao/Documents/limo/agilex_open_class/install/limo_description/share/limo_description/package.zsh'
[0.205s] Level 1:colcon.colcon_core.environment:create_file_with_runtime_dependencies(/home/zihao/Documents/limo/agilex_open_class/install/limo_description/share/colcon-core/packages/limo_description)
[0.205s] DEBUG:colcon.colcon_parallel_executor.executor.parallel:closing loop
[0.205s] DEBUG:colcon.colcon_parallel_executor.executor.parallel:loop closed
[0.205s] DEBUG:colcon.colcon_parallel_executor.executor.parallel:run_until_complete finished with '0'
[0.205s] DEBUG:colcon.colcon_core.event_reactor:joining thread
[0.208s] INFO:colcon.colcon_core.plugin_system:Skipping extension 'colcon_notification.desktop_notification.terminal_notifier': Not used on non-Darwin systems
[0.208s] INFO:colcon.colcon_core.plugin_system:Skipping extension 'colcon_notification.desktop_notification.win32': Not used on non-Windows systems
[0.208s] INFO:colcon.colcon_notification.desktop_notification:Sending desktop notification using 'notify2'
[0.214s] DEBUG:colcon.colcon_core.event_reactor:joined thread
[0.215s] INFO:colcon.colcon_core.shell:Creating prefix script '/home/zihao/Documents/limo/agilex_open_class/install/local_setup.ps1'
[0.216s] INFO:colcon.colcon_core.shell:Creating prefix util module '/home/zihao/Documents/limo/agilex_open_class/install/_local_setup_util_ps1.py'
[0.216s] INFO:colcon.colcon_core.shell:Creating prefix chain script '/home/zihao/Documents/limo/agilex_open_class/install/setup.ps1'
[0.217s] INFO:colcon.colcon_core.shell:Creating prefix script '/home/zihao/Documents/limo/agilex_open_class/install/local_setup.sh'
[0.217s] INFO:colcon.colcon_core.shell:Creating prefix util module '/home/zihao/Documents/limo/agilex_open_class/install/_local_setup_util_sh.py'
[0.217s] INFO:colcon.colcon_core.shell:Creating prefix chain script '/home/zihao/Documents/limo/agilex_open_class/install/setup.sh'
[0.218s] INFO:colcon.colcon_core.shell:Creating prefix script '/home/zihao/Documents/limo/agilex_open_class/install/local_setup.bash'
[0.218s] INFO:colcon.colcon_core.shell:Creating prefix chain script '/home/zihao/Documents/limo/agilex_open_class/install/setup.bash'
[0.218s] INFO:colcon.colcon_core.shell:Creating prefix script '/home/zihao/Documents/limo/agilex_open_class/install/local_setup.zsh'
[0.219s] INFO:colcon.colcon_core.shell:Creating prefix chain script '/home/zihao/Documents/limo/agilex_open_class/install/setup.zsh'
