[0.008s] Invoking command in '/home/zihao/Documents/limo/agilex_open_class/build/limo_msgs': CMAKE_PREFIX_PATH=/opt/ros/humble /usr/bin/cmake /home/zihao/Documents/limo/agilex_open_class/limo/limo_msgs -DCMAKE_INSTALL_PREFIX=/home/zihao/Documents/limo/agilex_open_class/install/limo_msgs
[0.015s] -- Found ament_cmake: 1.3.11 (/opt/ros/humble/share/ament_cmake/cmake)
[0.078s] -- Found std_msgs: 4.2.4 (/opt/ros/humble/share/std_msgs/cmake)
[0.088s] -- Found rosidl_generator_c: 3.1.6 (/opt/ros/humble/share/rosidl_generator_c/cmake)
[0.089s] -- Found rosidl_adapter: 3.1.6 (/opt/ros/humble/share/rosidl_adapter/cmake)
[0.091s] -- Found rosidl_generator_cpp: 3.1.6 (/opt/ros/humble/share/rosidl_generator_cpp/cmake)
[0.095s] -- Using all available rosidl_typesupport_c: rosidl_typesupport_fastrtps_c;rosidl_typesupport_introspection_c
[0.100s] -- Using all available rosidl_typesupport_cpp: rosidl_typesupport_fastrtps_cpp;rosidl_typesupport_introspection_cpp
[0.108s] -- Found rosidl_default_generators: 1.2.0 (/opt/ros/humble/share/rosidl_default_generators/cmake)
[0.201s] Traceback (most recent call last):
[0.201s]   File "/opt/ros/humble/share/ament_cmake_core/cmake/core/package_xml_2_cmake.py", line 22, in <module>
[0.201s]     from catkin_pkg.package import parse_package_string
[0.201s] ModuleNotFoundError: No module named 'catkin_pkg'
[0.202s] [31mCMake Error at /opt/ros/humble/share/ament_cmake_core/cmake/core/ament_package_xml.cmake:95 (message):
[0.202s]   execute_process(/home/zihao/anaconda3/bin/python3
[0.202s]   /opt/ros/humble/share/ament_cmake_core/cmake/core/package_xml_2_cmake.py
[0.203s]   /home/zihao/Documents/limo/agilex_open_class/limo/limo_msgs/package.xml
[0.203s]   /home/zihao/Documents/limo/agilex_open_class/build/limo_msgs/ament_cmake_core/package.cmake)
[0.203s]   returned error code 1
[0.203s] Call Stack (most recent call first):
[0.203s]   /opt/ros/humble/share/ament_cmake_core/cmake/core/ament_package_xml.cmake:49 (_ament_package_xml)
[0.203s]   /opt/ros/humble/share/rosidl_cmake/cmake/rosidl_generate_interfaces.cmake:226 (ament_package_xml)
[0.203s]   CMakeLists.txt:23 (rosidl_generate_interfaces)
[0.203s] 
[0.203s] [0m
[0.203s] -- Configuring incomplete, errors occurred!
[0.203s] See also "/home/zihao/Documents/limo/agilex_open_class/build/limo_msgs/CMakeFiles/CMakeOutput.log".
[0.206s] Invoked command in '/home/zihao/Documents/limo/agilex_open_class/build/limo_msgs' returned '1': CMAKE_PREFIX_PATH=/opt/ros/humble /usr/bin/cmake /home/zihao/Documents/limo/agilex_open_class/limo/limo_msgs -DCMAKE_INSTALL_PREFIX=/home/zihao/Documents/limo/agilex_open_class/install/limo_msgs
