[0.031s] Invoking command in '/home/zihao/Documents/limo/agilex_open_class/build/piper_moveit_config_v4': CMAKE_PREFIX_PATH=/home/zihao/Documents/limo/agilex_open_class/install/piper_description:/home/zihao/Documents/limo/agilex_open_class/install/piper_moveit_config_v5:/home/zihao/Documents/limo/agilex_open_class/install/piper_moveit_config_v4:/home/zihao/Documents/limo/agilex_open_class/install/limo_learnning:/home/zihao/Documents/limo/agilex_open_class/install/limo_bringup:/home/zihao/Documents/limo/agilex_open_class/install/limo_msgs:/home/zihao/Documents/limo/agilex_open_class/install/limo_gazebo_sim:/home/zihao/Documents/limo/agilex_open_class/install/limo_description:/home/zihao/Documents/limo/agilex_open_class/install/learnning_piper:/home/zihao/Documents/limo/agilex_open_class/install/limo_learnning_py:/opt/ros/humble CONDA_PROMPT_MODIFIER=(base) /usr/bin/cmake --build /home/zihao/Documents/limo/agilex_open_class/build/piper_moveit_config_v4 -- -j32 -l32
[0.079s] Invoked command in '/home/zihao/Documents/limo/agilex_open_class/build/piper_moveit_config_v4' returned '0': CMAKE_PREFIX_PATH=/home/zihao/Documents/limo/agilex_open_class/install/piper_description:/home/zihao/Documents/limo/agilex_open_class/install/piper_moveit_config_v5:/home/zihao/Documents/limo/agilex_open_class/install/piper_moveit_config_v4:/home/zihao/Documents/limo/agilex_open_class/install/limo_learnning:/home/zihao/Documents/limo/agilex_open_class/install/limo_bringup:/home/zihao/Documents/limo/agilex_open_class/install/limo_msgs:/home/zihao/Documents/limo/agilex_open_class/install/limo_gazebo_sim:/home/zihao/Documents/limo/agilex_open_class/install/limo_description:/home/zihao/Documents/limo/agilex_open_class/install/learnning_piper:/home/zihao/Documents/limo/agilex_open_class/install/limo_learnning_py:/opt/ros/humble CONDA_PROMPT_MODIFIER=(base) /usr/bin/cmake --build /home/zihao/Documents/limo/agilex_open_class/build/piper_moveit_config_v4 -- -j32 -l32
[0.080s] Invoking command in '/home/zihao/Documents/limo/agilex_open_class/build/piper_moveit_config_v4': CMAKE_PREFIX_PATH=/home/zihao/Documents/limo/agilex_open_class/install/piper_description:/home/zihao/Documents/limo/agilex_open_class/install/piper_moveit_config_v5:/home/zihao/Documents/limo/agilex_open_class/install/piper_moveit_config_v4:/home/zihao/Documents/limo/agilex_open_class/install/limo_learnning:/home/zihao/Documents/limo/agilex_open_class/install/limo_bringup:/home/zihao/Documents/limo/agilex_open_class/install/limo_msgs:/home/zihao/Documents/limo/agilex_open_class/install/limo_gazebo_sim:/home/zihao/Documents/limo/agilex_open_class/install/limo_description:/home/zihao/Documents/limo/agilex_open_class/install/learnning_piper:/home/zihao/Documents/limo/agilex_open_class/install/limo_learnning_py:/opt/ros/humble CONDA_PROMPT_MODIFIER=(base) /usr/bin/cmake --install /home/zihao/Documents/limo/agilex_open_class/build/piper_moveit_config_v4
[0.085s] -- Install configuration: ""
[0.085s] -- Up-to-date: /home/zihao/Documents/limo/agilex_open_class/install/piper_moveit_config_v4/share/ament_index/resource_index/package_run_dependencies/piper_moveit_config_v4
[0.085s] -- Up-to-date: /home/zihao/Documents/limo/agilex_open_class/install/piper_moveit_config_v4/share/ament_index/resource_index/parent_prefix_path/piper_moveit_config_v4
[0.085s] -- Up-to-date: /home/zihao/Documents/limo/agilex_open_class/install/piper_moveit_config_v4/share/piper_moveit_config_v4/environment/ament_prefix_path.sh
[0.085s] -- Up-to-date: /home/zihao/Documents/limo/agilex_open_class/install/piper_moveit_config_v4/share/piper_moveit_config_v4/environment/ament_prefix_path.dsv
[0.085s] -- Up-to-date: /home/zihao/Documents/limo/agilex_open_class/install/piper_moveit_config_v4/share/piper_moveit_config_v4/environment/path.sh
[0.085s] -- Up-to-date: /home/zihao/Documents/limo/agilex_open_class/install/piper_moveit_config_v4/share/piper_moveit_config_v4/environment/path.dsv
[0.085s] -- Up-to-date: /home/zihao/Documents/limo/agilex_open_class/install/piper_moveit_config_v4/share/piper_moveit_config_v4/local_setup.bash
[0.085s] -- Up-to-date: /home/zihao/Documents/limo/agilex_open_class/install/piper_moveit_config_v4/share/piper_moveit_config_v4/local_setup.sh
[0.085s] -- Up-to-date: /home/zihao/Documents/limo/agilex_open_class/install/piper_moveit_config_v4/share/piper_moveit_config_v4/local_setup.zsh
[0.085s] -- Up-to-date: /home/zihao/Documents/limo/agilex_open_class/install/piper_moveit_config_v4/share/piper_moveit_config_v4/local_setup.dsv
[0.085s] -- Installing: /home/zihao/Documents/limo/agilex_open_class/install/piper_moveit_config_v4/share/piper_moveit_config_v4/package.dsv
[0.085s] -- Up-to-date: /home/zihao/Documents/limo/agilex_open_class/install/piper_moveit_config_v4/share/ament_index/resource_index/packages/piper_moveit_config_v4
[0.085s] -- Up-to-date: /home/zihao/Documents/limo/agilex_open_class/install/piper_moveit_config_v4/share/piper_moveit_config_v4/cmake/piper_moveit_config_v4Config.cmake
[0.085s] -- Up-to-date: /home/zihao/Documents/limo/agilex_open_class/install/piper_moveit_config_v4/share/piper_moveit_config_v4/cmake/piper_moveit_config_v4Config-version.cmake
[0.085s] -- Up-to-date: /home/zihao/Documents/limo/agilex_open_class/install/piper_moveit_config_v4/share/piper_moveit_config_v4/package.xml
[0.085s] -- Up-to-date: /home/zihao/Documents/limo/agilex_open_class/install/piper_moveit_config_v4/share/piper_moveit_config_v4/launch
[0.085s] -- Up-to-date: /home/zihao/Documents/limo/agilex_open_class/install/piper_moveit_config_v4/share/piper_moveit_config_v4/launch/setup_assistant.launch.py
[0.085s] -- Up-to-date: /home/zihao/Documents/limo/agilex_open_class/install/piper_moveit_config_v4/share/piper_moveit_config_v4/launch/static_virtual_joint_tfs.launch.py
[0.085s] -- Up-to-date: /home/zihao/Documents/limo/agilex_open_class/install/piper_moveit_config_v4/share/piper_moveit_config_v4/launch/spawn_controllers.launch.py
[0.085s] -- Up-to-date: /home/zihao/Documents/limo/agilex_open_class/install/piper_moveit_config_v4/share/piper_moveit_config_v4/launch/warehouse_db.launch.py
[0.085s] -- Up-to-date: /home/zihao/Documents/limo/agilex_open_class/install/piper_moveit_config_v4/share/piper_moveit_config_v4/launch/demo.launch.py
[0.085s] -- Up-to-date: /home/zihao/Documents/limo/agilex_open_class/install/piper_moveit_config_v4/share/piper_moveit_config_v4/launch/moveit_rviz.launch.py
[0.085s] -- Up-to-date: /home/zihao/Documents/limo/agilex_open_class/install/piper_moveit_config_v4/share/piper_moveit_config_v4/launch/move_group.launch.py
[0.085s] -- Up-to-date: /home/zihao/Documents/limo/agilex_open_class/install/piper_moveit_config_v4/share/piper_moveit_config_v4/launch/rsp.launch.py
[0.085s] -- Up-to-date: /home/zihao/Documents/limo/agilex_open_class/install/piper_moveit_config_v4/share/piper_moveit_config_v4/config
[0.085s] -- Up-to-date: /home/zihao/Documents/limo/agilex_open_class/install/piper_moveit_config_v4/share/piper_moveit_config_v4/config/kinematics.yaml
[0.085s] -- Up-to-date: /home/zihao/Documents/limo/agilex_open_class/install/piper_moveit_config_v4/share/piper_moveit_config_v4/config/initial_positions.yaml
[0.085s] -- Up-to-date: /home/zihao/Documents/limo/agilex_open_class/install/piper_moveit_config_v4/share/piper_moveit_config_v4/config/piper.ros2_control.xacro
[0.085s] -- Up-to-date: /home/zihao/Documents/limo/agilex_open_class/install/piper_moveit_config_v4/share/piper_moveit_config_v4/config/moveit.rviz
[0.085s] -- Up-to-date: /home/zihao/Documents/limo/agilex_open_class/install/piper_moveit_config_v4/share/piper_moveit_config_v4/config/piper.urdf.xacro
[0.085s] -- Up-to-date: /home/zihao/Documents/limo/agilex_open_class/install/piper_moveit_config_v4/share/piper_moveit_config_v4/config/moveit_controllers.yaml
[0.085s] -- Up-to-date: /home/zihao/Documents/limo/agilex_open_class/install/piper_moveit_config_v4/share/piper_moveit_config_v4/config/piper.srdf
[0.085s] -- Up-to-date: /home/zihao/Documents/limo/agilex_open_class/install/piper_moveit_config_v4/share/piper_moveit_config_v4/config/pilz_cartesian_limits.yaml
[0.085s] -- Up-to-date: /home/zihao/Documents/limo/agilex_open_class/install/piper_moveit_config_v4/share/piper_moveit_config_v4/config/ros2_controllers.yaml
[0.085s] -- Up-to-date: /home/zihao/Documents/limo/agilex_open_class/install/piper_moveit_config_v4/share/piper_moveit_config_v4/config/joint_limits.yaml
[0.085s] -- Up-to-date: /home/zihao/Documents/limo/agilex_open_class/install/piper_moveit_config_v4/share/piper_moveit_config_v4/.setup_assistant
[0.087s] Invoked command in '/home/zihao/Documents/limo/agilex_open_class/build/piper_moveit_config_v4' returned '0': CMAKE_PREFIX_PATH=/home/zihao/Documents/limo/agilex_open_class/install/piper_description:/home/zihao/Documents/limo/agilex_open_class/install/piper_moveit_config_v5:/home/zihao/Documents/limo/agilex_open_class/install/piper_moveit_config_v4:/home/zihao/Documents/limo/agilex_open_class/install/limo_learnning:/home/zihao/Documents/limo/agilex_open_class/install/limo_bringup:/home/zihao/Documents/limo/agilex_open_class/install/limo_msgs:/home/zihao/Documents/limo/agilex_open_class/install/limo_gazebo_sim:/home/zihao/Documents/limo/agilex_open_class/install/limo_description:/home/zihao/Documents/limo/agilex_open_class/install/learnning_piper:/home/zihao/Documents/limo/agilex_open_class/install/limo_learnning_py:/opt/ros/humble CONDA_PROMPT_MODIFIER=(base) /usr/bin/cmake --install /home/zihao/Documents/limo/agilex_open_class/build/piper_moveit_config_v4
