[0.011s] Invoking command in '/home/zihao/Documents/limo/agilex_open_class/build/piper_description': CMAKE_PREFIX_PATH=${CMAKE_PREFIX_PATH}:/home/zihao/Documents/limo/agilex_open_class/install/limo_learnning_py:/opt/ros/humble CONDA_PROMPT_MODIFIER=(base) /usr/bin/cmake --build /home/zihao/Documents/limo/agilex_open_class/build/piper_description -- -j32 -l32
[0.043s] Invoked command in '/home/zihao/Documents/limo/agilex_open_class/build/piper_description' returned '0': CMAKE_PREFIX_PATH=${CMAKE_PREFIX_PATH}:/home/zihao/Documents/limo/agilex_open_class/install/limo_learnning_py:/opt/ros/humble CONDA_PROMPT_MODIFIER=(base) /usr/bin/cmake --build /home/zihao/Documents/limo/agilex_open_class/build/piper_description -- -j32 -l32
[0.056s] Invoking command in '/home/zihao/Documents/limo/agilex_open_class/build/piper_description': CMAKE_PREFIX_PATH=${CMAKE_PREFIX_PATH}:/home/zihao/Documents/limo/agilex_open_class/install/limo_learnning_py:/opt/ros/humble CONDA_PROMPT_MODIFIER=(base) /usr/bin/cmake --install /home/zihao/Documents/limo/agilex_open_class/build/piper_description
[0.065s] -- Install configuration: ""
[0.065s] -- Up-to-date: /home/zihao/Documents/limo/agilex_open_class/install/piper_description/share/piper_description/launch
[0.065s] -- Up-to-date: /home/zihao/Documents/limo/agilex_open_class/install/piper_description/share/piper_description/launch/display_piper.launch.py
[0.065s] -- Up-to-date: /home/zihao/Documents/limo/agilex_open_class/install/piper_description/share/piper_description/launch/piper_gazebo.launch.py
[0.065s] -- Up-to-date: /home/zihao/Documents/limo/agilex_open_class/install/piper_description/share/piper_description/launch/piper_spawn.launch.py
[0.065s] -- Up-to-date: /home/zihao/Documents/limo/agilex_open_class/install/piper_description/share/piper_description/launch/piper_empty_world.launch.py
[0.065s] -- Up-to-date: /home/zihao/Documents/limo/agilex_open_class/install/piper_description/share/piper_description/meshes
[0.065s] -- Up-to-date: /home/zihao/Documents/limo/agilex_open_class/install/piper_description/share/piper_description/meshes/link6.STL
[0.065s] -- Up-to-date: /home/zihao/Documents/limo/agilex_open_class/install/piper_description/share/piper_description/meshes/link5.STL
[0.065s] -- Up-to-date: /home/zihao/Documents/limo/agilex_open_class/install/piper_description/share/piper_description/meshes/link7.STL
[0.066s] -- Up-to-date: /home/zihao/Documents/limo/agilex_open_class/install/piper_description/share/piper_description/meshes/link4.STL
[0.066s] -- Up-to-date: /home/zihao/Documents/limo/agilex_open_class/install/piper_description/share/piper_description/meshes/link1.STL
[0.066s] -- Up-to-date: /home/zihao/Documents/limo/agilex_open_class/install/piper_description/share/piper_description/meshes/link2.STL
[0.066s] -- Up-to-date: /home/zihao/Documents/limo/agilex_open_class/install/piper_description/share/piper_description/meshes/link3.STL
[0.066s] -- Up-to-date: /home/zihao/Documents/limo/agilex_open_class/install/piper_description/share/piper_description/meshes/base_link.STL
[0.066s] -- Up-to-date: /home/zihao/Documents/limo/agilex_open_class/install/piper_description/share/piper_description/meshes/link8.STL
[0.066s] -- Up-to-date: /home/zihao/Documents/limo/agilex_open_class/install/piper_description/share/piper_description/rviz
[0.066s] -- Up-to-date: /home/zihao/Documents/limo/agilex_open_class/install/piper_description/share/piper_description/rviz/piper_ctrl.rviz
[0.066s] -- Up-to-date: /home/zihao/Documents/limo/agilex_open_class/install/piper_description/share/piper_description/urdf
[0.066s] -- Up-to-date: /home/zihao/Documents/limo/agilex_open_class/install/piper_description/share/piper_description/urdf/piper_description.csv
[0.066s] -- Up-to-date: /home/zihao/Documents/limo/agilex_open_class/install/piper_description/share/piper_description/urdf/piper_description.xacro
[0.066s] -- Up-to-date: /home/zihao/Documents/limo/agilex_open_class/install/piper_description/share/piper_description/urdf/piper_description.urdf
[0.066s] -- Up-to-date: /home/zihao/Documents/limo/agilex_open_class/install/piper_description/share/piper_description/urdf/piper_description_gazebo.xacro
[0.066s] -- Up-to-date: /home/zihao/Documents/limo/agilex_open_class/install/piper_description/share/piper_description/worlds
[0.066s] -- Up-to-date: /home/zihao/Documents/limo/agilex_open_class/install/piper_description/share/piper_description/worlds/empty.world
[0.066s] -- Up-to-date: /home/zihao/Documents/limo/agilex_open_class/install/piper_description/share/ament_index/resource_index/package_run_dependencies/piper_description
[0.066s] -- Up-to-date: /home/zihao/Documents/limo/agilex_open_class/install/piper_description/share/ament_index/resource_index/parent_prefix_path/piper_description
[0.066s] -- Up-to-date: /home/zihao/Documents/limo/agilex_open_class/install/piper_description/share/piper_description/environment/ament_prefix_path.sh
[0.066s] -- Up-to-date: /home/zihao/Documents/limo/agilex_open_class/install/piper_description/share/piper_description/environment/ament_prefix_path.dsv
[0.066s] -- Up-to-date: /home/zihao/Documents/limo/agilex_open_class/install/piper_description/share/piper_description/environment/path.sh
[0.066s] -- Up-to-date: /home/zihao/Documents/limo/agilex_open_class/install/piper_description/share/piper_description/environment/path.dsv
[0.066s] -- Up-to-date: /home/zihao/Documents/limo/agilex_open_class/install/piper_description/share/piper_description/local_setup.bash
[0.066s] -- Up-to-date: /home/zihao/Documents/limo/agilex_open_class/install/piper_description/share/piper_description/local_setup.sh
[0.066s] -- Up-to-date: /home/zihao/Documents/limo/agilex_open_class/install/piper_description/share/piper_description/local_setup.zsh
[0.066s] -- Up-to-date: /home/zihao/Documents/limo/agilex_open_class/install/piper_description/share/piper_description/local_setup.dsv
[0.066s] -- Installing: /home/zihao/Documents/limo/agilex_open_class/install/piper_description/share/piper_description/package.dsv
[0.066s] -- Up-to-date: /home/zihao/Documents/limo/agilex_open_class/install/piper_description/share/ament_index/resource_index/packages/piper_description
[0.066s] -- Up-to-date: /home/zihao/Documents/limo/agilex_open_class/install/piper_description/share/piper_description/cmake/piper_descriptionConfig.cmake
[0.066s] -- Up-to-date: /home/zihao/Documents/limo/agilex_open_class/install/piper_description/share/piper_description/cmake/piper_descriptionConfig-version.cmake
[0.066s] -- Up-to-date: /home/zihao/Documents/limo/agilex_open_class/install/piper_description/share/piper_description/package.xml
[0.067s] Invoked command in '/home/zihao/Documents/limo/agilex_open_class/build/piper_description' returned '0': CMAKE_PREFIX_PATH=${CMAKE_PREFIX_PATH}:/home/zihao/Documents/limo/agilex_open_class/install/limo_learnning_py:/opt/ros/humble CONDA_PROMPT_MODIFIER=(base) /usr/bin/cmake --install /home/zihao/Documents/limo/agilex_open_class/build/piper_description
