[0.011s] Invoking command in '/home/zihao/Documents/limo/agilex_open_class/build/limo_gazebo_sim': CMAKE_PREFIX_PATH=/opt/ros/humble CONDA_PROMPT_MODIFIER=(base) /usr/bin/cmake /home/zihao/Documents/limo/agilex_open_class/limo/limo_gazebo_sim -DCMAKE_INSTALL_PREFIX=/home/zihao/Documents/limo/agilex_open_class/install/limo_gazebo_sim
[0.068s] -- The C compiler identification is GNU 11.4.0
[0.109s] -- The CXX compiler identification is GNU 11.4.0
[0.115s] -- Detecting C compiler ABI info
[0.181s] -- Detecting C compiler ABI info - done
[0.184s] -- Check for working C compiler: /usr/bin/cc - skipped
[0.184s] -- Detecting C compile features
[0.184s] -- Detecting C compile features - done
[0.186s] -- Detecting CXX compiler ABI info
[0.257s] -- Detecting CXX compiler ABI info - done
[0.260s] -- Check for working CXX compiler: /usr/bin/c++ - skipped
[0.260s] -- Detecting CXX compile features
[0.261s] -- Detecting CXX compile features - done
[0.262s] -- Found ament_cmake: 1.3.11 (/opt/ros/humble/share/ament_cmake/cmake)
[0.432s] -- Found Python3: /home/zihao/anaconda3/bin/python3 (found version "3.12.7") found components: Interpreter 
[0.485s] -- Found ament_lint_auto: 0.12.11 (/opt/ros/humble/share/ament_lint_auto/cmake)
[0.497s] Traceback (most recent call last):
[0.497s]   File "/opt/ros/humble/share/ament_cmake_core/cmake/core/package_xml_2_cmake.py", line 22, in <module>
[0.497s]     from catkin_pkg.package import parse_package_string
[0.497s] ModuleNotFoundError: No module named 'catkin_pkg'
[0.498s] [31mCMake Error at /opt/ros/humble/share/ament_cmake_core/cmake/core/ament_package_xml.cmake:95 (message):
[0.498s]   execute_process(/home/zihao/anaconda3/bin/python3
[0.498s]   /opt/ros/humble/share/ament_cmake_core/cmake/core/package_xml_2_cmake.py
[0.499s]   /home/zihao/Documents/limo/agilex_open_class/limo/limo_gazebo_sim/package.xml
[0.499s]   /home/zihao/Documents/limo/agilex_open_class/build/limo_gazebo_sim/ament_cmake_core/package.cmake)
[0.499s]   returned error code 1
[0.499s] Call Stack (most recent call first):
[0.499s]   /opt/ros/humble/share/ament_cmake_core/cmake/core/ament_package_xml.cmake:49 (_ament_package_xml)
[0.499s]   /opt/ros/humble/share/ament_lint_auto/cmake/ament_lint_auto_find_test_dependencies.cmake:31 (ament_package_xml)
[0.499s]   CMakeLists.txt:35 (ament_lint_auto_find_test_dependencies)
[0.499s] 
[0.499s] [0m
[0.499s] -- Configuring incomplete, errors occurred!
[0.499s] See also "/home/zihao/Documents/limo/agilex_open_class/build/limo_gazebo_sim/CMakeFiles/CMakeOutput.log".
[0.502s] Invoked command in '/home/zihao/Documents/limo/agilex_open_class/build/limo_gazebo_sim' returned '1': CMAKE_PREFIX_PATH=/opt/ros/humble CONDA_PROMPT_MODIFIER=(base) /usr/bin/cmake /home/zihao/Documents/limo/agilex_open_class/limo/limo_gazebo_sim -DCMAKE_INSTALL_PREFIX=/home/zihao/Documents/limo/agilex_open_class/install/limo_gazebo_sim
