[0.018s] Invoking command in '/home/zihao/Documents/limo/agilex_open_class/build/piper_moveit_config_v5': AMENT_PREFIX_PATH=/home/zihao/Documents/limo/agilex_open_class/install/piper_description:${AMENT_PREFIX_PATH} CMAKE_PREFIX_PATH=/home/zihao/Documents/limo/agilex_open_class/install/piper_description:/opt/ros/humble CONDA_PROMPT_MODIFIER=(base) /usr/bin/cmake --build /home/zihao/Documents/limo/agilex_open_class/build/piper_moveit_config_v5 -- -j32 -l32
[0.083s] Invoked command in '/home/zihao/Documents/limo/agilex_open_class/build/piper_moveit_config_v5' returned '0': AMENT_PREFIX_PATH=/home/zihao/Documents/limo/agilex_open_class/install/piper_description:${AMENT_PREFIX_PATH} CMAKE_PREFIX_PATH=/home/zihao/Documents/limo/agilex_open_class/install/piper_description:/opt/ros/humble CONDA_PROMPT_MODIFIER=(base) /usr/bin/cmake --build /home/zihao/Documents/limo/agilex_open_class/build/piper_moveit_config_v5 -- -j32 -l32
[0.083s] Invoking command in '/home/zihao/Documents/limo/agilex_open_class/build/piper_moveit_config_v5': AMENT_PREFIX_PATH=/home/zihao/Documents/limo/agilex_open_class/install/piper_description:${AMENT_PREFIX_PATH} CMAKE_PREFIX_PATH=/home/zihao/Documents/limo/agilex_open_class/install/piper_description:/opt/ros/humble CONDA_PROMPT_MODIFIER=(base) /usr/bin/cmake --install /home/zihao/Documents/limo/agilex_open_class/build/piper_moveit_config_v5
[0.089s] -- Install configuration: ""
[0.089s] -- Up-to-date: /home/zihao/Documents/limo/agilex_open_class/install/piper_moveit_config_v5/share/ament_index/resource_index/package_run_dependencies/piper_moveit_config_v5
[0.089s] -- Up-to-date: /home/zihao/Documents/limo/agilex_open_class/install/piper_moveit_config_v5/share/ament_index/resource_index/parent_prefix_path/piper_moveit_config_v5
[0.089s] -- Up-to-date: /home/zihao/Documents/limo/agilex_open_class/install/piper_moveit_config_v5/share/piper_moveit_config_v5/environment/ament_prefix_path.sh
[0.089s] -- Up-to-date: /home/zihao/Documents/limo/agilex_open_class/install/piper_moveit_config_v5/share/piper_moveit_config_v5/environment/ament_prefix_path.dsv
[0.089s] -- Up-to-date: /home/zihao/Documents/limo/agilex_open_class/install/piper_moveit_config_v5/share/piper_moveit_config_v5/environment/path.sh
[0.089s] -- Up-to-date: /home/zihao/Documents/limo/agilex_open_class/install/piper_moveit_config_v5/share/piper_moveit_config_v5/environment/path.dsv
[0.089s] -- Up-to-date: /home/zihao/Documents/limo/agilex_open_class/install/piper_moveit_config_v5/share/piper_moveit_config_v5/local_setup.bash
[0.089s] -- Up-to-date: /home/zihao/Documents/limo/agilex_open_class/install/piper_moveit_config_v5/share/piper_moveit_config_v5/local_setup.sh
[0.089s] -- Up-to-date: /home/zihao/Documents/limo/agilex_open_class/install/piper_moveit_config_v5/share/piper_moveit_config_v5/local_setup.zsh
[0.090s] -- Up-to-date: /home/zihao/Documents/limo/agilex_open_class/install/piper_moveit_config_v5/share/piper_moveit_config_v5/local_setup.dsv
[0.090s] -- Installing: /home/zihao/Documents/limo/agilex_open_class/install/piper_moveit_config_v5/share/piper_moveit_config_v5/package.dsv
[0.090s] -- Up-to-date: /home/zihao/Documents/limo/agilex_open_class/install/piper_moveit_config_v5/share/ament_index/resource_index/packages/piper_moveit_config_v5
[0.090s] -- Up-to-date: /home/zihao/Documents/limo/agilex_open_class/install/piper_moveit_config_v5/share/piper_moveit_config_v5/cmake/piper_moveit_config_v5Config.cmake
[0.090s] -- Up-to-date: /home/zihao/Documents/limo/agilex_open_class/install/piper_moveit_config_v5/share/piper_moveit_config_v5/cmake/piper_moveit_config_v5Config-version.cmake
[0.090s] -- Up-to-date: /home/zihao/Documents/limo/agilex_open_class/install/piper_moveit_config_v5/share/piper_moveit_config_v5/package.xml
[0.090s] -- Up-to-date: /home/zihao/Documents/limo/agilex_open_class/install/piper_moveit_config_v5/share/piper_moveit_config_v5/launch
[0.090s] -- Up-to-date: /home/zihao/Documents/limo/agilex_open_class/install/piper_moveit_config_v5/share/piper_moveit_config_v5/launch/setup_assistant.launch.py
[0.090s] -- Up-to-date: /home/zihao/Documents/limo/agilex_open_class/install/piper_moveit_config_v5/share/piper_moveit_config_v5/launch/static_virtual_joint_tfs.launch.py
[0.090s] -- Up-to-date: /home/zihao/Documents/limo/agilex_open_class/install/piper_moveit_config_v5/share/piper_moveit_config_v5/launch/spawn_controllers.launch.py
[0.090s] -- Up-to-date: /home/zihao/Documents/limo/agilex_open_class/install/piper_moveit_config_v5/share/piper_moveit_config_v5/launch/warehouse_db.launch.py
[0.090s] -- Up-to-date: /home/zihao/Documents/limo/agilex_open_class/install/piper_moveit_config_v5/share/piper_moveit_config_v5/launch/demo.launch.py
[0.090s] -- Up-to-date: /home/zihao/Documents/limo/agilex_open_class/install/piper_moveit_config_v5/share/piper_moveit_config_v5/launch/moveit_rviz.launch.py
[0.090s] -- Up-to-date: /home/zihao/Documents/limo/agilex_open_class/install/piper_moveit_config_v5/share/piper_moveit_config_v5/launch/move_group.launch.py
[0.090s] -- Up-to-date: /home/zihao/Documents/limo/agilex_open_class/install/piper_moveit_config_v5/share/piper_moveit_config_v5/launch/rsp.launch.py
[0.090s] -- Up-to-date: /home/zihao/Documents/limo/agilex_open_class/install/piper_moveit_config_v5/share/piper_moveit_config_v5/config
[0.090s] -- Up-to-date: /home/zihao/Documents/limo/agilex_open_class/install/piper_moveit_config_v5/share/piper_moveit_config_v5/config/kinematics.yaml
[0.090s] -- Up-to-date: /home/zihao/Documents/limo/agilex_open_class/install/piper_moveit_config_v5/share/piper_moveit_config_v5/config/initial_positions.yaml
[0.090s] -- Up-to-date: /home/zihao/Documents/limo/agilex_open_class/install/piper_moveit_config_v5/share/piper_moveit_config_v5/config/piper.ros2_control.xacro
[0.090s] -- Up-to-date: /home/zihao/Documents/limo/agilex_open_class/install/piper_moveit_config_v5/share/piper_moveit_config_v5/config/moveit.rviz
[0.090s] -- Up-to-date: /home/zihao/Documents/limo/agilex_open_class/install/piper_moveit_config_v5/share/piper_moveit_config_v5/config/piper.urdf.xacro
[0.090s] -- Up-to-date: /home/zihao/Documents/limo/agilex_open_class/install/piper_moveit_config_v5/share/piper_moveit_config_v5/config/moveit_controllers.yaml
[0.090s] -- Up-to-date: /home/zihao/Documents/limo/agilex_open_class/install/piper_moveit_config_v5/share/piper_moveit_config_v5/config/piper.srdf
[0.090s] -- Up-to-date: /home/zihao/Documents/limo/agilex_open_class/install/piper_moveit_config_v5/share/piper_moveit_config_v5/config/pilz_cartesian_limits.yaml
[0.090s] -- Up-to-date: /home/zihao/Documents/limo/agilex_open_class/install/piper_moveit_config_v5/share/piper_moveit_config_v5/config/ros2_controllers.yaml
[0.090s] -- Up-to-date: /home/zihao/Documents/limo/agilex_open_class/install/piper_moveit_config_v5/share/piper_moveit_config_v5/config/joint_limits.yaml
[0.090s] -- Up-to-date: /home/zihao/Documents/limo/agilex_open_class/install/piper_moveit_config_v5/share/piper_moveit_config_v5/.setup_assistant
[0.094s] Invoked command in '/home/zihao/Documents/limo/agilex_open_class/build/piper_moveit_config_v5' returned '0': AMENT_PREFIX_PATH=/home/zihao/Documents/limo/agilex_open_class/install/piper_description:${AMENT_PREFIX_PATH} CMAKE_PREFIX_PATH=/home/zihao/Documents/limo/agilex_open_class/install/piper_description:/opt/ros/humble CONDA_PROMPT_MODIFIER=(base) /usr/bin/cmake --install /home/zihao/Documents/limo/agilex_open_class/build/piper_moveit_config_v5
