[0.009s] Invoking command in '/home/zihao/Documents/limo/agilex_open_class/build/limo_description': CMAKE_PREFIX_PATH=/opt/ros/humble CONDA_PROMPT_MODIFIER=(base) /usr/bin/cmake /home/zihao/Documents/limo/agilex_open_class/limo/limo_description -DCMAKE_INSTALL_PREFIX=/home/zihao/Documents/limo/agilex_open_class/install/limo_description
[0.069s] -- The C compiler identification is GNU 11.4.0
[0.109s] -- The CXX compiler identification is GNU 11.4.0
[0.115s] -- Detecting C compiler ABI info
[0.187s] -- Detecting C compiler ABI info - done
[0.190s] -- Check for working C compiler: /usr/bin/cc - skipped
[0.190s] -- Detecting C compile features
[0.191s] -- Detecting C compile features - done
[0.192s] -- Detecting CXX compiler ABI info
[0.262s] -- Detecting CXX compiler ABI info - done
[0.265s] -- Check for working CXX compiler: /usr/bin/c++ - skipped
[0.265s] -- Detecting CXX compile features
[0.265s] -- Detecting CXX compile features - done
[0.266s] -- Found ament_cmake: 1.3.11 (/opt/ros/humble/share/ament_cmake/cmake)
[0.449s] -- Found Python3: /home/zihao/anaconda3/bin/python3 (found version "3.12.7") found components: Interpreter 
[0.497s] -- Found ament_lint_auto: 0.12.11 (/opt/ros/humble/share/ament_lint_auto/cmake)
[0.509s] Traceback (most recent call last):
[0.509s]   File "/opt/ros/humble/share/ament_cmake_core/cmake/core/package_xml_2_cmake.py", line 22, in <module>
[0.509s]     from catkin_pkg.package import parse_package_string
[0.509s] ModuleNotFoundError: No module named 'catkin_pkg'
[0.512s] [31mCMake Error at /opt/ros/humble/share/ament_cmake_core/cmake/core/ament_package_xml.cmake:95 (message):
[0.512s]   execute_process(/home/zihao/anaconda3/bin/python3
[0.512s]   /opt/ros/humble/share/ament_cmake_core/cmake/core/package_xml_2_cmake.py
[0.512s]   /home/zihao/Documents/limo/agilex_open_class/limo/limo_description/package.xml
[0.512s]   /home/zihao/Documents/limo/agilex_open_class/build/limo_description/ament_cmake_core/package.cmake)
[0.512s]   returned error code 1
[0.512s] Call Stack (most recent call first):
[0.512s]   /opt/ros/humble/share/ament_cmake_core/cmake/core/ament_package_xml.cmake:49 (_ament_package_xml)
[0.512s]   /opt/ros/humble/share/ament_lint_auto/cmake/ament_lint_auto_find_test_dependencies.cmake:31 (ament_package_xml)
[0.512s]   CMakeLists.txt:35 (ament_lint_auto_find_test_dependencies)
[0.512s] 
[0.512s] -- Configuring incomplete, errors occurred!
[0.512s] See also "/home/zihao/Documents/limo/agilex_open_class/build/limo_description/CMakeFiles/CMakeOutput.log".
[0.512s] [0m
