[0.009s] Invoking command in '/home/zihao/Documents/limo/agilex_open_class/build/limo_gazebo_sim': CMAKE_PREFIX_PATH=${CMAKE_PREFIX_PATH}:/home/zihao/Documents/limo/agilex_open_class/install/limo_learnning_py:/opt/ros/humble CONDA_PROMPT_MODIFIER=(base) /usr/bin/cmake --build /home/zihao/Documents/limo/agilex_open_class/build/limo_gazebo_sim -- -j32 -l32
[0.024s] -- Found ament_cmake: 1.3.11 (/opt/ros/humble/share/ament_cmake/cmake)
[0.088s] -- Found ament_lint_auto: 0.12.11 (/opt/ros/humble/share/ament_lint_auto/cmake)
[0.129s] -- Added test 'copyright' to check source files copyright and LICENSE
[0.129s] -- Added test 'flake8' to check Python code syntax and style conventions
[0.129s] -- Added test 'lint_cmake' to check CMake code style
[0.129s] -- Added test 'pep257' to check Python code against some of the docstring style conventions in PEP 257
[0.130s] -- Added test 'xmllint' to check XML markup files
[0.130s] -- Configuring done
[0.131s] -- Generating done
[0.132s] -- Build files have been written to: /home/zihao/Documents/limo/agilex_open_class/build/limo_gazebo_sim
[0.147s] Invoked command in '/home/zihao/Documents/limo/agilex_open_class/build/limo_gazebo_sim' returned '0': CMAKE_PREFIX_PATH=${CMAKE_PREFIX_PATH}:/home/zihao/Documents/limo/agilex_open_class/install/limo_learnning_py:/opt/ros/humble CONDA_PROMPT_MODIFIER=(base) /usr/bin/cmake --build /home/zihao/Documents/limo/agilex_open_class/build/limo_gazebo_sim -- -j32 -l32
[0.153s] Invoking command in '/home/zihao/Documents/limo/agilex_open_class/build/limo_gazebo_sim': CMAKE_PREFIX_PATH=${CMAKE_PREFIX_PATH}:/home/zihao/Documents/limo/agilex_open_class/install/limo_learnning_py:/opt/ros/humble CONDA_PROMPT_MODIFIER=(base) /usr/bin/cmake --install /home/zihao/Documents/limo/agilex_open_class/build/limo_gazebo_sim
[0.157s] -- Install configuration: ""
[0.157s] [31mCMake Error at cmake_install.cmake:46 (file):
[0.158s]   file INSTALL cannot find
[0.158s]   "/home/zihao/Documents/limo/agilex_open_class/limo/limo_gazebo_sim/rviz":
[0.158s]   No such file or directory.
[0.158s] 
[0.158s] [0m
[0.158s] Invoked command in '/home/zihao/Documents/limo/agilex_open_class/build/limo_gazebo_sim' returned '1': CMAKE_PREFIX_PATH=${CMAKE_PREFIX_PATH}:/home/zihao/Documents/limo/agilex_open_class/install/limo_learnning_py:/opt/ros/humble CONDA_PROMPT_MODIFIER=(base) /usr/bin/cmake --install /home/zihao/Documents/limo/agilex_open_class/build/limo_gazebo_sim
