-- The C compiler identification is GNU 11.4.0
-- The CXX compiler identification is GNU 11.4.0
-- Detecting C compiler ABI info
-- Detecting C compiler ABI info - done
-- Check for working C compiler: /usr/bin/cc - skipped
-- Detecting C compile features
-- Detecting C compile features - done
-- Detecting CXX compiler ABI info
-- Detecting CXX compiler ABI info - done
-- Check for working CXX compiler: /usr/bin/c++ - skipped
-- Detecting CXX compile features
-- Detecting CXX compile features - done
-- Found ament_cmake: 1.3.11 (/opt/ros/humble/share/ament_cmake/cmake)
-- Found Python3: /usr/bin/python3 (found version "3.10.12") found components: Interpreter 
-- Configuring done
-- Generating done
-- Build files have been written to: /home/zihao/Documents/limo/agilex_open_class/build/limo_bringup
-- Install configuration: ""
-- Installing: /home/zihao/Documents/limo/agilex_open_class/install/limo_bringup/share/limo_bringup//param
-- Installing: /home/zihao/Documents/limo/agilex_open_class/install/limo_bringup/share/limo_bringup//param/planner.yaml
-- Installing: /home/zihao/Documents/limo/agilex_open_class/install/limo_bringup/share/limo_bringup//param/nav2.yaml
-- Installing: /home/zihao/Documents/limo/agilex_open_class/install/limo_bringup/share/limo_bringup//param/nav2_explore.yaml
-- Installing: /home/zihao/Documents/limo/agilex_open_class/install/limo_bringup/share/limo_bringup//param/amcl_params.yaml
-- Installing: /home/zihao/Documents/limo/agilex_open_class/install/limo_bringup/share/limo_bringup//param/costmap_local.yaml
-- Installing: /home/zihao/Documents/limo/agilex_open_class/install/limo_bringup/share/limo_bringup//param/nav2_ackermann.yaml
-- Installing: /home/zihao/Documents/limo/agilex_open_class/install/limo_bringup/share/limo_bringup//param/ydlidar.yaml
-- Installing: /home/zihao/Documents/limo/agilex_open_class/install/limo_bringup/share/limo_bringup//param/costmap_global_static.yaml
-- Installing: /home/zihao/Documents/limo/agilex_open_class/install/limo_bringup/share/limo_bringup//param/nav2_ackermann_rtab.yaml
-- Installing: /home/zihao/Documents/limo/agilex_open_class/install/limo_bringup/share/limo_bringup//param/costmap_global_laser.yaml
-- Installing: /home/zihao/Documents/limo/agilex_open_class/install/limo_bringup/share/limo_bringup//param/nav2_ackermann_foxy.yaml
-- Installing: /home/zihao/Documents/limo/agilex_open_class/install/limo_bringup/share/limo_bringup//param/costmap_common.yaml
-- Installing: /home/zihao/Documents/limo/agilex_open_class/install/limo_bringup/share/limo_bringup//maps
-- Installing: /home/zihao/Documents/limo/agilex_open_class/install/limo_bringup/share/limo_bringup//maps/map212.pgm
-- Installing: /home/zihao/Documents/limo/agilex_open_class/install/limo_bringup/share/limo_bringup//maps/map04.pgm
-- Installing: /home/zihao/Documents/limo/agilex_open_class/install/limo_bringup/share/limo_bringup//maps/map222 (copy).pgm
-- Installing: /home/zihao/Documents/limo/agilex_open_class/install/limo_bringup/share/limo_bringup//maps/map01.yaml
-- Installing: /home/zihao/Documents/limo/agilex_open_class/install/limo_bringup/share/limo_bringup//maps/limo.pgm
-- Installing: /home/zihao/Documents/limo/agilex_open_class/install/limo_bringup/share/limo_bringup//maps/map.yaml
-- Installing: /home/zihao/Documents/limo/agilex_open_class/install/limo_bringup/share/limo_bringup//maps/map02.yaml
-- Installing: /home/zihao/Documents/limo/agilex_open_class/install/limo_bringup/share/limo_bringup//maps/map01.pgm
-- Installing: /home/zihao/Documents/limo/agilex_open_class/install/limo_bringup/share/limo_bringup//maps/map04.yaml
-- Installing: /home/zihao/Documents/limo/agilex_open_class/install/limo_bringup/share/limo_bringup//maps/limo.yaml
-- Installing: /home/zihao/Documents/limo/agilex_open_class/install/limo_bringup/share/limo_bringup//maps/map.pgm
-- Installing: /home/zihao/Documents/limo/agilex_open_class/install/limo_bringup/share/limo_bringup//maps/map03.pgm
-- Installing: /home/zihao/Documents/limo/agilex_open_class/install/limo_bringup/share/limo_bringup//maps/map02.pgm
-- Installing: /home/zihao/Documents/limo/agilex_open_class/install/limo_bringup/share/limo_bringup//maps/map222.yaml
-- Installing: /home/zihao/Documents/limo/agilex_open_class/install/limo_bringup/share/limo_bringup//maps/map212.yaml
-- Installing: /home/zihao/Documents/limo/agilex_open_class/install/limo_bringup/share/limo_bringup//maps/map03.yaml
-- Installing: /home/zihao/Documents/limo/agilex_open_class/install/limo_bringup/share/limo_bringup//maps/map222.pgm
-- Installing: /home/zihao/Documents/limo/agilex_open_class/install/limo_bringup/share/limo_bringup//config_files
-- Installing: /home/zihao/Documents/limo/agilex_open_class/install/limo_bringup/share/limo_bringup//config_files/limon_navigation.rviz
-- Installing: /home/zihao/Documents/limo/agilex_open_class/install/limo_bringup/share/limo_bringup//config_files/demo_2d.rviz
-- Installing: /home/zihao/Documents/limo/agilex_open_class/install/limo_bringup/share/limo_bringup//config_files/limo_lds_2d.lua
-- Installing: /home/zihao/Documents/limo/agilex_open_class/install/limo_bringup/share/limo_bringup//config_files/slam_box.yaml
-- Installing: /home/zihao/Documents/limo/agilex_open_class/install/limo_bringup/share/limo_bringup//config_files/limo_laser.lua
-- Installing: /home/zihao/Documents/limo/agilex_open_class/install/limo_bringup/share/limo_bringup//config_files/ekf.yaml
-- Installing: /home/zihao/Documents/limo/agilex_open_class/install/limo_bringup/share/limo_bringup//launch
-- Installing: /home/zihao/Documents/limo/agilex_open_class/install/limo_bringup/share/limo_bringup//launch/humble
-- Installing: /home/zihao/Documents/limo/agilex_open_class/install/limo_bringup/share/limo_bringup//launch/humble/navigation_launch.py
-- Installing: /home/zihao/Documents/limo/agilex_open_class/install/limo_bringup/share/limo_bringup//launch/humble/limo_start.launch.py
-- Installing: /home/zihao/Documents/limo/agilex_open_class/install/limo_bringup/share/limo_bringup//launch/humble/limo_rtab_scan.launch.py
-- Installing: /home/zihao/Documents/limo/agilex_open_class/install/limo_bringup/share/limo_bringup//launch/humble/limo_rtab_nav2.launch.py
-- Installing: /home/zihao/Documents/limo/agilex_open_class/install/limo_bringup/share/limo_bringup//launch/humble/limo_nav2.launch.py
-- Installing: /home/zihao/Documents/limo/agilex_open_class/install/limo_bringup/share/limo_bringup//launch/humble/bringup.launch.py
-- Installing: /home/zihao/Documents/limo/agilex_open_class/install/limo_bringup/share/limo_bringup//launch/humble/limo_rtab_rgbd.launch.py
-- Installing: /home/zihao/Documents/limo/agilex_open_class/install/limo_bringup/share/limo_bringup//launch/humble/ekf_odom.launch.py
-- Installing: /home/zihao/Documents/limo/agilex_open_class/install/limo_bringup/share/limo_bringup//launch/humble/localization_launch.py
-- Installing: /home/zihao/Documents/limo/agilex_open_class/install/limo_bringup/share/limo_bringup//launch/humble/limo_nav2_explore.launch.py
-- Installing: /home/zihao/Documents/limo/agilex_open_class/install/limo_bringup/share/limo_bringup//launch/humble/rgbdslam_datasets.launch.py
-- Installing: /home/zihao/Documents/limo/agilex_open_class/install/limo_bringup/share/limo_bringup//launch/humble/limo_slam_box.launch.py
-- Installing: /home/zihao/Documents/limo/agilex_open_class/install/limo_bringup/share/limo_bringup//launch/humble/limo_cartographer.launch.py
-- Installing: /home/zihao/Documents/limo/agilex_open_class/install/limo_bringup/share/limo_bringup//launch/humble/__pycache__
-- Installing: /home/zihao/Documents/limo/agilex_open_class/install/limo_bringup/share/limo_bringup//launch/humble/__pycache__/limo_rtab_nav2.laun.cpython-310.pyc
-- Installing: /home/zihao/Documents/limo/agilex_open_class/install/limo_bringup/share/limo_bringup//launch/humble/limo_cartographer.launch copy.py
-- Installing: /home/zihao/Documents/limo/agilex_open_class/install/limo_bringup/share/limo_bringup//launch/__pycache__
-- Installing: /home/zihao/Documents/limo/agilex_open_class/install/limo_bringup/share/limo_bringup//launch/__pycache__/occupancy_grid.launch.cpython-310.pyc
-- Installing: /home/zihao/Documents/limo/agilex_open_class/install/limo_bringup/share/limo_bringup//launch/__pycache__/cartographer.launch.cpython-310.pyc
-- Installing: /home/zihao/Documents/limo/agilex_open_class/install/limo_bringup/share/limo_bringup//rviz
-- Installing: /home/zihao/Documents/limo/agilex_open_class/install/limo_bringup/share/limo_bringup//rviz/nav2.rviz
-- Installing: /home/zihao/Documents/limo/agilex_open_class/install/limo_bringup/share/limo_bringup//rviz/nav2_rtab.rviz
-- Installing: /home/zihao/Documents/limo/agilex_open_class/install/limo_bringup/share/limo_bringup//rviz/cartographer.rviz
-- Installing: /home/zihao/Documents/limo/agilex_open_class/install/limo_bringup/share/limo_bringup//rviz/nav2_copy.rviz
-- Up-to-date: /home/zihao/Documents/limo/agilex_open_class/install/limo_bringup/share/limo_bringup//launch
-- Up-to-date: /home/zihao/Documents/limo/agilex_open_class/install/limo_bringup/share/limo_bringup//launch/humble
-- Up-to-date: /home/zihao/Documents/limo/agilex_open_class/install/limo_bringup/share/limo_bringup//launch/humble/navigation_launch.py
-- Up-to-date: /home/zihao/Documents/limo/agilex_open_class/install/limo_bringup/share/limo_bringup//launch/humble/limo_start.launch.py
-- Up-to-date: /home/zihao/Documents/limo/agilex_open_class/install/limo_bringup/share/limo_bringup//launch/humble/limo_rtab_scan.launch.py
-- Up-to-date: /home/zihao/Documents/limo/agilex_open_class/install/limo_bringup/share/limo_bringup//launch/humble/limo_rtab_nav2.launch.py
-- Up-to-date: /home/zihao/Documents/limo/agilex_open_class/install/limo_bringup/share/limo_bringup//launch/humble/limo_nav2.launch.py
-- Up-to-date: /home/zihao/Documents/limo/agilex_open_class/install/limo_bringup/share/limo_bringup//launch/humble/bringup.launch.py
-- Up-to-date: /home/zihao/Documents/limo/agilex_open_class/install/limo_bringup/share/limo_bringup//launch/humble/limo_rtab_rgbd.launch.py
-- Up-to-date: /home/zihao/Documents/limo/agilex_open_class/install/limo_bringup/share/limo_bringup//launch/humble/ekf_odom.launch.py
-- Up-to-date: /home/zihao/Documents/limo/agilex_open_class/install/limo_bringup/share/limo_bringup//launch/humble/localization_launch.py
-- Up-to-date: /home/zihao/Documents/limo/agilex_open_class/install/limo_bringup/share/limo_bringup//launch/humble/limo_nav2_explore.launch.py
-- Up-to-date: /home/zihao/Documents/limo/agilex_open_class/install/limo_bringup/share/limo_bringup//launch/humble/rgbdslam_datasets.launch.py
-- Up-to-date: /home/zihao/Documents/limo/agilex_open_class/install/limo_bringup/share/limo_bringup//launch/humble/limo_slam_box.launch.py
-- Up-to-date: /home/zihao/Documents/limo/agilex_open_class/install/limo_bringup/share/limo_bringup//launch/humble/limo_cartographer.launch.py
-- Up-to-date: /home/zihao/Documents/limo/agilex_open_class/install/limo_bringup/share/limo_bringup//launch/humble/__pycache__
-- Up-to-date: /home/zihao/Documents/limo/agilex_open_class/install/limo_bringup/share/limo_bringup//launch/humble/__pycache__/limo_rtab_nav2.laun.cpython-310.pyc
-- Up-to-date: /home/zihao/Documents/limo/agilex_open_class/install/limo_bringup/share/limo_bringup//launch/humble/limo_cartographer.launch copy.py
-- Up-to-date: /home/zihao/Documents/limo/agilex_open_class/install/limo_bringup/share/limo_bringup//launch/__pycache__
-- Up-to-date: /home/zihao/Documents/limo/agilex_open_class/install/limo_bringup/share/limo_bringup//launch/__pycache__/occupancy_grid.launch.cpython-310.pyc
-- Up-to-date: /home/zihao/Documents/limo/agilex_open_class/install/limo_bringup/share/limo_bringup//launch/__pycache__/cartographer.launch.cpython-310.pyc
-- Installing: /home/zihao/Documents/limo/agilex_open_class/install/limo_bringup/share/ament_index/resource_index/package_run_dependencies/limo_bringup
-- Installing: /home/zihao/Documents/limo/agilex_open_class/install/limo_bringup/share/ament_index/resource_index/parent_prefix_path/limo_bringup
-- Installing: /home/zihao/Documents/limo/agilex_open_class/install/limo_bringup/share/limo_bringup/environment/ament_prefix_path.sh
-- Installing: /home/zihao/Documents/limo/agilex_open_class/install/limo_bringup/share/limo_bringup/environment/ament_prefix_path.dsv
-- Installing: /home/zihao/Documents/limo/agilex_open_class/install/limo_bringup/share/limo_bringup/environment/path.sh
-- Installing: /home/zihao/Documents/limo/agilex_open_class/install/limo_bringup/share/limo_bringup/environment/path.dsv
-- Installing: /home/zihao/Documents/limo/agilex_open_class/install/limo_bringup/share/limo_bringup/local_setup.bash
-- Installing: /home/zihao/Documents/limo/agilex_open_class/install/limo_bringup/share/limo_bringup/local_setup.sh
-- Installing: /home/zihao/Documents/limo/agilex_open_class/install/limo_bringup/share/limo_bringup/local_setup.zsh
-- Installing: /home/zihao/Documents/limo/agilex_open_class/install/limo_bringup/share/limo_bringup/local_setup.dsv
-- Installing: /home/zihao/Documents/limo/agilex_open_class/install/limo_bringup/share/limo_bringup/package.dsv
-- Installing: /home/zihao/Documents/limo/agilex_open_class/install/limo_bringup/share/ament_index/resource_index/packages/limo_bringup
-- Installing: /home/zihao/Documents/limo/agilex_open_class/install/limo_bringup/share/limo_bringup/cmake/limo_bringupConfig.cmake
-- Installing: /home/zihao/Documents/limo/agilex_open_class/install/limo_bringup/share/limo_bringup/cmake/limo_bringupConfig-version.cmake
-- Installing: /home/zihao/Documents/limo/agilex_open_class/install/limo_bringup/share/limo_bringup/package.xml
