[0.012s] Invoking command in '/home/zihao/Documents/limo/agilex_open_class/build/limo_gazebo_sim': CMAKE_PREFIX_PATH=/opt/ros/humble CONDA_PROMPT_MODIFIER=(base) /usr/bin/cmake --build /home/zihao/Documents/limo/agilex_open_class/build/limo_gazebo_sim -- -j32 -l32
[0.027s] -- Found ament_cmake: 1.3.11 (/opt/ros/humble/share/ament_cmake/cmake)
[0.112s] -- Found ament_lint_auto: 0.12.11 (/opt/ros/humble/share/ament_lint_auto/cmake)
[0.163s] -- Added test 'copyright' to check source files copyright and LICENSE
[0.164s] -- Added test 'flake8' to check Python code syntax and style conventions
[0.164s] -- Added test 'lint_cmake' to check CMake code style
[0.164s] -- Added test 'pep257' to check Python code against some of the docstring style conventions in PEP 257
[0.164s] -- Added test 'xmllint' to check XML markup files
[0.165s] -- Configuring done
[0.166s] -- Generating done
[0.167s] -- Build files have been written to: /home/zihao/Documents/limo/agilex_open_class/build/limo_gazebo_sim
[0.183s] Invoked command in '/home/zihao/Documents/limo/agilex_open_class/build/limo_gazebo_sim' returned '0': CMAKE_PREFIX_PATH=/opt/ros/humble CONDA_PROMPT_MODIFIER=(base) /usr/bin/cmake --build /home/zihao/Documents/limo/agilex_open_class/build/limo_gazebo_sim -- -j32 -l32
[0.184s] Invoking command in '/home/zihao/Documents/limo/agilex_open_class/build/limo_gazebo_sim': CMAKE_PREFIX_PATH=/opt/ros/humble CONDA_PROMPT_MODIFIER=(base) /usr/bin/cmake --install /home/zihao/Documents/limo/agilex_open_class/build/limo_gazebo_sim
[0.189s] -- Install configuration: ""
[0.189s] -- Up-to-date: /home/zihao/Documents/limo/agilex_open_class/install/limo_gazebo_sim/share/limo_gazebo_sim/launch
[0.189s] -- Installing: /home/zihao/Documents/limo/agilex_open_class/install/limo_gazebo_sim/share/limo_gazebo_sim/launch/limo_diff.launch.py
[0.189s] -- Installing: /home/zihao/Documents/limo/agilex_open_class/install/limo_gazebo_sim/share/limo_gazebo_sim/launch/limo_diff_empty_world.launch.py
[0.189s] -- Installing: /home/zihao/Documents/limo/agilex_open_class/install/limo_gazebo_sim/share/limo_gazebo_sim/launch/limo_ackerman.launch.py
[0.190s] -- Installing: /home/zihao/Documents/limo/agilex_open_class/install/limo_gazebo_sim/share/limo_gazebo_sim/launch/limo_multi_robot.launch.py
[0.190s] -- Installing: /home/zihao/Documents/limo/agilex_open_class/install/limo_gazebo_sim/share/limo_gazebo_sim/launch/limo_ackerman_empty_world.launch.py
[0.190s] -- Installing: /home/zihao/Documents/limo/agilex_open_class/install/limo_gazebo_sim/share/limo_gazebo_sim/launch/limo_ackerman_spawn.launch.py
[0.190s] -- Up-to-date: /home/zihao/Documents/limo/agilex_open_class/install/limo_gazebo_sim/share/limo_gazebo_sim/launch/__pycache__
[0.190s] -- Installing: /home/zihao/Documents/limo/agilex_open_class/install/limo_gazebo_sim/share/limo_gazebo_sim/launch/__pycache__/limo_multi_robot.launch.cpython-310.pyc
[0.190s] -- Installing: /home/zihao/Documents/limo/agilex_open_class/install/limo_gazebo_sim/share/limo_gazebo_sim/launch/limo_diff_spawn.launch.py
[0.190s] -- Up-to-date: /home/zihao/Documents/limo/agilex_open_class/install/limo_gazebo_sim/share/limo_gazebo_sim/worlds
[0.190s] -- Installing: /home/zihao/Documents/limo/agilex_open_class/install/limo_gazebo_sim/share/limo_gazebo_sim/worlds/empty.world
[0.190s] -- Up-to-date: /home/zihao/Documents/limo/agilex_open_class/install/limo_gazebo_sim/share/limo_gazebo_sim/worlds/world_v1
[0.190s] -- Installing: /home/zihao/Documents/limo/agilex_open_class/install/limo_gazebo_sim/share/limo_gazebo_sim/worlds/world_v1/model.sdf
[0.190s] -- Installing: /home/zihao/Documents/limo/agilex_open_class/install/limo_gazebo_sim/share/limo_gazebo_sim/worlds/world_v1/model.config
[0.190s] -- Installing: /home/zihao/Documents/limo/agilex_open_class/install/limo_gazebo_sim/share/limo_gazebo_sim/worlds/willowgarage.world
[0.190s] -- Installing: /home/zihao/Documents/limo/agilex_open_class/install/limo_gazebo_sim/share/limo_gazebo_sim/worlds/world_v1.world
[0.190s] -- Installing: /home/zihao/Documents/limo/agilex_open_class/install/limo_gazebo_sim/share/limo_gazebo_sim/worlds/clearpath_playpen.world
[0.190s] -- Up-to-date: /home/zihao/Documents/limo/agilex_open_class/install/limo_gazebo_sim/share/limo_gazebo_sim/config
[0.190s] -- Installing: /home/zihao/Documents/limo/agilex_open_class/install/limo_gazebo_sim/share/limo_gazebo_sim/config/limo_ackerman_control.yaml
[0.190s] -- Installing: /home/zihao/Documents/limo/agilex_open_class/install/limo_gazebo_sim/share/limo_gazebo_sim/config/limo_four_diff_control.yaml
[0.190s] -- Up-to-date: /home/zihao/Documents/limo/agilex_open_class/install/limo_gazebo_sim/share/ament_index/resource_index/package_run_dependencies/limo_gazebo_sim
[0.190s] -- Installing: /home/zihao/Documents/limo/agilex_open_class/install/limo_gazebo_sim/share/ament_index/resource_index/parent_prefix_path/limo_gazebo_sim
[0.190s] -- Up-to-date: /home/zihao/Documents/limo/agilex_open_class/install/limo_gazebo_sim/share/limo_gazebo_sim/environment/ament_prefix_path.sh
[0.190s] -- Installing: /home/zihao/Documents/limo/agilex_open_class/install/limo_gazebo_sim/share/limo_gazebo_sim/environment/ament_prefix_path.dsv
[0.190s] -- Up-to-date: /home/zihao/Documents/limo/agilex_open_class/install/limo_gazebo_sim/share/limo_gazebo_sim/environment/path.sh
[0.190s] -- Installing: /home/zihao/Documents/limo/agilex_open_class/install/limo_gazebo_sim/share/limo_gazebo_sim/environment/path.dsv
[0.190s] -- Up-to-date: /home/zihao/Documents/limo/agilex_open_class/install/limo_gazebo_sim/share/limo_gazebo_sim/local_setup.bash
[0.190s] -- Up-to-date: /home/zihao/Documents/limo/agilex_open_class/install/limo_gazebo_sim/share/limo_gazebo_sim/local_setup.sh
[0.190s] -- Up-to-date: /home/zihao/Documents/limo/agilex_open_class/install/limo_gazebo_sim/share/limo_gazebo_sim/local_setup.zsh
[0.190s] -- Installing: /home/zihao/Documents/limo/agilex_open_class/install/limo_gazebo_sim/share/limo_gazebo_sim/local_setup.dsv
[0.190s] -- Installing: /home/zihao/Documents/limo/agilex_open_class/install/limo_gazebo_sim/share/limo_gazebo_sim/package.dsv
[0.190s] -- Up-to-date: /home/zihao/Documents/limo/agilex_open_class/install/limo_gazebo_sim/share/ament_index/resource_index/packages/limo_gazebo_sim
[0.190s] -- Up-to-date: /home/zihao/Documents/limo/agilex_open_class/install/limo_gazebo_sim/share/limo_gazebo_sim/cmake/limo_gazebo_simConfig.cmake
[0.190s] -- Up-to-date: /home/zihao/Documents/limo/agilex_open_class/install/limo_gazebo_sim/share/limo_gazebo_sim/cmake/limo_gazebo_simConfig-version.cmake
[0.190s] -- Up-to-date: /home/zihao/Documents/limo/agilex_open_class/install/limo_gazebo_sim/share/limo_gazebo_sim/package.xml
[0.191s] Invoked command in '/home/zihao/Documents/limo/agilex_open_class/build/limo_gazebo_sim' returned '0': CMAKE_PREFIX_PATH=/opt/ros/humble CONDA_PROMPT_MODIFIER=(base) /usr/bin/cmake --install /home/zihao/Documents/limo/agilex_open_class/build/limo_gazebo_sim
