running egg_info
writing ../../build/limo_learnning_py/limo_learnning_py.egg-info/PKG-INFO
writing dependency_links to ../../build/limo_learnning_py/limo_learnning_py.egg-info/dependency_links.txt
writing entry points to ../../build/limo_learnning_py/limo_learnning_py.egg-info/entry_points.txt
writing requirements to ../../build/limo_learnning_py/limo_learnning_py.egg-info/requires.txt
writing top-level names to ../../build/limo_learnning_py/limo_learnning_py.egg-info/top_level.txt
reading manifest file '../../build/limo_learnning_py/limo_learnning_py.egg-info/SOURCES.txt'
writing manifest file '../../build/limo_learnning_py/limo_learnning_py.egg-info/SOURCES.txt'
running build
running build_py
running install
running install_lib
running install_data
running install_egg_info
removing '/home/zihao/Documents/limo/agilex_open_class/install/limo_learnning_py/lib/python3.10/site-packages/limo_learnning_py-0.0.0-py3.10.egg-info' (and everything under it)
Copying ../../build/limo_learnning_py/limo_learnning_py.egg-info to /home/zihao/Documents/limo/agilex_open_class/install/limo_learnning_py/lib/python3.10/site-packages/limo_learnning_py-0.0.0-py3.10.egg-info
running install_scripts
Installing limo_action_client script to /home/zihao/Documents/limo/agilex_open_class/install/limo_learnning_py/lib/limo_learnning_py
Installing limo_action_server script to /home/zihao/Documents/limo/agilex_open_class/install/limo_learnning_py/lib/limo_learnning_py
Installing limo_client script to /home/zihao/Documents/limo/agilex_open_class/install/limo_learnning_py/lib/limo_learnning_py
Installing limo_scan script to /home/zihao/Documents/limo/agilex_open_class/install/limo_learnning_py/lib/limo_learnning_py
Installing limo_server script to /home/zihao/Documents/limo/agilex_open_class/install/limo_learnning_py/lib/limo_learnning_py
Installing limo_topic_cmd script to /home/zihao/Documents/limo/agilex_open_class/install/limo_learnning_py/lib/limo_learnning_py
Installing multi_goal_nav script to /home/zihao/Documents/limo/agilex_open_class/install/limo_learnning_py/lib/limo_learnning_py
writing list of installed files to '/home/zihao/Documents/limo/agilex_open_class/build/limo_learnning_py/install.log'
