[0.052s] DEBUG:colcon:Command line arguments: ['/usr/bin/colcon', 'build', '--packages-select', 'limo_msgs']
[0.052s] DEBUG:colcon:Parsed command line arguments: Namespace(log_base=None, log_level=None, verb_name='build', build_base='build', install_base='install', merge_install=False, symlink_install=False, test_result_base=None, continue_on_error=False, executor='parallel', parallel_workers=32, event_handlers=None, ignore_user_meta=False, metas=['./colcon.meta'], base_paths=['.'], packages_ignore=None, packages_ignore_regex=None, paths=None, packages_up_to=None, packages_up_to_regex=None, packages_above=None, packages_above_and_dependencies=None, packages_above_depth=None, packages_select_by_dep=None, packages_skip_by_dep=None, packages_skip_up_to=None, packages_select_build_failed=False, packages_skip_build_finished=False, packages_select_test_failures=False, packages_skip_test_passed=False, packages_select=['limo_msgs'], packages_skip=None, packages_select_regex=None, packages_skip_regex=None, packages_start=None, packages_end=None, allow_overriding=[], cmake_args=None, cmake_target=None, cmake_target_skip_unavailable=False, cmake_clean_cache=False, cmake_clean_first=False, cmake_force_configure=False, ament_cmake_args=None, catkin_cmake_args=None, catkin_skip_building_tests=False, mixin_files=None, mixin=None, verb_parser=<colcon_mixin.mixin.mixin_argument.MixinArgumentDecorator object at 0x7d1d93f65e70>, verb_extension=<colcon_core.verb.build.BuildVerb object at 0x7d1d93f658a0>, main=<bound method BuildVerb.main of <colcon_core.verb.build.BuildVerb object at 0x7d1d93f658a0>>, mixin_verb=('build',))
[0.131s] Level 1:colcon.colcon_core.package_discovery:discover_packages(colcon_meta) check parameters
[0.131s] Level 1:colcon.colcon_core.package_discovery:discover_packages(recursive) check parameters
[0.131s] Level 1:colcon.colcon_core.package_discovery:discover_packages(ignore) check parameters
[0.131s] Level 1:colcon.colcon_core.package_discovery:discover_packages(path) check parameters
[0.131s] Level 1:colcon.colcon_core.package_discovery:discover_packages(colcon_meta) discover
[0.131s] Level 1:colcon.colcon_core.package_discovery:discover_packages(recursive) discover
[0.131s] INFO:colcon.colcon_core.package_discovery:Crawling recursively for packages in '/home/zihao/Documents/limo/agilex_open_class'
[0.131s] Level 1:colcon.colcon_core.package_identification:_identify(.) by extensions ['ignore', 'ignore_ament_install']
[0.131s] Level 1:colcon.colcon_core.package_identification:_identify(.) by extension 'ignore'
[0.131s] Level 1:colcon.colcon_core.package_identification:_identify(.) by extension 'ignore_ament_install'
[0.131s] Level 1:colcon.colcon_core.package_identification:_identify(.) by extensions ['colcon_pkg']
[0.131s] Level 1:colcon.colcon_core.package_identification:_identify(.) by extension 'colcon_pkg'
[0.131s] Level 1:colcon.colcon_core.package_identification:_identify(.) by extensions ['colcon_meta']
[0.131s] Level 1:colcon.colcon_core.package_identification:_identify(.) by extension 'colcon_meta'
[0.131s] Level 1:colcon.colcon_core.package_identification:_identify(.) by extensions ['ros']
[0.131s] Level 1:colcon.colcon_core.package_identification:_identify(.) by extension 'ros'
[0.136s] Level 1:colcon.colcon_core.package_identification:_identify(.) by extensions ['cmake', 'python']
[0.136s] Level 1:colcon.colcon_core.package_identification:_identify(.) by extension 'cmake'
[0.136s] Level 1:colcon.colcon_core.package_identification:_identify(.) by extension 'python'
[0.136s] Level 1:colcon.colcon_core.package_identification:_identify(.) by extensions ['python_setup_py']
[0.136s] Level 1:colcon.colcon_core.package_identification:_identify(.) by extension 'python_setup_py'
[0.136s] Level 1:colcon.colcon_core.package_identification:_identify(build) by extensions ['ignore', 'ignore_ament_install']
[0.136s] Level 1:colcon.colcon_core.package_identification:_identify(build) by extension 'ignore'
[0.136s] Level 1:colcon.colcon_core.package_identification:_identify(build) ignored
[0.136s] Level 1:colcon.colcon_core.package_identification:_identify(img) by extensions ['ignore', 'ignore_ament_install']
[0.136s] Level 1:colcon.colcon_core.package_identification:_identify(img) by extension 'ignore'
[0.136s] Level 1:colcon.colcon_core.package_identification:_identify(img) by extension 'ignore_ament_install'
[0.136s] Level 1:colcon.colcon_core.package_identification:_identify(img) by extensions ['colcon_pkg']
[0.136s] Level 1:colcon.colcon_core.package_identification:_identify(img) by extension 'colcon_pkg'
[0.136s] Level 1:colcon.colcon_core.package_identification:_identify(img) by extensions ['colcon_meta']
[0.136s] Level 1:colcon.colcon_core.package_identification:_identify(img) by extension 'colcon_meta'
[0.136s] Level 1:colcon.colcon_core.package_identification:_identify(img) by extensions ['ros']
[0.136s] Level 1:colcon.colcon_core.package_identification:_identify(img) by extension 'ros'
[0.136s] Level 1:colcon.colcon_core.package_identification:_identify(img) by extensions ['cmake', 'python']
[0.136s] Level 1:colcon.colcon_core.package_identification:_identify(img) by extension 'cmake'
[0.136s] Level 1:colcon.colcon_core.package_identification:_identify(img) by extension 'python'
[0.136s] Level 1:colcon.colcon_core.package_identification:_identify(img) by extensions ['python_setup_py']
[0.136s] Level 1:colcon.colcon_core.package_identification:_identify(img) by extension 'python_setup_py'
[0.136s] Level 1:colcon.colcon_core.package_identification:_identify(install) by extensions ['ignore', 'ignore_ament_install']
[0.136s] Level 1:colcon.colcon_core.package_identification:_identify(install) by extension 'ignore'
[0.136s] Level 1:colcon.colcon_core.package_identification:_identify(install) ignored
[0.136s] Level 1:colcon.colcon_core.package_identification:_identify(limo) by extensions ['ignore', 'ignore_ament_install']
[0.136s] Level 1:colcon.colcon_core.package_identification:_identify(limo) by extension 'ignore'
[0.136s] Level 1:colcon.colcon_core.package_identification:_identify(limo) by extension 'ignore_ament_install'
[0.136s] Level 1:colcon.colcon_core.package_identification:_identify(limo) by extensions ['colcon_pkg']
[0.136s] Level 1:colcon.colcon_core.package_identification:_identify(limo) by extension 'colcon_pkg'
[0.136s] Level 1:colcon.colcon_core.package_identification:_identify(limo) by extensions ['colcon_meta']
[0.136s] Level 1:colcon.colcon_core.package_identification:_identify(limo) by extension 'colcon_meta'
[0.136s] Level 1:colcon.colcon_core.package_identification:_identify(limo) by extensions ['ros']
[0.136s] Level 1:colcon.colcon_core.package_identification:_identify(limo) by extension 'ros'
[0.136s] Level 1:colcon.colcon_core.package_identification:_identify(limo) by extensions ['cmake', 'python']
[0.136s] Level 1:colcon.colcon_core.package_identification:_identify(limo) by extension 'cmake'
[0.136s] Level 1:colcon.colcon_core.package_identification:_identify(limo) by extension 'python'
[0.136s] Level 1:colcon.colcon_core.package_identification:_identify(limo) by extensions ['python_setup_py']
[0.136s] Level 1:colcon.colcon_core.package_identification:_identify(limo) by extension 'python_setup_py'
[0.137s] Level 1:colcon.colcon_core.package_identification:_identify(limo/image) by extensions ['ignore', 'ignore_ament_install']
[0.137s] Level 1:colcon.colcon_core.package_identification:_identify(limo/image) by extension 'ignore'
[0.137s] Level 1:colcon.colcon_core.package_identification:_identify(limo/image) by extension 'ignore_ament_install'
[0.137s] Level 1:colcon.colcon_core.package_identification:_identify(limo/image) by extensions ['colcon_pkg']
[0.137s] Level 1:colcon.colcon_core.package_identification:_identify(limo/image) by extension 'colcon_pkg'
[0.137s] Level 1:colcon.colcon_core.package_identification:_identify(limo/image) by extensions ['colcon_meta']
[0.137s] Level 1:colcon.colcon_core.package_identification:_identify(limo/image) by extension 'colcon_meta'
[0.137s] Level 1:colcon.colcon_core.package_identification:_identify(limo/image) by extensions ['ros']
[0.137s] Level 1:colcon.colcon_core.package_identification:_identify(limo/image) by extension 'ros'
[0.137s] Level 1:colcon.colcon_core.package_identification:_identify(limo/image) by extensions ['cmake', 'python']
[0.137s] Level 1:colcon.colcon_core.package_identification:_identify(limo/image) by extension 'cmake'
[0.137s] Level 1:colcon.colcon_core.package_identification:_identify(limo/image) by extension 'python'
[0.137s] Level 1:colcon.colcon_core.package_identification:_identify(limo/image) by extensions ['python_setup_py']
[0.137s] Level 1:colcon.colcon_core.package_identification:_identify(limo/image) by extension 'python_setup_py'
[0.137s] Level 1:colcon.colcon_core.package_identification:_identify(limo/limo_bringup) by extensions ['ignore', 'ignore_ament_install']
[0.137s] Level 1:colcon.colcon_core.package_identification:_identify(limo/limo_bringup) by extension 'ignore'
[0.137s] Level 1:colcon.colcon_core.package_identification:_identify(limo/limo_bringup) by extension 'ignore_ament_install'
[0.137s] Level 1:colcon.colcon_core.package_identification:_identify(limo/limo_bringup) by extensions ['colcon_pkg']
[0.137s] Level 1:colcon.colcon_core.package_identification:_identify(limo/limo_bringup) by extension 'colcon_pkg'
[0.137s] Level 1:colcon.colcon_core.package_identification:_identify(limo/limo_bringup) by extensions ['colcon_meta']
[0.137s] Level 1:colcon.colcon_core.package_identification:_identify(limo/limo_bringup) by extension 'colcon_meta'
[0.137s] Level 1:colcon.colcon_core.package_identification:_identify(limo/limo_bringup) by extensions ['ros']
[0.137s] Level 1:colcon.colcon_core.package_identification:_identify(limo/limo_bringup) by extension 'ros'
[0.139s] DEBUG:colcon.colcon_core.package_identification:Package 'limo/limo_bringup' with type 'ros.ament_cmake' and name 'limo_bringup'
[0.139s] Level 1:colcon.colcon_core.package_identification:_identify(limo/limo_description) by extensions ['ignore', 'ignore_ament_install']
[0.139s] Level 1:colcon.colcon_core.package_identification:_identify(limo/limo_description) by extension 'ignore'
[0.139s] Level 1:colcon.colcon_core.package_identification:_identify(limo/limo_description) by extension 'ignore_ament_install'
[0.139s] Level 1:colcon.colcon_core.package_identification:_identify(limo/limo_description) by extensions ['colcon_pkg']
[0.139s] Level 1:colcon.colcon_core.package_identification:_identify(limo/limo_description) by extension 'colcon_pkg'
[0.139s] Level 1:colcon.colcon_core.package_identification:_identify(limo/limo_description) by extensions ['colcon_meta']
[0.139s] Level 1:colcon.colcon_core.package_identification:_identify(limo/limo_description) by extension 'colcon_meta'
[0.139s] Level 1:colcon.colcon_core.package_identification:_identify(limo/limo_description) by extensions ['ros']
[0.139s] Level 1:colcon.colcon_core.package_identification:_identify(limo/limo_description) by extension 'ros'
[0.139s] DEBUG:colcon.colcon_core.package_identification:Package 'limo/limo_description' with type 'ros.ament_cmake' and name 'limo_description'
[0.139s] Level 1:colcon.colcon_core.package_identification:_identify(limo/limo_gazebo_sim) by extensions ['ignore', 'ignore_ament_install']
[0.139s] Level 1:colcon.colcon_core.package_identification:_identify(limo/limo_gazebo_sim) by extension 'ignore'
[0.139s] Level 1:colcon.colcon_core.package_identification:_identify(limo/limo_gazebo_sim) by extension 'ignore_ament_install'
[0.139s] Level 1:colcon.colcon_core.package_identification:_identify(limo/limo_gazebo_sim) by extensions ['colcon_pkg']
[0.139s] Level 1:colcon.colcon_core.package_identification:_identify(limo/limo_gazebo_sim) by extension 'colcon_pkg'
[0.139s] Level 1:colcon.colcon_core.package_identification:_identify(limo/limo_gazebo_sim) by extensions ['colcon_meta']
[0.139s] Level 1:colcon.colcon_core.package_identification:_identify(limo/limo_gazebo_sim) by extension 'colcon_meta'
[0.139s] Level 1:colcon.colcon_core.package_identification:_identify(limo/limo_gazebo_sim) by extensions ['ros']
[0.139s] Level 1:colcon.colcon_core.package_identification:_identify(limo/limo_gazebo_sim) by extension 'ros'
[0.139s] DEBUG:colcon.colcon_core.package_identification:Package 'limo/limo_gazebo_sim' with type 'ros.ament_cmake' and name 'limo_gazebo_sim'
[0.139s] Level 1:colcon.colcon_core.package_identification:_identify(limo/limo_learnning) by extensions ['ignore', 'ignore_ament_install']
[0.139s] Level 1:colcon.colcon_core.package_identification:_identify(limo/limo_learnning) by extension 'ignore'
[0.139s] Level 1:colcon.colcon_core.package_identification:_identify(limo/limo_learnning) by extension 'ignore_ament_install'
[0.139s] Level 1:colcon.colcon_core.package_identification:_identify(limo/limo_learnning) by extensions ['colcon_pkg']
[0.139s] Level 1:colcon.colcon_core.package_identification:_identify(limo/limo_learnning) by extension 'colcon_pkg'
[0.139s] Level 1:colcon.colcon_core.package_identification:_identify(limo/limo_learnning) by extensions ['colcon_meta']
[0.139s] Level 1:colcon.colcon_core.package_identification:_identify(limo/limo_learnning) by extension 'colcon_meta'
[0.139s] Level 1:colcon.colcon_core.package_identification:_identify(limo/limo_learnning) by extensions ['ros']
[0.139s] Level 1:colcon.colcon_core.package_identification:_identify(limo/limo_learnning) by extension 'ros'
[0.140s] DEBUG:colcon.colcon_core.package_identification:Package 'limo/limo_learnning' with type 'ros.ament_cmake' and name 'limo_learnning'
[0.140s] Level 1:colcon.colcon_core.package_identification:_identify(limo/limo_learnning_py) by extensions ['ignore', 'ignore_ament_install']
[0.140s] Level 1:colcon.colcon_core.package_identification:_identify(limo/limo_learnning_py) by extension 'ignore'
[0.140s] Level 1:colcon.colcon_core.package_identification:_identify(limo/limo_learnning_py) by extension 'ignore_ament_install'
[0.140s] Level 1:colcon.colcon_core.package_identification:_identify(limo/limo_learnning_py) by extensions ['colcon_pkg']
[0.140s] Level 1:colcon.colcon_core.package_identification:_identify(limo/limo_learnning_py) by extension 'colcon_pkg'
[0.140s] Level 1:colcon.colcon_core.package_identification:_identify(limo/limo_learnning_py) by extensions ['colcon_meta']
[0.140s] Level 1:colcon.colcon_core.package_identification:_identify(limo/limo_learnning_py) by extension 'colcon_meta'
[0.140s] Level 1:colcon.colcon_core.package_identification:_identify(limo/limo_learnning_py) by extensions ['ros']
[0.140s] Level 1:colcon.colcon_core.package_identification:_identify(limo/limo_learnning_py) by extension 'ros'
[0.140s] DEBUG:colcon.colcon_core.package_identification:Package 'limo/limo_learnning_py' with type 'ros.ament_python' and name 'limo_learnning_py'
[0.140s] Level 1:colcon.colcon_core.package_identification:_identify(limo/limo_msgs) by extensions ['ignore', 'ignore_ament_install']
[0.140s] Level 1:colcon.colcon_core.package_identification:_identify(limo/limo_msgs) by extension 'ignore'
[0.140s] Level 1:colcon.colcon_core.package_identification:_identify(limo/limo_msgs) by extension 'ignore_ament_install'
[0.140s] Level 1:colcon.colcon_core.package_identification:_identify(limo/limo_msgs) by extensions ['colcon_pkg']
[0.140s] Level 1:colcon.colcon_core.package_identification:_identify(limo/limo_msgs) by extension 'colcon_pkg'
[0.140s] Level 1:colcon.colcon_core.package_identification:_identify(limo/limo_msgs) by extensions ['colcon_meta']
[0.140s] Level 1:colcon.colcon_core.package_identification:_identify(limo/limo_msgs) by extension 'colcon_meta'
[0.140s] Level 1:colcon.colcon_core.package_identification:_identify(limo/limo_msgs) by extensions ['ros']
[0.140s] Level 1:colcon.colcon_core.package_identification:_identify(limo/limo_msgs) by extension 'ros'
[0.141s] DEBUG:colcon.colcon_core.package_identification:Package 'limo/limo_msgs' with type 'ros.ament_cmake' and name 'limo_msgs'
[0.141s] Level 1:colcon.colcon_core.package_identification:_identify(log) by extensions ['ignore', 'ignore_ament_install']
[0.141s] Level 1:colcon.colcon_core.package_identification:_identify(log) by extension 'ignore'
[0.141s] Level 1:colcon.colcon_core.package_identification:_identify(log) ignored
[0.141s] Level 1:colcon.colcon_core.package_identification:_identify(piper) by extensions ['ignore', 'ignore_ament_install']
[0.141s] Level 1:colcon.colcon_core.package_identification:_identify(piper) by extension 'ignore'
[0.141s] Level 1:colcon.colcon_core.package_identification:_identify(piper) by extension 'ignore_ament_install'
[0.141s] Level 1:colcon.colcon_core.package_identification:_identify(piper) by extensions ['colcon_pkg']
[0.141s] Level 1:colcon.colcon_core.package_identification:_identify(piper) by extension 'colcon_pkg'
[0.141s] Level 1:colcon.colcon_core.package_identification:_identify(piper) by extensions ['colcon_meta']
[0.141s] Level 1:colcon.colcon_core.package_identification:_identify(piper) by extension 'colcon_meta'
[0.141s] Level 1:colcon.colcon_core.package_identification:_identify(piper) by extensions ['ros']
[0.141s] Level 1:colcon.colcon_core.package_identification:_identify(piper) by extension 'ros'
[0.141s] Level 1:colcon.colcon_core.package_identification:_identify(piper) by extensions ['cmake', 'python']
[0.141s] Level 1:colcon.colcon_core.package_identification:_identify(piper) by extension 'cmake'
[0.141s] Level 1:colcon.colcon_core.package_identification:_identify(piper) by extension 'python'
[0.141s] Level 1:colcon.colcon_core.package_identification:_identify(piper) by extensions ['python_setup_py']
[0.141s] Level 1:colcon.colcon_core.package_identification:_identify(piper) by extension 'python_setup_py'
[0.141s] Level 1:colcon.colcon_core.package_identification:_identify(piper/image) by extensions ['ignore', 'ignore_ament_install']
[0.141s] Level 1:colcon.colcon_core.package_identification:_identify(piper/image) by extension 'ignore'
[0.141s] Level 1:colcon.colcon_core.package_identification:_identify(piper/image) by extension 'ignore_ament_install'
[0.141s] Level 1:colcon.colcon_core.package_identification:_identify(piper/image) by extensions ['colcon_pkg']
[0.141s] Level 1:colcon.colcon_core.package_identification:_identify(piper/image) by extension 'colcon_pkg'
[0.141s] Level 1:colcon.colcon_core.package_identification:_identify(piper/image) by extensions ['colcon_meta']
[0.141s] Level 1:colcon.colcon_core.package_identification:_identify(piper/image) by extension 'colcon_meta'
[0.141s] Level 1:colcon.colcon_core.package_identification:_identify(piper/image) by extensions ['ros']
[0.141s] Level 1:colcon.colcon_core.package_identification:_identify(piper/image) by extension 'ros'
[0.141s] Level 1:colcon.colcon_core.package_identification:_identify(piper/image) by extensions ['cmake', 'python']
[0.141s] Level 1:colcon.colcon_core.package_identification:_identify(piper/image) by extension 'cmake'
[0.141s] Level 1:colcon.colcon_core.package_identification:_identify(piper/image) by extension 'python'
[0.141s] Level 1:colcon.colcon_core.package_identification:_identify(piper/image) by extensions ['python_setup_py']
[0.141s] Level 1:colcon.colcon_core.package_identification:_identify(piper/image) by extension 'python_setup_py'
[0.141s] Level 1:colcon.colcon_core.package_identification:_identify(piper/learnning_piper) by extensions ['ignore', 'ignore_ament_install']
[0.141s] Level 1:colcon.colcon_core.package_identification:_identify(piper/learnning_piper) by extension 'ignore'
[0.141s] Level 1:colcon.colcon_core.package_identification:_identify(piper/learnning_piper) by extension 'ignore_ament_install'
[0.141s] Level 1:colcon.colcon_core.package_identification:_identify(piper/learnning_piper) by extensions ['colcon_pkg']
[0.141s] Level 1:colcon.colcon_core.package_identification:_identify(piper/learnning_piper) by extension 'colcon_pkg'
[0.141s] Level 1:colcon.colcon_core.package_identification:_identify(piper/learnning_piper) by extensions ['colcon_meta']
[0.141s] Level 1:colcon.colcon_core.package_identification:_identify(piper/learnning_piper) by extension 'colcon_meta'
[0.141s] Level 1:colcon.colcon_core.package_identification:_identify(piper/learnning_piper) by extensions ['ros']
[0.141s] Level 1:colcon.colcon_core.package_identification:_identify(piper/learnning_piper) by extension 'ros'
[0.147s] DEBUG:colcon.colcon_core.package_identification:Package 'piper/learnning_piper' with type 'ros.ament_cmake' and name 'learnning_piper'
[0.147s] Level 1:colcon.colcon_core.package_identification:_identify(piper/piper_description) by extensions ['ignore', 'ignore_ament_install']
[0.147s] Level 1:colcon.colcon_core.package_identification:_identify(piper/piper_description) by extension 'ignore'
[0.147s] Level 1:colcon.colcon_core.package_identification:_identify(piper/piper_description) by extension 'ignore_ament_install'
[0.147s] Level 1:colcon.colcon_core.package_identification:_identify(piper/piper_description) by extensions ['colcon_pkg']
[0.147s] Level 1:colcon.colcon_core.package_identification:_identify(piper/piper_description) by extension 'colcon_pkg'
[0.147s] Level 1:colcon.colcon_core.package_identification:_identify(piper/piper_description) by extensions ['colcon_meta']
[0.147s] Level 1:colcon.colcon_core.package_identification:_identify(piper/piper_description) by extension 'colcon_meta'
[0.147s] Level 1:colcon.colcon_core.package_identification:_identify(piper/piper_description) by extensions ['ros']
[0.147s] Level 1:colcon.colcon_core.package_identification:_identify(piper/piper_description) by extension 'ros'
[0.147s] DEBUG:colcon.colcon_core.package_identification:Package 'piper/piper_description' with type 'ros.ament_cmake' and name 'piper_description'
[0.147s] Level 1:colcon.colcon_core.package_identification:_identify(piper/piper_moveit_config_v4) by extensions ['ignore', 'ignore_ament_install']
[0.147s] Level 1:colcon.colcon_core.package_identification:_identify(piper/piper_moveit_config_v4) by extension 'ignore'
[0.147s] Level 1:colcon.colcon_core.package_identification:_identify(piper/piper_moveit_config_v4) by extension 'ignore_ament_install'
[0.147s] Level 1:colcon.colcon_core.package_identification:_identify(piper/piper_moveit_config_v4) by extensions ['colcon_pkg']
[0.147s] Level 1:colcon.colcon_core.package_identification:_identify(piper/piper_moveit_config_v4) by extension 'colcon_pkg'
[0.147s] Level 1:colcon.colcon_core.package_identification:_identify(piper/piper_moveit_config_v4) by extensions ['colcon_meta']
[0.147s] Level 1:colcon.colcon_core.package_identification:_identify(piper/piper_moveit_config_v4) by extension 'colcon_meta'
[0.147s] Level 1:colcon.colcon_core.package_identification:_identify(piper/piper_moveit_config_v4) by extensions ['ros']
[0.147s] Level 1:colcon.colcon_core.package_identification:_identify(piper/piper_moveit_config_v4) by extension 'ros'
[0.148s] DEBUG:colcon.colcon_core.package_identification:Package 'piper/piper_moveit_config_v4' with type 'ros.ament_cmake' and name 'piper_moveit_config_v4'
[0.148s] Level 1:colcon.colcon_core.package_identification:_identify(piper/piper_moveit_config_v5) by extensions ['ignore', 'ignore_ament_install']
[0.148s] Level 1:colcon.colcon_core.package_identification:_identify(piper/piper_moveit_config_v5) by extension 'ignore'
[0.148s] Level 1:colcon.colcon_core.package_identification:_identify(piper/piper_moveit_config_v5) by extension 'ignore_ament_install'
[0.148s] Level 1:colcon.colcon_core.package_identification:_identify(piper/piper_moveit_config_v5) by extensions ['colcon_pkg']
[0.148s] Level 1:colcon.colcon_core.package_identification:_identify(piper/piper_moveit_config_v5) by extension 'colcon_pkg'
[0.148s] Level 1:colcon.colcon_core.package_identification:_identify(piper/piper_moveit_config_v5) by extensions ['colcon_meta']
[0.148s] Level 1:colcon.colcon_core.package_identification:_identify(piper/piper_moveit_config_v5) by extension 'colcon_meta'
[0.148s] Level 1:colcon.colcon_core.package_identification:_identify(piper/piper_moveit_config_v5) by extensions ['ros']
[0.148s] Level 1:colcon.colcon_core.package_identification:_identify(piper/piper_moveit_config_v5) by extension 'ros'
[0.148s] DEBUG:colcon.colcon_core.package_identification:Package 'piper/piper_moveit_config_v5' with type 'ros.ament_cmake' and name 'piper_moveit_config_v5'
[0.148s] Level 1:colcon.colcon_core.package_discovery:discover_packages(recursive) using defaults
[0.148s] Level 1:colcon.colcon_core.package_discovery:discover_packages(ignore) discover
[0.148s] Level 1:colcon.colcon_core.package_discovery:discover_packages(ignore) using defaults
[0.148s] Level 1:colcon.colcon_core.package_discovery:discover_packages(path) discover
[0.148s] Level 1:colcon.colcon_core.package_discovery:discover_packages(path) using defaults
[0.157s] INFO:colcon.colcon_core.package_selection:Skipping not selected package 'learnning_piper' in 'piper/learnning_piper'
[0.157s] INFO:colcon.colcon_core.package_selection:Skipping not selected package 'limo_description' in 'limo/limo_description'
[0.157s] INFO:colcon.colcon_core.package_selection:Skipping not selected package 'limo_gazebo_sim' in 'limo/limo_gazebo_sim'
[0.157s] INFO:colcon.colcon_core.package_selection:Skipping not selected package 'piper_description' in 'piper/piper_description'
[0.157s] INFO:colcon.colcon_core.package_selection:Skipping not selected package 'limo_bringup' in 'limo/limo_bringup'
[0.157s] INFO:colcon.colcon_core.package_selection:Skipping not selected package 'limo_learnning' in 'limo/limo_learnning'
[0.157s] INFO:colcon.colcon_core.package_selection:Skipping not selected package 'limo_learnning_py' in 'limo/limo_learnning_py'
[0.157s] INFO:colcon.colcon_core.package_selection:Skipping not selected package 'piper_moveit_config_v4' in 'piper/piper_moveit_config_v4'
[0.157s] INFO:colcon.colcon_core.package_selection:Skipping not selected package 'piper_moveit_config_v5' in 'piper/piper_moveit_config_v5'
[0.157s] Level 1:colcon.colcon_core.package_discovery:discover_packages(prefix_path) check parameters
[0.157s] Level 1:colcon.colcon_core.package_discovery:discover_packages(prefix_path) discover
[0.158s] DEBUG:colcon.colcon_installed_package_information.package_discovery:Found 419 installed packages in /opt/ros/humble
[0.159s] Level 1:colcon.colcon_core.package_discovery:discover_packages(prefix_path) using defaults
[0.177s] Level 5:colcon.colcon_core.verb:set package 'limo_msgs' build argument 'cmake_args' from command line to 'None'
[0.177s] Level 5:colcon.colcon_core.verb:set package 'limo_msgs' build argument 'cmake_target' from command line to 'None'
[0.177s] Level 5:colcon.colcon_core.verb:set package 'limo_msgs' build argument 'cmake_target_skip_unavailable' from command line to 'False'
[0.177s] Level 5:colcon.colcon_core.verb:set package 'limo_msgs' build argument 'cmake_clean_cache' from command line to 'False'
[0.177s] Level 5:colcon.colcon_core.verb:set package 'limo_msgs' build argument 'cmake_clean_first' from command line to 'False'
[0.177s] Level 5:colcon.colcon_core.verb:set package 'limo_msgs' build argument 'cmake_force_configure' from command line to 'False'
[0.177s] Level 5:colcon.colcon_core.verb:set package 'limo_msgs' build argument 'ament_cmake_args' from command line to 'None'
[0.177s] Level 5:colcon.colcon_core.verb:set package 'limo_msgs' build argument 'catkin_cmake_args' from command line to 'None'
[0.177s] Level 5:colcon.colcon_core.verb:set package 'limo_msgs' build argument 'catkin_skip_building_tests' from command line to 'False'
[0.177s] DEBUG:colcon.colcon_core.verb:Building package 'limo_msgs' with the following arguments: {'ament_cmake_args': None, 'build_base': '/home/zihao/Documents/limo/agilex_open_class/build/limo_msgs', 'catkin_cmake_args': None, 'catkin_skip_building_tests': False, 'cmake_args': None, 'cmake_clean_cache': False, 'cmake_clean_first': False, 'cmake_force_configure': False, 'cmake_target': None, 'cmake_target_skip_unavailable': False, 'install_base': '/home/zihao/Documents/limo/agilex_open_class/install/limo_msgs', 'merge_install': False, 'path': '/home/zihao/Documents/limo/agilex_open_class/limo/limo_msgs', 'symlink_install': False, 'test_result_base': None}
[0.177s] INFO:colcon.colcon_core.executor:Executing jobs using 'parallel' executor
[0.178s] DEBUG:colcon.colcon_parallel_executor.executor.parallel:run_until_complete
[0.178s] INFO:colcon.colcon_ros.task.ament_cmake.build:Building ROS package in '/home/zihao/Documents/limo/agilex_open_class/limo/limo_msgs' with build type 'ament_cmake'
[0.178s] INFO:colcon.colcon_cmake.task.cmake.build:Building CMake package in '/home/zihao/Documents/limo/agilex_open_class/limo/limo_msgs'
[0.179s] INFO:colcon.colcon_core.plugin_system:Skipping extension 'colcon_core.shell.bat': Not used on non-Windows systems
[0.179s] INFO:colcon.colcon_core.shell:Skip shell extension 'powershell' for command environment: Not usable outside of PowerShell
[0.179s] DEBUG:colcon.colcon_core.shell:Skip shell extension 'dsv' for command environment
[0.185s] DEBUG:colcon.colcon_core.event_handler.log_command:Invoking command in '/home/zihao/Documents/limo/agilex_open_class/build/limo_msgs': CMAKE_PREFIX_PATH=/opt/ros/humble CONDA_PROMPT_MODIFIER=(base) /usr/bin/cmake --build /home/zihao/Documents/limo/agilex_open_class/build/limo_msgs -- -j32 -l32
[1.565s] DEBUG:colcon.colcon_core.event_handler.log_command:Invoked command in '/home/zihao/Documents/limo/agilex_open_class/build/limo_msgs' returned '0': CMAKE_PREFIX_PATH=/opt/ros/humble CONDA_PROMPT_MODIFIER=(base) /usr/bin/cmake --build /home/zihao/Documents/limo/agilex_open_class/build/limo_msgs -- -j32 -l32
[1.571s] DEBUG:colcon.colcon_core.event_handler.log_command:Invoking command in '/home/zihao/Documents/limo/agilex_open_class/build/limo_msgs': CMAKE_PREFIX_PATH=/opt/ros/humble CONDA_PROMPT_MODIFIER=(base) /usr/bin/cmake --install /home/zihao/Documents/limo/agilex_open_class/build/limo_msgs
[1.607s] Level 1:colcon.colcon_core.environment:create_environment_scripts_only(limo_msgs)
[1.608s] DEBUG:colcon.colcon_core.event_handler.log_command:Invoked command in '/home/zihao/Documents/limo/agilex_open_class/build/limo_msgs' returned '0': CMAKE_PREFIX_PATH=/opt/ros/humble CONDA_PROMPT_MODIFIER=(base) /usr/bin/cmake --install /home/zihao/Documents/limo/agilex_open_class/build/limo_msgs
[1.609s] Level 1:colcon.colcon_core.environment:checking '/home/zihao/Documents/limo/agilex_open_class/install/limo_msgs' for CMake module files
[1.609s] Level 1:colcon.colcon_core.environment:checking '/home/zihao/Documents/limo/agilex_open_class/install/limo_msgs' for CMake config files
[1.609s] Level 1:colcon.colcon_core.shell:create_environment_hook('limo_msgs', 'cmake_prefix_path')
[1.609s] INFO:colcon.colcon_core.shell:Creating environment hook '/home/zihao/Documents/limo/agilex_open_class/install/limo_msgs/share/limo_msgs/hook/cmake_prefix_path.ps1'
[1.610s] INFO:colcon.colcon_core.shell:Creating environment descriptor '/home/zihao/Documents/limo/agilex_open_class/install/limo_msgs/share/limo_msgs/hook/cmake_prefix_path.dsv'
[1.610s] INFO:colcon.colcon_core.shell:Creating environment hook '/home/zihao/Documents/limo/agilex_open_class/install/limo_msgs/share/limo_msgs/hook/cmake_prefix_path.sh'
[1.610s] Level 1:colcon.colcon_core.environment:checking '/home/zihao/Documents/limo/agilex_open_class/install/limo_msgs/lib'
[1.610s] Level 1:colcon.colcon_core.shell:create_environment_hook('limo_msgs', 'ld_library_path_lib')
[1.610s] INFO:colcon.colcon_core.shell:Creating environment hook '/home/zihao/Documents/limo/agilex_open_class/install/limo_msgs/share/limo_msgs/hook/ld_library_path_lib.ps1'
[1.610s] INFO:colcon.colcon_core.shell:Creating environment descriptor '/home/zihao/Documents/limo/agilex_open_class/install/limo_msgs/share/limo_msgs/hook/ld_library_path_lib.dsv'
[1.611s] INFO:colcon.colcon_core.shell:Creating environment hook '/home/zihao/Documents/limo/agilex_open_class/install/limo_msgs/share/limo_msgs/hook/ld_library_path_lib.sh'
[1.611s] Level 1:colcon.colcon_core.environment:checking '/home/zihao/Documents/limo/agilex_open_class/install/limo_msgs/bin'
[1.611s] Level 1:colcon.colcon_core.environment:checking '/home/zihao/Documents/limo/agilex_open_class/install/limo_msgs/lib/pkgconfig/limo_msgs.pc'
[1.611s] Level 1:colcon.colcon_core.environment:checking '/home/zihao/Documents/limo/agilex_open_class/install/limo_msgs/lib/python3.10/site-packages'
[1.611s] Level 1:colcon.colcon_core.environment:checking '/home/zihao/Documents/limo/agilex_open_class/install/limo_msgs/bin'
[1.611s] INFO:colcon.colcon_core.shell:Creating package script '/home/zihao/Documents/limo/agilex_open_class/install/limo_msgs/share/limo_msgs/package.ps1'
[1.611s] INFO:colcon.colcon_core.shell:Creating package descriptor '/home/zihao/Documents/limo/agilex_open_class/install/limo_msgs/share/limo_msgs/package.dsv'
[1.611s] INFO:colcon.colcon_core.shell:Creating package script '/home/zihao/Documents/limo/agilex_open_class/install/limo_msgs/share/limo_msgs/package.sh'
[1.612s] INFO:colcon.colcon_core.shell:Creating package script '/home/zihao/Documents/limo/agilex_open_class/install/limo_msgs/share/limo_msgs/package.bash'
[1.612s] INFO:colcon.colcon_core.shell:Creating package script '/home/zihao/Documents/limo/agilex_open_class/install/limo_msgs/share/limo_msgs/package.zsh'
[1.612s] Level 1:colcon.colcon_core.environment:create_file_with_runtime_dependencies(/home/zihao/Documents/limo/agilex_open_class/install/limo_msgs/share/colcon-core/packages/limo_msgs)
[1.612s] Level 1:colcon.colcon_core.environment:create_environment_scripts_only(limo_msgs)
[1.613s] Level 1:colcon.colcon_core.environment:checking '/home/zihao/Documents/limo/agilex_open_class/install/limo_msgs' for CMake module files
[1.613s] Level 1:colcon.colcon_core.environment:checking '/home/zihao/Documents/limo/agilex_open_class/install/limo_msgs' for CMake config files
[1.613s] Level 1:colcon.colcon_core.shell:create_environment_hook('limo_msgs', 'cmake_prefix_path')
[1.613s] INFO:colcon.colcon_core.shell:Creating environment hook '/home/zihao/Documents/limo/agilex_open_class/install/limo_msgs/share/limo_msgs/hook/cmake_prefix_path.ps1'
[1.613s] INFO:colcon.colcon_core.shell:Creating environment descriptor '/home/zihao/Documents/limo/agilex_open_class/install/limo_msgs/share/limo_msgs/hook/cmake_prefix_path.dsv'
[1.613s] INFO:colcon.colcon_core.shell:Creating environment hook '/home/zihao/Documents/limo/agilex_open_class/install/limo_msgs/share/limo_msgs/hook/cmake_prefix_path.sh'
[1.613s] Level 1:colcon.colcon_core.environment:checking '/home/zihao/Documents/limo/agilex_open_class/install/limo_msgs/lib'
[1.613s] Level 1:colcon.colcon_core.shell:create_environment_hook('limo_msgs', 'ld_library_path_lib')
[1.613s] INFO:colcon.colcon_core.shell:Creating environment hook '/home/zihao/Documents/limo/agilex_open_class/install/limo_msgs/share/limo_msgs/hook/ld_library_path_lib.ps1'
[1.614s] INFO:colcon.colcon_core.shell:Creating environment descriptor '/home/zihao/Documents/limo/agilex_open_class/install/limo_msgs/share/limo_msgs/hook/ld_library_path_lib.dsv'
[1.614s] INFO:colcon.colcon_core.shell:Creating environment hook '/home/zihao/Documents/limo/agilex_open_class/install/limo_msgs/share/limo_msgs/hook/ld_library_path_lib.sh'
[1.614s] Level 1:colcon.colcon_core.environment:checking '/home/zihao/Documents/limo/agilex_open_class/install/limo_msgs/bin'
[1.614s] Level 1:colcon.colcon_core.environment:checking '/home/zihao/Documents/limo/agilex_open_class/install/limo_msgs/lib/pkgconfig/limo_msgs.pc'
[1.614s] Level 1:colcon.colcon_core.environment:checking '/home/zihao/Documents/limo/agilex_open_class/install/limo_msgs/lib/python3.10/site-packages'
[1.614s] Level 1:colcon.colcon_core.environment:checking '/home/zihao/Documents/limo/agilex_open_class/install/limo_msgs/bin'
[1.614s] INFO:colcon.colcon_core.shell:Creating package script '/home/zihao/Documents/limo/agilex_open_class/install/limo_msgs/share/limo_msgs/package.ps1'
[1.614s] INFO:colcon.colcon_core.shell:Creating package descriptor '/home/zihao/Documents/limo/agilex_open_class/install/limo_msgs/share/limo_msgs/package.dsv'
[1.615s] INFO:colcon.colcon_core.shell:Creating package script '/home/zihao/Documents/limo/agilex_open_class/install/limo_msgs/share/limo_msgs/package.sh'
[1.615s] INFO:colcon.colcon_core.shell:Creating package script '/home/zihao/Documents/limo/agilex_open_class/install/limo_msgs/share/limo_msgs/package.bash'
[1.615s] INFO:colcon.colcon_core.shell:Creating package script '/home/zihao/Documents/limo/agilex_open_class/install/limo_msgs/share/limo_msgs/package.zsh'
[1.615s] Level 1:colcon.colcon_core.environment:create_file_with_runtime_dependencies(/home/zihao/Documents/limo/agilex_open_class/install/limo_msgs/share/colcon-core/packages/limo_msgs)
[1.615s] DEBUG:colcon.colcon_parallel_executor.executor.parallel:closing loop
[1.615s] DEBUG:colcon.colcon_parallel_executor.executor.parallel:loop closed
[1.615s] DEBUG:colcon.colcon_parallel_executor.executor.parallel:run_until_complete finished with '0'
[1.615s] DEBUG:colcon.colcon_core.event_reactor:joining thread
[1.618s] INFO:colcon.colcon_core.plugin_system:Skipping extension 'colcon_notification.desktop_notification.terminal_notifier': Not used on non-Darwin systems
[1.618s] INFO:colcon.colcon_core.plugin_system:Skipping extension 'colcon_notification.desktop_notification.win32': Not used on non-Windows systems
[1.618s] INFO:colcon.colcon_notification.desktop_notification:Sending desktop notification using 'notify2'
[1.623s] DEBUG:colcon.colcon_core.event_reactor:joined thread
[1.623s] INFO:colcon.colcon_core.shell:Creating prefix script '/home/zihao/Documents/limo/agilex_open_class/install/local_setup.ps1'
[1.623s] INFO:colcon.colcon_core.shell:Creating prefix util module '/home/zihao/Documents/limo/agilex_open_class/install/_local_setup_util_ps1.py'
[1.624s] INFO:colcon.colcon_core.shell:Creating prefix chain script '/home/zihao/Documents/limo/agilex_open_class/install/setup.ps1'
[1.624s] INFO:colcon.colcon_core.shell:Creating prefix script '/home/zihao/Documents/limo/agilex_open_class/install/local_setup.sh'
[1.624s] INFO:colcon.colcon_core.shell:Creating prefix util module '/home/zihao/Documents/limo/agilex_open_class/install/_local_setup_util_sh.py'
[1.625s] INFO:colcon.colcon_core.shell:Creating prefix chain script '/home/zihao/Documents/limo/agilex_open_class/install/setup.sh'
[1.625s] INFO:colcon.colcon_core.shell:Creating prefix script '/home/zihao/Documents/limo/agilex_open_class/install/local_setup.bash'
[1.625s] INFO:colcon.colcon_core.shell:Creating prefix chain script '/home/zihao/Documents/limo/agilex_open_class/install/setup.bash'
[1.625s] INFO:colcon.colcon_core.shell:Creating prefix script '/home/zihao/Documents/limo/agilex_open_class/install/local_setup.zsh'
[1.626s] INFO:colcon.colcon_core.shell:Creating prefix chain script '/home/zihao/Documents/limo/agilex_open_class/install/setup.zsh'
