[0.019s] Invoking command in '/home/zihao/Documents/limo/agilex_open_class/build/piper_description': CMAKE_PREFIX_PATH=/opt/ros/humble CONDA_PROMPT_MODIFIER=(REDIG) /home/zihao/anaconda3/envs/REDIG/bin/cmake /home/zihao/Documents/limo/agilex_open_class/piper/piper_description -DCMAKE_INSTALL_PREFIX=/home/zihao/Documents/limo/agilex_open_class/install/piper_description
[0.089s] -- The C compiler identification is GNU 11.4.0
[0.131s] -- The CXX compiler identification is GNU 11.4.0
[0.140s] -- Detecting C compiler ABI info
[0.220s] -- Detecting C compiler ABI info - done
[0.225s] -- Check for working C compiler: /usr/bin/cc - skipped
[0.226s] -- Detecting C compile features
[0.226s] -- Detecting C compile features - done
[0.228s] -- Detecting CXX compiler ABI info
[0.309s] -- Detecting CXX compiler ABI info - done
[0.315s] -- Check for working CXX compiler: /usr/bin/c++ - skipped
[0.315s] -- Detecting CXX compile features
[0.315s] -- Detecting CXX compile features - done
[0.315s] -- Found ament_cmake: 1.3.11 (/opt/ros/humble/share/ament_cmake/cmake)
[0.535s] -- Found ament_lint_auto: 0.12.11 (/opt/ros/humble/share/ament_lint_auto/cmake)
[0.547s] Traceback (most recent call last):
[0.548s]   File "/opt/ros/humble/share/ament_cmake_core/cmake/core/package_xml_2_cmake.py", line 22, in <module>
[0.548s]     from catkin_pkg.package import parse_package_string
[0.548s] ModuleNotFoundError: No module named 'catkin_pkg'
[0.549s] [31mCMake Error at /opt/ros/humble/share/ament_cmake_core/cmake/core/ament_package_xml.cmake:95 (message):
[0.549s]   execute_process(/home/zihao/anaconda3/bin/python3
[0.549s]   /opt/ros/humble/share/ament_cmake_core/cmake/core/package_xml_2_cmake.py
[0.549s]   /home/zihao/Documents/limo/agilex_open_class/piper/piper_description/package.xml
[0.549s]   /home/zihao/Documents/limo/agilex_open_class/build/piper_description/ament_cmake_core/package.cmake)
[0.549s]   returned error code 1
[0.549s] Call Stack (most recent call first):
[0.549s]   /opt/ros/humble/share/ament_cmake_core/cmake/core/ament_package_xml.cmake:49 (_ament_package_xml)
[0.549s]   /opt/ros/humble/share/ament_lint_auto/cmake/ament_lint_auto_find_test_dependencies.cmake:31 (ament_package_xml)
[0.549s]   CMakeLists.txt:35 (ament_lint_auto_find_test_dependencies)
[0.549s] 
[0.549s] [0m
[0.549s] -- Configuring incomplete, errors occurred!
[0.555s] Invoked command in '/home/zihao/Documents/limo/agilex_open_class/build/piper_description' returned '1': CMAKE_PREFIX_PATH=/opt/ros/humble CONDA_PROMPT_MODIFIER=(REDIG) /home/zihao/anaconda3/envs/REDIG/bin/cmake /home/zihao/Documents/limo/agilex_open_class/piper/piper_description -DCMAKE_INSTALL_PREFIX=/home/zihao/Documents/limo/agilex_open_class/install/piper_description
