[0.011s] Invoking command in '/home/zihao/Documents/limo/agilex_open_class/build/limo_bringup': CMAKE_PREFIX_PATH=/home/zihao/Documents/limo/agilex_open_class/install/limo_msgs:/home/zihao/Documents/limo/agilex_open_class/install/piper_moveit_config_v5:/home/zihao/Documents/limo/agilex_open_class/install/piper_moveit_config_v4:/home/zihao/Documents/limo/agilex_open_class/install/piper_description:/home/zihao/Documents/limo/agilex_open_class/install/limo_learnning:/home/zihao/Documents/limo/agilex_open_class/install/limo_bringup:/home/zihao/Documents/limo/agilex_open_class/install/limo_gazebo_sim:/home/zihao/Documents/limo/agilex_open_class/install/limo_description:/home/zihao/Documents/limo/agilex_open_class/install/learnning_piper:/home/zihao/Documents/limo/agilex_open_class/install/limo_learnning_py:/opt/ros/humble CONDA_PROMPT_MODIFIER=(base) LD_LIBRARY_PATH=/home/zihao/Documents/limo/agilex_open_class/install/limo_msgs/lib:/usr/lib/x86_64-linux-gnu/gazebo-11/plugins:/opt/ros/humble/opt/rviz_ogre_vendor/lib:/opt/ros/humble/lib/x86_64-linux-gnu:/opt/ros/humble/lib:/tmp/.mount_CursorT78cpw/usr/lib/:/tmp/.mount_CursorT78cpw/usr/lib32/:/tmp/.mount_CursorT78cpw/usr/lib64/:/tmp/.mount_CursorT78cpw/lib/:/tmp/.mount_CursorT78cpw/lib/i386-linux-gnu/:/tmp/.mount_CursorT78cpw/lib/x86_64-linux-gnu/:/tmp/.mount_CursorT78cpw/lib/aarch64-linux-gnu/:/tmp/.mount_CursorT78cpw/lib32/:/tmp/.mount_CursorT78cpw/lib64/:/usr/share/gazebo/../../lib/x86_64-linux-gnu/gazebo-11/plugins /usr/bin/cmake --build /home/zihao/Documents/limo/agilex_open_class/build/limo_bringup -- -j32 -l32
[0.118s] Invoked command in '/home/zihao/Documents/limo/agilex_open_class/build/limo_bringup' returned '0': CMAKE_PREFIX_PATH=/home/zihao/Documents/limo/agilex_open_class/install/limo_msgs:/home/zihao/Documents/limo/agilex_open_class/install/piper_moveit_config_v5:/home/zihao/Documents/limo/agilex_open_class/install/piper_moveit_config_v4:/home/zihao/Documents/limo/agilex_open_class/install/piper_description:/home/zihao/Documents/limo/agilex_open_class/install/limo_learnning:/home/zihao/Documents/limo/agilex_open_class/install/limo_bringup:/home/zihao/Documents/limo/agilex_open_class/install/limo_gazebo_sim:/home/zihao/Documents/limo/agilex_open_class/install/limo_description:/home/zihao/Documents/limo/agilex_open_class/install/learnning_piper:/home/zihao/Documents/limo/agilex_open_class/install/limo_learnning_py:/opt/ros/humble CONDA_PROMPT_MODIFIER=(base) LD_LIBRARY_PATH=/home/zihao/Documents/limo/agilex_open_class/install/limo_msgs/lib:/usr/lib/x86_64-linux-gnu/gazebo-11/plugins:/opt/ros/humble/opt/rviz_ogre_vendor/lib:/opt/ros/humble/lib/x86_64-linux-gnu:/opt/ros/humble/lib:/tmp/.mount_CursorT78cpw/usr/lib/:/tmp/.mount_CursorT78cpw/usr/lib32/:/tmp/.mount_CursorT78cpw/usr/lib64/:/tmp/.mount_CursorT78cpw/lib/:/tmp/.mount_CursorT78cpw/lib/i386-linux-gnu/:/tmp/.mount_CursorT78cpw/lib/x86_64-linux-gnu/:/tmp/.mount_CursorT78cpw/lib/aarch64-linux-gnu/:/tmp/.mount_CursorT78cpw/lib32/:/tmp/.mount_CursorT78cpw/lib64/:/usr/share/gazebo/../../lib/x86_64-linux-gnu/gazebo-11/plugins /usr/bin/cmake --build /home/zihao/Documents/limo/agilex_open_class/build/limo_bringup -- -j32 -l32
[0.119s] Invoking command in '/home/zihao/Documents/limo/agilex_open_class/build/limo_bringup': CMAKE_PREFIX_PATH=/home/zihao/Documents/limo/agilex_open_class/install/limo_msgs:/home/zihao/Documents/limo/agilex_open_class/install/piper_moveit_config_v5:/home/zihao/Documents/limo/agilex_open_class/install/piper_moveit_config_v4:/home/zihao/Documents/limo/agilex_open_class/install/piper_description:/home/zihao/Documents/limo/agilex_open_class/install/limo_learnning:/home/zihao/Documents/limo/agilex_open_class/install/limo_bringup:/home/zihao/Documents/limo/agilex_open_class/install/limo_gazebo_sim:/home/zihao/Documents/limo/agilex_open_class/install/limo_description:/home/zihao/Documents/limo/agilex_open_class/install/learnning_piper:/home/zihao/Documents/limo/agilex_open_class/install/limo_learnning_py:/opt/ros/humble CONDA_PROMPT_MODIFIER=(base) LD_LIBRARY_PATH=/home/zihao/Documents/limo/agilex_open_class/install/limo_msgs/lib:/usr/lib/x86_64-linux-gnu/gazebo-11/plugins:/opt/ros/humble/opt/rviz_ogre_vendor/lib:/opt/ros/humble/lib/x86_64-linux-gnu:/opt/ros/humble/lib:/tmp/.mount_CursorT78cpw/usr/lib/:/tmp/.mount_CursorT78cpw/usr/lib32/:/tmp/.mount_CursorT78cpw/usr/lib64/:/tmp/.mount_CursorT78cpw/lib/:/tmp/.mount_CursorT78cpw/lib/i386-linux-gnu/:/tmp/.mount_CursorT78cpw/lib/x86_64-linux-gnu/:/tmp/.mount_CursorT78cpw/lib/aarch64-linux-gnu/:/tmp/.mount_CursorT78cpw/lib32/:/tmp/.mount_CursorT78cpw/lib64/:/usr/share/gazebo/../../lib/x86_64-linux-gnu/gazebo-11/plugins /usr/bin/cmake --install /home/zihao/Documents/limo/agilex_open_class/build/limo_bringup
[0.125s] -- Install configuration: ""
[0.125s] -- Up-to-date: /home/zihao/Documents/limo/agilex_open_class/install/limo_bringup/share/limo_bringup//param
[0.125s] -- Up-to-date: /home/zihao/Documents/limo/agilex_open_class/install/limo_bringup/share/limo_bringup//param/planner.yaml
[0.125s] -- Up-to-date: /home/zihao/Documents/limo/agilex_open_class/install/limo_bringup/share/limo_bringup//param/nav2.yaml
[0.125s] -- Up-to-date: /home/zihao/Documents/limo/agilex_open_class/install/limo_bringup/share/limo_bringup//param/nav2_explore.yaml
[0.125s] -- Up-to-date: /home/zihao/Documents/limo/agilex_open_class/install/limo_bringup/share/limo_bringup//param/amcl_params.yaml
[0.125s] -- Up-to-date: /home/zihao/Documents/limo/agilex_open_class/install/limo_bringup/share/limo_bringup//param/costmap_local.yaml
[0.125s] -- Up-to-date: /home/zihao/Documents/limo/agilex_open_class/install/limo_bringup/share/limo_bringup//param/nav2_ackermann.yaml
[0.125s] -- Up-to-date: /home/zihao/Documents/limo/agilex_open_class/install/limo_bringup/share/limo_bringup//param/ydlidar.yaml
[0.125s] -- Up-to-date: /home/zihao/Documents/limo/agilex_open_class/install/limo_bringup/share/limo_bringup//param/costmap_global_static.yaml
[0.125s] -- Up-to-date: /home/zihao/Documents/limo/agilex_open_class/install/limo_bringup/share/limo_bringup//param/nav2_ackermann_rtab.yaml
[0.125s] -- Up-to-date: /home/zihao/Documents/limo/agilex_open_class/install/limo_bringup/share/limo_bringup//param/costmap_global_laser.yaml
[0.125s] -- Up-to-date: /home/zihao/Documents/limo/agilex_open_class/install/limo_bringup/share/limo_bringup//param/nav2_ackermann_foxy.yaml
[0.125s] -- Up-to-date: /home/zihao/Documents/limo/agilex_open_class/install/limo_bringup/share/limo_bringup//param/costmap_common.yaml
[0.126s] -- Up-to-date: /home/zihao/Documents/limo/agilex_open_class/install/limo_bringup/share/limo_bringup//maps
[0.126s] -- Up-to-date: /home/zihao/Documents/limo/agilex_open_class/install/limo_bringup/share/limo_bringup//maps/map212.pgm
[0.126s] -- Up-to-date: /home/zihao/Documents/limo/agilex_open_class/install/limo_bringup/share/limo_bringup//maps/map04.pgm
[0.126s] -- Up-to-date: /home/zihao/Documents/limo/agilex_open_class/install/limo_bringup/share/limo_bringup//maps/map222 (copy).pgm
[0.126s] -- Up-to-date: /home/zihao/Documents/limo/agilex_open_class/install/limo_bringup/share/limo_bringup//maps/map01.yaml
[0.126s] -- Up-to-date: /home/zihao/Documents/limo/agilex_open_class/install/limo_bringup/share/limo_bringup//maps/limo.pgm
[0.126s] -- Up-to-date: /home/zihao/Documents/limo/agilex_open_class/install/limo_bringup/share/limo_bringup//maps/map.yaml
[0.126s] -- Up-to-date: /home/zihao/Documents/limo/agilex_open_class/install/limo_bringup/share/limo_bringup//maps/map02.yaml
[0.126s] -- Up-to-date: /home/zihao/Documents/limo/agilex_open_class/install/limo_bringup/share/limo_bringup//maps/map01.pgm
[0.126s] -- Up-to-date: /home/zihao/Documents/limo/agilex_open_class/install/limo_bringup/share/limo_bringup//maps/map04.yaml
[0.126s] -- Up-to-date: /home/zihao/Documents/limo/agilex_open_class/install/limo_bringup/share/limo_bringup//maps/limo.yaml
[0.126s] -- Up-to-date: /home/zihao/Documents/limo/agilex_open_class/install/limo_bringup/share/limo_bringup//maps/map.pgm
[0.126s] -- Up-to-date: /home/zihao/Documents/limo/agilex_open_class/install/limo_bringup/share/limo_bringup//maps/map03.pgm
[0.126s] -- Up-to-date: /home/zihao/Documents/limo/agilex_open_class/install/limo_bringup/share/limo_bringup//maps/map02.pgm
[0.126s] -- Up-to-date: /home/zihao/Documents/limo/agilex_open_class/install/limo_bringup/share/limo_bringup//maps/map222.yaml
[0.126s] -- Up-to-date: /home/zihao/Documents/limo/agilex_open_class/install/limo_bringup/share/limo_bringup//maps/map212.yaml
[0.126s] -- Up-to-date: /home/zihao/Documents/limo/agilex_open_class/install/limo_bringup/share/limo_bringup//maps/map03.yaml
[0.126s] -- Up-to-date: /home/zihao/Documents/limo/agilex_open_class/install/limo_bringup/share/limo_bringup//maps/map222.pgm
[0.126s] -- Up-to-date: /home/zihao/Documents/limo/agilex_open_class/install/limo_bringup/share/limo_bringup//config_files
[0.126s] -- Up-to-date: /home/zihao/Documents/limo/agilex_open_class/install/limo_bringup/share/limo_bringup//config_files/limon_navigation.rviz
[0.126s] -- Up-to-date: /home/zihao/Documents/limo/agilex_open_class/install/limo_bringup/share/limo_bringup//config_files/demo_2d.rviz
[0.126s] -- Up-to-date: /home/zihao/Documents/limo/agilex_open_class/install/limo_bringup/share/limo_bringup//config_files/limo_lds_2d.lua
[0.126s] -- Up-to-date: /home/zihao/Documents/limo/agilex_open_class/install/limo_bringup/share/limo_bringup//config_files/slam_box.yaml
[0.126s] -- Up-to-date: /home/zihao/Documents/limo/agilex_open_class/install/limo_bringup/share/limo_bringup//config_files/limo_laser.lua
[0.126s] -- Up-to-date: /home/zihao/Documents/limo/agilex_open_class/install/limo_bringup/share/limo_bringup//config_files/ekf.yaml
[0.126s] -- Up-to-date: /home/zihao/Documents/limo/agilex_open_class/install/limo_bringup/share/limo_bringup//launch
[0.126s] -- Up-to-date: /home/zihao/Documents/limo/agilex_open_class/install/limo_bringup/share/limo_bringup//launch/humble
[0.126s] -- Up-to-date: /home/zihao/Documents/limo/agilex_open_class/install/limo_bringup/share/limo_bringup//launch/humble/navigation_launch.py
[0.126s] -- Up-to-date: /home/zihao/Documents/limo/agilex_open_class/install/limo_bringup/share/limo_bringup//launch/humble/limo_start.launch.py
[0.126s] -- Up-to-date: /home/zihao/Documents/limo/agilex_open_class/install/limo_bringup/share/limo_bringup//launch/humble/limo_rtab_scan.launch.py
[0.126s] -- Up-to-date: /home/zihao/Documents/limo/agilex_open_class/install/limo_bringup/share/limo_bringup//launch/humble/limo_rtab_nav2.launch.py
[0.126s] -- Up-to-date: /home/zihao/Documents/limo/agilex_open_class/install/limo_bringup/share/limo_bringup//launch/humble/limo_nav2.launch.py
[0.126s] -- Up-to-date: /home/zihao/Documents/limo/agilex_open_class/install/limo_bringup/share/limo_bringup//launch/humble/bringup.launch.py
[0.126s] -- Up-to-date: /home/zihao/Documents/limo/agilex_open_class/install/limo_bringup/share/limo_bringup//launch/humble/limo_rtab_rgbd.launch.py
[0.126s] -- Up-to-date: /home/zihao/Documents/limo/agilex_open_class/install/limo_bringup/share/limo_bringup//launch/humble/ekf_odom.launch.py
[0.126s] -- Up-to-date: /home/zihao/Documents/limo/agilex_open_class/install/limo_bringup/share/limo_bringup//launch/humble/localization_launch.py
[0.126s] -- Up-to-date: /home/zihao/Documents/limo/agilex_open_class/install/limo_bringup/share/limo_bringup//launch/humble/limo_nav2_explore.launch.py
[0.126s] -- Up-to-date: /home/zihao/Documents/limo/agilex_open_class/install/limo_bringup/share/limo_bringup//launch/humble/rgbdslam_datasets.launch.py
[0.126s] -- Up-to-date: /home/zihao/Documents/limo/agilex_open_class/install/limo_bringup/share/limo_bringup//launch/humble/limo_slam_box.launch.py
[0.126s] -- Up-to-date: /home/zihao/Documents/limo/agilex_open_class/install/limo_bringup/share/limo_bringup//launch/humble/limo_cartographer.launch.py
[0.126s] -- Up-to-date: /home/zihao/Documents/limo/agilex_open_class/install/limo_bringup/share/limo_bringup//launch/humble/__pycache__
[0.126s] -- Up-to-date: /home/zihao/Documents/limo/agilex_open_class/install/limo_bringup/share/limo_bringup//launch/humble/__pycache__/limo_rtab_nav2.laun.cpython-310.pyc
[0.126s] -- Up-to-date: /home/zihao/Documents/limo/agilex_open_class/install/limo_bringup/share/limo_bringup//launch/humble/limo_cartographer.launch copy.py
[0.126s] -- Up-to-date: /home/zihao/Documents/limo/agilex_open_class/install/limo_bringup/share/limo_bringup//launch/__pycache__
[0.126s] -- Up-to-date: /home/zihao/Documents/limo/agilex_open_class/install/limo_bringup/share/limo_bringup//launch/__pycache__/occupancy_grid.launch.cpython-310.pyc
[0.126s] -- Up-to-date: /home/zihao/Documents/limo/agilex_open_class/install/limo_bringup/share/limo_bringup//launch/__pycache__/cartographer.launch.cpython-310.pyc
[0.126s] -- Up-to-date: /home/zihao/Documents/limo/agilex_open_class/install/limo_bringup/share/limo_bringup//rviz
[0.126s] -- Up-to-date: /home/zihao/Documents/limo/agilex_open_class/install/limo_bringup/share/limo_bringup//rviz/nav2.rviz
[0.126s] -- Up-to-date: /home/zihao/Documents/limo/agilex_open_class/install/limo_bringup/share/limo_bringup//rviz/nav2_rtab.rviz
[0.126s] -- Up-to-date: /home/zihao/Documents/limo/agilex_open_class/install/limo_bringup/share/limo_bringup//rviz/cartographer.rviz
[0.126s] -- Up-to-date: /home/zihao/Documents/limo/agilex_open_class/install/limo_bringup/share/limo_bringup//rviz/nav2_copy.rviz
[0.126s] -- Up-to-date: /home/zihao/Documents/limo/agilex_open_class/install/limo_bringup/share/limo_bringup//launch
[0.126s] -- Up-to-date: /home/zihao/Documents/limo/agilex_open_class/install/limo_bringup/share/limo_bringup//launch/humble
[0.126s] -- Up-to-date: /home/zihao/Documents/limo/agilex_open_class/install/limo_bringup/share/limo_bringup//launch/humble/navigation_launch.py
[0.126s] -- Up-to-date: /home/zihao/Documents/limo/agilex_open_class/install/limo_bringup/share/limo_bringup//launch/humble/limo_start.launch.py
[0.126s] -- Up-to-date: /home/zihao/Documents/limo/agilex_open_class/install/limo_bringup/share/limo_bringup//launch/humble/limo_rtab_scan.launch.py
[0.126s] -- Up-to-date: /home/zihao/Documents/limo/agilex_open_class/install/limo_bringup/share/limo_bringup//launch/humble/limo_rtab_nav2.launch.py
[0.126s] -- Up-to-date: /home/zihao/Documents/limo/agilex_open_class/install/limo_bringup/share/limo_bringup//launch/humble/limo_nav2.launch.py
[0.127s] -- Up-to-date: /home/zihao/Documents/limo/agilex_open_class/install/limo_bringup/share/limo_bringup//launch/humble/bringup.launch.py
[0.127s] -- Up-to-date: /home/zihao/Documents/limo/agilex_open_class/install/limo_bringup/share/limo_bringup//launch/humble/limo_rtab_rgbd.launch.py
[0.127s] -- Up-to-date: /home/zihao/Documents/limo/agilex_open_class/install/limo_bringup/share/limo_bringup//launch/humble/ekf_odom.launch.py
[0.127s] -- Up-to-date: /home/zihao/Documents/limo/agilex_open_class/install/limo_bringup/share/limo_bringup//launch/humble/localization_launch.py
[0.127s] -- Up-to-date: /home/zihao/Documents/limo/agilex_open_class/install/limo_bringup/share/limo_bringup//launch/humble/limo_nav2_explore.launch.py
[0.127s] -- Up-to-date: /home/zihao/Documents/limo/agilex_open_class/install/limo_bringup/share/limo_bringup//launch/humble/rgbdslam_datasets.launch.py
[0.127s] -- Up-to-date: /home/zihao/Documents/limo/agilex_open_class/install/limo_bringup/share/limo_bringup//launch/humble/limo_slam_box.launch.py
[0.127s] -- Up-to-date: /home/zihao/Documents/limo/agilex_open_class/install/limo_bringup/share/limo_bringup//launch/humble/limo_cartographer.launch.py
[0.127s] -- Up-to-date: /home/zihao/Documents/limo/agilex_open_class/install/limo_bringup/share/limo_bringup//launch/humble/__pycache__
[0.127s] -- Up-to-date: /home/zihao/Documents/limo/agilex_open_class/install/limo_bringup/share/limo_bringup//launch/humble/__pycache__/limo_rtab_nav2.laun.cpython-310.pyc
[0.127s] -- Up-to-date: /home/zihao/Documents/limo/agilex_open_class/install/limo_bringup/share/limo_bringup//launch/humble/limo_cartographer.launch copy.py
[0.127s] -- Up-to-date: /home/zihao/Documents/limo/agilex_open_class/install/limo_bringup/share/limo_bringup//launch/__pycache__
[0.127s] -- Up-to-date: /home/zihao/Documents/limo/agilex_open_class/install/limo_bringup/share/limo_bringup//launch/__pycache__/occupancy_grid.launch.cpython-310.pyc
[0.127s] -- Up-to-date: /home/zihao/Documents/limo/agilex_open_class/install/limo_bringup/share/limo_bringup//launch/__pycache__/cartographer.launch.cpython-310.pyc
[0.127s] -- Up-to-date: /home/zihao/Documents/limo/agilex_open_class/install/limo_bringup/share/ament_index/resource_index/package_run_dependencies/limo_bringup
[0.127s] -- Up-to-date: /home/zihao/Documents/limo/agilex_open_class/install/limo_bringup/share/ament_index/resource_index/parent_prefix_path/limo_bringup
[0.127s] -- Up-to-date: /home/zihao/Documents/limo/agilex_open_class/install/limo_bringup/share/limo_bringup/environment/ament_prefix_path.sh
[0.127s] -- Up-to-date: /home/zihao/Documents/limo/agilex_open_class/install/limo_bringup/share/limo_bringup/environment/ament_prefix_path.dsv
[0.127s] -- Up-to-date: /home/zihao/Documents/limo/agilex_open_class/install/limo_bringup/share/limo_bringup/environment/path.sh
[0.127s] -- Up-to-date: /home/zihao/Documents/limo/agilex_open_class/install/limo_bringup/share/limo_bringup/environment/path.dsv
[0.127s] -- Up-to-date: /home/zihao/Documents/limo/agilex_open_class/install/limo_bringup/share/limo_bringup/local_setup.bash
[0.127s] -- Up-to-date: /home/zihao/Documents/limo/agilex_open_class/install/limo_bringup/share/limo_bringup/local_setup.sh
[0.127s] -- Up-to-date: /home/zihao/Documents/limo/agilex_open_class/install/limo_bringup/share/limo_bringup/local_setup.zsh
[0.127s] -- Up-to-date: /home/zihao/Documents/limo/agilex_open_class/install/limo_bringup/share/limo_bringup/local_setup.dsv
[0.127s] -- Installing: /home/zihao/Documents/limo/agilex_open_class/install/limo_bringup/share/limo_bringup/package.dsv
[0.127s] -- Up-to-date: /home/zihao/Documents/limo/agilex_open_class/install/limo_bringup/share/ament_index/resource_index/packages/limo_bringup
[0.127s] -- Up-to-date: /home/zihao/Documents/limo/agilex_open_class/install/limo_bringup/share/limo_bringup/cmake/limo_bringupConfig.cmake
[0.127s] -- Up-to-date: /home/zihao/Documents/limo/agilex_open_class/install/limo_bringup/share/limo_bringup/cmake/limo_bringupConfig-version.cmake
[0.127s] -- Up-to-date: /home/zihao/Documents/limo/agilex_open_class/install/limo_bringup/share/limo_bringup/package.xml
[0.128s] Invoked command in '/home/zihao/Documents/limo/agilex_open_class/build/limo_bringup' returned '0': CMAKE_PREFIX_PATH=/home/zihao/Documents/limo/agilex_open_class/install/limo_msgs:/home/zihao/Documents/limo/agilex_open_class/install/piper_moveit_config_v5:/home/zihao/Documents/limo/agilex_open_class/install/piper_moveit_config_v4:/home/zihao/Documents/limo/agilex_open_class/install/piper_description:/home/zihao/Documents/limo/agilex_open_class/install/limo_learnning:/home/zihao/Documents/limo/agilex_open_class/install/limo_bringup:/home/zihao/Documents/limo/agilex_open_class/install/limo_gazebo_sim:/home/zihao/Documents/limo/agilex_open_class/install/limo_description:/home/zihao/Documents/limo/agilex_open_class/install/learnning_piper:/home/zihao/Documents/limo/agilex_open_class/install/limo_learnning_py:/opt/ros/humble CONDA_PROMPT_MODIFIER=(base) LD_LIBRARY_PATH=/home/zihao/Documents/limo/agilex_open_class/install/limo_msgs/lib:/usr/lib/x86_64-linux-gnu/gazebo-11/plugins:/opt/ros/humble/opt/rviz_ogre_vendor/lib:/opt/ros/humble/lib/x86_64-linux-gnu:/opt/ros/humble/lib:/tmp/.mount_CursorT78cpw/usr/lib/:/tmp/.mount_CursorT78cpw/usr/lib32/:/tmp/.mount_CursorT78cpw/usr/lib64/:/tmp/.mount_CursorT78cpw/lib/:/tmp/.mount_CursorT78cpw/lib/i386-linux-gnu/:/tmp/.mount_CursorT78cpw/lib/x86_64-linux-gnu/:/tmp/.mount_CursorT78cpw/lib/aarch64-linux-gnu/:/tmp/.mount_CursorT78cpw/lib32/:/tmp/.mount_CursorT78cpw/lib64/:/usr/share/gazebo/../../lib/x86_64-linux-gnu/gazebo-11/plugins /usr/bin/cmake --install /home/zihao/Documents/limo/agilex_open_class/build/limo_bringup
