[0.011s] Invoking command in '/home/zihao/Documents/limo/agilex_open_class/build/limo_learnning': CMAKE_PREFIX_PATH=/home/zihao/Documents/limo/agilex_open_class/install/limo_msgs:/home/zihao/Documents/limo/agilex_open_class/install/piper_moveit_config_v5:/home/zihao/Documents/limo/agilex_open_class/install/piper_moveit_config_v4:/home/zihao/Documents/limo/agilex_open_class/install/piper_description:/home/zihao/Documents/limo/agilex_open_class/install/limo_learnning:/home/zihao/Documents/limo/agilex_open_class/install/limo_bringup:/home/zihao/Documents/limo/agilex_open_class/install/limo_gazebo_sim:/home/zihao/Documents/limo/agilex_open_class/install/limo_description:/home/zihao/Documents/limo/agilex_open_class/install/learnning_piper:/home/zihao/Documents/limo/agilex_open_class/install/limo_learnning_py:/opt/ros/humble LD_LIBRARY_PATH=/home/zihao/Documents/limo/agilex_open_class/install/limo_msgs/lib:/usr/lib/x86_64-linux-gnu/gazebo-11/plugins:/opt/ros/humble/opt/rviz_ogre_vendor/lib:/opt/ros/humble/lib/x86_64-linux-gnu:/opt/ros/humble/lib:/tmp/.mount_Cursoro3GCvs/usr/lib/:/tmp/.mount_Cursoro3GCvs/usr/lib32/:/tmp/.mount_Cursoro3GCvs/usr/lib64/:/tmp/.mount_Cursoro3GCvs/lib/:/tmp/.mount_Cursoro3GCvs/lib/i386-linux-gnu/:/tmp/.mount_Cursoro3GCvs/lib/x86_64-linux-gnu/:/tmp/.mount_Cursoro3GCvs/lib/aarch64-linux-gnu/:/tmp/.mount_Cursoro3GCvs/lib32/:/tmp/.mount_Cursoro3GCvs/lib64/:/usr/share/gazebo/../../lib/x86_64-linux-gnu/gazebo-11/plugins /usr/bin/cmake --build /home/zihao/Documents/limo/agilex_open_class/build/limo_learnning -- -j32 -l32
[0.069s] [35m[1mConsolidate compiler generated dependencies of target limo_action_server[0m
[0.070s] [35m[1mConsolidate compiler generated dependencies of target limo_action_client[0m
[0.071s] [35m[1mConsolidate compiler generated dependencies of target limo_server[0m
[0.074s] [35m[1mConsolidate compiler generated dependencies of target record_path[0m
[0.078s] [35m[1mConsolidate compiler generated dependencies of target limo_topic_cmd[0m
[0.078s] [35m[1mConsolidate compiler generated dependencies of target listen_tf[0m
[0.079s] [35m[1mConsolidate compiler generated dependencies of target limo_client[0m
[0.081s] [35m[1mConsolidate compiler generated dependencies of target follow_path[0m
[0.082s] [35m[1mConsolidate compiler generated dependencies of target limo_scan_nav[0m
[0.084s] [35m[1mConsolidate compiler generated dependencies of target limo_scan[0m
[0.085s] [35m[1mConsolidate compiler generated dependencies of target explore[0m
[0.087s] [35m[1mConsolidate compiler generated dependencies of target multi_goal_nav[0m
[0.113s] [  8%] Built target limo_action_client
[0.115s] [ 16%] Built target limo_action_server
[0.115s] [ 25%] Built target record_path
[0.120s] [ 37%] Built target limo_topic_cmd
[0.120s] [ 41%] Built target limo_server
[0.121s] [ 50%] Built target listen_tf
[0.122s] [ 58%] Built target limo_client
[0.123s] [ 66%] Built target follow_path
[0.123s] [ 75%] Built target limo_scan_nav
[0.126s] [ 83%] Built target explore
[0.128s] [100%] Built target multi_goal_nav
[0.128s] [100%] Built target limo_scan
[0.138s] Invoked command in '/home/zihao/Documents/limo/agilex_open_class/build/limo_learnning' returned '0': CMAKE_PREFIX_PATH=/home/zihao/Documents/limo/agilex_open_class/install/limo_msgs:/home/zihao/Documents/limo/agilex_open_class/install/piper_moveit_config_v5:/home/zihao/Documents/limo/agilex_open_class/install/piper_moveit_config_v4:/home/zihao/Documents/limo/agilex_open_class/install/piper_description:/home/zihao/Documents/limo/agilex_open_class/install/limo_learnning:/home/zihao/Documents/limo/agilex_open_class/install/limo_bringup:/home/zihao/Documents/limo/agilex_open_class/install/limo_gazebo_sim:/home/zihao/Documents/limo/agilex_open_class/install/limo_description:/home/zihao/Documents/limo/agilex_open_class/install/learnning_piper:/home/zihao/Documents/limo/agilex_open_class/install/limo_learnning_py:/opt/ros/humble LD_LIBRARY_PATH=/home/zihao/Documents/limo/agilex_open_class/install/limo_msgs/lib:/usr/lib/x86_64-linux-gnu/gazebo-11/plugins:/opt/ros/humble/opt/rviz_ogre_vendor/lib:/opt/ros/humble/lib/x86_64-linux-gnu:/opt/ros/humble/lib:/tmp/.mount_Cursoro3GCvs/usr/lib/:/tmp/.mount_Cursoro3GCvs/usr/lib32/:/tmp/.mount_Cursoro3GCvs/usr/lib64/:/tmp/.mount_Cursoro3GCvs/lib/:/tmp/.mount_Cursoro3GCvs/lib/i386-linux-gnu/:/tmp/.mount_Cursoro3GCvs/lib/x86_64-linux-gnu/:/tmp/.mount_Cursoro3GCvs/lib/aarch64-linux-gnu/:/tmp/.mount_Cursoro3GCvs/lib32/:/tmp/.mount_Cursoro3GCvs/lib64/:/usr/share/gazebo/../../lib/x86_64-linux-gnu/gazebo-11/plugins /usr/bin/cmake --build /home/zihao/Documents/limo/agilex_open_class/build/limo_learnning -- -j32 -l32
[0.138s] Invoking command in '/home/zihao/Documents/limo/agilex_open_class/build/limo_learnning': CMAKE_PREFIX_PATH=/home/zihao/Documents/limo/agilex_open_class/install/limo_msgs:/home/zihao/Documents/limo/agilex_open_class/install/piper_moveit_config_v5:/home/zihao/Documents/limo/agilex_open_class/install/piper_moveit_config_v4:/home/zihao/Documents/limo/agilex_open_class/install/piper_description:/home/zihao/Documents/limo/agilex_open_class/install/limo_learnning:/home/zihao/Documents/limo/agilex_open_class/install/limo_bringup:/home/zihao/Documents/limo/agilex_open_class/install/limo_gazebo_sim:/home/zihao/Documents/limo/agilex_open_class/install/limo_description:/home/zihao/Documents/limo/agilex_open_class/install/learnning_piper:/home/zihao/Documents/limo/agilex_open_class/install/limo_learnning_py:/opt/ros/humble LD_LIBRARY_PATH=/home/zihao/Documents/limo/agilex_open_class/install/limo_msgs/lib:/usr/lib/x86_64-linux-gnu/gazebo-11/plugins:/opt/ros/humble/opt/rviz_ogre_vendor/lib:/opt/ros/humble/lib/x86_64-linux-gnu:/opt/ros/humble/lib:/tmp/.mount_Cursoro3GCvs/usr/lib/:/tmp/.mount_Cursoro3GCvs/usr/lib32/:/tmp/.mount_Cursoro3GCvs/usr/lib64/:/tmp/.mount_Cursoro3GCvs/lib/:/tmp/.mount_Cursoro3GCvs/lib/i386-linux-gnu/:/tmp/.mount_Cursoro3GCvs/lib/x86_64-linux-gnu/:/tmp/.mount_Cursoro3GCvs/lib/aarch64-linux-gnu/:/tmp/.mount_Cursoro3GCvs/lib32/:/tmp/.mount_Cursoro3GCvs/lib64/:/usr/share/gazebo/../../lib/x86_64-linux-gnu/gazebo-11/plugins /usr/bin/cmake --install /home/zihao/Documents/limo/agilex_open_class/build/limo_learnning
[0.142s] -- Install configuration: ""
[0.143s] -- Up-to-date: /home/zihao/Documents/limo/agilex_open_class/install/limo_learnning/lib/limo_learnning/limo_server
[0.143s] -- Up-to-date: /home/zihao/Documents/limo/agilex_open_class/install/limo_learnning/lib/limo_learnning/limo_client
[0.143s] -- Up-to-date: /home/zihao/Documents/limo/agilex_open_class/install/limo_learnning/lib/limo_learnning/limo_action_server
[0.143s] -- Up-to-date: /home/zihao/Documents/limo/agilex_open_class/install/limo_learnning/lib/limo_learnning/limo_action_client
[0.143s] -- Up-to-date: /home/zihao/Documents/limo/agilex_open_class/install/limo_learnning/lib/limo_learnning/limo_topic_cmd
[0.143s] -- Up-to-date: /home/zihao/Documents/limo/agilex_open_class/install/limo_learnning/lib/limo_learnning/listen_tf
[0.143s] -- Up-to-date: /home/zihao/Documents/limo/agilex_open_class/install/limo_learnning/lib/limo_learnning/limo_scan
[0.143s] -- Up-to-date: /home/zihao/Documents/limo/agilex_open_class/install/limo_learnning/lib/limo_learnning/limo_scan_nav
[0.143s] -- Up-to-date: /home/zihao/Documents/limo/agilex_open_class/install/limo_learnning/lib/limo_learnning/multi_goal_nav
[0.143s] -- Up-to-date: /home/zihao/Documents/limo/agilex_open_class/install/limo_learnning/lib/limo_learnning/explore
[0.143s] -- Up-to-date: /home/zihao/Documents/limo/agilex_open_class/install/limo_learnning/lib/limo_learnning/record_path
[0.143s] -- Up-to-date: /home/zihao/Documents/limo/agilex_open_class/install/limo_learnning/lib/limo_learnning/follow_path
[0.143s] -- Up-to-date: /home/zihao/Documents/limo/agilex_open_class/install/limo_learnning/share/ament_index/resource_index/package_run_dependencies/limo_learnning
[0.144s] -- Up-to-date: /home/zihao/Documents/limo/agilex_open_class/install/limo_learnning/share/ament_index/resource_index/parent_prefix_path/limo_learnning
[0.144s] -- Up-to-date: /home/zihao/Documents/limo/agilex_open_class/install/limo_learnning/share/limo_learnning/environment/ament_prefix_path.sh
[0.144s] -- Up-to-date: /home/zihao/Documents/limo/agilex_open_class/install/limo_learnning/share/limo_learnning/environment/ament_prefix_path.dsv
[0.144s] -- Up-to-date: /home/zihao/Documents/limo/agilex_open_class/install/limo_learnning/share/limo_learnning/environment/path.sh
[0.144s] -- Up-to-date: /home/zihao/Documents/limo/agilex_open_class/install/limo_learnning/share/limo_learnning/environment/path.dsv
[0.144s] -- Up-to-date: /home/zihao/Documents/limo/agilex_open_class/install/limo_learnning/share/limo_learnning/local_setup.bash
[0.144s] -- Up-to-date: /home/zihao/Documents/limo/agilex_open_class/install/limo_learnning/share/limo_learnning/local_setup.sh
[0.144s] -- Up-to-date: /home/zihao/Documents/limo/agilex_open_class/install/limo_learnning/share/limo_learnning/local_setup.zsh
[0.144s] -- Up-to-date: /home/zihao/Documents/limo/agilex_open_class/install/limo_learnning/share/limo_learnning/local_setup.dsv
[0.144s] -- Installing: /home/zihao/Documents/limo/agilex_open_class/install/limo_learnning/share/limo_learnning/package.dsv
[0.144s] -- Up-to-date: /home/zihao/Documents/limo/agilex_open_class/install/limo_learnning/share/ament_index/resource_index/packages/limo_learnning
[0.144s] -- Up-to-date: /home/zihao/Documents/limo/agilex_open_class/install/limo_learnning/share/limo_learnning/cmake/limo_learnningConfig.cmake
[0.144s] -- Up-to-date: /home/zihao/Documents/limo/agilex_open_class/install/limo_learnning/share/limo_learnning/cmake/limo_learnningConfig-version.cmake
[0.144s] -- Up-to-date: /home/zihao/Documents/limo/agilex_open_class/install/limo_learnning/share/limo_learnning/package.xml
[0.145s] Invoked command in '/home/zihao/Documents/limo/agilex_open_class/build/limo_learnning' returned '0': CMAKE_PREFIX_PATH=/home/zihao/Documents/limo/agilex_open_class/install/limo_msgs:/home/zihao/Documents/limo/agilex_open_class/install/piper_moveit_config_v5:/home/zihao/Documents/limo/agilex_open_class/install/piper_moveit_config_v4:/home/zihao/Documents/limo/agilex_open_class/install/piper_description:/home/zihao/Documents/limo/agilex_open_class/install/limo_learnning:/home/zihao/Documents/limo/agilex_open_class/install/limo_bringup:/home/zihao/Documents/limo/agilex_open_class/install/limo_gazebo_sim:/home/zihao/Documents/limo/agilex_open_class/install/limo_description:/home/zihao/Documents/limo/agilex_open_class/install/learnning_piper:/home/zihao/Documents/limo/agilex_open_class/install/limo_learnning_py:/opt/ros/humble LD_LIBRARY_PATH=/home/zihao/Documents/limo/agilex_open_class/install/limo_msgs/lib:/usr/lib/x86_64-linux-gnu/gazebo-11/plugins:/opt/ros/humble/opt/rviz_ogre_vendor/lib:/opt/ros/humble/lib/x86_64-linux-gnu:/opt/ros/humble/lib:/tmp/.mount_Cursoro3GCvs/usr/lib/:/tmp/.mount_Cursoro3GCvs/usr/lib32/:/tmp/.mount_Cursoro3GCvs/usr/lib64/:/tmp/.mount_Cursoro3GCvs/lib/:/tmp/.mount_Cursoro3GCvs/lib/i386-linux-gnu/:/tmp/.mount_Cursoro3GCvs/lib/x86_64-linux-gnu/:/tmp/.mount_Cursoro3GCvs/lib/aarch64-linux-gnu/:/tmp/.mount_Cursoro3GCvs/lib32/:/tmp/.mount_Cursoro3GCvs/lib64/:/usr/share/gazebo/../../lib/x86_64-linux-gnu/gazebo-11/plugins /usr/bin/cmake --install /home/zihao/Documents/limo/agilex_open_class/build/limo_learnning
