-- Install configuration: ""
-- Up-to-date: /home/zihao/Documents/limo/agilex_open_class/install/limo_gazebo_sim/share/limo_gazebo_sim/launch
-- Up-to-date: /home/zihao/Documents/limo/agilex_open_class/install/limo_gazebo_sim/share/limo_gazebo_sim/launch/limo_diff.launch.py
-- Installing: /home/zihao/Documents/limo/agilex_open_class/install/limo_gazebo_sim/share/limo_gazebo_sim/launch/limo_diff_rgb.launch.py
-- Up-to-date: /home/zihao/Documents/limo/agilex_open_class/install/limo_gazebo_sim/share/limo_gazebo_sim/launch/limo_diff_empty_world.launch.py
-- Up-to-date: /home/zihao/Documents/limo/agilex_open_class/install/limo_gazebo_sim/share/limo_gazebo_sim/launch/limo_ackerman.launch.py
-- Installing: /home/zihao/Documents/limo/agilex_open_class/install/limo_gazebo_sim/share/limo_gazebo_sim/launch/limo_multi_robot.launch.py
-- Up-to-date: /home/zihao/Documents/limo/agilex_open_class/install/limo_gazebo_sim/share/limo_gazebo_sim/launch/limo_ackerman_empty_world.launch.py
-- Up-to-date: /home/zihao/Documents/limo/agilex_open_class/install/limo_gazebo_sim/share/limo_gazebo_sim/launch/limo_ackerman_spawn.launch.py
-- Up-to-date: /home/zihao/Documents/limo/agilex_open_class/install/limo_gazebo_sim/share/limo_gazebo_sim/launch/__pycache__
-- Installing: /home/zihao/Documents/limo/agilex_open_class/install/limo_gazebo_sim/share/limo_gazebo_sim/launch/__pycache__/limo_multi_robot.launch.cpython-310.pyc
-- Installing: /home/zihao/Documents/limo/agilex_open_class/install/limo_gazebo_sim/share/limo_gazebo_sim/launch/TMP_RECORDING.mp4
-- Up-to-date: /home/zihao/Documents/limo/agilex_open_class/install/limo_gazebo_sim/share/limo_gazebo_sim/launch/limo_diff_spawn.launch.py
-- Up-to-date: /home/zihao/Documents/limo/agilex_open_class/install/limo_gazebo_sim/share/limo_gazebo_sim/worlds
-- Up-to-date: /home/zihao/Documents/limo/agilex_open_class/install/limo_gazebo_sim/share/limo_gazebo_sim/worlds/empty.world
-- Up-to-date: /home/zihao/Documents/limo/agilex_open_class/install/limo_gazebo_sim/share/limo_gazebo_sim/worlds/world_v1
-- Up-to-date: /home/zihao/Documents/limo/agilex_open_class/install/limo_gazebo_sim/share/limo_gazebo_sim/worlds/world_v1/model.sdf
-- Up-to-date: /home/zihao/Documents/limo/agilex_open_class/install/limo_gazebo_sim/share/limo_gazebo_sim/worlds/world_v1/model.config
-- Up-to-date: /home/zihao/Documents/limo/agilex_open_class/install/limo_gazebo_sim/share/limo_gazebo_sim/worlds/willowgarage.world
-- Up-to-date: /home/zihao/Documents/limo/agilex_open_class/install/limo_gazebo_sim/share/limo_gazebo_sim/worlds/world_v1.world
-- Up-to-date: /home/zihao/Documents/limo/agilex_open_class/install/limo_gazebo_sim/share/limo_gazebo_sim/worlds/clearpath_playpen.world
-- Up-to-date: /home/zihao/Documents/limo/agilex_open_class/install/limo_gazebo_sim/share/limo_gazebo_sim/config
-- Up-to-date: /home/zihao/Documents/limo/agilex_open_class/install/limo_gazebo_sim/share/limo_gazebo_sim/config/limo_ackerman_control.yaml
-- Up-to-date: /home/zihao/Documents/limo/agilex_open_class/install/limo_gazebo_sim/share/limo_gazebo_sim/config/limo_four_diff_control.yaml
-- Up-to-date: /home/zihao/Documents/limo/agilex_open_class/install/limo_gazebo_sim/share/ament_index/resource_index/package_run_dependencies/limo_gazebo_sim
-- Up-to-date: /home/zihao/Documents/limo/agilex_open_class/install/limo_gazebo_sim/share/ament_index/resource_index/parent_prefix_path/limo_gazebo_sim
-- Up-to-date: /home/zihao/Documents/limo/agilex_open_class/install/limo_gazebo_sim/share/limo_gazebo_sim/environment/ament_prefix_path.sh
-- Up-to-date: /home/zihao/Documents/limo/agilex_open_class/install/limo_gazebo_sim/share/limo_gazebo_sim/environment/ament_prefix_path.dsv
-- Up-to-date: /home/zihao/Documents/limo/agilex_open_class/install/limo_gazebo_sim/share/limo_gazebo_sim/environment/path.sh
-- Up-to-date: /home/zihao/Documents/limo/agilex_open_class/install/limo_gazebo_sim/share/limo_gazebo_sim/environment/path.dsv
-- Up-to-date: /home/zihao/Documents/limo/agilex_open_class/install/limo_gazebo_sim/share/limo_gazebo_sim/local_setup.bash
-- Up-to-date: /home/zihao/Documents/limo/agilex_open_class/install/limo_gazebo_sim/share/limo_gazebo_sim/local_setup.sh
-- Up-to-date: /home/zihao/Documents/limo/agilex_open_class/install/limo_gazebo_sim/share/limo_gazebo_sim/local_setup.zsh
-- Up-to-date: /home/zihao/Documents/limo/agilex_open_class/install/limo_gazebo_sim/share/limo_gazebo_sim/local_setup.dsv
-- Installing: /home/zihao/Documents/limo/agilex_open_class/install/limo_gazebo_sim/share/limo_gazebo_sim/package.dsv
-- Up-to-date: /home/zihao/Documents/limo/agilex_open_class/install/limo_gazebo_sim/share/ament_index/resource_index/packages/limo_gazebo_sim
-- Up-to-date: /home/zihao/Documents/limo/agilex_open_class/install/limo_gazebo_sim/share/limo_gazebo_sim/cmake/limo_gazebo_simConfig.cmake
-- Up-to-date: /home/zihao/Documents/limo/agilex_open_class/install/limo_gazebo_sim/share/limo_gazebo_sim/cmake/limo_gazebo_simConfig-version.cmake
-- Up-to-date: /home/zihao/Documents/limo/agilex_open_class/install/limo_gazebo_sim/share/limo_gazebo_sim/package.xml
