[0.012s] Invoking command in '/home/zihao/Documents/limo/agilex_open_class/build/limo_description': CMAKE_PREFIX_PATH=/opt/ros/humble /usr/bin/cmake /home/zihao/Documents/limo/agilex_open_class/limo/limo_description -DCMAKE_INSTALL_PREFIX=/home/zihao/Documents/limo/agilex_open_class/install/limo_description
[0.018s] -- Found ament_cmake: 1.3.11 (/opt/ros/humble/share/ament_cmake/cmake)
[0.088s] -- Found ament_lint_auto: 0.12.11 (/opt/ros/humble/share/ament_lint_auto/cmake)
[0.151s] -- Added test 'copyright' to check source files copyright and LICENSE
[0.152s] -- Added test 'flake8' to check Python code syntax and style conventions
[0.152s] -- Added test 'lint_cmake' to check CMake code style
[0.152s] -- Added test 'pep257' to check Python code against some of the docstring style conventions in PEP 257
[0.153s] -- Added test 'xmllint' to check XML markup files
[0.153s] -- Configuring done
[0.155s] -- Generating done
[0.156s] -- Build files have been written to: /home/zihao/Documents/limo/agilex_open_class/build/limo_description
[0.158s] Invoked command in '/home/zihao/Documents/limo/agilex_open_class/build/limo_description' returned '0': CMAKE_PREFIX_PATH=/opt/ros/humble /usr/bin/cmake /home/zihao/Documents/limo/agilex_open_class/limo/limo_description -DCMAKE_INSTALL_PREFIX=/home/zihao/Documents/limo/agilex_open_class/install/limo_description
[0.158s] Invoking command in '/home/zihao/Documents/limo/agilex_open_class/build/limo_description': CMAKE_PREFIX_PATH=/opt/ros/humble /usr/bin/cmake --build /home/zihao/Documents/limo/agilex_open_class/build/limo_description -- -j32 -l32
[0.208s] Invoked command in '/home/zihao/Documents/limo/agilex_open_class/build/limo_description' returned '0': CMAKE_PREFIX_PATH=/opt/ros/humble /usr/bin/cmake --build /home/zihao/Documents/limo/agilex_open_class/build/limo_description -- -j32 -l32
[0.209s] Invoking command in '/home/zihao/Documents/limo/agilex_open_class/build/limo_description': CMAKE_PREFIX_PATH=/opt/ros/humble /usr/bin/cmake --install /home/zihao/Documents/limo/agilex_open_class/build/limo_description
[0.214s] -- Install configuration: ""
[0.214s] -- Installing: /home/zihao/Documents/limo/agilex_open_class/install/limo_description/share/limo_description/launch
[0.214s] -- Installing: /home/zihao/Documents/limo/agilex_open_class/install/limo_description/share/limo_description/launch/display_limo_ackerman.launch.py
[0.214s] -- Installing: /home/zihao/Documents/limo/agilex_open_class/install/limo_description/share/limo_description/launch/display_limo_diff.launch.py
[0.214s] -- Installing: /home/zihao/Documents/limo/agilex_open_class/install/limo_description/share/limo_description/meshes
[0.214s] -- Installing: /home/zihao/Documents/limo/agilex_open_class/install/limo_description/share/limo_description/meshes/limo_wheel.stl
[0.217s] -- Installing: /home/zihao/Documents/limo/agilex_open_class/install/limo_description/share/limo_description/meshes/limo_base.stl
[0.230s] -- Installing: /home/zihao/Documents/limo/agilex_open_class/install/limo_description/share/limo_description/meshes/limo_base.dae
[0.248s] -- Installing: /home/zihao/Documents/limo/agilex_open_class/install/limo_description/share/limo_description/meshes/limo_wheel.dae
[0.252s] -- Installing: /home/zihao/Documents/limo/agilex_open_class/install/limo_description/share/limo_description/rviz
[0.252s] -- Installing: /home/zihao/Documents/limo/agilex_open_class/install/limo_description/share/limo_description/rviz/model_display.rviz
[0.252s] -- Installing: /home/zihao/Documents/limo/agilex_open_class/install/limo_description/share/limo_description/urdf
[0.252s] -- Installing: /home/zihao/Documents/limo/agilex_open_class/install/limo_description/share/limo_description/urdf/limo_ackerman.xacro
[0.252s] -- Installing: /home/zihao/Documents/limo/agilex_open_class/install/limo_description/share/limo_description/urdf/limo_four_diff.xacro
[0.252s] -- Installing: /home/zihao/Documents/limo/agilex_open_class/install/limo_description/share/limo_description/urdf/limo_steering_hinge.xacro
[0.252s] -- Installing: /home/zihao/Documents/limo/agilex_open_class/install/limo_description/share/limo_description/urdf/limo_xacro.xacro
[0.252s] -- Installing: /home/zihao/Documents/limo/agilex_open_class/install/limo_description/share/limo_description/urdf/limo_four_diff.gazebo
[0.252s] -- Installing: /home/zihao/Documents/limo/agilex_open_class/install/limo_description/share/limo_description/urdf/limo_gazebo.gazebo
[0.252s] -- Installing: /home/zihao/Documents/limo/agilex_open_class/install/limo_description/share/limo_description/urdf/limo_ackerman.gazebo
[0.252s] -- Installing: /home/zihao/Documents/limo/agilex_open_class/install/limo_description/share/limo_description/urdf/limo_ackerman_gazebo.gazebo
[0.252s] -- Installing: /home/zihao/Documents/limo/agilex_open_class/install/limo_description/share/ament_index/resource_index/package_run_dependencies/limo_description
[0.252s] -- Installing: /home/zihao/Documents/limo/agilex_open_class/install/limo_description/share/ament_index/resource_index/parent_prefix_path/limo_description
[0.253s] -- Installing: /home/zihao/Documents/limo/agilex_open_class/install/limo_description/share/limo_description/environment/ament_prefix_path.sh
[0.253s] -- Installing: /home/zihao/Documents/limo/agilex_open_class/install/limo_description/share/limo_description/environment/ament_prefix_path.dsv
[0.253s] -- Installing: /home/zihao/Documents/limo/agilex_open_class/install/limo_description/share/limo_description/environment/path.sh
[0.253s] -- Installing: /home/zihao/Documents/limo/agilex_open_class/install/limo_description/share/limo_description/environment/path.dsv
[0.253s] -- Installing: /home/zihao/Documents/limo/agilex_open_class/install/limo_description/share/limo_description/local_setup.bash
[0.253s] -- Installing: /home/zihao/Documents/limo/agilex_open_class/install/limo_description/share/limo_description/local_setup.sh
[0.253s] -- Installing: /home/zihao/Documents/limo/agilex_open_class/install/limo_description/share/limo_description/local_setup.zsh
[0.253s] -- Installing: /home/zihao/Documents/limo/agilex_open_class/install/limo_description/share/limo_description/local_setup.dsv
[0.253s] -- Installing: /home/zihao/Documents/limo/agilex_open_class/install/limo_description/share/limo_description/package.dsv
[0.253s] -- Installing: /home/zihao/Documents/limo/agilex_open_class/install/limo_description/share/ament_index/resource_index/packages/limo_description
[0.253s] -- Installing: /home/zihao/Documents/limo/agilex_open_class/install/limo_description/share/limo_description/cmake/limo_descriptionConfig.cmake
[0.253s] -- Installing: /home/zihao/Documents/limo/agilex_open_class/install/limo_description/share/limo_description/cmake/limo_descriptionConfig-version.cmake
[0.253s] -- Installing: /home/zihao/Documents/limo/agilex_open_class/install/limo_description/share/limo_description/package.xml
[0.255s] Invoked command in '/home/zihao/Documents/limo/agilex_open_class/build/limo_description' returned '0': CMAKE_PREFIX_PATH=/opt/ros/humble /usr/bin/cmake --install /home/zihao/Documents/limo/agilex_open_class/build/limo_description
