[0.012s] Invoking command in '/home/zihao/Documents/limo/agilex_open_class/build/limo_description': CMAKE_PREFIX_PATH=/opt/ros/humble CONDA_PROMPT_MODIFIER=(base) /usr/bin/cmake /home/zihao/Documents/limo/agilex_open_class/limo/limo_description -DCMAKE_INSTALL_PREFIX=/home/zihao/Documents/limo/agilex_open_class/install/limo_description
[0.018s] -- Found ament_cmake: 1.3.11 (/opt/ros/humble/share/ament_cmake/cmake)
[0.086s] -- Found ament_lint_auto: 0.12.11 (/opt/ros/humble/share/ament_lint_auto/cmake)
[0.098s] Traceback (most recent call last):
[0.098s]   File "/opt/ros/humble/share/ament_cmake_core/cmake/core/package_xml_2_cmake.py", line 22, in <module>
[0.098s]     from catkin_pkg.package import parse_package_string
[0.098s] ModuleNotFoundError: No module named 'catkin_pkg'
[0.100s] [31mCMake Error at /opt/ros/humble/share/ament_cmake_core/cmake/core/ament_package_xml.cmake:95 (message):
[0.100s]   execute_process(/home/zihao/anaconda3/bin/python3
[0.100s]   /opt/ros/humble/share/ament_cmake_core/cmake/core/package_xml_2_cmake.py
[0.100s]   /home/zihao/Documents/limo/agilex_open_class/limo/limo_description/package.xml
[0.100s]   /home/zihao/Documents/limo/agilex_open_class/build/limo_description/ament_cmake_core/package.cmake)
[0.100s]   returned error code 1
[0.100s] Call Stack (most recent call first):
[0.100s]   /opt/ros/humble/share/ament_cmake_core/cmake/core/ament_package_xml.cmake:49 (_ament_package_xml)
[0.100s]   /opt/ros/humble/share/ament_lint_auto/cmake/ament_lint_auto_find_test_dependencies.cmake:31 (ament_package_xml)
[0.100s]   CMakeLists.txt:35 (ament_lint_auto_find_test_dependencies)
[0.100s] 
[0.100s] [0m
[0.100s] -- Configuring incomplete, errors occurred!
[0.100s] See also "/home/zihao/Documents/limo/agilex_open_class/build/limo_description/CMakeFiles/CMakeOutput.log".
[0.102s] Invoked command in '/home/zihao/Documents/limo/agilex_open_class/build/limo_description' returned '1': CMAKE_PREFIX_PATH=/opt/ros/humble CONDA_PROMPT_MODIFIER=(base) /usr/bin/cmake /home/zihao/Documents/limo/agilex_open_class/limo/limo_description -DCMAKE_INSTALL_PREFIX=/home/zihao/Documents/limo/agilex_open_class/install/limo_description
