[0.007s] Invoking command in '/home/zihao/Documents/limo/agilex_open_class/build/limo_gazebo_sim': CMAKE_PREFIX_PATH=${CMAKE_PREFIX_PATH}:/home/zihao/Documents/limo/agilex_open_class/install/limo_learnning_py:/opt/ros/humble CONDA_PROMPT_MODIFIER=(base) /usr/bin/cmake --build /home/zihao/Documents/limo/agilex_open_class/build/limo_gazebo_sim -- -j32 -l32
[0.019s] -- Found ament_cmake: 1.3.11 (/opt/ros/humble/share/ament_cmake/cmake)
[0.085s] -- Found ament_lint_auto: 0.12.11 (/opt/ros/humble/share/ament_lint_auto/cmake)
[0.128s] -- Added test 'copyright' to check source files copyright and LICENSE
[0.129s] -- Added test 'flake8' to check Python code syntax and style conventions
[0.129s] -- Added test 'lint_cmake' to check CMake code style
[0.129s] -- Added test 'pep257' to check Python code against some of the docstring style conventions in PEP 257
[0.129s] -- Added test 'xmllint' to check XML markup files
[0.129s] -- Configuring done
[0.131s] -- Generating done
[0.131s] -- Build files have been written to: /home/zihao/Documents/limo/agilex_open_class/build/limo_gazebo_sim
[0.144s] Invoked command in '/home/zihao/Documents/limo/agilex_open_class/build/limo_gazebo_sim' returned '0': CMAKE_PREFIX_PATH=${CMAKE_PREFIX_PATH}:/home/zihao/Documents/limo/agilex_open_class/install/limo_learnning_py:/opt/ros/humble CONDA_PROMPT_MODIFIER=(base) /usr/bin/cmake --build /home/zihao/Documents/limo/agilex_open_class/build/limo_gazebo_sim -- -j32 -l32
[0.149s] Invoking command in '/home/zihao/Documents/limo/agilex_open_class/build/limo_gazebo_sim': CMAKE_PREFIX_PATH=${CMAKE_PREFIX_PATH}:/home/zihao/Documents/limo/agilex_open_class/install/limo_learnning_py:/opt/ros/humble CONDA_PROMPT_MODIFIER=(base) /usr/bin/cmake --install /home/zihao/Documents/limo/agilex_open_class/build/limo_gazebo_sim
[0.153s] -- Install configuration: ""
[0.153s] -- Up-to-date: /home/zihao/Documents/limo/agilex_open_class/install/limo_gazebo_sim/share/ament_index/resource_index/package_run_dependencies/limo_gazebo_sim
[0.153s] -- Installing: /home/zihao/Documents/limo/agilex_open_class/install/limo_gazebo_sim/share/ament_index/resource_index/parent_prefix_path/limo_gazebo_sim
[0.153s] -- Up-to-date: /home/zihao/Documents/limo/agilex_open_class/install/limo_gazebo_sim/share/limo_gazebo_sim/environment/ament_prefix_path.sh
[0.153s] -- Installing: /home/zihao/Documents/limo/agilex_open_class/install/limo_gazebo_sim/share/limo_gazebo_sim/environment/ament_prefix_path.dsv
[0.153s] -- Up-to-date: /home/zihao/Documents/limo/agilex_open_class/install/limo_gazebo_sim/share/limo_gazebo_sim/environment/path.sh
[0.153s] -- Installing: /home/zihao/Documents/limo/agilex_open_class/install/limo_gazebo_sim/share/limo_gazebo_sim/environment/path.dsv
[0.153s] -- Up-to-date: /home/zihao/Documents/limo/agilex_open_class/install/limo_gazebo_sim/share/limo_gazebo_sim/local_setup.bash
[0.153s] -- Up-to-date: /home/zihao/Documents/limo/agilex_open_class/install/limo_gazebo_sim/share/limo_gazebo_sim/local_setup.sh
[0.153s] -- Up-to-date: /home/zihao/Documents/limo/agilex_open_class/install/limo_gazebo_sim/share/limo_gazebo_sim/local_setup.zsh
[0.153s] -- Installing: /home/zihao/Documents/limo/agilex_open_class/install/limo_gazebo_sim/share/limo_gazebo_sim/local_setup.dsv
[0.153s] -- Installing: /home/zihao/Documents/limo/agilex_open_class/install/limo_gazebo_sim/share/limo_gazebo_sim/package.dsv
[0.153s] -- Up-to-date: /home/zihao/Documents/limo/agilex_open_class/install/limo_gazebo_sim/share/ament_index/resource_index/packages/limo_gazebo_sim
[0.153s] -- Up-to-date: /home/zihao/Documents/limo/agilex_open_class/install/limo_gazebo_sim/share/limo_gazebo_sim/cmake/limo_gazebo_simConfig.cmake
[0.153s] -- Up-to-date: /home/zihao/Documents/limo/agilex_open_class/install/limo_gazebo_sim/share/limo_gazebo_sim/cmake/limo_gazebo_simConfig-version.cmake
[0.153s] -- Up-to-date: /home/zihao/Documents/limo/agilex_open_class/install/limo_gazebo_sim/share/limo_gazebo_sim/package.xml
[0.154s] Invoked command in '/home/zihao/Documents/limo/agilex_open_class/build/limo_gazebo_sim' returned '0': CMAKE_PREFIX_PATH=${CMAKE_PREFIX_PATH}:/home/zihao/Documents/limo/agilex_open_class/install/limo_learnning_py:/opt/ros/humble CONDA_PROMPT_MODIFIER=(base) /usr/bin/cmake --install /home/zihao/Documents/limo/agilex_open_class/build/limo_gazebo_sim
