[  2%] [34m[1mGenerating C code for ROS interfaces[0m
[  4%] [34m[1mGenerating C++ code for ROS interfaces[0m
[  4%] Built target ament_cmake_python_copy_limo_msgs
running egg_info
writing limo_msgs.egg-info/PKG-INFO
writing dependency_links to limo_msgs.egg-info/dependency_links.txt
writing top-level names to limo_msgs.egg-info/top_level.txt
reading manifest file 'limo_msgs.egg-info/SOURCES.txt'
writing manifest file 'limo_msgs.egg-info/SOURCES.txt'
[  4%] Built target ament_cmake_python_build_limo_msgs_egg
[  4%] Built target limo_msgs__cpp
[  6%] [34m[1mGenerating C++ type support dispatch for ROS interfaces[0m
[  8%] [34m[1mGenerating C++ introspection for ROS interfaces[0m
[ 10%] [34m[1mGenerating C++ type support for eProsima Fast-RTPS[0m
[ 12%] [32mBuilding C object CMakeFiles/limo_msgs__rosidl_generator_c.dir/rosidl_generator_c/limo_msgs/msg/detail/limo_status__functions.c.o[0m
[ 14%] [32mBuilding C object CMakeFiles/limo_msgs__rosidl_generator_c.dir/rosidl_generator_c/limo_msgs/srv/detail/limo_srv__functions.c.o[0m
[ 17%] [32mBuilding C object CMakeFiles/limo_msgs__rosidl_generator_c.dir/rosidl_generator_c/limo_msgs/action/detail/limo_action__functions.c.o[0m
[ 19%] [32m[1mLinking C shared library liblimo_msgs__rosidl_generator_c.so[0m
[ 19%] Built target limo_msgs__rosidl_generator_c
[ 21%] [34m[1mGenerating C type support for eProsima Fast-RTPS[0m
[ 23%] [34m[1mGenerating C introspection for ROS interfaces[0m
[ 25%] [34m[1mGenerating C type support dispatch for ROS interfaces[0m
[ 27%] [32mBuilding CXX object CMakeFiles/limo_msgs__rosidl_typesupport_cpp.dir/rosidl_typesupport_cpp/limo_msgs/msg/limo_status__type_support.cpp.o[0m
[ 29%] [32mBuilding CXX object CMakeFiles/limo_msgs__rosidl_typesupport_cpp.dir/rosidl_typesupport_cpp/limo_msgs/srv/limo_srv__type_support.cpp.o[0m
[ 31%] [32mBuilding CXX object CMakeFiles/limo_msgs__rosidl_typesupport_cpp.dir/rosidl_typesupport_cpp/limo_msgs/action/limo_action__type_support.cpp.o[0m
[ 34%] [32mBuilding CXX object CMakeFiles/limo_msgs__rosidl_typesupport_introspection_cpp.dir/rosidl_typesupport_introspection_cpp/limo_msgs/action/detail/limo_action__type_support.cpp.o[0m
[ 36%] [32mBuilding CXX object CMakeFiles/limo_msgs__rosidl_typesupport_introspection_cpp.dir/rosidl_typesupport_introspection_cpp/limo_msgs/srv/detail/limo_srv__type_support.cpp.o[0m
[ 38%] [32mBuilding CXX object CMakeFiles/limo_msgs__rosidl_typesupport_introspection_cpp.dir/rosidl_typesupport_introspection_cpp/limo_msgs/msg/detail/limo_status__type_support.cpp.o[0m
[ 40%] [32mBuilding CXX object CMakeFiles/limo_msgs__rosidl_typesupport_fastrtps_cpp.dir/rosidl_typesupport_fastrtps_cpp/limo_msgs/msg/detail/dds_fastrtps/limo_status__type_support.cpp.o[0m
[ 42%] [32mBuilding CXX object CMakeFiles/limo_msgs__rosidl_typesupport_fastrtps_cpp.dir/rosidl_typesupport_fastrtps_cpp/limo_msgs/srv/detail/dds_fastrtps/limo_srv__type_support.cpp.o[0m
[ 44%] [32mBuilding CXX object CMakeFiles/limo_msgs__rosidl_typesupport_fastrtps_cpp.dir/rosidl_typesupport_fastrtps_cpp/limo_msgs/action/detail/dds_fastrtps/limo_action__type_support.cpp.o[0m
[ 46%] [32mBuilding CXX object CMakeFiles/limo_msgs__rosidl_typesupport_c.dir/rosidl_typesupport_c/limo_msgs/msg/limo_status__type_support.cpp.o[0m
[ 48%] [32mBuilding CXX object CMakeFiles/limo_msgs__rosidl_typesupport_c.dir/rosidl_typesupport_c/limo_msgs/srv/limo_srv__type_support.cpp.o[0m
[ 51%] [32mBuilding CXX object CMakeFiles/limo_msgs__rosidl_typesupport_c.dir/rosidl_typesupport_c/limo_msgs/action/limo_action__type_support.cpp.o[0m
[ 53%] [32mBuilding CXX object CMakeFiles/limo_msgs__rosidl_typesupport_fastrtps_c.dir/rosidl_typesupport_fastrtps_c/limo_msgs/msg/detail/limo_status__type_support_c.cpp.o[0m
[ 55%] [32mBuilding CXX object CMakeFiles/limo_msgs__rosidl_typesupport_fastrtps_c.dir/rosidl_typesupport_fastrtps_c/limo_msgs/action/detail/limo_action__type_support_c.cpp.o[0m
[ 57%] [32mBuilding CXX object CMakeFiles/limo_msgs__rosidl_typesupport_fastrtps_c.dir/rosidl_typesupport_fastrtps_c/limo_msgs/srv/detail/limo_srv__type_support_c.cpp.o[0m
[ 59%] [32mBuilding C object CMakeFiles/limo_msgs__rosidl_typesupport_introspection_c.dir/rosidl_typesupport_introspection_c/limo_msgs/msg/detail/limo_status__type_support.c.o[0m
[ 61%] [32mBuilding C object CMakeFiles/limo_msgs__rosidl_typesupport_introspection_c.dir/rosidl_typesupport_introspection_c/limo_msgs/srv/detail/limo_srv__type_support.c.o[0m
[ 63%] [32mBuilding C object CMakeFiles/limo_msgs__rosidl_typesupport_introspection_c.dir/rosidl_typesupport_introspection_c/limo_msgs/action/detail/limo_action__type_support.c.o[0m
[ 65%] [32m[1mLinking CXX shared library liblimo_msgs__rosidl_typesupport_c.so[0m
[ 68%] [32m[1mLinking CXX shared library liblimo_msgs__rosidl_typesupport_cpp.so[0m
[ 70%] [32m[1mLinking C shared library liblimo_msgs__rosidl_typesupport_introspection_c.so[0m
[ 70%] Built target limo_msgs__rosidl_typesupport_c
[ 70%] Built target limo_msgs__rosidl_typesupport_introspection_c
[ 70%] Built target limo_msgs__rosidl_typesupport_cpp
[ 72%] [32m[1mLinking CXX shared library liblimo_msgs__rosidl_typesupport_introspection_cpp.so[0m
[ 74%] [32m[1mLinking CXX shared library liblimo_msgs__rosidl_typesupport_fastrtps_cpp.so[0m
[ 76%] [32m[1mLinking CXX shared library liblimo_msgs__rosidl_typesupport_fastrtps_c.so[0m
[ 76%] Built target limo_msgs__rosidl_typesupport_introspection_cpp
[ 76%] Built target limo_msgs__rosidl_typesupport_fastrtps_cpp
[ 76%] Built target limo_msgs__rosidl_typesupport_fastrtps_c
[ 76%] Built target limo_msgs
[ 78%] [34m[1mGenerating Python code for ROS interfaces[0m
[ 78%] Built target limo_msgs__py
[ 80%] [32mBuilding C object CMakeFiles/limo_msgs__rosidl_generator_py.dir/rosidl_generator_py/limo_msgs/msg/_limo_status_s.c.o[0m
[ 82%] [32mBuilding C object CMakeFiles/limo_msgs__rosidl_generator_py.dir/rosidl_generator_py/limo_msgs/action/_limo_action_s.c.o[0m
[ 85%] [32mBuilding C object CMakeFiles/limo_msgs__rosidl_generator_py.dir/rosidl_generator_py/limo_msgs/srv/_limo_srv_s.c.o[0m
[ 87%] [32m[1mLinking C shared library rosidl_generator_py/limo_msgs/liblimo_msgs__rosidl_generator_py.so[0m
[ 87%] Built target limo_msgs__rosidl_generator_py
[ 89%] [32mBuilding C object CMakeFiles/limo_msgs__rosidl_typesupport_fastrtps_c__pyext.dir/rosidl_generator_py/limo_msgs/_limo_msgs_s.ep.rosidl_typesupport_fastrtps_c.c.o[0m
[ 91%] [32mBuilding C object CMakeFiles/limo_msgs__rosidl_typesupport_introspection_c__pyext.dir/rosidl_generator_py/limo_msgs/_limo_msgs_s.ep.rosidl_typesupport_introspection_c.c.o[0m
[ 93%] [32mBuilding C object CMakeFiles/limo_msgs__rosidl_typesupport_c__pyext.dir/rosidl_generator_py/limo_msgs/_limo_msgs_s.ep.rosidl_typesupport_c.c.o[0m
[ 95%] [32m[1mLinking C shared library rosidl_generator_py/limo_msgs/limo_msgs_s__rosidl_typesupport_fastrtps_c.cpython-312-x86_64-linux-gnu.so[0m
[ 97%] [32m[1mLinking C shared library rosidl_generator_py/limo_msgs/limo_msgs_s__rosidl_typesupport_introspection_c.cpython-312-x86_64-linux-gnu.so[0m
[100%] [32m[1mLinking C shared library rosidl_generator_py/limo_msgs/limo_msgs_s__rosidl_typesupport_c.cpython-312-x86_64-linux-gnu.so[0m
[100%] Built target limo_msgs__rosidl_typesupport_fastrtps_c__pyext
[100%] Built target limo_msgs__rosidl_typesupport_introspection_c__pyext
[100%] Built target limo_msgs__rosidl_typesupport_c__pyext
-- Install configuration: ""
-- Installing: /home/zihao/Documents/limo/agilex_open_class/install/limo_msgs/share/ament_index/resource_index/rosidl_interfaces/limo_msgs
-- Installing: /home/zihao/Documents/limo/agilex_open_class/install/limo_msgs/include/limo_msgs/limo_msgs
-- Installing: /home/zihao/Documents/limo/agilex_open_class/install/limo_msgs/include/limo_msgs/limo_msgs/action
-- Installing: /home/zihao/Documents/limo/agilex_open_class/install/limo_msgs/include/limo_msgs/limo_msgs/action/limo_action.h
-- Installing: /home/zihao/Documents/limo/agilex_open_class/install/limo_msgs/include/limo_msgs/limo_msgs/action/detail
-- Installing: /home/zihao/Documents/limo/agilex_open_class/install/limo_msgs/include/limo_msgs/limo_msgs/action/detail/limo_action__functions.h
-- Installing: /home/zihao/Documents/limo/agilex_open_class/install/limo_msgs/include/limo_msgs/limo_msgs/action/detail/limo_action__type_support.h
-- Installing: /home/zihao/Documents/limo/agilex_open_class/install/limo_msgs/include/limo_msgs/limo_msgs/action/detail/limo_action__struct.h
-- Installing: /home/zihao/Documents/limo/agilex_open_class/install/limo_msgs/include/limo_msgs/limo_msgs/action/detail/limo_action__functions.c
-- Installing: /home/zihao/Documents/limo/agilex_open_class/install/limo_msgs/include/limo_msgs/limo_msgs/msg
-- Installing: /home/zihao/Documents/limo/agilex_open_class/install/limo_msgs/include/limo_msgs/limo_msgs/msg/rosidl_generator_c__visibility_control.h
-- Installing: /home/zihao/Documents/limo/agilex_open_class/install/limo_msgs/include/limo_msgs/limo_msgs/msg/limo_status.h
-- Installing: /home/zihao/Documents/limo/agilex_open_class/install/limo_msgs/include/limo_msgs/limo_msgs/msg/detail
-- Installing: /home/zihao/Documents/limo/agilex_open_class/install/limo_msgs/include/limo_msgs/limo_msgs/msg/detail/limo_status__functions.h
-- Installing: /home/zihao/Documents/limo/agilex_open_class/install/limo_msgs/include/limo_msgs/limo_msgs/msg/detail/limo_status__type_support.h
-- Installing: /home/zihao/Documents/limo/agilex_open_class/install/limo_msgs/include/limo_msgs/limo_msgs/msg/detail/limo_status__struct.h
-- Installing: /home/zihao/Documents/limo/agilex_open_class/install/limo_msgs/include/limo_msgs/limo_msgs/msg/detail/limo_status__functions.c
-- Installing: /home/zihao/Documents/limo/agilex_open_class/install/limo_msgs/include/limo_msgs/limo_msgs/srv
-- Installing: /home/zihao/Documents/limo/agilex_open_class/install/limo_msgs/include/limo_msgs/limo_msgs/srv/limo_srv.h
-- Installing: /home/zihao/Documents/limo/agilex_open_class/install/limo_msgs/include/limo_msgs/limo_msgs/srv/detail
-- Installing: /home/zihao/Documents/limo/agilex_open_class/install/limo_msgs/include/limo_msgs/limo_msgs/srv/detail/limo_srv__type_support.h
-- Installing: /home/zihao/Documents/limo/agilex_open_class/install/limo_msgs/include/limo_msgs/limo_msgs/srv/detail/limo_srv__functions.h
-- Installing: /home/zihao/Documents/limo/agilex_open_class/install/limo_msgs/include/limo_msgs/limo_msgs/srv/detail/limo_srv__struct.h
-- Installing: /home/zihao/Documents/limo/agilex_open_class/install/limo_msgs/include/limo_msgs/limo_msgs/srv/detail/limo_srv__functions.c
-- Installing: /home/zihao/Documents/limo/agilex_open_class/install/limo_msgs/share/limo_msgs/environment/library_path.sh
-- Installing: /home/zihao/Documents/limo/agilex_open_class/install/limo_msgs/share/limo_msgs/environment/library_path.dsv
-- Installing: /home/zihao/Documents/limo/agilex_open_class/install/limo_msgs/lib/liblimo_msgs__rosidl_generator_c.so
-- Set runtime path of "/home/zihao/Documents/limo/agilex_open_class/install/limo_msgs/lib/liblimo_msgs__rosidl_generator_c.so" to ""
-- Up-to-date: /home/zihao/Documents/limo/agilex_open_class/install/limo_msgs/include/limo_msgs/limo_msgs
-- Up-to-date: /home/zihao/Documents/limo/agilex_open_class/install/limo_msgs/include/limo_msgs/limo_msgs/action
-- Up-to-date: /home/zihao/Documents/limo/agilex_open_class/install/limo_msgs/include/limo_msgs/limo_msgs/action/detail
-- Installing: /home/zihao/Documents/limo/agilex_open_class/install/limo_msgs/include/limo_msgs/limo_msgs/action/detail/limo_action__rosidl_typesupport_fastrtps_c.h
-- Up-to-date: /home/zihao/Documents/limo/agilex_open_class/install/limo_msgs/include/limo_msgs/limo_msgs/msg
-- Installing: /home/zihao/Documents/limo/agilex_open_class/install/limo_msgs/include/limo_msgs/limo_msgs/msg/rosidl_typesupport_fastrtps_c__visibility_control.h
-- Up-to-date: /home/zihao/Documents/limo/agilex_open_class/install/limo_msgs/include/limo_msgs/limo_msgs/msg/detail
-- Installing: /home/zihao/Documents/limo/agilex_open_class/install/limo_msgs/include/limo_msgs/limo_msgs/msg/detail/limo_status__rosidl_typesupport_fastrtps_c.h
-- Up-to-date: /home/zihao/Documents/limo/agilex_open_class/install/limo_msgs/include/limo_msgs/limo_msgs/srv
-- Up-to-date: /home/zihao/Documents/limo/agilex_open_class/install/limo_msgs/include/limo_msgs/limo_msgs/srv/detail
-- Installing: /home/zihao/Documents/limo/agilex_open_class/install/limo_msgs/include/limo_msgs/limo_msgs/srv/detail/limo_srv__rosidl_typesupport_fastrtps_c.h
-- Installing: /home/zihao/Documents/limo/agilex_open_class/install/limo_msgs/lib/liblimo_msgs__rosidl_typesupport_fastrtps_c.so
-- Set runtime path of "/home/zihao/Documents/limo/agilex_open_class/install/limo_msgs/lib/liblimo_msgs__rosidl_typesupport_fastrtps_c.so" to ""
-- Up-to-date: /home/zihao/Documents/limo/agilex_open_class/install/limo_msgs/include/limo_msgs/limo_msgs
-- Up-to-date: /home/zihao/Documents/limo/agilex_open_class/install/limo_msgs/include/limo_msgs/limo_msgs/action
-- Installing: /home/zihao/Documents/limo/agilex_open_class/install/limo_msgs/include/limo_msgs/limo_msgs/action/limo_action.hpp
-- Up-to-date: /home/zihao/Documents/limo/agilex_open_class/install/limo_msgs/include/limo_msgs/limo_msgs/action/detail
-- Installing: /home/zihao/Documents/limo/agilex_open_class/install/limo_msgs/include/limo_msgs/limo_msgs/action/detail/limo_action__traits.hpp
-- Installing: /home/zihao/Documents/limo/agilex_open_class/install/limo_msgs/include/limo_msgs/limo_msgs/action/detail/limo_action__builder.hpp
-- Installing: /home/zihao/Documents/limo/agilex_open_class/install/limo_msgs/include/limo_msgs/limo_msgs/action/detail/limo_action__type_support.hpp
-- Installing: /home/zihao/Documents/limo/agilex_open_class/install/limo_msgs/include/limo_msgs/limo_msgs/action/detail/limo_action__struct.hpp
-- Up-to-date: /home/zihao/Documents/limo/agilex_open_class/install/limo_msgs/include/limo_msgs/limo_msgs/msg
-- Installing: /home/zihao/Documents/limo/agilex_open_class/install/limo_msgs/include/limo_msgs/limo_msgs/msg/limo_status.hpp
-- Up-to-date: /home/zihao/Documents/limo/agilex_open_class/install/limo_msgs/include/limo_msgs/limo_msgs/msg/detail
-- Installing: /home/zihao/Documents/limo/agilex_open_class/install/limo_msgs/include/limo_msgs/limo_msgs/msg/detail/limo_status__type_support.hpp
-- Installing: /home/zihao/Documents/limo/agilex_open_class/install/limo_msgs/include/limo_msgs/limo_msgs/msg/detail/limo_status__struct.hpp
-- Installing: /home/zihao/Documents/limo/agilex_open_class/install/limo_msgs/include/limo_msgs/limo_msgs/msg/detail/limo_status__builder.hpp
-- Installing: /home/zihao/Documents/limo/agilex_open_class/install/limo_msgs/include/limo_msgs/limo_msgs/msg/detail/limo_status__traits.hpp
-- Installing: /home/zihao/Documents/limo/agilex_open_class/install/limo_msgs/include/limo_msgs/limo_msgs/msg/rosidl_generator_cpp__visibility_control.hpp
-- Up-to-date: /home/zihao/Documents/limo/agilex_open_class/install/limo_msgs/include/limo_msgs/limo_msgs/srv
-- Installing: /home/zihao/Documents/limo/agilex_open_class/install/limo_msgs/include/limo_msgs/limo_msgs/srv/limo_srv.hpp
-- Up-to-date: /home/zihao/Documents/limo/agilex_open_class/install/limo_msgs/include/limo_msgs/limo_msgs/srv/detail
-- Installing: /home/zihao/Documents/limo/agilex_open_class/install/limo_msgs/include/limo_msgs/limo_msgs/srv/detail/limo_srv__traits.hpp
-- Installing: /home/zihao/Documents/limo/agilex_open_class/install/limo_msgs/include/limo_msgs/limo_msgs/srv/detail/limo_srv__builder.hpp
-- Installing: /home/zihao/Documents/limo/agilex_open_class/install/limo_msgs/include/limo_msgs/limo_msgs/srv/detail/limo_srv__type_support.hpp
-- Installing: /home/zihao/Documents/limo/agilex_open_class/install/limo_msgs/include/limo_msgs/limo_msgs/srv/detail/limo_srv__struct.hpp
-- Up-to-date: /home/zihao/Documents/limo/agilex_open_class/install/limo_msgs/include/limo_msgs/limo_msgs
-- Up-to-date: /home/zihao/Documents/limo/agilex_open_class/install/limo_msgs/include/limo_msgs/limo_msgs/action
-- Up-to-date: /home/zihao/Documents/limo/agilex_open_class/install/limo_msgs/include/limo_msgs/limo_msgs/action/detail
-- Installing: /home/zihao/Documents/limo/agilex_open_class/install/limo_msgs/include/limo_msgs/limo_msgs/action/detail/dds_fastrtps
-- Installing: /home/zihao/Documents/limo/agilex_open_class/install/limo_msgs/include/limo_msgs/limo_msgs/action/detail/limo_action__rosidl_typesupport_fastrtps_cpp.hpp
-- Up-to-date: /home/zihao/Documents/limo/agilex_open_class/install/limo_msgs/include/limo_msgs/limo_msgs/msg
-- Installing: /home/zihao/Documents/limo/agilex_open_class/install/limo_msgs/include/limo_msgs/limo_msgs/msg/rosidl_typesupport_fastrtps_cpp__visibility_control.h
-- Up-to-date: /home/zihao/Documents/limo/agilex_open_class/install/limo_msgs/include/limo_msgs/limo_msgs/msg/detail
-- Installing: /home/zihao/Documents/limo/agilex_open_class/install/limo_msgs/include/limo_msgs/limo_msgs/msg/detail/dds_fastrtps
-- Installing: /home/zihao/Documents/limo/agilex_open_class/install/limo_msgs/include/limo_msgs/limo_msgs/msg/detail/limo_status__rosidl_typesupport_fastrtps_cpp.hpp
-- Up-to-date: /home/zihao/Documents/limo/agilex_open_class/install/limo_msgs/include/limo_msgs/limo_msgs/srv
-- Up-to-date: /home/zihao/Documents/limo/agilex_open_class/install/limo_msgs/include/limo_msgs/limo_msgs/srv/detail
-- Installing: /home/zihao/Documents/limo/agilex_open_class/install/limo_msgs/include/limo_msgs/limo_msgs/srv/detail/dds_fastrtps
-- Installing: /home/zihao/Documents/limo/agilex_open_class/install/limo_msgs/include/limo_msgs/limo_msgs/srv/detail/limo_srv__rosidl_typesupport_fastrtps_cpp.hpp
-- Installing: /home/zihao/Documents/limo/agilex_open_class/install/limo_msgs/lib/liblimo_msgs__rosidl_typesupport_fastrtps_cpp.so
-- Set runtime path of "/home/zihao/Documents/limo/agilex_open_class/install/limo_msgs/lib/liblimo_msgs__rosidl_typesupport_fastrtps_cpp.so" to ""
-- Up-to-date: /home/zihao/Documents/limo/agilex_open_class/install/limo_msgs/include/limo_msgs/limo_msgs
-- Up-to-date: /home/zihao/Documents/limo/agilex_open_class/install/limo_msgs/include/limo_msgs/limo_msgs/action
-- Up-to-date: /home/zihao/Documents/limo/agilex_open_class/install/limo_msgs/include/limo_msgs/limo_msgs/action/detail
-- Installing: /home/zihao/Documents/limo/agilex_open_class/install/limo_msgs/include/limo_msgs/limo_msgs/action/detail/limo_action__type_support.c
-- Installing: /home/zihao/Documents/limo/agilex_open_class/install/limo_msgs/include/limo_msgs/limo_msgs/action/detail/limo_action__rosidl_typesupport_introspection_c.h
-- Up-to-date: /home/zihao/Documents/limo/agilex_open_class/install/limo_msgs/include/limo_msgs/limo_msgs/msg
-- Installing: /home/zihao/Documents/limo/agilex_open_class/install/limo_msgs/include/limo_msgs/limo_msgs/msg/rosidl_typesupport_introspection_c__visibility_control.h
-- Up-to-date: /home/zihao/Documents/limo/agilex_open_class/install/limo_msgs/include/limo_msgs/limo_msgs/msg/detail
-- Installing: /home/zihao/Documents/limo/agilex_open_class/install/limo_msgs/include/limo_msgs/limo_msgs/msg/detail/limo_status__type_support.c
-- Installing: /home/zihao/Documents/limo/agilex_open_class/install/limo_msgs/include/limo_msgs/limo_msgs/msg/detail/limo_status__rosidl_typesupport_introspection_c.h
-- Up-to-date: /home/zihao/Documents/limo/agilex_open_class/install/limo_msgs/include/limo_msgs/limo_msgs/srv
-- Up-to-date: /home/zihao/Documents/limo/agilex_open_class/install/limo_msgs/include/limo_msgs/limo_msgs/srv/detail
-- Installing: /home/zihao/Documents/limo/agilex_open_class/install/limo_msgs/include/limo_msgs/limo_msgs/srv/detail/limo_srv__type_support.c
-- Installing: /home/zihao/Documents/limo/agilex_open_class/install/limo_msgs/include/limo_msgs/limo_msgs/srv/detail/limo_srv__rosidl_typesupport_introspection_c.h
-- Installing: /home/zihao/Documents/limo/agilex_open_class/install/limo_msgs/lib/liblimo_msgs__rosidl_typesupport_introspection_c.so
-- Set runtime path of "/home/zihao/Documents/limo/agilex_open_class/install/limo_msgs/lib/liblimo_msgs__rosidl_typesupport_introspection_c.so" to ""
-- Installing: /home/zihao/Documents/limo/agilex_open_class/install/limo_msgs/lib/liblimo_msgs__rosidl_typesupport_c.so
-- Set runtime path of "/home/zihao/Documents/limo/agilex_open_class/install/limo_msgs/lib/liblimo_msgs__rosidl_typesupport_c.so" to ""
-- Up-to-date: /home/zihao/Documents/limo/agilex_open_class/install/limo_msgs/include/limo_msgs/limo_msgs
-- Up-to-date: /home/zihao/Documents/limo/agilex_open_class/install/limo_msgs/include/limo_msgs/limo_msgs/action
-- Up-to-date: /home/zihao/Documents/limo/agilex_open_class/install/limo_msgs/include/limo_msgs/limo_msgs/action/detail
-- Installing: /home/zihao/Documents/limo/agilex_open_class/install/limo_msgs/include/limo_msgs/limo_msgs/action/detail/limo_action__type_support.cpp
-- Installing: /home/zihao/Documents/limo/agilex_open_class/install/limo_msgs/include/limo_msgs/limo_msgs/action/detail/limo_action__rosidl_typesupport_introspection_cpp.hpp
-- Up-to-date: /home/zihao/Documents/limo/agilex_open_class/install/limo_msgs/include/limo_msgs/limo_msgs/msg
-- Up-to-date: /home/zihao/Documents/limo/agilex_open_class/install/limo_msgs/include/limo_msgs/limo_msgs/msg/detail
-- Installing: /home/zihao/Documents/limo/agilex_open_class/install/limo_msgs/include/limo_msgs/limo_msgs/msg/detail/limo_status__type_support.cpp
-- Installing: /home/zihao/Documents/limo/agilex_open_class/install/limo_msgs/include/limo_msgs/limo_msgs/msg/detail/limo_status__rosidl_typesupport_introspection_cpp.hpp
-- Up-to-date: /home/zihao/Documents/limo/agilex_open_class/install/limo_msgs/include/limo_msgs/limo_msgs/srv
-- Up-to-date: /home/zihao/Documents/limo/agilex_open_class/install/limo_msgs/include/limo_msgs/limo_msgs/srv/detail
-- Installing: /home/zihao/Documents/limo/agilex_open_class/install/limo_msgs/include/limo_msgs/limo_msgs/srv/detail/limo_srv__type_support.cpp
-- Installing: /home/zihao/Documents/limo/agilex_open_class/install/limo_msgs/include/limo_msgs/limo_msgs/srv/detail/limo_srv__rosidl_typesupport_introspection_cpp.hpp
-- Installing: /home/zihao/Documents/limo/agilex_open_class/install/limo_msgs/lib/liblimo_msgs__rosidl_typesupport_introspection_cpp.so
-- Set runtime path of "/home/zihao/Documents/limo/agilex_open_class/install/limo_msgs/lib/liblimo_msgs__rosidl_typesupport_introspection_cpp.so" to ""
-- Installing: /home/zihao/Documents/limo/agilex_open_class/install/limo_msgs/lib/liblimo_msgs__rosidl_typesupport_cpp.so
-- Set runtime path of "/home/zihao/Documents/limo/agilex_open_class/install/limo_msgs/lib/liblimo_msgs__rosidl_typesupport_cpp.so" to ""
-- Installing: /home/zihao/Documents/limo/agilex_open_class/install/limo_msgs/share/limo_msgs/environment/pythonpath.sh
-- Installing: /home/zihao/Documents/limo/agilex_open_class/install/limo_msgs/share/limo_msgs/environment/pythonpath.dsv
-- Installing: /home/zihao/Documents/limo/agilex_open_class/install/limo_msgs/lib/python3.12/site-packages/limo_msgs-0.0.0-py3.12.egg-info
-- Installing: /home/zihao/Documents/limo/agilex_open_class/install/limo_msgs/lib/python3.12/site-packages/limo_msgs-0.0.0-py3.12.egg-info/dependency_links.txt
-- Installing: /home/zihao/Documents/limo/agilex_open_class/install/limo_msgs/lib/python3.12/site-packages/limo_msgs-0.0.0-py3.12.egg-info/PKG-INFO
-- Installing: /home/zihao/Documents/limo/agilex_open_class/install/limo_msgs/lib/python3.12/site-packages/limo_msgs-0.0.0-py3.12.egg-info/top_level.txt
-- Installing: /home/zihao/Documents/limo/agilex_open_class/install/limo_msgs/lib/python3.12/site-packages/limo_msgs-0.0.0-py3.12.egg-info/SOURCES.txt
-- Installing: /home/zihao/Documents/limo/agilex_open_class/install/limo_msgs/lib/python3.12/site-packages/limo_msgs
-- Installing: /home/zihao/Documents/limo/agilex_open_class/install/limo_msgs/lib/python3.12/site-packages/limo_msgs/limo_msgs_s__rosidl_typesupport_fastrtps_c.cpython-312-x86_64-linux-gnu.so
-- Installing: /home/zihao/Documents/limo/agilex_open_class/install/limo_msgs/lib/python3.12/site-packages/limo_msgs/action
-- Installing: /home/zihao/Documents/limo/agilex_open_class/install/limo_msgs/lib/python3.12/site-packages/limo_msgs/action/__init__.py
-- Installing: /home/zihao/Documents/limo/agilex_open_class/install/limo_msgs/lib/python3.12/site-packages/limo_msgs/action/_limo_action.py
-- Installing: /home/zihao/Documents/limo/agilex_open_class/install/limo_msgs/lib/python3.12/site-packages/limo_msgs/action/_limo_action_s.c
-- Installing: /home/zihao/Documents/limo/agilex_open_class/install/limo_msgs/lib/python3.12/site-packages/limo_msgs/msg
-- Installing: /home/zihao/Documents/limo/agilex_open_class/install/limo_msgs/lib/python3.12/site-packages/limo_msgs/msg/_limo_status.py
-- Installing: /home/zihao/Documents/limo/agilex_open_class/install/limo_msgs/lib/python3.12/site-packages/limo_msgs/msg/_limo_status_s.c
-- Installing: /home/zihao/Documents/limo/agilex_open_class/install/limo_msgs/lib/python3.12/site-packages/limo_msgs/msg/__init__.py
-- Installing: /home/zihao/Documents/limo/agilex_open_class/install/limo_msgs/lib/python3.12/site-packages/limo_msgs/limo_msgs_s__rosidl_typesupport_introspection_c.cpython-312-x86_64-linux-gnu.so
-- Installing: /home/zihao/Documents/limo/agilex_open_class/install/limo_msgs/lib/python3.12/site-packages/limo_msgs/limo_msgs_s__rosidl_typesupport_c.cpython-312-x86_64-linux-gnu.so
-- Installing: /home/zihao/Documents/limo/agilex_open_class/install/limo_msgs/lib/python3.12/site-packages/limo_msgs/_limo_msgs_s.ep.rosidl_typesupport_fastrtps_c.c
-- Installing: /home/zihao/Documents/limo/agilex_open_class/install/limo_msgs/lib/python3.12/site-packages/limo_msgs/liblimo_msgs__rosidl_generator_py.so
-- Installing: /home/zihao/Documents/limo/agilex_open_class/install/limo_msgs/lib/python3.12/site-packages/limo_msgs/srv
-- Installing: /home/zihao/Documents/limo/agilex_open_class/install/limo_msgs/lib/python3.12/site-packages/limo_msgs/srv/_limo_srv.py
-- Installing: /home/zihao/Documents/limo/agilex_open_class/install/limo_msgs/lib/python3.12/site-packages/limo_msgs/srv/_limo_srv_s.c
-- Installing: /home/zihao/Documents/limo/agilex_open_class/install/limo_msgs/lib/python3.12/site-packages/limo_msgs/srv/__init__.py
-- Installing: /home/zihao/Documents/limo/agilex_open_class/install/limo_msgs/lib/python3.12/site-packages/limo_msgs/_limo_msgs_s.ep.rosidl_typesupport_c.c
-- Installing: /home/zihao/Documents/limo/agilex_open_class/install/limo_msgs/lib/python3.12/site-packages/limo_msgs/_limo_msgs_s.ep.rosidl_typesupport_introspection_c.c
-- Installing: /home/zihao/Documents/limo/agilex_open_class/install/limo_msgs/lib/python3.12/site-packages/limo_msgs/__init__.py
Listing '/home/zihao/Documents/limo/agilex_open_class/install/limo_msgs/lib/python3.12/site-packages/limo_msgs'...
Compiling '/home/zihao/Documents/limo/agilex_open_class/install/limo_msgs/lib/python3.12/site-packages/limo_msgs/__init__.py'...
Listing '/home/zihao/Documents/limo/agilex_open_class/install/limo_msgs/lib/python3.12/site-packages/limo_msgs/action'...
Compiling '/home/zihao/Documents/limo/agilex_open_class/install/limo_msgs/lib/python3.12/site-packages/limo_msgs/action/__init__.py'...
Compiling '/home/zihao/Documents/limo/agilex_open_class/install/limo_msgs/lib/python3.12/site-packages/limo_msgs/action/_limo_action.py'...
Listing '/home/zihao/Documents/limo/agilex_open_class/install/limo_msgs/lib/python3.12/site-packages/limo_msgs/msg'...
Compiling '/home/zihao/Documents/limo/agilex_open_class/install/limo_msgs/lib/python3.12/site-packages/limo_msgs/msg/__init__.py'...
Compiling '/home/zihao/Documents/limo/agilex_open_class/install/limo_msgs/lib/python3.12/site-packages/limo_msgs/msg/_limo_status.py'...
Listing '/home/zihao/Documents/limo/agilex_open_class/install/limo_msgs/lib/python3.12/site-packages/limo_msgs/srv'...
Compiling '/home/zihao/Documents/limo/agilex_open_class/install/limo_msgs/lib/python3.12/site-packages/limo_msgs/srv/__init__.py'...
Compiling '/home/zihao/Documents/limo/agilex_open_class/install/limo_msgs/lib/python3.12/site-packages/limo_msgs/srv/_limo_srv.py'...
-- Installing: /home/zihao/Documents/limo/agilex_open_class/install/limo_msgs/lib/python3.12/site-packages/limo_msgs/limo_msgs_s__rosidl_typesupport_fastrtps_c.cpython-312-x86_64-linux-gnu.so
-- Set runtime path of "/home/zihao/Documents/limo/agilex_open_class/install/limo_msgs/lib/python3.12/site-packages/limo_msgs/limo_msgs_s__rosidl_typesupport_fastrtps_c.cpython-312-x86_64-linux-gnu.so" to ""
-- Installing: /home/zihao/Documents/limo/agilex_open_class/install/limo_msgs/lib/python3.12/site-packages/limo_msgs/limo_msgs_s__rosidl_typesupport_introspection_c.cpython-312-x86_64-linux-gnu.so
-- Set runtime path of "/home/zihao/Documents/limo/agilex_open_class/install/limo_msgs/lib/python3.12/site-packages/limo_msgs/limo_msgs_s__rosidl_typesupport_introspection_c.cpython-312-x86_64-linux-gnu.so" to ""
-- Installing: /home/zihao/Documents/limo/agilex_open_class/install/limo_msgs/lib/python3.12/site-packages/limo_msgs/limo_msgs_s__rosidl_typesupport_c.cpython-312-x86_64-linux-gnu.so
-- Set runtime path of "/home/zihao/Documents/limo/agilex_open_class/install/limo_msgs/lib/python3.12/site-packages/limo_msgs/limo_msgs_s__rosidl_typesupport_c.cpython-312-x86_64-linux-gnu.so" to ""
-- Installing: /home/zihao/Documents/limo/agilex_open_class/install/limo_msgs/lib/liblimo_msgs__rosidl_generator_py.so
-- Set runtime path of "/home/zihao/Documents/limo/agilex_open_class/install/limo_msgs/lib/liblimo_msgs__rosidl_generator_py.so" to ""
-- Installing: /home/zihao/Documents/limo/agilex_open_class/install/limo_msgs/share/limo_msgs/msg/LimoStatus.idl
-- Installing: /home/zihao/Documents/limo/agilex_open_class/install/limo_msgs/share/limo_msgs/srv/LimoSrv.idl
-- Installing: /home/zihao/Documents/limo/agilex_open_class/install/limo_msgs/share/limo_msgs/action/LimoAction.idl
-- Installing: /home/zihao/Documents/limo/agilex_open_class/install/limo_msgs/share/limo_msgs/msg/LimoStatus.msg
-- Installing: /home/zihao/Documents/limo/agilex_open_class/install/limo_msgs/share/limo_msgs/srv/LimoSrv.srv
-- Installing: /home/zihao/Documents/limo/agilex_open_class/install/limo_msgs/share/limo_msgs/srv/LimoSrv_Request.msg
-- Installing: /home/zihao/Documents/limo/agilex_open_class/install/limo_msgs/share/limo_msgs/srv/LimoSrv_Response.msg
-- Installing: /home/zihao/Documents/limo/agilex_open_class/install/limo_msgs/share/limo_msgs/action/LimoAction.action
-- Installing: /home/zihao/Documents/limo/agilex_open_class/install/limo_msgs/share/ament_index/resource_index/package_run_dependencies/limo_msgs
-- Installing: /home/zihao/Documents/limo/agilex_open_class/install/limo_msgs/share/ament_index/resource_index/parent_prefix_path/limo_msgs
-- Installing: /home/zihao/Documents/limo/agilex_open_class/install/limo_msgs/share/limo_msgs/environment/ament_prefix_path.sh
-- Installing: /home/zihao/Documents/limo/agilex_open_class/install/limo_msgs/share/limo_msgs/environment/ament_prefix_path.dsv
-- Installing: /home/zihao/Documents/limo/agilex_open_class/install/limo_msgs/share/limo_msgs/environment/path.sh
-- Installing: /home/zihao/Documents/limo/agilex_open_class/install/limo_msgs/share/limo_msgs/environment/path.dsv
-- Installing: /home/zihao/Documents/limo/agilex_open_class/install/limo_msgs/share/limo_msgs/local_setup.bash
-- Installing: /home/zihao/Documents/limo/agilex_open_class/install/limo_msgs/share/limo_msgs/local_setup.sh
-- Installing: /home/zihao/Documents/limo/agilex_open_class/install/limo_msgs/share/limo_msgs/local_setup.zsh
-- Installing: /home/zihao/Documents/limo/agilex_open_class/install/limo_msgs/share/limo_msgs/local_setup.dsv
-- Up-to-date: /home/zihao/Documents/limo/agilex_open_class/install/limo_msgs/share/limo_msgs/package.dsv
-- Installing: /home/zihao/Documents/limo/agilex_open_class/install/limo_msgs/share/ament_index/resource_index/packages/limo_msgs
-- Installing: /home/zihao/Documents/limo/agilex_open_class/install/limo_msgs/share/limo_msgs/cmake/export_limo_msgs__rosidl_generator_cExport.cmake
-- Installing: /home/zihao/Documents/limo/agilex_open_class/install/limo_msgs/share/limo_msgs/cmake/export_limo_msgs__rosidl_generator_cExport-noconfig.cmake
-- Installing: /home/zihao/Documents/limo/agilex_open_class/install/limo_msgs/share/limo_msgs/cmake/export_limo_msgs__rosidl_typesupport_fastrtps_cExport.cmake
-- Installing: /home/zihao/Documents/limo/agilex_open_class/install/limo_msgs/share/limo_msgs/cmake/export_limo_msgs__rosidl_typesupport_fastrtps_cExport-noconfig.cmake
-- Installing: /home/zihao/Documents/limo/agilex_open_class/install/limo_msgs/share/limo_msgs/cmake/export_limo_msgs__rosidl_generator_cppExport.cmake
-- Installing: /home/zihao/Documents/limo/agilex_open_class/install/limo_msgs/share/limo_msgs/cmake/export_limo_msgs__rosidl_typesupport_fastrtps_cppExport.cmake
-- Installing: /home/zihao/Documents/limo/agilex_open_class/install/limo_msgs/share/limo_msgs/cmake/export_limo_msgs__rosidl_typesupport_fastrtps_cppExport-noconfig.cmake
-- Installing: /home/zihao/Documents/limo/agilex_open_class/install/limo_msgs/share/limo_msgs/cmake/limo_msgs__rosidl_typesupport_introspection_cExport.cmake
-- Installing: /home/zihao/Documents/limo/agilex_open_class/install/limo_msgs/share/limo_msgs/cmake/limo_msgs__rosidl_typesupport_introspection_cExport-noconfig.cmake
-- Installing: /home/zihao/Documents/limo/agilex_open_class/install/limo_msgs/share/limo_msgs/cmake/limo_msgs__rosidl_typesupport_cExport.cmake
-- Installing: /home/zihao/Documents/limo/agilex_open_class/install/limo_msgs/share/limo_msgs/cmake/limo_msgs__rosidl_typesupport_cExport-noconfig.cmake
-- Installing: /home/zihao/Documents/limo/agilex_open_class/install/limo_msgs/share/limo_msgs/cmake/limo_msgs__rosidl_typesupport_introspection_cppExport.cmake
-- Installing: /home/zihao/Documents/limo/agilex_open_class/install/limo_msgs/share/limo_msgs/cmake/limo_msgs__rosidl_typesupport_introspection_cppExport-noconfig.cmake
-- Installing: /home/zihao/Documents/limo/agilex_open_class/install/limo_msgs/share/limo_msgs/cmake/limo_msgs__rosidl_typesupport_cppExport.cmake
-- Installing: /home/zihao/Documents/limo/agilex_open_class/install/limo_msgs/share/limo_msgs/cmake/limo_msgs__rosidl_typesupport_cppExport-noconfig.cmake
-- Installing: /home/zihao/Documents/limo/agilex_open_class/install/limo_msgs/share/limo_msgs/cmake/export_limo_msgs__rosidl_generator_pyExport.cmake
-- Installing: /home/zihao/Documents/limo/agilex_open_class/install/limo_msgs/share/limo_msgs/cmake/export_limo_msgs__rosidl_generator_pyExport-noconfig.cmake
-- Installing: /home/zihao/Documents/limo/agilex_open_class/install/limo_msgs/share/limo_msgs/cmake/rosidl_cmake-extras.cmake
-- Installing: /home/zihao/Documents/limo/agilex_open_class/install/limo_msgs/share/limo_msgs/cmake/ament_cmake_export_dependencies-extras.cmake
-- Installing: /home/zihao/Documents/limo/agilex_open_class/install/limo_msgs/share/limo_msgs/cmake/ament_cmake_export_include_directories-extras.cmake
-- Installing: /home/zihao/Documents/limo/agilex_open_class/install/limo_msgs/share/limo_msgs/cmake/ament_cmake_export_libraries-extras.cmake
-- Installing: /home/zihao/Documents/limo/agilex_open_class/install/limo_msgs/share/limo_msgs/cmake/ament_cmake_export_targets-extras.cmake
-- Installing: /home/zihao/Documents/limo/agilex_open_class/install/limo_msgs/share/limo_msgs/cmake/rosidl_cmake_export_typesupport_targets-extras.cmake
-- Installing: /home/zihao/Documents/limo/agilex_open_class/install/limo_msgs/share/limo_msgs/cmake/rosidl_cmake_export_typesupport_libraries-extras.cmake
-- Installing: /home/zihao/Documents/limo/agilex_open_class/install/limo_msgs/share/limo_msgs/cmake/limo_msgsConfig.cmake
-- Installing: /home/zihao/Documents/limo/agilex_open_class/install/limo_msgs/share/limo_msgs/cmake/limo_msgsConfig-version.cmake
-- Installing: /home/zihao/Documents/limo/agilex_open_class/install/limo_msgs/share/limo_msgs/package.xml
