[0.007s] Invoking command in '/home/zihao/Documents/limo/agilex_open_class/build/limo_msgs': CMAKE_PREFIX_PATH=/opt/ros/humble CONDA_PROMPT_MODIFIER=(base) /usr/bin/cmake --build /home/zihao/Documents/limo/agilex_open_class/build/limo_msgs -- -j32 -l32
[0.034s] [  2%] [34m[1mGenerating C code for ROS interfaces[0m
[0.040s] [  4%] [34m[1mGenerating C++ code for ROS interfaces[0m
[0.050s] [  4%] Built target ament_cmake_python_copy_limo_msgs
[0.157s] running egg_info
[0.166s] writing limo_msgs.egg-info/PKG-INFO
[0.166s] writing dependency_links to limo_msgs.egg-info/dependency_links.txt
[0.166s] writing top-level names to limo_msgs.egg-info/top_level.txt
[0.192s] reading manifest file 'limo_msgs.egg-info/SOURCES.txt'
[0.192s] writing manifest file 'limo_msgs.egg-info/SOURCES.txt'
[0.211s] [  4%] Built target ament_cmake_python_build_limo_msgs_egg
[0.266s] [  4%] Built target limo_msgs__cpp
[0.279s] [  6%] [34m[1mGenerating C++ type support dispatch for ROS interfaces[0m
[0.280s] [  8%] [34m[1mGenerating C++ introspection for ROS interfaces[0m
[0.282s] [ 10%] [34m[1mGenerating C++ type support for eProsima Fast-RTPS[0m
[0.284s] [ 12%] [32mBuilding C object CMakeFiles/limo_msgs__rosidl_generator_c.dir/rosidl_generator_c/limo_msgs/msg/detail/limo_status__functions.c.o[0m
[0.287s] [ 14%] [32mBuilding C object CMakeFiles/limo_msgs__rosidl_generator_c.dir/rosidl_generator_c/limo_msgs/srv/detail/limo_srv__functions.c.o[0m
[0.288s] [ 17%] [32mBuilding C object CMakeFiles/limo_msgs__rosidl_generator_c.dir/rosidl_generator_c/limo_msgs/action/detail/limo_action__functions.c.o[0m
[0.351s] [ 19%] [32m[1mLinking C shared library liblimo_msgs__rosidl_generator_c.so[0m
[0.376s] [ 19%] Built target limo_msgs__rosidl_generator_c
[0.385s] [ 21%] [34m[1mGenerating C type support for eProsima Fast-RTPS[0m
[0.385s] [ 23%] [34m[1mGenerating C introspection for ROS interfaces[0m
[0.388s] [ 25%] [34m[1mGenerating C type support dispatch for ROS interfaces[0m
[0.431s] [ 27%] [32mBuilding CXX object CMakeFiles/limo_msgs__rosidl_typesupport_cpp.dir/rosidl_typesupport_cpp/limo_msgs/msg/limo_status__type_support.cpp.o[0m
[0.432s] [ 29%] [32mBuilding CXX object CMakeFiles/limo_msgs__rosidl_typesupport_cpp.dir/rosidl_typesupport_cpp/limo_msgs/srv/limo_srv__type_support.cpp.o[0m
[0.432s] [ 31%] [32mBuilding CXX object CMakeFiles/limo_msgs__rosidl_typesupport_cpp.dir/rosidl_typesupport_cpp/limo_msgs/action/limo_action__type_support.cpp.o[0m
[0.465s] [ 34%] [32mBuilding CXX object CMakeFiles/limo_msgs__rosidl_typesupport_introspection_cpp.dir/rosidl_typesupport_introspection_cpp/limo_msgs/action/detail/limo_action__type_support.cpp.o[0m
[0.468s] [ 36%] [32mBuilding CXX object CMakeFiles/limo_msgs__rosidl_typesupport_introspection_cpp.dir/rosidl_typesupport_introspection_cpp/limo_msgs/srv/detail/limo_srv__type_support.cpp.o[0m
[0.469s] [ 38%] [32mBuilding CXX object CMakeFiles/limo_msgs__rosidl_typesupport_introspection_cpp.dir/rosidl_typesupport_introspection_cpp/limo_msgs/msg/detail/limo_status__type_support.cpp.o[0m
[0.474s] [ 40%] [32mBuilding CXX object CMakeFiles/limo_msgs__rosidl_typesupport_fastrtps_cpp.dir/rosidl_typesupport_fastrtps_cpp/limo_msgs/msg/detail/dds_fastrtps/limo_status__type_support.cpp.o[0m
[0.479s] [ 42%] [32mBuilding CXX object CMakeFiles/limo_msgs__rosidl_typesupport_fastrtps_cpp.dir/rosidl_typesupport_fastrtps_cpp/limo_msgs/srv/detail/dds_fastrtps/limo_srv__type_support.cpp.o[0m
[0.480s] [ 44%] [32mBuilding CXX object CMakeFiles/limo_msgs__rosidl_typesupport_fastrtps_cpp.dir/rosidl_typesupport_fastrtps_cpp/limo_msgs/action/detail/dds_fastrtps/limo_action__type_support.cpp.o[0m
[0.553s] [ 46%] [32mBuilding CXX object CMakeFiles/limo_msgs__rosidl_typesupport_c.dir/rosidl_typesupport_c/limo_msgs/msg/limo_status__type_support.cpp.o[0m
[0.556s] [ 48%] [32mBuilding CXX object CMakeFiles/limo_msgs__rosidl_typesupport_c.dir/rosidl_typesupport_c/limo_msgs/srv/limo_srv__type_support.cpp.o[0m
[0.567s] [ 51%] [32mBuilding CXX object CMakeFiles/limo_msgs__rosidl_typesupport_c.dir/rosidl_typesupport_c/limo_msgs/action/limo_action__type_support.cpp.o[0m
[0.588s] [ 53%] [32mBuilding CXX object CMakeFiles/limo_msgs__rosidl_typesupport_fastrtps_c.dir/rosidl_typesupport_fastrtps_c/limo_msgs/msg/detail/limo_status__type_support_c.cpp.o[0m
[0.588s] [ 55%] [32mBuilding CXX object CMakeFiles/limo_msgs__rosidl_typesupport_fastrtps_c.dir/rosidl_typesupport_fastrtps_c/limo_msgs/action/detail/limo_action__type_support_c.cpp.o[0m
[0.593s] [ 57%] [32mBuilding CXX object CMakeFiles/limo_msgs__rosidl_typesupport_fastrtps_c.dir/rosidl_typesupport_fastrtps_c/limo_msgs/srv/detail/limo_srv__type_support_c.cpp.o[0m
[0.595s] [ 59%] [32mBuilding C object CMakeFiles/limo_msgs__rosidl_typesupport_introspection_c.dir/rosidl_typesupport_introspection_c/limo_msgs/msg/detail/limo_status__type_support.c.o[0m
[0.598s] [ 61%] [32mBuilding C object CMakeFiles/limo_msgs__rosidl_typesupport_introspection_c.dir/rosidl_typesupport_introspection_c/limo_msgs/srv/detail/limo_srv__type_support.c.o[0m
[0.599s] [ 63%] [32mBuilding C object CMakeFiles/limo_msgs__rosidl_typesupport_introspection_c.dir/rosidl_typesupport_introspection_c/limo_msgs/action/detail/limo_action__type_support.c.o[0m
[0.604s] [ 65%] [32m[1mLinking CXX shared library liblimo_msgs__rosidl_typesupport_c.so[0m
[0.630s] [ 68%] [32m[1mLinking CXX shared library liblimo_msgs__rosidl_typesupport_cpp.so[0m
[0.630s] [ 70%] [32m[1mLinking C shared library liblimo_msgs__rosidl_typesupport_introspection_c.so[0m
[0.635s] [ 70%] Built target limo_msgs__rosidl_typesupport_c
[0.657s] [ 70%] Built target limo_msgs__rosidl_typesupport_introspection_c
[0.659s] [ 70%] Built target limo_msgs__rosidl_typesupport_cpp
[0.715s] [ 72%] [32m[1mLinking CXX shared library liblimo_msgs__rosidl_typesupport_introspection_cpp.so[0m
[0.720s] [ 74%] [32m[1mLinking CXX shared library liblimo_msgs__rosidl_typesupport_fastrtps_cpp.so[0m
[0.755s] [ 76%] [32m[1mLinking CXX shared library liblimo_msgs__rosidl_typesupport_fastrtps_c.so[0m
[0.756s] [ 76%] Built target limo_msgs__rosidl_typesupport_introspection_cpp
[0.762s] [ 76%] Built target limo_msgs__rosidl_typesupport_fastrtps_cpp
[0.792s] [ 76%] Built target limo_msgs__rosidl_typesupport_fastrtps_c
[0.808s] [ 76%] Built target limo_msgs
[0.820s] [ 78%] [34m[1mGenerating Python code for ROS interfaces[0m
[1.133s] [ 78%] Built target limo_msgs__py
[1.151s] [ 80%] [32mBuilding C object CMakeFiles/limo_msgs__rosidl_generator_py.dir/rosidl_generator_py/limo_msgs/msg/_limo_status_s.c.o[0m
[1.151s] [ 82%] [32mBuilding C object CMakeFiles/limo_msgs__rosidl_generator_py.dir/rosidl_generator_py/limo_msgs/action/_limo_action_s.c.o[0m
[1.152s] [ 85%] [32mBuilding C object CMakeFiles/limo_msgs__rosidl_generator_py.dir/rosidl_generator_py/limo_msgs/srv/_limo_srv_s.c.o[0m
[1.241s] [ 87%] [32m[1mLinking C shared library rosidl_generator_py/limo_msgs/liblimo_msgs__rosidl_generator_py.so[0m
[1.268s] [ 87%] Built target limo_msgs__rosidl_generator_py
[1.287s] [ 89%] [32mBuilding C object CMakeFiles/limo_msgs__rosidl_typesupport_fastrtps_c__pyext.dir/rosidl_generator_py/limo_msgs/_limo_msgs_s.ep.rosidl_typesupport_fastrtps_c.c.o[0m
[1.290s] [ 91%] [32mBuilding C object CMakeFiles/limo_msgs__rosidl_typesupport_introspection_c__pyext.dir/rosidl_generator_py/limo_msgs/_limo_msgs_s.ep.rosidl_typesupport_introspection_c.c.o[0m
[1.291s] [ 93%] [32mBuilding C object CMakeFiles/limo_msgs__rosidl_typesupport_c__pyext.dir/rosidl_generator_py/limo_msgs/_limo_msgs_s.ep.rosidl_typesupport_c.c.o[0m
[1.347s] [ 95%] [32m[1mLinking C shared library rosidl_generator_py/limo_msgs/limo_msgs_s__rosidl_typesupport_fastrtps_c.cpython-312-x86_64-linux-gnu.so[0m
[1.350s] [ 97%] [32m[1mLinking C shared library rosidl_generator_py/limo_msgs/limo_msgs_s__rosidl_typesupport_introspection_c.cpython-312-x86_64-linux-gnu.so[0m
[1.351s] [100%] [32m[1mLinking C shared library rosidl_generator_py/limo_msgs/limo_msgs_s__rosidl_typesupport_c.cpython-312-x86_64-linux-gnu.so[0m
[1.375s] [100%] Built target limo_msgs__rosidl_typesupport_fastrtps_c__pyext
[1.378s] [100%] Built target limo_msgs__rosidl_typesupport_introspection_c__pyext
[1.380s] [100%] Built target limo_msgs__rosidl_typesupport_c__pyext
[1.387s] Invoked command in '/home/zihao/Documents/limo/agilex_open_class/build/limo_msgs' returned '0': CMAKE_PREFIX_PATH=/opt/ros/humble CONDA_PROMPT_MODIFIER=(base) /usr/bin/cmake --build /home/zihao/Documents/limo/agilex_open_class/build/limo_msgs -- -j32 -l32
[1.393s] Invoking command in '/home/zihao/Documents/limo/agilex_open_class/build/limo_msgs': CMAKE_PREFIX_PATH=/opt/ros/humble CONDA_PROMPT_MODIFIER=(base) /usr/bin/cmake --install /home/zihao/Documents/limo/agilex_open_class/build/limo_msgs
[1.397s] -- Install configuration: ""
[1.397s] -- Installing: /home/zihao/Documents/limo/agilex_open_class/install/limo_msgs/share/ament_index/resource_index/rosidl_interfaces/limo_msgs
[1.397s] -- Installing: /home/zihao/Documents/limo/agilex_open_class/install/limo_msgs/include/limo_msgs/limo_msgs
[1.397s] -- Installing: /home/zihao/Documents/limo/agilex_open_class/install/limo_msgs/include/limo_msgs/limo_msgs/action
[1.397s] -- Installing: /home/zihao/Documents/limo/agilex_open_class/install/limo_msgs/include/limo_msgs/limo_msgs/action/limo_action.h
[1.397s] -- Installing: /home/zihao/Documents/limo/agilex_open_class/install/limo_msgs/include/limo_msgs/limo_msgs/action/detail
[1.397s] -- Installing: /home/zihao/Documents/limo/agilex_open_class/install/limo_msgs/include/limo_msgs/limo_msgs/action/detail/limo_action__functions.h
[1.397s] -- Installing: /home/zihao/Documents/limo/agilex_open_class/install/limo_msgs/include/limo_msgs/limo_msgs/action/detail/limo_action__type_support.h
[1.397s] -- Installing: /home/zihao/Documents/limo/agilex_open_class/install/limo_msgs/include/limo_msgs/limo_msgs/action/detail/limo_action__struct.h
[1.397s] -- Installing: /home/zihao/Documents/limo/agilex_open_class/install/limo_msgs/include/limo_msgs/limo_msgs/action/detail/limo_action__functions.c
[1.397s] -- Installing: /home/zihao/Documents/limo/agilex_open_class/install/limo_msgs/include/limo_msgs/limo_msgs/msg
[1.397s] -- Installing: /home/zihao/Documents/limo/agilex_open_class/install/limo_msgs/include/limo_msgs/limo_msgs/msg/rosidl_generator_c__visibility_control.h
[1.397s] -- Installing: /home/zihao/Documents/limo/agilex_open_class/install/limo_msgs/include/limo_msgs/limo_msgs/msg/limo_status.h
[1.397s] -- Installing: /home/zihao/Documents/limo/agilex_open_class/install/limo_msgs/include/limo_msgs/limo_msgs/msg/detail
[1.397s] -- Installing: /home/zihao/Documents/limo/agilex_open_class/install/limo_msgs/include/limo_msgs/limo_msgs/msg/detail/limo_status__functions.h
[1.397s] -- Installing: /home/zihao/Documents/limo/agilex_open_class/install/limo_msgs/include/limo_msgs/limo_msgs/msg/detail/limo_status__type_support.h
[1.397s] -- Installing: /home/zihao/Documents/limo/agilex_open_class/install/limo_msgs/include/limo_msgs/limo_msgs/msg/detail/limo_status__struct.h
[1.397s] -- Installing: /home/zihao/Documents/limo/agilex_open_class/install/limo_msgs/include/limo_msgs/limo_msgs/msg/detail/limo_status__functions.c
[1.397s] -- Installing: /home/zihao/Documents/limo/agilex_open_class/install/limo_msgs/include/limo_msgs/limo_msgs/srv
[1.397s] -- Installing: /home/zihao/Documents/limo/agilex_open_class/install/limo_msgs/include/limo_msgs/limo_msgs/srv/limo_srv.h
[1.397s] -- Installing: /home/zihao/Documents/limo/agilex_open_class/install/limo_msgs/include/limo_msgs/limo_msgs/srv/detail
[1.397s] -- Installing: /home/zihao/Documents/limo/agilex_open_class/install/limo_msgs/include/limo_msgs/limo_msgs/srv/detail/limo_srv__type_support.h
[1.397s] -- Installing: /home/zihao/Documents/limo/agilex_open_class/install/limo_msgs/include/limo_msgs/limo_msgs/srv/detail/limo_srv__functions.h
[1.397s] -- Installing: /home/zihao/Documents/limo/agilex_open_class/install/limo_msgs/include/limo_msgs/limo_msgs/srv/detail/limo_srv__struct.h
[1.397s] -- Installing: /home/zihao/Documents/limo/agilex_open_class/install/limo_msgs/include/limo_msgs/limo_msgs/srv/detail/limo_srv__functions.c
[1.397s] -- Installing: /home/zihao/Documents/limo/agilex_open_class/install/limo_msgs/share/limo_msgs/environment/library_path.sh
[1.397s] -- Installing: /home/zihao/Documents/limo/agilex_open_class/install/limo_msgs/share/limo_msgs/environment/library_path.dsv
[1.397s] -- Installing: /home/zihao/Documents/limo/agilex_open_class/install/limo_msgs/lib/liblimo_msgs__rosidl_generator_c.so
[1.398s] -- Set runtime path of "/home/zihao/Documents/limo/agilex_open_class/install/limo_msgs/lib/liblimo_msgs__rosidl_generator_c.so" to ""
[1.398s] -- Up-to-date: /home/zihao/Documents/limo/agilex_open_class/install/limo_msgs/include/limo_msgs/limo_msgs
[1.398s] -- Up-to-date: /home/zihao/Documents/limo/agilex_open_class/install/limo_msgs/include/limo_msgs/limo_msgs/action
[1.398s] -- Up-to-date: /home/zihao/Documents/limo/agilex_open_class/install/limo_msgs/include/limo_msgs/limo_msgs/action/detail
[1.398s] -- Installing: /home/zihao/Documents/limo/agilex_open_class/install/limo_msgs/include/limo_msgs/limo_msgs/action/detail/limo_action__rosidl_typesupport_fastrtps_c.h
[1.398s] -- Up-to-date: /home/zihao/Documents/limo/agilex_open_class/install/limo_msgs/include/limo_msgs/limo_msgs/msg
[1.398s] -- Installing: /home/zihao/Documents/limo/agilex_open_class/install/limo_msgs/include/limo_msgs/limo_msgs/msg/rosidl_typesupport_fastrtps_c__visibility_control.h
[1.398s] -- Up-to-date: /home/zihao/Documents/limo/agilex_open_class/install/limo_msgs/include/limo_msgs/limo_msgs/msg/detail
[1.398s] -- Installing: /home/zihao/Documents/limo/agilex_open_class/install/limo_msgs/include/limo_msgs/limo_msgs/msg/detail/limo_status__rosidl_typesupport_fastrtps_c.h
[1.398s] -- Up-to-date: /home/zihao/Documents/limo/agilex_open_class/install/limo_msgs/include/limo_msgs/limo_msgs/srv
[1.398s] -- Up-to-date: /home/zihao/Documents/limo/agilex_open_class/install/limo_msgs/include/limo_msgs/limo_msgs/srv/detail
[1.398s] -- Installing: /home/zihao/Documents/limo/agilex_open_class/install/limo_msgs/include/limo_msgs/limo_msgs/srv/detail/limo_srv__rosidl_typesupport_fastrtps_c.h
[1.398s] -- Installing: /home/zihao/Documents/limo/agilex_open_class/install/limo_msgs/lib/liblimo_msgs__rosidl_typesupport_fastrtps_c.so
[1.398s] -- Set runtime path of "/home/zihao/Documents/limo/agilex_open_class/install/limo_msgs/lib/liblimo_msgs__rosidl_typesupport_fastrtps_c.so" to ""
[1.398s] -- Up-to-date: /home/zihao/Documents/limo/agilex_open_class/install/limo_msgs/include/limo_msgs/limo_msgs
[1.398s] -- Up-to-date: /home/zihao/Documents/limo/agilex_open_class/install/limo_msgs/include/limo_msgs/limo_msgs/action
[1.398s] -- Installing: /home/zihao/Documents/limo/agilex_open_class/install/limo_msgs/include/limo_msgs/limo_msgs/action/limo_action.hpp
[1.398s] -- Up-to-date: /home/zihao/Documents/limo/agilex_open_class/install/limo_msgs/include/limo_msgs/limo_msgs/action/detail
[1.398s] -- Installing: /home/zihao/Documents/limo/agilex_open_class/install/limo_msgs/include/limo_msgs/limo_msgs/action/detail/limo_action__traits.hpp
[1.398s] -- Installing: /home/zihao/Documents/limo/agilex_open_class/install/limo_msgs/include/limo_msgs/limo_msgs/action/detail/limo_action__builder.hpp
[1.398s] -- Installing: /home/zihao/Documents/limo/agilex_open_class/install/limo_msgs/include/limo_msgs/limo_msgs/action/detail/limo_action__type_support.hpp
[1.398s] -- Installing: /home/zihao/Documents/limo/agilex_open_class/install/limo_msgs/include/limo_msgs/limo_msgs/action/detail/limo_action__struct.hpp
[1.398s] -- Up-to-date: /home/zihao/Documents/limo/agilex_open_class/install/limo_msgs/include/limo_msgs/limo_msgs/msg
[1.398s] -- Installing: /home/zihao/Documents/limo/agilex_open_class/install/limo_msgs/include/limo_msgs/limo_msgs/msg/limo_status.hpp
[1.398s] -- Up-to-date: /home/zihao/Documents/limo/agilex_open_class/install/limo_msgs/include/limo_msgs/limo_msgs/msg/detail
[1.398s] -- Installing: /home/zihao/Documents/limo/agilex_open_class/install/limo_msgs/include/limo_msgs/limo_msgs/msg/detail/limo_status__type_support.hpp
[1.398s] -- Installing: /home/zihao/Documents/limo/agilex_open_class/install/limo_msgs/include/limo_msgs/limo_msgs/msg/detail/limo_status__struct.hpp
[1.398s] -- Installing: /home/zihao/Documents/limo/agilex_open_class/install/limo_msgs/include/limo_msgs/limo_msgs/msg/detail/limo_status__builder.hpp
[1.398s] -- Installing: /home/zihao/Documents/limo/agilex_open_class/install/limo_msgs/include/limo_msgs/limo_msgs/msg/detail/limo_status__traits.hpp
[1.398s] -- Installing: /home/zihao/Documents/limo/agilex_open_class/install/limo_msgs/include/limo_msgs/limo_msgs/msg/rosidl_generator_cpp__visibility_control.hpp
[1.398s] -- Up-to-date: /home/zihao/Documents/limo/agilex_open_class/install/limo_msgs/include/limo_msgs/limo_msgs/srv
[1.398s] -- Installing: /home/zihao/Documents/limo/agilex_open_class/install/limo_msgs/include/limo_msgs/limo_msgs/srv/limo_srv.hpp
[1.398s] -- Up-to-date: /home/zihao/Documents/limo/agilex_open_class/install/limo_msgs/include/limo_msgs/limo_msgs/srv/detail
[1.398s] -- Installing: /home/zihao/Documents/limo/agilex_open_class/install/limo_msgs/include/limo_msgs/limo_msgs/srv/detail/limo_srv__traits.hpp
[1.398s] -- Installing: /home/zihao/Documents/limo/agilex_open_class/install/limo_msgs/include/limo_msgs/limo_msgs/srv/detail/limo_srv__builder.hpp
[1.398s] -- Installing: /home/zihao/Documents/limo/agilex_open_class/install/limo_msgs/include/limo_msgs/limo_msgs/srv/detail/limo_srv__type_support.hpp
[1.398s] -- Installing: /home/zihao/Documents/limo/agilex_open_class/install/limo_msgs/include/limo_msgs/limo_msgs/srv/detail/limo_srv__struct.hpp
[1.398s] -- Up-to-date: /home/zihao/Documents/limo/agilex_open_class/install/limo_msgs/include/limo_msgs/limo_msgs
[1.398s] -- Up-to-date: /home/zihao/Documents/limo/agilex_open_class/install/limo_msgs/include/limo_msgs/limo_msgs/action
[1.398s] -- Up-to-date: /home/zihao/Documents/limo/agilex_open_class/install/limo_msgs/include/limo_msgs/limo_msgs/action/detail
[1.398s] -- Installing: /home/zihao/Documents/limo/agilex_open_class/install/limo_msgs/include/limo_msgs/limo_msgs/action/detail/dds_fastrtps
[1.398s] -- Installing: /home/zihao/Documents/limo/agilex_open_class/install/limo_msgs/include/limo_msgs/limo_msgs/action/detail/limo_action__rosidl_typesupport_fastrtps_cpp.hpp
[1.398s] -- Up-to-date: /home/zihao/Documents/limo/agilex_open_class/install/limo_msgs/include/limo_msgs/limo_msgs/msg
[1.398s] -- Installing: /home/zihao/Documents/limo/agilex_open_class/install/limo_msgs/include/limo_msgs/limo_msgs/msg/rosidl_typesupport_fastrtps_cpp__visibility_control.h
[1.398s] -- Up-to-date: /home/zihao/Documents/limo/agilex_open_class/install/limo_msgs/include/limo_msgs/limo_msgs/msg/detail
[1.398s] -- Installing: /home/zihao/Documents/limo/agilex_open_class/install/limo_msgs/include/limo_msgs/limo_msgs/msg/detail/dds_fastrtps
[1.399s] -- Installing: /home/zihao/Documents/limo/agilex_open_class/install/limo_msgs/include/limo_msgs/limo_msgs/msg/detail/limo_status__rosidl_typesupport_fastrtps_cpp.hpp
[1.399s] -- Up-to-date: /home/zihao/Documents/limo/agilex_open_class/install/limo_msgs/include/limo_msgs/limo_msgs/srv
[1.399s] -- Up-to-date: /home/zihao/Documents/limo/agilex_open_class/install/limo_msgs/include/limo_msgs/limo_msgs/srv/detail
[1.399s] -- Installing: /home/zihao/Documents/limo/agilex_open_class/install/limo_msgs/include/limo_msgs/limo_msgs/srv/detail/dds_fastrtps
[1.399s] -- Installing: /home/zihao/Documents/limo/agilex_open_class/install/limo_msgs/include/limo_msgs/limo_msgs/srv/detail/limo_srv__rosidl_typesupport_fastrtps_cpp.hpp
[1.399s] -- Installing: /home/zihao/Documents/limo/agilex_open_class/install/limo_msgs/lib/liblimo_msgs__rosidl_typesupport_fastrtps_cpp.so
[1.399s] -- Set runtime path of "/home/zihao/Documents/limo/agilex_open_class/install/limo_msgs/lib/liblimo_msgs__rosidl_typesupport_fastrtps_cpp.so" to ""
[1.399s] -- Up-to-date: /home/zihao/Documents/limo/agilex_open_class/install/limo_msgs/include/limo_msgs/limo_msgs
[1.399s] -- Up-to-date: /home/zihao/Documents/limo/agilex_open_class/install/limo_msgs/include/limo_msgs/limo_msgs/action
[1.399s] -- Up-to-date: /home/zihao/Documents/limo/agilex_open_class/install/limo_msgs/include/limo_msgs/limo_msgs/action/detail
[1.399s] -- Installing: /home/zihao/Documents/limo/agilex_open_class/install/limo_msgs/include/limo_msgs/limo_msgs/action/detail/limo_action__type_support.c
[1.399s] -- Installing: /home/zihao/Documents/limo/agilex_open_class/install/limo_msgs/include/limo_msgs/limo_msgs/action/detail/limo_action__rosidl_typesupport_introspection_c.h
[1.399s] -- Up-to-date: /home/zihao/Documents/limo/agilex_open_class/install/limo_msgs/include/limo_msgs/limo_msgs/msg
[1.399s] -- Installing: /home/zihao/Documents/limo/agilex_open_class/install/limo_msgs/include/limo_msgs/limo_msgs/msg/rosidl_typesupport_introspection_c__visibility_control.h
[1.399s] -- Up-to-date: /home/zihao/Documents/limo/agilex_open_class/install/limo_msgs/include/limo_msgs/limo_msgs/msg/detail
[1.399s] -- Installing: /home/zihao/Documents/limo/agilex_open_class/install/limo_msgs/include/limo_msgs/limo_msgs/msg/detail/limo_status__type_support.c
[1.399s] -- Installing: /home/zihao/Documents/limo/agilex_open_class/install/limo_msgs/include/limo_msgs/limo_msgs/msg/detail/limo_status__rosidl_typesupport_introspection_c.h
[1.399s] -- Up-to-date: /home/zihao/Documents/limo/agilex_open_class/install/limo_msgs/include/limo_msgs/limo_msgs/srv
[1.399s] -- Up-to-date: /home/zihao/Documents/limo/agilex_open_class/install/limo_msgs/include/limo_msgs/limo_msgs/srv/detail
[1.399s] -- Installing: /home/zihao/Documents/limo/agilex_open_class/install/limo_msgs/include/limo_msgs/limo_msgs/srv/detail/limo_srv__type_support.c
[1.399s] -- Installing: /home/zihao/Documents/limo/agilex_open_class/install/limo_msgs/include/limo_msgs/limo_msgs/srv/detail/limo_srv__rosidl_typesupport_introspection_c.h
[1.399s] -- Installing: /home/zihao/Documents/limo/agilex_open_class/install/limo_msgs/lib/liblimo_msgs__rosidl_typesupport_introspection_c.so
[1.399s] -- Set runtime path of "/home/zihao/Documents/limo/agilex_open_class/install/limo_msgs/lib/liblimo_msgs__rosidl_typesupport_introspection_c.so" to ""
[1.399s] -- Installing: /home/zihao/Documents/limo/agilex_open_class/install/limo_msgs/lib/liblimo_msgs__rosidl_typesupport_c.so
[1.399s] -- Set runtime path of "/home/zihao/Documents/limo/agilex_open_class/install/limo_msgs/lib/liblimo_msgs__rosidl_typesupport_c.so" to ""
[1.399s] -- Up-to-date: /home/zihao/Documents/limo/agilex_open_class/install/limo_msgs/include/limo_msgs/limo_msgs
[1.399s] -- Up-to-date: /home/zihao/Documents/limo/agilex_open_class/install/limo_msgs/include/limo_msgs/limo_msgs/action
[1.399s] -- Up-to-date: /home/zihao/Documents/limo/agilex_open_class/install/limo_msgs/include/limo_msgs/limo_msgs/action/detail
[1.399s] -- Installing: /home/zihao/Documents/limo/agilex_open_class/install/limo_msgs/include/limo_msgs/limo_msgs/action/detail/limo_action__type_support.cpp
[1.399s] -- Installing: /home/zihao/Documents/limo/agilex_open_class/install/limo_msgs/include/limo_msgs/limo_msgs/action/detail/limo_action__rosidl_typesupport_introspection_cpp.hpp
[1.399s] -- Up-to-date: /home/zihao/Documents/limo/agilex_open_class/install/limo_msgs/include/limo_msgs/limo_msgs/msg
[1.399s] -- Up-to-date: /home/zihao/Documents/limo/agilex_open_class/install/limo_msgs/include/limo_msgs/limo_msgs/msg/detail
[1.400s] -- Installing: /home/zihao/Documents/limo/agilex_open_class/install/limo_msgs/include/limo_msgs/limo_msgs/msg/detail/limo_status__type_support.cpp
[1.400s] -- Installing: /home/zihao/Documents/limo/agilex_open_class/install/limo_msgs/include/limo_msgs/limo_msgs/msg/detail/limo_status__rosidl_typesupport_introspection_cpp.hpp
[1.400s] -- Up-to-date: /home/zihao/Documents/limo/agilex_open_class/install/limo_msgs/include/limo_msgs/limo_msgs/srv
[1.400s] -- Up-to-date: /home/zihao/Documents/limo/agilex_open_class/install/limo_msgs/include/limo_msgs/limo_msgs/srv/detail
[1.400s] -- Installing: /home/zihao/Documents/limo/agilex_open_class/install/limo_msgs/include/limo_msgs/limo_msgs/srv/detail/limo_srv__type_support.cpp
[1.400s] -- Installing: /home/zihao/Documents/limo/agilex_open_class/install/limo_msgs/include/limo_msgs/limo_msgs/srv/detail/limo_srv__rosidl_typesupport_introspection_cpp.hpp
[1.400s] -- Installing: /home/zihao/Documents/limo/agilex_open_class/install/limo_msgs/lib/liblimo_msgs__rosidl_typesupport_introspection_cpp.so
[1.400s] -- Set runtime path of "/home/zihao/Documents/limo/agilex_open_class/install/limo_msgs/lib/liblimo_msgs__rosidl_typesupport_introspection_cpp.so" to ""
[1.400s] -- Installing: /home/zihao/Documents/limo/agilex_open_class/install/limo_msgs/lib/liblimo_msgs__rosidl_typesupport_cpp.so
[1.400s] -- Set runtime path of "/home/zihao/Documents/limo/agilex_open_class/install/limo_msgs/lib/liblimo_msgs__rosidl_typesupport_cpp.so" to ""
[1.400s] -- Installing: /home/zihao/Documents/limo/agilex_open_class/install/limo_msgs/share/limo_msgs/environment/pythonpath.sh
[1.400s] -- Installing: /home/zihao/Documents/limo/agilex_open_class/install/limo_msgs/share/limo_msgs/environment/pythonpath.dsv
[1.400s] -- Installing: /home/zihao/Documents/limo/agilex_open_class/install/limo_msgs/lib/python3.12/site-packages/limo_msgs-0.0.0-py3.12.egg-info
[1.400s] -- Installing: /home/zihao/Documents/limo/agilex_open_class/install/limo_msgs/lib/python3.12/site-packages/limo_msgs-0.0.0-py3.12.egg-info/dependency_links.txt
[1.400s] -- Installing: /home/zihao/Documents/limo/agilex_open_class/install/limo_msgs/lib/python3.12/site-packages/limo_msgs-0.0.0-py3.12.egg-info/PKG-INFO
[1.400s] -- Installing: /home/zihao/Documents/limo/agilex_open_class/install/limo_msgs/lib/python3.12/site-packages/limo_msgs-0.0.0-py3.12.egg-info/top_level.txt
[1.400s] -- Installing: /home/zihao/Documents/limo/agilex_open_class/install/limo_msgs/lib/python3.12/site-packages/limo_msgs-0.0.0-py3.12.egg-info/SOURCES.txt
[1.400s] -- Installing: /home/zihao/Documents/limo/agilex_open_class/install/limo_msgs/lib/python3.12/site-packages/limo_msgs
[1.400s] -- Installing: /home/zihao/Documents/limo/agilex_open_class/install/limo_msgs/lib/python3.12/site-packages/limo_msgs/limo_msgs_s__rosidl_typesupport_fastrtps_c.cpython-312-x86_64-linux-gnu.so
[1.400s] -- Installing: /home/zihao/Documents/limo/agilex_open_class/install/limo_msgs/lib/python3.12/site-packages/limo_msgs/action
[1.400s] -- Installing: /home/zihao/Documents/limo/agilex_open_class/install/limo_msgs/lib/python3.12/site-packages/limo_msgs/action/__init__.py
[1.400s] -- Installing: /home/zihao/Documents/limo/agilex_open_class/install/limo_msgs/lib/python3.12/site-packages/limo_msgs/action/_limo_action.py
[1.400s] -- Installing: /home/zihao/Documents/limo/agilex_open_class/install/limo_msgs/lib/python3.12/site-packages/limo_msgs/action/_limo_action_s.c
[1.400s] -- Installing: /home/zihao/Documents/limo/agilex_open_class/install/limo_msgs/lib/python3.12/site-packages/limo_msgs/msg
[1.400s] -- Installing: /home/zihao/Documents/limo/agilex_open_class/install/limo_msgs/lib/python3.12/site-packages/limo_msgs/msg/_limo_status.py
[1.400s] -- Installing: /home/zihao/Documents/limo/agilex_open_class/install/limo_msgs/lib/python3.12/site-packages/limo_msgs/msg/_limo_status_s.c
[1.400s] -- Installing: /home/zihao/Documents/limo/agilex_open_class/install/limo_msgs/lib/python3.12/site-packages/limo_msgs/msg/__init__.py
[1.400s] -- Installing: /home/zihao/Documents/limo/agilex_open_class/install/limo_msgs/lib/python3.12/site-packages/limo_msgs/limo_msgs_s__rosidl_typesupport_introspection_c.cpython-312-x86_64-linux-gnu.so
[1.400s] -- Installing: /home/zihao/Documents/limo/agilex_open_class/install/limo_msgs/lib/python3.12/site-packages/limo_msgs/limo_msgs_s__rosidl_typesupport_c.cpython-312-x86_64-linux-gnu.so
[1.400s] -- Installing: /home/zihao/Documents/limo/agilex_open_class/install/limo_msgs/lib/python3.12/site-packages/limo_msgs/_limo_msgs_s.ep.rosidl_typesupport_fastrtps_c.c
[1.400s] -- Installing: /home/zihao/Documents/limo/agilex_open_class/install/limo_msgs/lib/python3.12/site-packages/limo_msgs/liblimo_msgs__rosidl_generator_py.so
[1.400s] -- Installing: /home/zihao/Documents/limo/agilex_open_class/install/limo_msgs/lib/python3.12/site-packages/limo_msgs/srv
[1.400s] -- Installing: /home/zihao/Documents/limo/agilex_open_class/install/limo_msgs/lib/python3.12/site-packages/limo_msgs/srv/_limo_srv.py
[1.400s] -- Installing: /home/zihao/Documents/limo/agilex_open_class/install/limo_msgs/lib/python3.12/site-packages/limo_msgs/srv/_limo_srv_s.c
[1.400s] -- Installing: /home/zihao/Documents/limo/agilex_open_class/install/limo_msgs/lib/python3.12/site-packages/limo_msgs/srv/__init__.py
[1.400s] -- Installing: /home/zihao/Documents/limo/agilex_open_class/install/limo_msgs/lib/python3.12/site-packages/limo_msgs/_limo_msgs_s.ep.rosidl_typesupport_c.c
[1.401s] -- Installing: /home/zihao/Documents/limo/agilex_open_class/install/limo_msgs/lib/python3.12/site-packages/limo_msgs/_limo_msgs_s.ep.rosidl_typesupport_introspection_c.c
[1.401s] -- Installing: /home/zihao/Documents/limo/agilex_open_class/install/limo_msgs/lib/python3.12/site-packages/limo_msgs/__init__.py
[1.424s] Listing '/home/zihao/Documents/limo/agilex_open_class/install/limo_msgs/lib/python3.12/site-packages/limo_msgs'...
[1.424s] Compiling '/home/zihao/Documents/limo/agilex_open_class/install/limo_msgs/lib/python3.12/site-packages/limo_msgs/__init__.py'...
[1.424s] Listing '/home/zihao/Documents/limo/agilex_open_class/install/limo_msgs/lib/python3.12/site-packages/limo_msgs/action'...
[1.424s] Compiling '/home/zihao/Documents/limo/agilex_open_class/install/limo_msgs/lib/python3.12/site-packages/limo_msgs/action/__init__.py'...
[1.424s] Compiling '/home/zihao/Documents/limo/agilex_open_class/install/limo_msgs/lib/python3.12/site-packages/limo_msgs/action/_limo_action.py'...
[1.424s] Listing '/home/zihao/Documents/limo/agilex_open_class/install/limo_msgs/lib/python3.12/site-packages/limo_msgs/msg'...
[1.424s] Compiling '/home/zihao/Documents/limo/agilex_open_class/install/limo_msgs/lib/python3.12/site-packages/limo_msgs/msg/__init__.py'...
[1.424s] Compiling '/home/zihao/Documents/limo/agilex_open_class/install/limo_msgs/lib/python3.12/site-packages/limo_msgs/msg/_limo_status.py'...
[1.424s] Listing '/home/zihao/Documents/limo/agilex_open_class/install/limo_msgs/lib/python3.12/site-packages/limo_msgs/srv'...
[1.424s] Compiling '/home/zihao/Documents/limo/agilex_open_class/install/limo_msgs/lib/python3.12/site-packages/limo_msgs/srv/__init__.py'...
[1.424s] Compiling '/home/zihao/Documents/limo/agilex_open_class/install/limo_msgs/lib/python3.12/site-packages/limo_msgs/srv/_limo_srv.py'...
[1.426s] -- Installing: /home/zihao/Documents/limo/agilex_open_class/install/limo_msgs/lib/python3.12/site-packages/limo_msgs/limo_msgs_s__rosidl_typesupport_fastrtps_c.cpython-312-x86_64-linux-gnu.so
[1.426s] -- Set runtime path of "/home/zihao/Documents/limo/agilex_open_class/install/limo_msgs/lib/python3.12/site-packages/limo_msgs/limo_msgs_s__rosidl_typesupport_fastrtps_c.cpython-312-x86_64-linux-gnu.so" to ""
[1.426s] -- Installing: /home/zihao/Documents/limo/agilex_open_class/install/limo_msgs/lib/python3.12/site-packages/limo_msgs/limo_msgs_s__rosidl_typesupport_introspection_c.cpython-312-x86_64-linux-gnu.so
[1.426s] -- Set runtime path of "/home/zihao/Documents/limo/agilex_open_class/install/limo_msgs/lib/python3.12/site-packages/limo_msgs/limo_msgs_s__rosidl_typesupport_introspection_c.cpython-312-x86_64-linux-gnu.so" to ""
[1.426s] -- Installing: /home/zihao/Documents/limo/agilex_open_class/install/limo_msgs/lib/python3.12/site-packages/limo_msgs/limo_msgs_s__rosidl_typesupport_c.cpython-312-x86_64-linux-gnu.so
[1.426s] -- Set runtime path of "/home/zihao/Documents/limo/agilex_open_class/install/limo_msgs/lib/python3.12/site-packages/limo_msgs/limo_msgs_s__rosidl_typesupport_c.cpython-312-x86_64-linux-gnu.so" to ""
[1.426s] -- Installing: /home/zihao/Documents/limo/agilex_open_class/install/limo_msgs/lib/liblimo_msgs__rosidl_generator_py.so
[1.426s] -- Set runtime path of "/home/zihao/Documents/limo/agilex_open_class/install/limo_msgs/lib/liblimo_msgs__rosidl_generator_py.so" to ""
[1.426s] -- Installing: /home/zihao/Documents/limo/agilex_open_class/install/limo_msgs/share/limo_msgs/msg/LimoStatus.idl
[1.426s] -- Installing: /home/zihao/Documents/limo/agilex_open_class/install/limo_msgs/share/limo_msgs/srv/LimoSrv.idl
[1.427s] -- Installing: /home/zihao/Documents/limo/agilex_open_class/install/limo_msgs/share/limo_msgs/action/LimoAction.idl
[1.427s] -- Installing: /home/zihao/Documents/limo/agilex_open_class/install/limo_msgs/share/limo_msgs/msg/LimoStatus.msg
[1.427s] -- Installing: /home/zihao/Documents/limo/agilex_open_class/install/limo_msgs/share/limo_msgs/srv/LimoSrv.srv
[1.427s] -- Installing: /home/zihao/Documents/limo/agilex_open_class/install/limo_msgs/share/limo_msgs/srv/LimoSrv_Request.msg
[1.427s] -- Installing: /home/zihao/Documents/limo/agilex_open_class/install/limo_msgs/share/limo_msgs/srv/LimoSrv_Response.msg
[1.427s] -- Installing: /home/zihao/Documents/limo/agilex_open_class/install/limo_msgs/share/limo_msgs/action/LimoAction.action
[1.427s] -- Installing: /home/zihao/Documents/limo/agilex_open_class/install/limo_msgs/share/ament_index/resource_index/package_run_dependencies/limo_msgs
[1.427s] -- Installing: /home/zihao/Documents/limo/agilex_open_class/install/limo_msgs/share/ament_index/resource_index/parent_prefix_path/limo_msgs
[1.427s] -- Installing: /home/zihao/Documents/limo/agilex_open_class/install/limo_msgs/share/limo_msgs/environment/ament_prefix_path.sh
[1.427s] -- Installing: /home/zihao/Documents/limo/agilex_open_class/install/limo_msgs/share/limo_msgs/environment/ament_prefix_path.dsv
[1.427s] -- Installing: /home/zihao/Documents/limo/agilex_open_class/install/limo_msgs/share/limo_msgs/environment/path.sh
[1.427s] -- Installing: /home/zihao/Documents/limo/agilex_open_class/install/limo_msgs/share/limo_msgs/environment/path.dsv
[1.427s] -- Installing: /home/zihao/Documents/limo/agilex_open_class/install/limo_msgs/share/limo_msgs/local_setup.bash
[1.427s] -- Installing: /home/zihao/Documents/limo/agilex_open_class/install/limo_msgs/share/limo_msgs/local_setup.sh
[1.427s] -- Installing: /home/zihao/Documents/limo/agilex_open_class/install/limo_msgs/share/limo_msgs/local_setup.zsh
[1.427s] -- Installing: /home/zihao/Documents/limo/agilex_open_class/install/limo_msgs/share/limo_msgs/local_setup.dsv
[1.427s] -- Up-to-date: /home/zihao/Documents/limo/agilex_open_class/install/limo_msgs/share/limo_msgs/package.dsv
[1.427s] -- Installing: /home/zihao/Documents/limo/agilex_open_class/install/limo_msgs/share/ament_index/resource_index/packages/limo_msgs
[1.427s] -- Installing: /home/zihao/Documents/limo/agilex_open_class/install/limo_msgs/share/limo_msgs/cmake/export_limo_msgs__rosidl_generator_cExport.cmake
[1.427s] -- Installing: /home/zihao/Documents/limo/agilex_open_class/install/limo_msgs/share/limo_msgs/cmake/export_limo_msgs__rosidl_generator_cExport-noconfig.cmake
[1.427s] -- Installing: /home/zihao/Documents/limo/agilex_open_class/install/limo_msgs/share/limo_msgs/cmake/export_limo_msgs__rosidl_typesupport_fastrtps_cExport.cmake
[1.427s] -- Installing: /home/zihao/Documents/limo/agilex_open_class/install/limo_msgs/share/limo_msgs/cmake/export_limo_msgs__rosidl_typesupport_fastrtps_cExport-noconfig.cmake
[1.427s] -- Installing: /home/zihao/Documents/limo/agilex_open_class/install/limo_msgs/share/limo_msgs/cmake/export_limo_msgs__rosidl_generator_cppExport.cmake
[1.427s] -- Installing: /home/zihao/Documents/limo/agilex_open_class/install/limo_msgs/share/limo_msgs/cmake/export_limo_msgs__rosidl_typesupport_fastrtps_cppExport.cmake
[1.427s] -- Installing: /home/zihao/Documents/limo/agilex_open_class/install/limo_msgs/share/limo_msgs/cmake/export_limo_msgs__rosidl_typesupport_fastrtps_cppExport-noconfig.cmake
[1.427s] -- Installing: /home/zihao/Documents/limo/agilex_open_class/install/limo_msgs/share/limo_msgs/cmake/limo_msgs__rosidl_typesupport_introspection_cExport.cmake
[1.427s] -- Installing: /home/zihao/Documents/limo/agilex_open_class/install/limo_msgs/share/limo_msgs/cmake/limo_msgs__rosidl_typesupport_introspection_cExport-noconfig.cmake
[1.428s] -- Installing: /home/zihao/Documents/limo/agilex_open_class/install/limo_msgs/share/limo_msgs/cmake/limo_msgs__rosidl_typesupport_cExport.cmake
[1.428s] -- Installing: /home/zihao/Documents/limo/agilex_open_class/install/limo_msgs/share/limo_msgs/cmake/limo_msgs__rosidl_typesupport_cExport-noconfig.cmake
[1.428s] -- Installing: /home/zihao/Documents/limo/agilex_open_class/install/limo_msgs/share/limo_msgs/cmake/limo_msgs__rosidl_typesupport_introspection_cppExport.cmake
[1.428s] -- Installing: /home/zihao/Documents/limo/agilex_open_class/install/limo_msgs/share/limo_msgs/cmake/limo_msgs__rosidl_typesupport_introspection_cppExport-noconfig.cmake
[1.428s] -- Installing: /home/zihao/Documents/limo/agilex_open_class/install/limo_msgs/share/limo_msgs/cmake/limo_msgs__rosidl_typesupport_cppExport.cmake
[1.428s] -- Installing: /home/zihao/Documents/limo/agilex_open_class/install/limo_msgs/share/limo_msgs/cmake/limo_msgs__rosidl_typesupport_cppExport-noconfig.cmake
[1.428s] -- Installing: /home/zihao/Documents/limo/agilex_open_class/install/limo_msgs/share/limo_msgs/cmake/export_limo_msgs__rosidl_generator_pyExport.cmake
[1.428s] -- Installing: /home/zihao/Documents/limo/agilex_open_class/install/limo_msgs/share/limo_msgs/cmake/export_limo_msgs__rosidl_generator_pyExport-noconfig.cmake
[1.428s] -- Installing: /home/zihao/Documents/limo/agilex_open_class/install/limo_msgs/share/limo_msgs/cmake/rosidl_cmake-extras.cmake
[1.428s] -- Installing: /home/zihao/Documents/limo/agilex_open_class/install/limo_msgs/share/limo_msgs/cmake/ament_cmake_export_dependencies-extras.cmake
[1.428s] -- Installing: /home/zihao/Documents/limo/agilex_open_class/install/limo_msgs/share/limo_msgs/cmake/ament_cmake_export_include_directories-extras.cmake
[1.428s] -- Installing: /home/zihao/Documents/limo/agilex_open_class/install/limo_msgs/share/limo_msgs/cmake/ament_cmake_export_libraries-extras.cmake
[1.428s] -- Installing: /home/zihao/Documents/limo/agilex_open_class/install/limo_msgs/share/limo_msgs/cmake/ament_cmake_export_targets-extras.cmake
[1.428s] -- Installing: /home/zihao/Documents/limo/agilex_open_class/install/limo_msgs/share/limo_msgs/cmake/rosidl_cmake_export_typesupport_targets-extras.cmake
[1.428s] -- Installing: /home/zihao/Documents/limo/agilex_open_class/install/limo_msgs/share/limo_msgs/cmake/rosidl_cmake_export_typesupport_libraries-extras.cmake
[1.428s] -- Installing: /home/zihao/Documents/limo/agilex_open_class/install/limo_msgs/share/limo_msgs/cmake/limo_msgsConfig.cmake
[1.428s] -- Installing: /home/zihao/Documents/limo/agilex_open_class/install/limo_msgs/share/limo_msgs/cmake/limo_msgsConfig-version.cmake
[1.428s] -- Installing: /home/zihao/Documents/limo/agilex_open_class/install/limo_msgs/share/limo_msgs/package.xml
[1.430s] Invoked command in '/home/zihao/Documents/limo/agilex_open_class/build/limo_msgs' returned '0': CMAKE_PREFIX_PATH=/opt/ros/humble CONDA_PROMPT_MODIFIER=(base) /usr/bin/cmake --install /home/zihao/Documents/limo/agilex_open_class/build/limo_msgs
