[ 10%] Built target limo_msgs__rosidl_generator_c
[ 10%] Built target ament_cmake_python_copy_limo_msgs
[ 12%] Built target limo_msgs__cpp
[ 23%] Built target limo_msgs__rosidl_typesupport_fastrtps_c
[ 34%] Built target limo_msgs__rosidl_typesupport_introspection_c
[ 44%] Built target limo_msgs__rosidl_typesupport_introspection_cpp
[ 55%] Built target limo_msgs__rosidl_typesupport_fastrtps_cpp
[ 65%] Built target limo_msgs__rosidl_typesupport_c
[ 76%] Built target limo_msgs__rosidl_typesupport_cpp
[ 76%] Built target limo_msgs
[ 78%] Built target limo_msgs__py
[ 87%] Built target limo_msgs__rosidl_generator_py
[ 91%] Built target limo_msgs__rosidl_typesupport_c__pyext
[100%] Built target limo_msgs__rosidl_typesupport_introspection_c__pyext
[100%] Built target limo_msgs__rosidl_typesupport_fastrtps_c__pyext
running egg_info
writing limo_msgs.egg-info/PKG-INFO
writing dependency_links to limo_msgs.egg-info/dependency_links.txt
writing top-level names to limo_msgs.egg-info/top_level.txt
reading manifest file 'limo_msgs.egg-info/SOURCES.txt'
writing manifest file 'limo_msgs.egg-info/SOURCES.txt'
[100%] Built target ament_cmake_python_build_limo_msgs_egg
-- Install configuration: ""
-- Up-to-date: /home/zihao/Documents/limo/agilex_open_class/install/limo_msgs/share/ament_index/resource_index/rosidl_interfaces/limo_msgs
-- Up-to-date: /home/zihao/Documents/limo/agilex_open_class/install/limo_msgs/include/limo_msgs/limo_msgs
-- Up-to-date: /home/zihao/Documents/limo/agilex_open_class/install/limo_msgs/include/limo_msgs/limo_msgs/action
-- Up-to-date: /home/zihao/Documents/limo/agilex_open_class/install/limo_msgs/include/limo_msgs/limo_msgs/action/limo_action.h
-- Up-to-date: /home/zihao/Documents/limo/agilex_open_class/install/limo_msgs/include/limo_msgs/limo_msgs/action/detail
-- Up-to-date: /home/zihao/Documents/limo/agilex_open_class/install/limo_msgs/include/limo_msgs/limo_msgs/action/detail/limo_action__functions.h
-- Up-to-date: /home/zihao/Documents/limo/agilex_open_class/install/limo_msgs/include/limo_msgs/limo_msgs/action/detail/limo_action__type_support.h
-- Up-to-date: /home/zihao/Documents/limo/agilex_open_class/install/limo_msgs/include/limo_msgs/limo_msgs/action/detail/limo_action__struct.h
-- Up-to-date: /home/zihao/Documents/limo/agilex_open_class/install/limo_msgs/include/limo_msgs/limo_msgs/action/detail/limo_action__functions.c
-- Up-to-date: /home/zihao/Documents/limo/agilex_open_class/install/limo_msgs/include/limo_msgs/limo_msgs/msg
-- Up-to-date: /home/zihao/Documents/limo/agilex_open_class/install/limo_msgs/include/limo_msgs/limo_msgs/msg/rosidl_generator_c__visibility_control.h
-- Up-to-date: /home/zihao/Documents/limo/agilex_open_class/install/limo_msgs/include/limo_msgs/limo_msgs/msg/limo_status.h
-- Up-to-date: /home/zihao/Documents/limo/agilex_open_class/install/limo_msgs/include/limo_msgs/limo_msgs/msg/detail
-- Up-to-date: /home/zihao/Documents/limo/agilex_open_class/install/limo_msgs/include/limo_msgs/limo_msgs/msg/detail/limo_status__functions.h
-- Up-to-date: /home/zihao/Documents/limo/agilex_open_class/install/limo_msgs/include/limo_msgs/limo_msgs/msg/detail/limo_status__type_support.h
-- Up-to-date: /home/zihao/Documents/limo/agilex_open_class/install/limo_msgs/include/limo_msgs/limo_msgs/msg/detail/limo_status__struct.h
-- Up-to-date: /home/zihao/Documents/limo/agilex_open_class/install/limo_msgs/include/limo_msgs/limo_msgs/msg/detail/limo_status__functions.c
-- Up-to-date: /home/zihao/Documents/limo/agilex_open_class/install/limo_msgs/include/limo_msgs/limo_msgs/srv
-- Up-to-date: /home/zihao/Documents/limo/agilex_open_class/install/limo_msgs/include/limo_msgs/limo_msgs/srv/limo_srv.h
-- Up-to-date: /home/zihao/Documents/limo/agilex_open_class/install/limo_msgs/include/limo_msgs/limo_msgs/srv/detail
-- Up-to-date: /home/zihao/Documents/limo/agilex_open_class/install/limo_msgs/include/limo_msgs/limo_msgs/srv/detail/limo_srv__type_support.h
-- Up-to-date: /home/zihao/Documents/limo/agilex_open_class/install/limo_msgs/include/limo_msgs/limo_msgs/srv/detail/limo_srv__functions.h
-- Up-to-date: /home/zihao/Documents/limo/agilex_open_class/install/limo_msgs/include/limo_msgs/limo_msgs/srv/detail/limo_srv__struct.h
-- Up-to-date: /home/zihao/Documents/limo/agilex_open_class/install/limo_msgs/include/limo_msgs/limo_msgs/srv/detail/limo_srv__functions.c
-- Up-to-date: /home/zihao/Documents/limo/agilex_open_class/install/limo_msgs/share/limo_msgs/environment/library_path.sh
-- Up-to-date: /home/zihao/Documents/limo/agilex_open_class/install/limo_msgs/share/limo_msgs/environment/library_path.dsv
-- Up-to-date: /home/zihao/Documents/limo/agilex_open_class/install/limo_msgs/lib/liblimo_msgs__rosidl_generator_c.so
-- Up-to-date: /home/zihao/Documents/limo/agilex_open_class/install/limo_msgs/include/limo_msgs/limo_msgs
-- Up-to-date: /home/zihao/Documents/limo/agilex_open_class/install/limo_msgs/include/limo_msgs/limo_msgs/action
-- Up-to-date: /home/zihao/Documents/limo/agilex_open_class/install/limo_msgs/include/limo_msgs/limo_msgs/action/detail
-- Up-to-date: /home/zihao/Documents/limo/agilex_open_class/install/limo_msgs/include/limo_msgs/limo_msgs/action/detail/limo_action__rosidl_typesupport_fastrtps_c.h
-- Up-to-date: /home/zihao/Documents/limo/agilex_open_class/install/limo_msgs/include/limo_msgs/limo_msgs/msg
-- Up-to-date: /home/zihao/Documents/limo/agilex_open_class/install/limo_msgs/include/limo_msgs/limo_msgs/msg/rosidl_typesupport_fastrtps_c__visibility_control.h
-- Up-to-date: /home/zihao/Documents/limo/agilex_open_class/install/limo_msgs/include/limo_msgs/limo_msgs/msg/detail
-- Up-to-date: /home/zihao/Documents/limo/agilex_open_class/install/limo_msgs/include/limo_msgs/limo_msgs/msg/detail/limo_status__rosidl_typesupport_fastrtps_c.h
-- Up-to-date: /home/zihao/Documents/limo/agilex_open_class/install/limo_msgs/include/limo_msgs/limo_msgs/srv
-- Up-to-date: /home/zihao/Documents/limo/agilex_open_class/install/limo_msgs/include/limo_msgs/limo_msgs/srv/detail
-- Up-to-date: /home/zihao/Documents/limo/agilex_open_class/install/limo_msgs/include/limo_msgs/limo_msgs/srv/detail/limo_srv__rosidl_typesupport_fastrtps_c.h
-- Up-to-date: /home/zihao/Documents/limo/agilex_open_class/install/limo_msgs/lib/liblimo_msgs__rosidl_typesupport_fastrtps_c.so
-- Up-to-date: /home/zihao/Documents/limo/agilex_open_class/install/limo_msgs/include/limo_msgs/limo_msgs
-- Up-to-date: /home/zihao/Documents/limo/agilex_open_class/install/limo_msgs/include/limo_msgs/limo_msgs/action
-- Up-to-date: /home/zihao/Documents/limo/agilex_open_class/install/limo_msgs/include/limo_msgs/limo_msgs/action/limo_action.hpp
-- Up-to-date: /home/zihao/Documents/limo/agilex_open_class/install/limo_msgs/include/limo_msgs/limo_msgs/action/detail
-- Up-to-date: /home/zihao/Documents/limo/agilex_open_class/install/limo_msgs/include/limo_msgs/limo_msgs/action/detail/limo_action__traits.hpp
-- Up-to-date: /home/zihao/Documents/limo/agilex_open_class/install/limo_msgs/include/limo_msgs/limo_msgs/action/detail/limo_action__builder.hpp
-- Up-to-date: /home/zihao/Documents/limo/agilex_open_class/install/limo_msgs/include/limo_msgs/limo_msgs/action/detail/limo_action__type_support.hpp
-- Up-to-date: /home/zihao/Documents/limo/agilex_open_class/install/limo_msgs/include/limo_msgs/limo_msgs/action/detail/limo_action__struct.hpp
-- Up-to-date: /home/zihao/Documents/limo/agilex_open_class/install/limo_msgs/include/limo_msgs/limo_msgs/msg
-- Up-to-date: /home/zihao/Documents/limo/agilex_open_class/install/limo_msgs/include/limo_msgs/limo_msgs/msg/limo_status.hpp
-- Up-to-date: /home/zihao/Documents/limo/agilex_open_class/install/limo_msgs/include/limo_msgs/limo_msgs/msg/detail
-- Up-to-date: /home/zihao/Documents/limo/agilex_open_class/install/limo_msgs/include/limo_msgs/limo_msgs/msg/detail/limo_status__type_support.hpp
-- Up-to-date: /home/zihao/Documents/limo/agilex_open_class/install/limo_msgs/include/limo_msgs/limo_msgs/msg/detail/limo_status__struct.hpp
-- Up-to-date: /home/zihao/Documents/limo/agilex_open_class/install/limo_msgs/include/limo_msgs/limo_msgs/msg/detail/limo_status__builder.hpp
-- Up-to-date: /home/zihao/Documents/limo/agilex_open_class/install/limo_msgs/include/limo_msgs/limo_msgs/msg/detail/limo_status__traits.hpp
-- Up-to-date: /home/zihao/Documents/limo/agilex_open_class/install/limo_msgs/include/limo_msgs/limo_msgs/msg/rosidl_generator_cpp__visibility_control.hpp
-- Up-to-date: /home/zihao/Documents/limo/agilex_open_class/install/limo_msgs/include/limo_msgs/limo_msgs/srv
-- Up-to-date: /home/zihao/Documents/limo/agilex_open_class/install/limo_msgs/include/limo_msgs/limo_msgs/srv/limo_srv.hpp
-- Up-to-date: /home/zihao/Documents/limo/agilex_open_class/install/limo_msgs/include/limo_msgs/limo_msgs/srv/detail
-- Up-to-date: /home/zihao/Documents/limo/agilex_open_class/install/limo_msgs/include/limo_msgs/limo_msgs/srv/detail/limo_srv__traits.hpp
-- Up-to-date: /home/zihao/Documents/limo/agilex_open_class/install/limo_msgs/include/limo_msgs/limo_msgs/srv/detail/limo_srv__builder.hpp
-- Up-to-date: /home/zihao/Documents/limo/agilex_open_class/install/limo_msgs/include/limo_msgs/limo_msgs/srv/detail/limo_srv__type_support.hpp
-- Up-to-date: /home/zihao/Documents/limo/agilex_open_class/install/limo_msgs/include/limo_msgs/limo_msgs/srv/detail/limo_srv__struct.hpp
-- Up-to-date: /home/zihao/Documents/limo/agilex_open_class/install/limo_msgs/include/limo_msgs/limo_msgs
-- Up-to-date: /home/zihao/Documents/limo/agilex_open_class/install/limo_msgs/include/limo_msgs/limo_msgs/action
-- Up-to-date: /home/zihao/Documents/limo/agilex_open_class/install/limo_msgs/include/limo_msgs/limo_msgs/action/detail
-- Up-to-date: /home/zihao/Documents/limo/agilex_open_class/install/limo_msgs/include/limo_msgs/limo_msgs/action/detail/dds_fastrtps
-- Up-to-date: /home/zihao/Documents/limo/agilex_open_class/install/limo_msgs/include/limo_msgs/limo_msgs/action/detail/limo_action__rosidl_typesupport_fastrtps_cpp.hpp
-- Up-to-date: /home/zihao/Documents/limo/agilex_open_class/install/limo_msgs/include/limo_msgs/limo_msgs/msg
-- Up-to-date: /home/zihao/Documents/limo/agilex_open_class/install/limo_msgs/include/limo_msgs/limo_msgs/msg/rosidl_typesupport_fastrtps_cpp__visibility_control.h
-- Up-to-date: /home/zihao/Documents/limo/agilex_open_class/install/limo_msgs/include/limo_msgs/limo_msgs/msg/detail
-- Up-to-date: /home/zihao/Documents/limo/agilex_open_class/install/limo_msgs/include/limo_msgs/limo_msgs/msg/detail/dds_fastrtps
-- Up-to-date: /home/zihao/Documents/limo/agilex_open_class/install/limo_msgs/include/limo_msgs/limo_msgs/msg/detail/limo_status__rosidl_typesupport_fastrtps_cpp.hpp
-- Up-to-date: /home/zihao/Documents/limo/agilex_open_class/install/limo_msgs/include/limo_msgs/limo_msgs/srv
-- Up-to-date: /home/zihao/Documents/limo/agilex_open_class/install/limo_msgs/include/limo_msgs/limo_msgs/srv/detail
-- Up-to-date: /home/zihao/Documents/limo/agilex_open_class/install/limo_msgs/include/limo_msgs/limo_msgs/srv/detail/dds_fastrtps
-- Up-to-date: /home/zihao/Documents/limo/agilex_open_class/install/limo_msgs/include/limo_msgs/limo_msgs/srv/detail/limo_srv__rosidl_typesupport_fastrtps_cpp.hpp
-- Up-to-date: /home/zihao/Documents/limo/agilex_open_class/install/limo_msgs/lib/liblimo_msgs__rosidl_typesupport_fastrtps_cpp.so
-- Up-to-date: /home/zihao/Documents/limo/agilex_open_class/install/limo_msgs/include/limo_msgs/limo_msgs
-- Up-to-date: /home/zihao/Documents/limo/agilex_open_class/install/limo_msgs/include/limo_msgs/limo_msgs/action
-- Up-to-date: /home/zihao/Documents/limo/agilex_open_class/install/limo_msgs/include/limo_msgs/limo_msgs/action/detail
-- Up-to-date: /home/zihao/Documents/limo/agilex_open_class/install/limo_msgs/include/limo_msgs/limo_msgs/action/detail/limo_action__type_support.c
-- Up-to-date: /home/zihao/Documents/limo/agilex_open_class/install/limo_msgs/include/limo_msgs/limo_msgs/action/detail/limo_action__rosidl_typesupport_introspection_c.h
-- Up-to-date: /home/zihao/Documents/limo/agilex_open_class/install/limo_msgs/include/limo_msgs/limo_msgs/msg
-- Up-to-date: /home/zihao/Documents/limo/agilex_open_class/install/limo_msgs/include/limo_msgs/limo_msgs/msg/rosidl_typesupport_introspection_c__visibility_control.h
-- Up-to-date: /home/zihao/Documents/limo/agilex_open_class/install/limo_msgs/include/limo_msgs/limo_msgs/msg/detail
-- Up-to-date: /home/zihao/Documents/limo/agilex_open_class/install/limo_msgs/include/limo_msgs/limo_msgs/msg/detail/limo_status__type_support.c
-- Up-to-date: /home/zihao/Documents/limo/agilex_open_class/install/limo_msgs/include/limo_msgs/limo_msgs/msg/detail/limo_status__rosidl_typesupport_introspection_c.h
-- Up-to-date: /home/zihao/Documents/limo/agilex_open_class/install/limo_msgs/include/limo_msgs/limo_msgs/srv
-- Up-to-date: /home/zihao/Documents/limo/agilex_open_class/install/limo_msgs/include/limo_msgs/limo_msgs/srv/detail
-- Up-to-date: /home/zihao/Documents/limo/agilex_open_class/install/limo_msgs/include/limo_msgs/limo_msgs/srv/detail/limo_srv__type_support.c
-- Up-to-date: /home/zihao/Documents/limo/agilex_open_class/install/limo_msgs/include/limo_msgs/limo_msgs/srv/detail/limo_srv__rosidl_typesupport_introspection_c.h
-- Up-to-date: /home/zihao/Documents/limo/agilex_open_class/install/limo_msgs/lib/liblimo_msgs__rosidl_typesupport_introspection_c.so
-- Up-to-date: /home/zihao/Documents/limo/agilex_open_class/install/limo_msgs/lib/liblimo_msgs__rosidl_typesupport_c.so
-- Up-to-date: /home/zihao/Documents/limo/agilex_open_class/install/limo_msgs/include/limo_msgs/limo_msgs
-- Up-to-date: /home/zihao/Documents/limo/agilex_open_class/install/limo_msgs/include/limo_msgs/limo_msgs/action
-- Up-to-date: /home/zihao/Documents/limo/agilex_open_class/install/limo_msgs/include/limo_msgs/limo_msgs/action/detail
-- Up-to-date: /home/zihao/Documents/limo/agilex_open_class/install/limo_msgs/include/limo_msgs/limo_msgs/action/detail/limo_action__type_support.cpp
-- Up-to-date: /home/zihao/Documents/limo/agilex_open_class/install/limo_msgs/include/limo_msgs/limo_msgs/action/detail/limo_action__rosidl_typesupport_introspection_cpp.hpp
-- Up-to-date: /home/zihao/Documents/limo/agilex_open_class/install/limo_msgs/include/limo_msgs/limo_msgs/msg
-- Up-to-date: /home/zihao/Documents/limo/agilex_open_class/install/limo_msgs/include/limo_msgs/limo_msgs/msg/detail
-- Up-to-date: /home/zihao/Documents/limo/agilex_open_class/install/limo_msgs/include/limo_msgs/limo_msgs/msg/detail/limo_status__type_support.cpp
-- Up-to-date: /home/zihao/Documents/limo/agilex_open_class/install/limo_msgs/include/limo_msgs/limo_msgs/msg/detail/limo_status__rosidl_typesupport_introspection_cpp.hpp
-- Up-to-date: /home/zihao/Documents/limo/agilex_open_class/install/limo_msgs/include/limo_msgs/limo_msgs/srv
-- Up-to-date: /home/zihao/Documents/limo/agilex_open_class/install/limo_msgs/include/limo_msgs/limo_msgs/srv/detail
-- Up-to-date: /home/zihao/Documents/limo/agilex_open_class/install/limo_msgs/include/limo_msgs/limo_msgs/srv/detail/limo_srv__type_support.cpp
-- Up-to-date: /home/zihao/Documents/limo/agilex_open_class/install/limo_msgs/include/limo_msgs/limo_msgs/srv/detail/limo_srv__rosidl_typesupport_introspection_cpp.hpp
-- Up-to-date: /home/zihao/Documents/limo/agilex_open_class/install/limo_msgs/lib/liblimo_msgs__rosidl_typesupport_introspection_cpp.so
-- Up-to-date: /home/zihao/Documents/limo/agilex_open_class/install/limo_msgs/lib/liblimo_msgs__rosidl_typesupport_cpp.so
-- Up-to-date: /home/zihao/Documents/limo/agilex_open_class/install/limo_msgs/share/limo_msgs/environment/pythonpath.sh
-- Up-to-date: /home/zihao/Documents/limo/agilex_open_class/install/limo_msgs/share/limo_msgs/environment/pythonpath.dsv
-- Up-to-date: /home/zihao/Documents/limo/agilex_open_class/install/limo_msgs/lib/python3.12/site-packages/limo_msgs-0.0.0-py3.12.egg-info
-- Installing: /home/zihao/Documents/limo/agilex_open_class/install/limo_msgs/lib/python3.12/site-packages/limo_msgs-0.0.0-py3.12.egg-info/dependency_links.txt
-- Installing: /home/zihao/Documents/limo/agilex_open_class/install/limo_msgs/lib/python3.12/site-packages/limo_msgs-0.0.0-py3.12.egg-info/PKG-INFO
-- Installing: /home/zihao/Documents/limo/agilex_open_class/install/limo_msgs/lib/python3.12/site-packages/limo_msgs-0.0.0-py3.12.egg-info/top_level.txt
-- Installing: /home/zihao/Documents/limo/agilex_open_class/install/limo_msgs/lib/python3.12/site-packages/limo_msgs-0.0.0-py3.12.egg-info/SOURCES.txt
-- Up-to-date: /home/zihao/Documents/limo/agilex_open_class/install/limo_msgs/lib/python3.12/site-packages/limo_msgs
-- Up-to-date: /home/zihao/Documents/limo/agilex_open_class/install/limo_msgs/lib/python3.12/site-packages/limo_msgs/limo_msgs_s__rosidl_typesupport_fastrtps_c.cpython-312-x86_64-linux-gnu.so
-- Up-to-date: /home/zihao/Documents/limo/agilex_open_class/install/limo_msgs/lib/python3.12/site-packages/limo_msgs/action
-- Up-to-date: /home/zihao/Documents/limo/agilex_open_class/install/limo_msgs/lib/python3.12/site-packages/limo_msgs/action/__init__.py
-- Up-to-date: /home/zihao/Documents/limo/agilex_open_class/install/limo_msgs/lib/python3.12/site-packages/limo_msgs/action/_limo_action.py
-- Up-to-date: /home/zihao/Documents/limo/agilex_open_class/install/limo_msgs/lib/python3.12/site-packages/limo_msgs/action/_limo_action_s.c
-- Up-to-date: /home/zihao/Documents/limo/agilex_open_class/install/limo_msgs/lib/python3.12/site-packages/limo_msgs/msg
-- Up-to-date: /home/zihao/Documents/limo/agilex_open_class/install/limo_msgs/lib/python3.12/site-packages/limo_msgs/msg/_limo_status.py
-- Up-to-date: /home/zihao/Documents/limo/agilex_open_class/install/limo_msgs/lib/python3.12/site-packages/limo_msgs/msg/_limo_status_s.c
-- Up-to-date: /home/zihao/Documents/limo/agilex_open_class/install/limo_msgs/lib/python3.12/site-packages/limo_msgs/msg/__init__.py
-- Up-to-date: /home/zihao/Documents/limo/agilex_open_class/install/limo_msgs/lib/python3.12/site-packages/limo_msgs/limo_msgs_s__rosidl_typesupport_introspection_c.cpython-312-x86_64-linux-gnu.so
-- Up-to-date: /home/zihao/Documents/limo/agilex_open_class/install/limo_msgs/lib/python3.12/site-packages/limo_msgs/limo_msgs_s__rosidl_typesupport_c.cpython-312-x86_64-linux-gnu.so
-- Up-to-date: /home/zihao/Documents/limo/agilex_open_class/install/limo_msgs/lib/python3.12/site-packages/limo_msgs/_limo_msgs_s.ep.rosidl_typesupport_fastrtps_c.c
-- Up-to-date: /home/zihao/Documents/limo/agilex_open_class/install/limo_msgs/lib/python3.12/site-packages/limo_msgs/liblimo_msgs__rosidl_generator_py.so
-- Up-to-date: /home/zihao/Documents/limo/agilex_open_class/install/limo_msgs/lib/python3.12/site-packages/limo_msgs/srv
-- Up-to-date: /home/zihao/Documents/limo/agilex_open_class/install/limo_msgs/lib/python3.12/site-packages/limo_msgs/srv/_limo_srv.py
-- Up-to-date: /home/zihao/Documents/limo/agilex_open_class/install/limo_msgs/lib/python3.12/site-packages/limo_msgs/srv/_limo_srv_s.c
-- Up-to-date: /home/zihao/Documents/limo/agilex_open_class/install/limo_msgs/lib/python3.12/site-packages/limo_msgs/srv/__init__.py
-- Up-to-date: /home/zihao/Documents/limo/agilex_open_class/install/limo_msgs/lib/python3.12/site-packages/limo_msgs/_limo_msgs_s.ep.rosidl_typesupport_c.c
-- Up-to-date: /home/zihao/Documents/limo/agilex_open_class/install/limo_msgs/lib/python3.12/site-packages/limo_msgs/_limo_msgs_s.ep.rosidl_typesupport_introspection_c.c
-- Up-to-date: /home/zihao/Documents/limo/agilex_open_class/install/limo_msgs/lib/python3.12/site-packages/limo_msgs/__init__.py
Listing '/home/zihao/Documents/limo/agilex_open_class/install/limo_msgs/lib/python3.12/site-packages/limo_msgs'...
Listing '/home/zihao/Documents/limo/agilex_open_class/install/limo_msgs/lib/python3.12/site-packages/limo_msgs/action'...
Listing '/home/zihao/Documents/limo/agilex_open_class/install/limo_msgs/lib/python3.12/site-packages/limo_msgs/msg'...
Listing '/home/zihao/Documents/limo/agilex_open_class/install/limo_msgs/lib/python3.12/site-packages/limo_msgs/srv'...
-- Up-to-date: /home/zihao/Documents/limo/agilex_open_class/install/limo_msgs/lib/python3.12/site-packages/limo_msgs/limo_msgs_s__rosidl_typesupport_fastrtps_c.cpython-312-x86_64-linux-gnu.so
-- Up-to-date: /home/zihao/Documents/limo/agilex_open_class/install/limo_msgs/lib/python3.12/site-packages/limo_msgs/limo_msgs_s__rosidl_typesupport_introspection_c.cpython-312-x86_64-linux-gnu.so
-- Up-to-date: /home/zihao/Documents/limo/agilex_open_class/install/limo_msgs/lib/python3.12/site-packages/limo_msgs/limo_msgs_s__rosidl_typesupport_c.cpython-312-x86_64-linux-gnu.so
-- Up-to-date: /home/zihao/Documents/limo/agilex_open_class/install/limo_msgs/lib/liblimo_msgs__rosidl_generator_py.so
-- Up-to-date: /home/zihao/Documents/limo/agilex_open_class/install/limo_msgs/share/limo_msgs/msg/LimoStatus.idl
-- Up-to-date: /home/zihao/Documents/limo/agilex_open_class/install/limo_msgs/share/limo_msgs/srv/LimoSrv.idl
-- Up-to-date: /home/zihao/Documents/limo/agilex_open_class/install/limo_msgs/share/limo_msgs/action/LimoAction.idl
-- Up-to-date: /home/zihao/Documents/limo/agilex_open_class/install/limo_msgs/share/limo_msgs/msg/LimoStatus.msg
-- Up-to-date: /home/zihao/Documents/limo/agilex_open_class/install/limo_msgs/share/limo_msgs/srv/LimoSrv.srv
-- Up-to-date: /home/zihao/Documents/limo/agilex_open_class/install/limo_msgs/share/limo_msgs/srv/LimoSrv_Request.msg
-- Up-to-date: /home/zihao/Documents/limo/agilex_open_class/install/limo_msgs/share/limo_msgs/srv/LimoSrv_Response.msg
-- Up-to-date: /home/zihao/Documents/limo/agilex_open_class/install/limo_msgs/share/limo_msgs/action/LimoAction.action
-- Up-to-date: /home/zihao/Documents/limo/agilex_open_class/install/limo_msgs/share/ament_index/resource_index/package_run_dependencies/limo_msgs
-- Up-to-date: /home/zihao/Documents/limo/agilex_open_class/install/limo_msgs/share/ament_index/resource_index/parent_prefix_path/limo_msgs
-- Up-to-date: /home/zihao/Documents/limo/agilex_open_class/install/limo_msgs/share/limo_msgs/environment/ament_prefix_path.sh
-- Up-to-date: /home/zihao/Documents/limo/agilex_open_class/install/limo_msgs/share/limo_msgs/environment/ament_prefix_path.dsv
-- Up-to-date: /home/zihao/Documents/limo/agilex_open_class/install/limo_msgs/share/limo_msgs/environment/path.sh
-- Up-to-date: /home/zihao/Documents/limo/agilex_open_class/install/limo_msgs/share/limo_msgs/environment/path.dsv
-- Up-to-date: /home/zihao/Documents/limo/agilex_open_class/install/limo_msgs/share/limo_msgs/local_setup.bash
-- Up-to-date: /home/zihao/Documents/limo/agilex_open_class/install/limo_msgs/share/limo_msgs/local_setup.sh
-- Up-to-date: /home/zihao/Documents/limo/agilex_open_class/install/limo_msgs/share/limo_msgs/local_setup.zsh
-- Up-to-date: /home/zihao/Documents/limo/agilex_open_class/install/limo_msgs/share/limo_msgs/local_setup.dsv
-- Installing: /home/zihao/Documents/limo/agilex_open_class/install/limo_msgs/share/limo_msgs/package.dsv
-- Up-to-date: /home/zihao/Documents/limo/agilex_open_class/install/limo_msgs/share/ament_index/resource_index/packages/limo_msgs
-- Up-to-date: /home/zihao/Documents/limo/agilex_open_class/install/limo_msgs/share/limo_msgs/cmake/export_limo_msgs__rosidl_generator_cExport.cmake
-- Up-to-date: /home/zihao/Documents/limo/agilex_open_class/install/limo_msgs/share/limo_msgs/cmake/export_limo_msgs__rosidl_generator_cExport-noconfig.cmake
-- Up-to-date: /home/zihao/Documents/limo/agilex_open_class/install/limo_msgs/share/limo_msgs/cmake/export_limo_msgs__rosidl_typesupport_fastrtps_cExport.cmake
-- Up-to-date: /home/zihao/Documents/limo/agilex_open_class/install/limo_msgs/share/limo_msgs/cmake/export_limo_msgs__rosidl_typesupport_fastrtps_cExport-noconfig.cmake
-- Up-to-date: /home/zihao/Documents/limo/agilex_open_class/install/limo_msgs/share/limo_msgs/cmake/export_limo_msgs__rosidl_generator_cppExport.cmake
-- Up-to-date: /home/zihao/Documents/limo/agilex_open_class/install/limo_msgs/share/limo_msgs/cmake/export_limo_msgs__rosidl_typesupport_fastrtps_cppExport.cmake
-- Up-to-date: /home/zihao/Documents/limo/agilex_open_class/install/limo_msgs/share/limo_msgs/cmake/export_limo_msgs__rosidl_typesupport_fastrtps_cppExport-noconfig.cmake
-- Up-to-date: /home/zihao/Documents/limo/agilex_open_class/install/limo_msgs/share/limo_msgs/cmake/limo_msgs__rosidl_typesupport_introspection_cExport.cmake
-- Up-to-date: /home/zihao/Documents/limo/agilex_open_class/install/limo_msgs/share/limo_msgs/cmake/limo_msgs__rosidl_typesupport_introspection_cExport-noconfig.cmake
-- Up-to-date: /home/zihao/Documents/limo/agilex_open_class/install/limo_msgs/share/limo_msgs/cmake/limo_msgs__rosidl_typesupport_cExport.cmake
-- Up-to-date: /home/zihao/Documents/limo/agilex_open_class/install/limo_msgs/share/limo_msgs/cmake/limo_msgs__rosidl_typesupport_cExport-noconfig.cmake
-- Up-to-date: /home/zihao/Documents/limo/agilex_open_class/install/limo_msgs/share/limo_msgs/cmake/limo_msgs__rosidl_typesupport_introspection_cppExport.cmake
-- Up-to-date: /home/zihao/Documents/limo/agilex_open_class/install/limo_msgs/share/limo_msgs/cmake/limo_msgs__rosidl_typesupport_introspection_cppExport-noconfig.cmake
-- Up-to-date: /home/zihao/Documents/limo/agilex_open_class/install/limo_msgs/share/limo_msgs/cmake/limo_msgs__rosidl_typesupport_cppExport.cmake
-- Up-to-date: /home/zihao/Documents/limo/agilex_open_class/install/limo_msgs/share/limo_msgs/cmake/limo_msgs__rosidl_typesupport_cppExport-noconfig.cmake
-- Up-to-date: /home/zihao/Documents/limo/agilex_open_class/install/limo_msgs/share/limo_msgs/cmake/export_limo_msgs__rosidl_generator_pyExport.cmake
-- Up-to-date: /home/zihao/Documents/limo/agilex_open_class/install/limo_msgs/share/limo_msgs/cmake/export_limo_msgs__rosidl_generator_pyExport-noconfig.cmake
-- Up-to-date: /home/zihao/Documents/limo/agilex_open_class/install/limo_msgs/share/limo_msgs/cmake/rosidl_cmake-extras.cmake
-- Up-to-date: /home/zihao/Documents/limo/agilex_open_class/install/limo_msgs/share/limo_msgs/cmake/ament_cmake_export_dependencies-extras.cmake
-- Up-to-date: /home/zihao/Documents/limo/agilex_open_class/install/limo_msgs/share/limo_msgs/cmake/ament_cmake_export_include_directories-extras.cmake
-- Up-to-date: /home/zihao/Documents/limo/agilex_open_class/install/limo_msgs/share/limo_msgs/cmake/ament_cmake_export_libraries-extras.cmake
-- Up-to-date: /home/zihao/Documents/limo/agilex_open_class/install/limo_msgs/share/limo_msgs/cmake/ament_cmake_export_targets-extras.cmake
-- Up-to-date: /home/zihao/Documents/limo/agilex_open_class/install/limo_msgs/share/limo_msgs/cmake/rosidl_cmake_export_typesupport_targets-extras.cmake
-- Up-to-date: /home/zihao/Documents/limo/agilex_open_class/install/limo_msgs/share/limo_msgs/cmake/rosidl_cmake_export_typesupport_libraries-extras.cmake
-- Up-to-date: /home/zihao/Documents/limo/agilex_open_class/install/limo_msgs/share/limo_msgs/cmake/limo_msgsConfig.cmake
-- Up-to-date: /home/zihao/Documents/limo/agilex_open_class/install/limo_msgs/share/limo_msgs/cmake/limo_msgsConfig-version.cmake
-- Up-to-date: /home/zihao/Documents/limo/agilex_open_class/install/limo_msgs/share/limo_msgs/package.xml
