[0.006s] Invoking command in '/home/zihao/Documents/limo/agilex_open_class/build/limo_description': CMAKE_PREFIX_PATH=${CMAKE_PREFIX_PATH}:/home/zihao/Documents/limo/agilex_open_class/install/limo_learnning_py:/opt/ros/humble /usr/bin/cmake --build /home/zihao/Documents/limo/agilex_open_class/build/limo_description -- -j32 -l32
[0.024s] Invoked command in '/home/zihao/Documents/limo/agilex_open_class/build/limo_description' returned '0': CMAKE_PREFIX_PATH=${CMAKE_PREFIX_PATH}:/home/zihao/Documents/limo/agilex_open_class/install/limo_learnning_py:/opt/ros/humble /usr/bin/cmake --build /home/zihao/Documents/limo/agilex_open_class/build/limo_description -- -j32 -l32
[0.028s] Invoking command in '/home/zihao/Documents/limo/agilex_open_class/build/limo_description': CMAKE_PREFIX_PATH=${CMAKE_PREFIX_PATH}:/home/zihao/Documents/limo/agilex_open_class/install/limo_learnning_py:/opt/ros/humble /usr/bin/cmake --install /home/zihao/Documents/limo/agilex_open_class/build/limo_description
[0.030s] -- Install configuration: ""
[0.030s] -- Up-to-date: /home/zihao/Documents/limo/agilex_open_class/install/limo_description/share/limo_description/launch
[0.030s] -- Up-to-date: /home/zihao/Documents/limo/agilex_open_class/install/limo_description/share/limo_description/launch/display_limo_ackerman.launch.py
[0.030s] -- Up-to-date: /home/zihao/Documents/limo/agilex_open_class/install/limo_description/share/limo_description/launch/display_limo_diff.launch.py
[0.030s] -- Up-to-date: /home/zihao/Documents/limo/agilex_open_class/install/limo_description/share/limo_description/meshes
[0.031s] -- Up-to-date: /home/zihao/Documents/limo/agilex_open_class/install/limo_description/share/limo_description/meshes/limo_wheel.stl
[0.031s] -- Up-to-date: /home/zihao/Documents/limo/agilex_open_class/install/limo_description/share/limo_description/meshes/limo_base.stl
[0.031s] -- Up-to-date: /home/zihao/Documents/limo/agilex_open_class/install/limo_description/share/limo_description/meshes/limo_base.dae
[0.031s] -- Up-to-date: /home/zihao/Documents/limo/agilex_open_class/install/limo_description/share/limo_description/meshes/limo_wheel.dae
[0.031s] -- Up-to-date: /home/zihao/Documents/limo/agilex_open_class/install/limo_description/share/limo_description/rviz
[0.031s] -- Up-to-date: /home/zihao/Documents/limo/agilex_open_class/install/limo_description/share/limo_description/rviz/model_display.rviz
[0.031s] -- Up-to-date: /home/zihao/Documents/limo/agilex_open_class/install/limo_description/share/limo_description/urdf
[0.031s] -- Up-to-date: /home/zihao/Documents/limo/agilex_open_class/install/limo_description/share/limo_description/urdf/limo_ackerman.xacro
[0.031s] -- Up-to-date: /home/zihao/Documents/limo/agilex_open_class/install/limo_description/share/limo_description/urdf/limo_four_diff.xacro
[0.031s] -- Up-to-date: /home/zihao/Documents/limo/agilex_open_class/install/limo_description/share/limo_description/urdf/limo_steering_hinge.xacro
[0.031s] -- Up-to-date: /home/zihao/Documents/limo/agilex_open_class/install/limo_description/share/limo_description/urdf/limo_xacro.xacro
[0.031s] -- Up-to-date: /home/zihao/Documents/limo/agilex_open_class/install/limo_description/share/limo_description/urdf/limo_four_diff.gazebo
[0.031s] -- Installing: /home/zihao/Documents/limo/agilex_open_class/install/limo_description/share/limo_description/urdf/limo_four_diff_rgb.gazebo
[0.031s] -- Up-to-date: /home/zihao/Documents/limo/agilex_open_class/install/limo_description/share/limo_description/urdf/limo_four_diff_rgb.xacro
[0.031s] -- Up-to-date: /home/zihao/Documents/limo/agilex_open_class/install/limo_description/share/limo_description/urdf/limo_gazebo.gazebo
[0.031s] -- Up-to-date: /home/zihao/Documents/limo/agilex_open_class/install/limo_description/share/limo_description/urdf/limo_ackerman.gazebo
[0.031s] -- Up-to-date: /home/zihao/Documents/limo/agilex_open_class/install/limo_description/share/limo_description/urdf/limo_ackerman_gazebo.gazebo
[0.031s] -- Up-to-date: /home/zihao/Documents/limo/agilex_open_class/install/limo_description/share/ament_index/resource_index/package_run_dependencies/limo_description
[0.031s] -- Up-to-date: /home/zihao/Documents/limo/agilex_open_class/install/limo_description/share/ament_index/resource_index/parent_prefix_path/limo_description
[0.031s] -- Up-to-date: /home/zihao/Documents/limo/agilex_open_class/install/limo_description/share/limo_description/environment/ament_prefix_path.sh
[0.031s] -- Up-to-date: /home/zihao/Documents/limo/agilex_open_class/install/limo_description/share/limo_description/environment/ament_prefix_path.dsv
[0.031s] -- Up-to-date: /home/zihao/Documents/limo/agilex_open_class/install/limo_description/share/limo_description/environment/path.sh
[0.031s] -- Up-to-date: /home/zihao/Documents/limo/agilex_open_class/install/limo_description/share/limo_description/environment/path.dsv
[0.031s] -- Up-to-date: /home/zihao/Documents/limo/agilex_open_class/install/limo_description/share/limo_description/local_setup.bash
[0.031s] -- Up-to-date: /home/zihao/Documents/limo/agilex_open_class/install/limo_description/share/limo_description/local_setup.sh
[0.031s] -- Up-to-date: /home/zihao/Documents/limo/agilex_open_class/install/limo_description/share/limo_description/local_setup.zsh
[0.031s] -- Up-to-date: /home/zihao/Documents/limo/agilex_open_class/install/limo_description/share/limo_description/local_setup.dsv
[0.031s] -- Installing: /home/zihao/Documents/limo/agilex_open_class/install/limo_description/share/limo_description/package.dsv
[0.031s] -- Up-to-date: /home/zihao/Documents/limo/agilex_open_class/install/limo_description/share/ament_index/resource_index/packages/limo_description
[0.031s] -- Up-to-date: /home/zihao/Documents/limo/agilex_open_class/install/limo_description/share/limo_description/cmake/limo_descriptionConfig.cmake
[0.031s] -- Up-to-date: /home/zihao/Documents/limo/agilex_open_class/install/limo_description/share/limo_description/cmake/limo_descriptionConfig-version.cmake
[0.031s] -- Up-to-date: /home/zihao/Documents/limo/agilex_open_class/install/limo_description/share/limo_description/package.xml
[0.032s] Invoked command in '/home/zihao/Documents/limo/agilex_open_class/build/limo_description' returned '0': CMAKE_PREFIX_PATH=${CMAKE_PREFIX_PATH}:/home/zihao/Documents/limo/agilex_open_class/install/limo_learnning_py:/opt/ros/humble /usr/bin/cmake --install /home/zihao/Documents/limo/agilex_open_class/build/limo_description
