/home/zihao/Documents/limo/agilex_open_class/install/limo_learnning_py/lib/python3.10/site-packages/limo_learnning_py/limo_topic_cmd.py
/home/zihao/Documents/limo/agilex_open_class/install/limo_learnning_py/lib/python3.10/site-packages/limo_learnning_py/limo_scan.py
/home/zihao/Documents/limo/agilex_open_class/install/limo_learnning_py/lib/python3.10/site-packages/limo_learnning_py/limo_action_server.py
/home/zihao/Documents/limo/agilex_open_class/install/limo_learnning_py/lib/python3.10/site-packages/limo_learnning_py/multi_goal_nav.py
/home/zihao/Documents/limo/agilex_open_class/install/limo_learnning_py/lib/python3.10/site-packages/limo_learnning_py/limo_action_client.py
/home/zihao/Documents/limo/agilex_open_class/install/limo_learnning_py/lib/python3.10/site-packages/limo_learnning_py/__init__.py
/home/zihao/Documents/limo/agilex_open_class/install/limo_learnning_py/lib/python3.10/site-packages/limo_learnning_py/limo_server.py
/home/zihao/Documents/limo/agilex_open_class/install/limo_learnning_py/lib/python3.10/site-packages/limo_learnning_py/limo_client.py
/home/zihao/Documents/limo/agilex_open_class/install/limo_learnning_py/lib/python3.10/site-packages/limo_learnning_py/__pycache__/limo_topic_cmd.cpython-310.pyc
/home/zihao/Documents/limo/agilex_open_class/install/limo_learnning_py/lib/python3.10/site-packages/limo_learnning_py/__pycache__/limo_scan.cpython-310.pyc
/home/zihao/Documents/limo/agilex_open_class/install/limo_learnning_py/lib/python3.10/site-packages/limo_learnning_py/__pycache__/limo_action_server.cpython-310.pyc
/home/zihao/Documents/limo/agilex_open_class/install/limo_learnning_py/lib/python3.10/site-packages/limo_learnning_py/__pycache__/multi_goal_nav.cpython-310.pyc
/home/zihao/Documents/limo/agilex_open_class/install/limo_learnning_py/lib/python3.10/site-packages/limo_learnning_py/__pycache__/limo_action_client.cpython-310.pyc
/home/zihao/Documents/limo/agilex_open_class/install/limo_learnning_py/lib/python3.10/site-packages/limo_learnning_py/__pycache__/__init__.cpython-310.pyc
/home/zihao/Documents/limo/agilex_open_class/install/limo_learnning_py/lib/python3.10/site-packages/limo_learnning_py/__pycache__/limo_server.cpython-310.pyc
/home/zihao/Documents/limo/agilex_open_class/install/limo_learnning_py/lib/python3.10/site-packages/limo_learnning_py/__pycache__/limo_client.cpython-310.pyc
/home/zihao/Documents/limo/agilex_open_class/install/limo_learnning_py/share/ament_index/resource_index/packages/limo_learnning_py
/home/zihao/Documents/limo/agilex_open_class/install/limo_learnning_py/share/limo_learnning_py/package.xml
/home/zihao/Documents/limo/agilex_open_class/install/limo_learnning_py/lib/python3.10/site-packages/limo_learnning_py-0.0.0-py3.10.egg-info/dependency_links.txt
/home/zihao/Documents/limo/agilex_open_class/install/limo_learnning_py/lib/python3.10/site-packages/limo_learnning_py-0.0.0-py3.10.egg-info/PKG-INFO
/home/zihao/Documents/limo/agilex_open_class/install/limo_learnning_py/lib/python3.10/site-packages/limo_learnning_py-0.0.0-py3.10.egg-info/zip-safe
/home/zihao/Documents/limo/agilex_open_class/install/limo_learnning_py/lib/python3.10/site-packages/limo_learnning_py-0.0.0-py3.10.egg-info/top_level.txt
/home/zihao/Documents/limo/agilex_open_class/install/limo_learnning_py/lib/python3.10/site-packages/limo_learnning_py-0.0.0-py3.10.egg-info/requires.txt
/home/zihao/Documents/limo/agilex_open_class/install/limo_learnning_py/lib/python3.10/site-packages/limo_learnning_py-0.0.0-py3.10.egg-info/entry_points.txt
/home/zihao/Documents/limo/agilex_open_class/install/limo_learnning_py/lib/python3.10/site-packages/limo_learnning_py-0.0.0-py3.10.egg-info/SOURCES.txt
/home/zihao/Documents/limo/agilex_open_class/install/limo_learnning_py/lib/limo_learnning_py/limo_action_client
/home/zihao/Documents/limo/agilex_open_class/install/limo_learnning_py/lib/limo_learnning_py/limo_action_server
/home/zihao/Documents/limo/agilex_open_class/install/limo_learnning_py/lib/limo_learnning_py/limo_client
/home/zihao/Documents/limo/agilex_open_class/install/limo_learnning_py/lib/limo_learnning_py/limo_scan
/home/zihao/Documents/limo/agilex_open_class/install/limo_learnning_py/lib/limo_learnning_py/limo_server
/home/zihao/Documents/limo/agilex_open_class/install/limo_learnning_py/lib/limo_learnning_py/limo_topic_cmd
/home/zihao/Documents/limo/agilex_open_class/install/limo_learnning_py/lib/limo_learnning_py/multi_goal_nav
