[ 33%] Built target move_target
[ 66%] Built target moveit_cpp_tutorial
[100%] Built target move_multi_target
-- Install configuration: ""
-- Up-to-date: /home/zihao/Documents/limo/agilex_open_class/install/learnning_piper/lib/learnning_piper/move_target
-- Up-to-date: /home/zihao/Documents/limo/agilex_open_class/install/learnning_piper/lib/learnning_piper/move_multi_target
-- Up-to-date: /home/zihao/Documents/limo/agilex_open_class/install/learnning_piper/lib/learnning_piper/moveit_cpp_tutorial
-- Up-to-date: /home/zihao/Documents/limo/agilex_open_class/install/learnning_piper/share/ament_index/resource_index/package_run_dependencies/learnning_piper
-- Up-to-date: /home/zihao/Documents/limo/agilex_open_class/install/learnning_piper/share/ament_index/resource_index/parent_prefix_path/learnning_piper
-- Up-to-date: /home/zihao/Documents/limo/agilex_open_class/install/learnning_piper/share/learnning_piper/environment/ament_prefix_path.sh
-- Up-to-date: /home/zihao/Documents/limo/agilex_open_class/install/learnning_piper/share/learnning_piper/environment/ament_prefix_path.dsv
-- Up-to-date: /home/zihao/Documents/limo/agilex_open_class/install/learnning_piper/share/learnning_piper/environment/path.sh
-- Up-to-date: /home/zihao/Documents/limo/agilex_open_class/install/learnning_piper/share/learnning_piper/environment/path.dsv
-- Up-to-date: /home/zihao/Documents/limo/agilex_open_class/install/learnning_piper/share/learnning_piper/local_setup.bash
-- Up-to-date: /home/zihao/Documents/limo/agilex_open_class/install/learnning_piper/share/learnning_piper/local_setup.sh
-- Up-to-date: /home/zihao/Documents/limo/agilex_open_class/install/learnning_piper/share/learnning_piper/local_setup.zsh
-- Up-to-date: /home/zihao/Documents/limo/agilex_open_class/install/learnning_piper/share/learnning_piper/local_setup.dsv
-- Installing: /home/zihao/Documents/limo/agilex_open_class/install/learnning_piper/share/learnning_piper/package.dsv
-- Up-to-date: /home/zihao/Documents/limo/agilex_open_class/install/learnning_piper/share/ament_index/resource_index/packages/learnning_piper
-- Up-to-date: /home/zihao/Documents/limo/agilex_open_class/install/learnning_piper/share/learnning_piper/cmake/learnning_piperConfig.cmake
-- Up-to-date: /home/zihao/Documents/limo/agilex_open_class/install/learnning_piper/share/learnning_piper/cmake/learnning_piperConfig-version.cmake
-- Up-to-date: /home/zihao/Documents/limo/agilex_open_class/install/learnning_piper/share/learnning_piper/package.xml
