[33mCMake Warning at CMakeLists.txt:20 (add_executable):
  Cannot generate a safe runtime search path for target move_target because
  files in some directories may conflict with libraries in implicit
  directories:

    runtime library [libcrypto.so.3] in /usr/lib/x86_64-linux-gnu may be hidden by files in:
      /home/zihao/anaconda3/lib
    runtime library [libfreetype.so.6] in /usr/lib/x86_64-linux-gnu may be hidden by files in:
      /home/zihao/anaconda3/lib
    runtime library [libcurl.so.4] in /usr/lib/x86_64-linux-gnu may be hidden by files in:
      /home/zihao/anaconda3/lib
    runtime library [libz.so.1] in /usr/lib/x86_64-linux-gnu may be hidden by files in:
      /home/zihao/anaconda3/lib

  Some of these libraries may not be found correctly.

[0m
[33mCMake Warning at CMakeLists.txt:33 (add_executable):
  Cannot generate a safe runtime search path for target move_multi_target
  because files in some directories may conflict with libraries in implicit
  directories:

    runtime library [libcrypto.so.3] in /usr/lib/x86_64-linux-gnu may be hidden by files in:
      /home/zihao/anaconda3/lib
    runtime library [libfreetype.so.6] in /usr/lib/x86_64-linux-gnu may be hidden by files in:
      /home/zihao/anaconda3/lib
    runtime library [libcurl.so.4] in /usr/lib/x86_64-linux-gnu may be hidden by files in:
      /home/zihao/anaconda3/lib
    runtime library [libz.so.1] in /usr/lib/x86_64-linux-gnu may be hidden by files in:
      /home/zihao/anaconda3/lib

  Some of these libraries may not be found correctly.

[0m
[33mCMake Warning at CMakeLists.txt:46 (add_executable):
  Cannot generate a safe runtime search path for target moveit_cpp_tutorial
  because files in some directories may conflict with libraries in implicit
  directories:

    runtime library [libcrypto.so.3] in /usr/lib/x86_64-linux-gnu may be hidden by files in:
      /home/zihao/anaconda3/lib
    runtime library [libfreetype.so.6] in /usr/lib/x86_64-linux-gnu may be hidden by files in:
      /home/zihao/anaconda3/lib
    runtime library [libcurl.so.4] in /usr/lib/x86_64-linux-gnu may be hidden by files in:
      /home/zihao/anaconda3/lib
    runtime library [libz.so.1] in /usr/lib/x86_64-linux-gnu may be hidden by files in:
      /home/zihao/anaconda3/lib

  Some of these libraries may not be found correctly.

[0m
/usr/bin/ld: warning: libboost_filesystem.so.1.74.0, needed by /opt/ros/humble/lib/libmoveit_visual_tools.so, may conflict with libboost_filesystem.so.1.82.0
