-- Found ament_cmake: 1.3.11 (/opt/ros/humble/share/ament_cmake/cmake)
-- Found rclcpp: 16.0.11 (/opt/ros/humble/share/rclcpp/cmake)
-- Found rosidl_generator_c: 3.1.6 (/opt/ros/humble/share/rosidl_generator_c/cmake)
-- Found rosidl_adapter: 3.1.6 (/opt/ros/humble/share/rosidl_adapter/cmake)
-- Found rosidl_generator_cpp: 3.1.6 (/opt/ros/humble/share/rosidl_generator_cpp/cmake)
-- Using all available rosidl_typesupport_c: rosidl_typesupport_fastrtps_c;rosidl_typesupport_introspection_c
-- Using all available rosidl_typesupport_cpp: rosidl_typesupport_fastrtps_cpp;rosidl_typesupport_introspection_cpp
-- Found rmw_implementation_cmake: 6.1.2 (/opt/ros/humble/share/rmw_implementation_cmake/cmake)
-- Found rmw_fastrtps_cpp: 6.2.7 (/opt/ros/humble/share/rmw_fastrtps_cpp/cmake)
-- Using RMW implementation 'rmw_fastrtps_cpp' as default
-- Found geometry_msgs: 4.2.4 (/opt/ros/humble/share/geometry_msgs/cmake)
-- Found moveit_msgs: 2.2.1 (/opt/ros/humble/share/moveit_msgs/cmake)
-- Found moveit_core: 2.5.6 (/opt/ros/humble/share/moveit_core/cmake)
-- Found Boost: /home/zihao/anaconda3/lib/cmake/Boost-1.82.0/BoostConfig.cmake (found version "1.82.0") found components: chrono date_time filesystem iostreams program_options regex serialization system thread 
-- Found parameter_traits: 0.3.9 (/opt/ros/humble/share/parameter_traits/cmake)
-- Found rclcpp_lifecycle: 16.0.11 (/opt/ros/humble/share/rclcpp_lifecycle/cmake)
-- Found Boost: /home/zihao/anaconda3/lib/cmake/Boost-1.82.0/BoostConfig.cmake (found version "1.82.0") found components: filesystem 
-- library: /usr/lib/x86_64-linux-gnu/libcurl.so
-- Ensuring Eigen3 include directory is part of orocos-kdl CMake target
-- Found moveit_ros_planning: 2.5.6 (/opt/ros/humble/share/moveit_ros_planning/cmake)
-- Found Boost: /home/zihao/anaconda3/lib/cmake/Boost-1.82.0/BoostConfig.cmake (found version "1.82.0") found components: system filesystem date_time program_options thread chrono 
-- Found moveit_ros_planning_interface: 2.5.6 (/opt/ros/humble/share/moveit_ros_planning_interface/cmake)
-- Found Boost: /home/zihao/anaconda3/lib/cmake/Boost-1.82.0/BoostConfig.cmake (found version "1.82.0") found components: date_time filesystem program_options system thread 
-- Found Boost: /home/zihao/anaconda3/lib/cmake/Boost-1.82.0/BoostConfig.cmake (found version "1.82.0") found components: thread system filesystem regex date_time program_options 
-- Found Boost: /home/zihao/anaconda3/lib/cmake/Boost-1.82.0/BoostConfig.cmake (found version "1.82.0") found components: system filesystem date_time program_options thread 
-- Found moveit_servo: 2.5.6 (/opt/ros/humble/share/moveit_servo/cmake)
-- Found moveit_visual_tools: 4.1.1 (/opt/ros/humble/share/moveit_visual_tools/cmake)
-- Setting assimp_DIR to: '/opt/ros/humble/share/rviz_assimp_vendor/cmake/../../../opt/rviz_assimp_vendor/lib/cmake/assimp-4.1'
-- Setting OGRE_DIR to: '/opt/ros/humble/share/rviz_ogre_vendor/cmake/../../../opt/rviz_ogre_vendor/lib/OGRE/cmake'
-- Found OGRE
--   static     : OFF
--   components : HLMS;MeshLodGenerator;Overlay;Paging;Property;RTShaderSystem;Terrain;Volume
--   plugins    : Plugin_BSPSceneManager;Plugin_OctreeSceneManager;Plugin_PCZSceneManager;Plugin_ParticleFX;RenderSystem_GL;RenderSystem_GL3Plus;Codec_STBI
--   media      : /opt/ros/humble/opt/rviz_ogre_vendor/share/OGRE/Media
-- OGRE_LIBRARIES: OgreHLMS;OgreMeshLodGenerator;OgreOverlay;OgrePaging;OgreProperty;OgreRTShaderSystem;OgreTerrain;OgreVolume;OgreMain
-- OGRE_LIBRARY_DIRS: /opt/ros/humble/opt/rviz_ogre_vendor/lib
-- OGRE_PLUGINS: Plugin_BSPSceneManager;Plugin_OctreeSceneManager;Plugin_PCZSceneManager;Plugin_ParticleFX;RenderSystem_GL;RenderSystem_GL3Plus;Codec_STBI
-- OGRE_PLUGIN_DIR: /opt/ros/humble/opt/rviz_ogre_vendor/lib/OGRE
-- rviz_ogre_vendor::OgreOverlay for IMPORTED_LOCATION_RELEASE: /opt/ros/humble/opt/rviz_ogre_vendor/lib/libOgreOverlay.so
-- rviz_ogre_vendor::OgreOverlay for IMPORTED_LOCATION_DEBUG: /opt/ros/humble/opt/rviz_ogre_vendor/lib/libOgreOverlay.so
-- rviz_ogre_vendor::OgreMain for IMPORTED_LOCATION_RELEASE: /opt/ros/humble/opt/rviz_ogre_vendor/lib/libOgreMain.so
-- rviz_ogre_vendor::OgreMain for IMPORTED_LOCATION_DEBUG: /opt/ros/humble/opt/rviz_ogre_vendor/lib/libOgreMain.so
-- Found ZLIB: /usr/lib/x86_64-linux-gnu/libz.so (found version "1.2.11") 
-- Found ament_lint_auto: 0.12.11 (/opt/ros/humble/share/ament_lint_auto/cmake)
-- Added test 'cppcheck' to perform static code analysis on C / C++ code
-- Configured cppcheck include dirs: 
-- Configured cppcheck exclude dirs and/or files: 
-- Added test 'lint_cmake' to check CMake code style
-- Added test 'uncrustify' to check C / C++ code style
-- Configured uncrustify additional arguments: 
-- Added test 'xmllint' to check XML markup files
-- Configuring done
-- Generating done
-- Build files have been written to: /home/zihao/Documents/limo/agilex_open_class/build/learnning_piper
[ 16%] [32mBuilding CXX object CMakeFiles/move_target.dir/src/move_target.cpp.o[0m
[ 33%] [32mBuilding CXX object CMakeFiles/moveit_cpp_tutorial.dir/src/moveit_cpp_tutorial.cpp.o[0m
[ 50%] [32mBuilding CXX object CMakeFiles/move_multi_target.dir/src/move_multi_target.cpp.o[0m
[ 66%] [32m[1mLinking CXX executable move_target[0m
[ 83%] [32m[1mLinking CXX executable move_multi_target[0m
[ 83%] Built target move_target
[ 83%] Built target move_multi_target
[100%] [32m[1mLinking CXX executable moveit_cpp_tutorial[0m
[100%] Built target moveit_cpp_tutorial
-- Install configuration: ""
-- Installing: /home/zihao/Documents/limo/agilex_open_class/install/learnning_piper/lib/learnning_piper/move_target
-- Set runtime path of "/home/zihao/Documents/limo/agilex_open_class/install/learnning_piper/lib/learnning_piper/move_target" to ""
-- Installing: /home/zihao/Documents/limo/agilex_open_class/install/learnning_piper/lib/learnning_piper/move_multi_target
-- Set runtime path of "/home/zihao/Documents/limo/agilex_open_class/install/learnning_piper/lib/learnning_piper/move_multi_target" to ""
-- Installing: /home/zihao/Documents/limo/agilex_open_class/install/learnning_piper/lib/learnning_piper/moveit_cpp_tutorial
-- Set runtime path of "/home/zihao/Documents/limo/agilex_open_class/install/learnning_piper/lib/learnning_piper/moveit_cpp_tutorial" to ""
-- Installing: /home/zihao/Documents/limo/agilex_open_class/install/learnning_piper/share/ament_index/resource_index/package_run_dependencies/learnning_piper
-- Installing: /home/zihao/Documents/limo/agilex_open_class/install/learnning_piper/share/ament_index/resource_index/parent_prefix_path/learnning_piper
-- Installing: /home/zihao/Documents/limo/agilex_open_class/install/learnning_piper/share/learnning_piper/environment/ament_prefix_path.sh
-- Installing: /home/zihao/Documents/limo/agilex_open_class/install/learnning_piper/share/learnning_piper/environment/ament_prefix_path.dsv
-- Installing: /home/zihao/Documents/limo/agilex_open_class/install/learnning_piper/share/learnning_piper/environment/path.sh
-- Installing: /home/zihao/Documents/limo/agilex_open_class/install/learnning_piper/share/learnning_piper/environment/path.dsv
-- Installing: /home/zihao/Documents/limo/agilex_open_class/install/learnning_piper/share/learnning_piper/local_setup.bash
-- Installing: /home/zihao/Documents/limo/agilex_open_class/install/learnning_piper/share/learnning_piper/local_setup.sh
-- Installing: /home/zihao/Documents/limo/agilex_open_class/install/learnning_piper/share/learnning_piper/local_setup.zsh
-- Installing: /home/zihao/Documents/limo/agilex_open_class/install/learnning_piper/share/learnning_piper/local_setup.dsv
-- Installing: /home/zihao/Documents/limo/agilex_open_class/install/learnning_piper/share/learnning_piper/package.dsv
-- Installing: /home/zihao/Documents/limo/agilex_open_class/install/learnning_piper/share/ament_index/resource_index/packages/learnning_piper
-- Installing: /home/zihao/Documents/limo/agilex_open_class/install/learnning_piper/share/learnning_piper/cmake/learnning_piperConfig.cmake
-- Installing: /home/zihao/Documents/limo/agilex_open_class/install/learnning_piper/share/learnning_piper/cmake/learnning_piperConfig-version.cmake
-- Installing: /home/zihao/Documents/limo/agilex_open_class/install/learnning_piper/share/learnning_piper/package.xml
