[0.012s] Invoking command in '/home/zihao/Documents/limo/agilex_open_class/build/learnning_piper': CMAKE_PREFIX_PATH=/opt/ros/humble /usr/bin/cmake /home/zihao/Documents/limo/agilex_open_class/piper/learnning_piper -DCMAKE_INSTALL_PREFIX=/home/zihao/Documents/limo/agilex_open_class/install/learnning_piper
[0.018s] -- Found ament_cmake: 1.3.11 (/opt/ros/humble/share/ament_cmake/cmake)
[0.090s] -- Found rclcpp: 16.0.11 (/opt/ros/humble/share/rclcpp/cmake)
[0.101s] -- Found rosidl_generator_c: 3.1.6 (/opt/ros/humble/share/rosidl_generator_c/cmake)
[0.102s] -- Found rosidl_adapter: 3.1.6 (/opt/ros/humble/share/rosidl_adapter/cmake)
[0.105s] -- Found rosidl_generator_cpp: 3.1.6 (/opt/ros/humble/share/rosidl_generator_cpp/cmake)
[0.109s] -- Using all available rosidl_typesupport_c: rosidl_typesupport_fastrtps_c;rosidl_typesupport_introspection_c
[0.113s] -- Using all available rosidl_typesupport_cpp: rosidl_typesupport_fastrtps_cpp;rosidl_typesupport_introspection_cpp
[0.125s] -- Found rmw_implementation_cmake: 6.1.2 (/opt/ros/humble/share/rmw_implementation_cmake/cmake)
[0.126s] -- Found rmw_fastrtps_cpp: 6.2.7 (/opt/ros/humble/share/rmw_fastrtps_cpp/cmake)
[0.189s] -- Using RMW implementation 'rmw_fastrtps_cpp' as default
[0.209s] -- Found geometry_msgs: 4.2.4 (/opt/ros/humble/share/geometry_msgs/cmake)
[0.213s] -- Found moveit_msgs: 2.2.1 (/opt/ros/humble/share/moveit_msgs/cmake)
[0.264s] -- Found moveit_core: 2.5.6 (/opt/ros/humble/share/moveit_core/cmake)
[0.270s] -- Found Boost: /home/zihao/anaconda3/lib/cmake/Boost-1.82.0/BoostConfig.cmake (found version "1.82.0") found components: chrono date_time filesystem iostreams program_options regex serialization system thread 
[0.283s] -- Found parameter_traits: 0.3.9 (/opt/ros/humble/share/parameter_traits/cmake)
[0.285s] -- Found rclcpp_lifecycle: 16.0.11 (/opt/ros/humble/share/rclcpp_lifecycle/cmake)
[0.293s] -- Found Boost: /home/zihao/anaconda3/lib/cmake/Boost-1.82.0/BoostConfig.cmake (found version "1.82.0") found components: filesystem 
[0.315s] -- library: /usr/lib/x86_64-linux-gnu/libcurl.so
[0.326s] -- Ensuring Eigen3 include directory is part of orocos-kdl CMake target
[0.364s] -- Found moveit_ros_planning: 2.5.6 (/opt/ros/humble/share/moveit_ros_planning/cmake)
[0.367s] -- Found Boost: /home/zihao/anaconda3/lib/cmake/Boost-1.82.0/BoostConfig.cmake (found version "1.82.0") found components: system filesystem date_time program_options thread chrono 
[0.375s] -- Found moveit_ros_planning_interface: 2.5.6 (/opt/ros/humble/share/moveit_ros_planning_interface/cmake)
[0.377s] -- Found Boost: /home/zihao/anaconda3/lib/cmake/Boost-1.82.0/BoostConfig.cmake (found version "1.82.0") found components: date_time filesystem program_options system thread 
[0.382s] -- Found Boost: /home/zihao/anaconda3/lib/cmake/Boost-1.82.0/BoostConfig.cmake (found version "1.82.0") found components: thread system filesystem regex date_time program_options 
[0.390s] -- Found Boost: /home/zihao/anaconda3/lib/cmake/Boost-1.82.0/BoostConfig.cmake (found version "1.82.0") found components: system filesystem date_time program_options thread 
[0.401s] -- Found moveit_servo: 2.5.6 (/opt/ros/humble/share/moveit_servo/cmake)
[0.424s] -- Found moveit_visual_tools: 4.1.1 (/opt/ros/humble/share/moveit_visual_tools/cmake)
[0.442s] -- Setting assimp_DIR to: '/opt/ros/humble/share/rviz_assimp_vendor/cmake/../../../opt/rviz_assimp_vendor/lib/cmake/assimp-4.1'
[0.444s] -- Setting OGRE_DIR to: '/opt/ros/humble/share/rviz_ogre_vendor/cmake/../../../opt/rviz_ogre_vendor/lib/OGRE/cmake'
[0.444s] -- Found OGRE
[0.444s] --   static     : OFF
[0.444s] --   components : HLMS;MeshLodGenerator;Overlay;Paging;Property;RTShaderSystem;Terrain;Volume
[0.444s] --   plugins    : Plugin_BSPSceneManager;Plugin_OctreeSceneManager;Plugin_PCZSceneManager;Plugin_ParticleFX;RenderSystem_GL;RenderSystem_GL3Plus;Codec_STBI
[0.444s] --   media      : /opt/ros/humble/opt/rviz_ogre_vendor/share/OGRE/Media
[0.444s] -- OGRE_LIBRARIES: OgreHLMS;OgreMeshLodGenerator;OgreOverlay;OgrePaging;OgreProperty;OgreRTShaderSystem;OgreTerrain;OgreVolume;OgreMain
[0.444s] -- OGRE_LIBRARY_DIRS: /opt/ros/humble/opt/rviz_ogre_vendor/lib
[0.444s] -- OGRE_PLUGINS: Plugin_BSPSceneManager;Plugin_OctreeSceneManager;Plugin_PCZSceneManager;Plugin_ParticleFX;RenderSystem_GL;RenderSystem_GL3Plus;Codec_STBI
[0.444s] -- OGRE_PLUGIN_DIR: /opt/ros/humble/opt/rviz_ogre_vendor/lib/OGRE
[0.444s] -- rviz_ogre_vendor::OgreOverlay for IMPORTED_LOCATION_RELEASE: /opt/ros/humble/opt/rviz_ogre_vendor/lib/libOgreOverlay.so
[0.444s] -- rviz_ogre_vendor::OgreOverlay for IMPORTED_LOCATION_DEBUG: /opt/ros/humble/opt/rviz_ogre_vendor/lib/libOgreOverlay.so
[0.445s] -- rviz_ogre_vendor::OgreMain for IMPORTED_LOCATION_RELEASE: /opt/ros/humble/opt/rviz_ogre_vendor/lib/libOgreMain.so
[0.445s] -- rviz_ogre_vendor::OgreMain for IMPORTED_LOCATION_DEBUG: /opt/ros/humble/opt/rviz_ogre_vendor/lib/libOgreMain.so
[0.451s] -- Found ZLIB: /usr/lib/x86_64-linux-gnu/libz.so (found version "1.2.11") 
[0.504s] -- Found ament_lint_auto: 0.12.11 (/opt/ros/humble/share/ament_lint_auto/cmake)
[0.557s] -- Added test 'cppcheck' to perform static code analysis on C / C++ code
[0.557s] -- Configured cppcheck include dirs: 
[0.557s] -- Configured cppcheck exclude dirs and/or files: 
[0.557s] -- Added test 'lint_cmake' to check CMake code style
[0.557s] -- Added test 'uncrustify' to check C / C++ code style
[0.557s] -- Configured uncrustify additional arguments: 
[0.558s] -- Added test 'xmllint' to check XML markup files
[0.558s] -- Configuring done
[0.580s] [33mCMake Warning at CMakeLists.txt:20 (add_executable):
[0.580s]   Cannot generate a safe runtime search path for target move_target because
[0.580s]   files in some directories may conflict with libraries in implicit
[0.580s]   directories:
[0.580s] 
[0.580s]     runtime library [libcrypto.so.3] in /usr/lib/x86_64-linux-gnu may be hidden by files in:
[0.580s]       /home/zihao/anaconda3/lib
[0.580s]     runtime library [libfreetype.so.6] in /usr/lib/x86_64-linux-gnu may be hidden by files in:
[0.580s]       /home/zihao/anaconda3/lib
[0.580s]     runtime library [libcurl.so.4] in /usr/lib/x86_64-linux-gnu may be hidden by files in:
[0.580s]       /home/zihao/anaconda3/lib
[0.580s]     runtime library [libz.so.1] in /usr/lib/x86_64-linux-gnu may be hidden by files in:
[0.580s]       /home/zihao/anaconda3/lib
[0.580s] 
[0.580s]   Some of these libraries may not be found correctly.
[0.580s] 
[0.580s] [0m
[0.586s] [33mCMake Warning at CMakeLists.txt:33 (add_executable):
[0.586s]   Cannot generate a safe runtime search path for target move_multi_target
[0.586s]   because files in some directories may conflict with libraries in implicit
[0.586s]   directories:
[0.586s] 
[0.586s]     runtime library [libcrypto.so.3] in /usr/lib/x86_64-linux-gnu may be hidden by files in:
[0.586s]       /home/zihao/anaconda3/lib
[0.586s]     runtime library [libfreetype.so.6] in /usr/lib/x86_64-linux-gnu may be hidden by files in:
[0.586s]       /home/zihao/anaconda3/lib
[0.586s]     runtime library [libcurl.so.4] in /usr/lib/x86_64-linux-gnu may be hidden by files in:
[0.586s]       /home/zihao/anaconda3/lib
[0.586s]     runtime library [libz.so.1] in /usr/lib/x86_64-linux-gnu may be hidden by files in:
[0.586s]       /home/zihao/anaconda3/lib
[0.586s] 
[0.586s]   Some of these libraries may not be found correctly.
[0.586s] 
[0.586s] [0m
[0.591s] [33mCMake Warning at CMakeLists.txt:46 (add_executable):
[0.591s]   Cannot generate a safe runtime search path for target moveit_cpp_tutorial
[0.591s]   because files in some directories may conflict with libraries in implicit
[0.591s]   directories:
[0.591s] 
[0.592s]     runtime library [libcrypto.so.3] in /usr/lib/x86_64-linux-gnu may be hidden by files in:
[0.592s]       /home/zihao/anaconda3/lib
[0.592s]     runtime library [libfreetype.so.6] in /usr/lib/x86_64-linux-gnu may be hidden by files in:
[0.592s]       /home/zihao/anaconda3/lib
[0.592s]     runtime library [libcurl.so.4] in /usr/lib/x86_64-linux-gnu may be hidden by files in:
[0.592s]       /home/zihao/anaconda3/lib
[0.592s]     runtime library [libz.so.1] in /usr/lib/x86_64-linux-gnu may be hidden by files in:
[0.592s]       /home/zihao/anaconda3/lib
[0.592s] 
[0.592s]   Some of these libraries may not be found correctly.
[0.592s] 
[0.592s] [0m
[0.592s] -- Generating done
[0.601s] -- Build files have been written to: /home/zihao/Documents/limo/agilex_open_class/build/learnning_piper
[0.612s] Invoked command in '/home/zihao/Documents/limo/agilex_open_class/build/learnning_piper' returned '0': CMAKE_PREFIX_PATH=/opt/ros/humble /usr/bin/cmake /home/zihao/Documents/limo/agilex_open_class/piper/learnning_piper -DCMAKE_INSTALL_PREFIX=/home/zihao/Documents/limo/agilex_open_class/install/learnning_piper
[0.613s] Invoking command in '/home/zihao/Documents/limo/agilex_open_class/build/learnning_piper': CMAKE_PREFIX_PATH=/opt/ros/humble /usr/bin/cmake --build /home/zihao/Documents/limo/agilex_open_class/build/learnning_piper -- -j32 -l32
[0.665s] [ 16%] [32mBuilding CXX object CMakeFiles/move_target.dir/src/move_target.cpp.o[0m
[0.666s] [ 33%] [32mBuilding CXX object CMakeFiles/moveit_cpp_tutorial.dir/src/moveit_cpp_tutorial.cpp.o[0m
[0.668s] [ 50%] [32mBuilding CXX object CMakeFiles/move_multi_target.dir/src/move_multi_target.cpp.o[0m
[4.435s] [ 66%] [32m[1mLinking CXX executable move_target[0m
[4.530s] [ 83%] [32m[1mLinking CXX executable move_multi_target[0m
[4.616s] [ 83%] Built target move_target
[4.694s] [ 83%] Built target move_multi_target
[6.110s] [100%] [32m[1mLinking CXX executable moveit_cpp_tutorial[0m
[6.225s] /usr/bin/ld: warning: libboost_filesystem.so.1.74.0, needed by /opt/ros/humble/lib/libmoveit_visual_tools.so, may conflict with libboost_filesystem.so.1.82.0
[6.404s] [100%] Built target moveit_cpp_tutorial
[6.410s] Invoked command in '/home/zihao/Documents/limo/agilex_open_class/build/learnning_piper' returned '0': CMAKE_PREFIX_PATH=/opt/ros/humble /usr/bin/cmake --build /home/zihao/Documents/limo/agilex_open_class/build/learnning_piper -- -j32 -l32
[6.410s] Invoking command in '/home/zihao/Documents/limo/agilex_open_class/build/learnning_piper': CMAKE_PREFIX_PATH=/opt/ros/humble /usr/bin/cmake --install /home/zihao/Documents/limo/agilex_open_class/build/learnning_piper
[6.414s] -- Install configuration: ""
[6.414s] -- Installing: /home/zihao/Documents/limo/agilex_open_class/install/learnning_piper/lib/learnning_piper/move_target
[6.415s] -- Set runtime path of "/home/zihao/Documents/limo/agilex_open_class/install/learnning_piper/lib/learnning_piper/move_target" to ""
[6.415s] -- Installing: /home/zihao/Documents/limo/agilex_open_class/install/learnning_piper/lib/learnning_piper/move_multi_target
[6.415s] -- Set runtime path of "/home/zihao/Documents/limo/agilex_open_class/install/learnning_piper/lib/learnning_piper/move_multi_target" to ""
[6.415s] -- Installing: /home/zihao/Documents/limo/agilex_open_class/install/learnning_piper/lib/learnning_piper/moveit_cpp_tutorial
[6.415s] -- Set runtime path of "/home/zihao/Documents/limo/agilex_open_class/install/learnning_piper/lib/learnning_piper/moveit_cpp_tutorial" to ""
[6.415s] -- Installing: /home/zihao/Documents/limo/agilex_open_class/install/learnning_piper/share/ament_index/resource_index/package_run_dependencies/learnning_piper
[6.415s] -- Installing: /home/zihao/Documents/limo/agilex_open_class/install/learnning_piper/share/ament_index/resource_index/parent_prefix_path/learnning_piper
[6.415s] -- Installing: /home/zihao/Documents/limo/agilex_open_class/install/learnning_piper/share/learnning_piper/environment/ament_prefix_path.sh
[6.415s] -- Installing: /home/zihao/Documents/limo/agilex_open_class/install/learnning_piper/share/learnning_piper/environment/ament_prefix_path.dsv
[6.415s] -- Installing: /home/zihao/Documents/limo/agilex_open_class/install/learnning_piper/share/learnning_piper/environment/path.sh
[6.415s] -- Installing: /home/zihao/Documents/limo/agilex_open_class/install/learnning_piper/share/learnning_piper/environment/path.dsv
[6.415s] -- Installing: /home/zihao/Documents/limo/agilex_open_class/install/learnning_piper/share/learnning_piper/local_setup.bash
[6.415s] -- Installing: /home/zihao/Documents/limo/agilex_open_class/install/learnning_piper/share/learnning_piper/local_setup.sh
[6.415s] -- Installing: /home/zihao/Documents/limo/agilex_open_class/install/learnning_piper/share/learnning_piper/local_setup.zsh
[6.415s] -- Installing: /home/zihao/Documents/limo/agilex_open_class/install/learnning_piper/share/learnning_piper/local_setup.dsv
[6.415s] -- Installing: /home/zihao/Documents/limo/agilex_open_class/install/learnning_piper/share/learnning_piper/package.dsv
[6.415s] -- Installing: /home/zihao/Documents/limo/agilex_open_class/install/learnning_piper/share/ament_index/resource_index/packages/learnning_piper
[6.415s] -- Installing: /home/zihao/Documents/limo/agilex_open_class/install/learnning_piper/share/learnning_piper/cmake/learnning_piperConfig.cmake
[6.416s] -- Installing: /home/zihao/Documents/limo/agilex_open_class/install/learnning_piper/share/learnning_piper/cmake/learnning_piperConfig-version.cmake
[6.416s] -- Installing: /home/zihao/Documents/limo/agilex_open_class/install/learnning_piper/share/learnning_piper/package.xml
[6.417s] Invoked command in '/home/zihao/Documents/limo/agilex_open_class/build/learnning_piper' returned '0': CMAKE_PREFIX_PATH=/opt/ros/humble /usr/bin/cmake --install /home/zihao/Documents/limo/agilex_open_class/build/learnning_piper
