[0.010s] Invoking command in '/home/zihao/Documents/limo/agilex_open_class/build/limo_msgs': CMAKE_PREFIX_PATH=/opt/ros/humble /usr/bin/cmake --build /home/zihao/Documents/limo/agilex_open_class/build/limo_msgs -- -j32 -l32
[0.047s] [35m[1mConsolidate compiler generated dependencies of target limo_msgs__rosidl_generator_c[0m
[0.057s] [  2%] Built target limo_msgs__cpp
[0.059s] [ 12%] Built target limo_msgs__rosidl_generator_c
[0.079s] [35m[1mConsolidate compiler generated dependencies of target limo_msgs__rosidl_typesupport_cpp[0m
[0.080s] [ 12%] Built target ament_cmake_python_copy_limo_msgs
[0.081s] [35m[1mConsolidate compiler generated dependencies of target limo_msgs__rosidl_typesupport_introspection_cpp[0m
[0.081s] [35m[1mConsolidate compiler generated dependencies of target limo_msgs__rosidl_typesupport_fastrtps_cpp[0m
[0.081s] [35m[1mConsolidate compiler generated dependencies of target limo_msgs__rosidl_typesupport_fastrtps_c[0m
[0.083s] [35m[1mConsolidate compiler generated dependencies of target limo_msgs__rosidl_typesupport_introspection_c[0m
[0.084s] [35m[1mConsolidate compiler generated dependencies of target limo_msgs__rosidl_typesupport_c[0m
[0.106s] [ 23%] Built target limo_msgs__rosidl_typesupport_cpp
[0.111s] [ 34%] Built target limo_msgs__rosidl_typesupport_introspection_c
[0.113s] [ 44%] Built target limo_msgs__rosidl_typesupport_fastrtps_cpp
[0.113s] [ 55%] Built target limo_msgs__rosidl_typesupport_fastrtps_c
[0.115s] [ 65%] Built target limo_msgs__rosidl_typesupport_introspection_cpp
[0.115s] [ 76%] Built target limo_msgs__rosidl_typesupport_c
[0.131s] [ 76%] Built target limo_msgs
[0.144s] [ 78%] Built target limo_msgs__py
[0.151s] [35m[1mConsolidate compiler generated dependencies of target limo_msgs__rosidl_generator_py[0m
[0.163s] [ 87%] Built target limo_msgs__rosidl_generator_py
[0.184s] [35m[1mConsolidate compiler generated dependencies of target limo_msgs__rosidl_typesupport_fastrtps_c__pyext[0m
[0.185s] [35m[1mConsolidate compiler generated dependencies of target limo_msgs__rosidl_typesupport_c__pyext[0m
[0.185s] [35m[1mConsolidate compiler generated dependencies of target limo_msgs__rosidl_typesupport_introspection_c__pyext[0m
[0.201s] [ 91%] Built target limo_msgs__rosidl_typesupport_fastrtps_c__pyext
[0.204s] [ 95%] Built target limo_msgs__rosidl_typesupport_c__pyext
[0.206s] [100%] Built target limo_msgs__rosidl_typesupport_introspection_c__pyext
[0.218s] running egg_info
[0.228s] writing limo_msgs.egg-info/PKG-INFO
[0.228s] writing dependency_links to limo_msgs.egg-info/dependency_links.txt
[0.228s] writing top-level names to limo_msgs.egg-info/top_level.txt
[0.256s] reading manifest file 'limo_msgs.egg-info/SOURCES.txt'
[0.256s] writing manifest file 'limo_msgs.egg-info/SOURCES.txt'
[0.277s] [100%] Built target ament_cmake_python_build_limo_msgs_egg
[0.285s] Invoked command in '/home/zihao/Documents/limo/agilex_open_class/build/limo_msgs' returned '0': CMAKE_PREFIX_PATH=/opt/ros/humble /usr/bin/cmake --build /home/zihao/Documents/limo/agilex_open_class/build/limo_msgs -- -j32 -l32
[0.286s] Invoking command in '/home/zihao/Documents/limo/agilex_open_class/build/limo_msgs': CMAKE_PREFIX_PATH=/opt/ros/humble /usr/bin/cmake --install /home/zihao/Documents/limo/agilex_open_class/build/limo_msgs
[0.293s] -- Install configuration: ""
[0.293s] -- Up-to-date: /home/zihao/Documents/limo/agilex_open_class/install/limo_msgs/share/ament_index/resource_index/rosidl_interfaces/limo_msgs
[0.293s] -- Up-to-date: /home/zihao/Documents/limo/agilex_open_class/install/limo_msgs/include/limo_msgs/limo_msgs
[0.293s] -- Up-to-date: /home/zihao/Documents/limo/agilex_open_class/install/limo_msgs/include/limo_msgs/limo_msgs/action
[0.293s] -- Up-to-date: /home/zihao/Documents/limo/agilex_open_class/install/limo_msgs/include/limo_msgs/limo_msgs/action/limo_action.h
[0.293s] -- Up-to-date: /home/zihao/Documents/limo/agilex_open_class/install/limo_msgs/include/limo_msgs/limo_msgs/action/detail
[0.293s] -- Up-to-date: /home/zihao/Documents/limo/agilex_open_class/install/limo_msgs/include/limo_msgs/limo_msgs/action/detail/limo_action__functions.h
[0.293s] -- Up-to-date: /home/zihao/Documents/limo/agilex_open_class/install/limo_msgs/include/limo_msgs/limo_msgs/action/detail/limo_action__type_support.h
[0.293s] -- Up-to-date: /home/zihao/Documents/limo/agilex_open_class/install/limo_msgs/include/limo_msgs/limo_msgs/action/detail/limo_action__struct.h
[0.293s] -- Up-to-date: /home/zihao/Documents/limo/agilex_open_class/install/limo_msgs/include/limo_msgs/limo_msgs/action/detail/limo_action__functions.c
[0.293s] -- Up-to-date: /home/zihao/Documents/limo/agilex_open_class/install/limo_msgs/include/limo_msgs/limo_msgs/msg
[0.293s] -- Up-to-date: /home/zihao/Documents/limo/agilex_open_class/install/limo_msgs/include/limo_msgs/limo_msgs/msg/rosidl_generator_c__visibility_control.h
[0.293s] -- Up-to-date: /home/zihao/Documents/limo/agilex_open_class/install/limo_msgs/include/limo_msgs/limo_msgs/msg/limo_status.h
[0.293s] -- Up-to-date: /home/zihao/Documents/limo/agilex_open_class/install/limo_msgs/include/limo_msgs/limo_msgs/msg/detail
[0.293s] -- Up-to-date: /home/zihao/Documents/limo/agilex_open_class/install/limo_msgs/include/limo_msgs/limo_msgs/msg/detail/limo_status__functions.h
[0.293s] -- Up-to-date: /home/zihao/Documents/limo/agilex_open_class/install/limo_msgs/include/limo_msgs/limo_msgs/msg/detail/limo_status__type_support.h
[0.293s] -- Up-to-date: /home/zihao/Documents/limo/agilex_open_class/install/limo_msgs/include/limo_msgs/limo_msgs/msg/detail/limo_status__struct.h
[0.293s] -- Up-to-date: /home/zihao/Documents/limo/agilex_open_class/install/limo_msgs/include/limo_msgs/limo_msgs/msg/detail/limo_status__functions.c
[0.293s] -- Up-to-date: /home/zihao/Documents/limo/agilex_open_class/install/limo_msgs/include/limo_msgs/limo_msgs/srv
[0.293s] -- Up-to-date: /home/zihao/Documents/limo/agilex_open_class/install/limo_msgs/include/limo_msgs/limo_msgs/srv/limo_srv.h
[0.293s] -- Up-to-date: /home/zihao/Documents/limo/agilex_open_class/install/limo_msgs/include/limo_msgs/limo_msgs/srv/detail
[0.293s] -- Up-to-date: /home/zihao/Documents/limo/agilex_open_class/install/limo_msgs/include/limo_msgs/limo_msgs/srv/detail/limo_srv__type_support.h
[0.293s] -- Up-to-date: /home/zihao/Documents/limo/agilex_open_class/install/limo_msgs/include/limo_msgs/limo_msgs/srv/detail/limo_srv__functions.h
[0.293s] -- Up-to-date: /home/zihao/Documents/limo/agilex_open_class/install/limo_msgs/include/limo_msgs/limo_msgs/srv/detail/limo_srv__struct.h
[0.293s] -- Up-to-date: /home/zihao/Documents/limo/agilex_open_class/install/limo_msgs/include/limo_msgs/limo_msgs/srv/detail/limo_srv__functions.c
[0.293s] -- Up-to-date: /home/zihao/Documents/limo/agilex_open_class/install/limo_msgs/share/limo_msgs/environment/library_path.sh
[0.293s] -- Up-to-date: /home/zihao/Documents/limo/agilex_open_class/install/limo_msgs/share/limo_msgs/environment/library_path.dsv
[0.293s] -- Up-to-date: /home/zihao/Documents/limo/agilex_open_class/install/limo_msgs/lib/liblimo_msgs__rosidl_generator_c.so
[0.293s] -- Up-to-date: /home/zihao/Documents/limo/agilex_open_class/install/limo_msgs/include/limo_msgs/limo_msgs
[0.293s] -- Up-to-date: /home/zihao/Documents/limo/agilex_open_class/install/limo_msgs/include/limo_msgs/limo_msgs/action
[0.293s] -- Up-to-date: /home/zihao/Documents/limo/agilex_open_class/install/limo_msgs/include/limo_msgs/limo_msgs/action/detail
[0.294s] -- Up-to-date: /home/zihao/Documents/limo/agilex_open_class/install/limo_msgs/include/limo_msgs/limo_msgs/action/detail/limo_action__rosidl_typesupport_fastrtps_c.h
[0.294s] -- Up-to-date: /home/zihao/Documents/limo/agilex_open_class/install/limo_msgs/include/limo_msgs/limo_msgs/msg
[0.294s] -- Up-to-date: /home/zihao/Documents/limo/agilex_open_class/install/limo_msgs/include/limo_msgs/limo_msgs/msg/rosidl_typesupport_fastrtps_c__visibility_control.h
[0.294s] -- Up-to-date: /home/zihao/Documents/limo/agilex_open_class/install/limo_msgs/include/limo_msgs/limo_msgs/msg/detail
[0.294s] -- Up-to-date: /home/zihao/Documents/limo/agilex_open_class/install/limo_msgs/include/limo_msgs/limo_msgs/msg/detail/limo_status__rosidl_typesupport_fastrtps_c.h
[0.294s] -- Up-to-date: /home/zihao/Documents/limo/agilex_open_class/install/limo_msgs/include/limo_msgs/limo_msgs/srv
[0.294s] -- Up-to-date: /home/zihao/Documents/limo/agilex_open_class/install/limo_msgs/include/limo_msgs/limo_msgs/srv/detail
[0.294s] -- Up-to-date: /home/zihao/Documents/limo/agilex_open_class/install/limo_msgs/include/limo_msgs/limo_msgs/srv/detail/limo_srv__rosidl_typesupport_fastrtps_c.h
[0.294s] -- Up-to-date: /home/zihao/Documents/limo/agilex_open_class/install/limo_msgs/lib/liblimo_msgs__rosidl_typesupport_fastrtps_c.so
[0.294s] -- Up-to-date: /home/zihao/Documents/limo/agilex_open_class/install/limo_msgs/include/limo_msgs/limo_msgs
[0.294s] -- Up-to-date: /home/zihao/Documents/limo/agilex_open_class/install/limo_msgs/include/limo_msgs/limo_msgs/action
[0.294s] -- Up-to-date: /home/zihao/Documents/limo/agilex_open_class/install/limo_msgs/include/limo_msgs/limo_msgs/action/limo_action.hpp
[0.294s] -- Up-to-date: /home/zihao/Documents/limo/agilex_open_class/install/limo_msgs/include/limo_msgs/limo_msgs/action/detail
[0.294s] -- Up-to-date: /home/zihao/Documents/limo/agilex_open_class/install/limo_msgs/include/limo_msgs/limo_msgs/action/detail/limo_action__traits.hpp
[0.294s] -- Up-to-date: /home/zihao/Documents/limo/agilex_open_class/install/limo_msgs/include/limo_msgs/limo_msgs/action/detail/limo_action__builder.hpp
[0.294s] -- Up-to-date: /home/zihao/Documents/limo/agilex_open_class/install/limo_msgs/include/limo_msgs/limo_msgs/action/detail/limo_action__type_support.hpp
[0.294s] -- Up-to-date: /home/zihao/Documents/limo/agilex_open_class/install/limo_msgs/include/limo_msgs/limo_msgs/action/detail/limo_action__struct.hpp
[0.294s] -- Up-to-date: /home/zihao/Documents/limo/agilex_open_class/install/limo_msgs/include/limo_msgs/limo_msgs/msg
[0.294s] -- Up-to-date: /home/zihao/Documents/limo/agilex_open_class/install/limo_msgs/include/limo_msgs/limo_msgs/msg/limo_status.hpp
[0.294s] -- Up-to-date: /home/zihao/Documents/limo/agilex_open_class/install/limo_msgs/include/limo_msgs/limo_msgs/msg/detail
[0.294s] -- Up-to-date: /home/zihao/Documents/limo/agilex_open_class/install/limo_msgs/include/limo_msgs/limo_msgs/msg/detail/limo_status__type_support.hpp
[0.294s] -- Up-to-date: /home/zihao/Documents/limo/agilex_open_class/install/limo_msgs/include/limo_msgs/limo_msgs/msg/detail/limo_status__struct.hpp
[0.294s] -- Up-to-date: /home/zihao/Documents/limo/agilex_open_class/install/limo_msgs/include/limo_msgs/limo_msgs/msg/detail/limo_status__builder.hpp
[0.294s] -- Up-to-date: /home/zihao/Documents/limo/agilex_open_class/install/limo_msgs/include/limo_msgs/limo_msgs/msg/detail/limo_status__traits.hpp
[0.294s] -- Up-to-date: /home/zihao/Documents/limo/agilex_open_class/install/limo_msgs/include/limo_msgs/limo_msgs/msg/rosidl_generator_cpp__visibility_control.hpp
[0.294s] -- Up-to-date: /home/zihao/Documents/limo/agilex_open_class/install/limo_msgs/include/limo_msgs/limo_msgs/srv
[0.294s] -- Up-to-date: /home/zihao/Documents/limo/agilex_open_class/install/limo_msgs/include/limo_msgs/limo_msgs/srv/limo_srv.hpp
[0.294s] -- Up-to-date: /home/zihao/Documents/limo/agilex_open_class/install/limo_msgs/include/limo_msgs/limo_msgs/srv/detail
[0.294s] -- Up-to-date: /home/zihao/Documents/limo/agilex_open_class/install/limo_msgs/include/limo_msgs/limo_msgs/srv/detail/limo_srv__traits.hpp
[0.294s] -- Up-to-date: /home/zihao/Documents/limo/agilex_open_class/install/limo_msgs/include/limo_msgs/limo_msgs/srv/detail/limo_srv__builder.hpp
[0.294s] -- Up-to-date: /home/zihao/Documents/limo/agilex_open_class/install/limo_msgs/include/limo_msgs/limo_msgs/srv/detail/limo_srv__type_support.hpp
[0.294s] -- Up-to-date: /home/zihao/Documents/limo/agilex_open_class/install/limo_msgs/include/limo_msgs/limo_msgs/srv/detail/limo_srv__struct.hpp
[0.294s] -- Up-to-date: /home/zihao/Documents/limo/agilex_open_class/install/limo_msgs/include/limo_msgs/limo_msgs
[0.294s] -- Up-to-date: /home/zihao/Documents/limo/agilex_open_class/install/limo_msgs/include/limo_msgs/limo_msgs/action
[0.294s] -- Up-to-date: /home/zihao/Documents/limo/agilex_open_class/install/limo_msgs/include/limo_msgs/limo_msgs/action/detail
[0.294s] -- Up-to-date: /home/zihao/Documents/limo/agilex_open_class/install/limo_msgs/include/limo_msgs/limo_msgs/action/detail/dds_fastrtps
[0.294s] -- Up-to-date: /home/zihao/Documents/limo/agilex_open_class/install/limo_msgs/include/limo_msgs/limo_msgs/action/detail/limo_action__rosidl_typesupport_fastrtps_cpp.hpp
[0.294s] -- Up-to-date: /home/zihao/Documents/limo/agilex_open_class/install/limo_msgs/include/limo_msgs/limo_msgs/msg
[0.294s] -- Up-to-date: /home/zihao/Documents/limo/agilex_open_class/install/limo_msgs/include/limo_msgs/limo_msgs/msg/rosidl_typesupport_fastrtps_cpp__visibility_control.h
[0.294s] -- Up-to-date: /home/zihao/Documents/limo/agilex_open_class/install/limo_msgs/include/limo_msgs/limo_msgs/msg/detail
[0.294s] -- Up-to-date: /home/zihao/Documents/limo/agilex_open_class/install/limo_msgs/include/limo_msgs/limo_msgs/msg/detail/dds_fastrtps
[0.294s] -- Up-to-date: /home/zihao/Documents/limo/agilex_open_class/install/limo_msgs/include/limo_msgs/limo_msgs/msg/detail/limo_status__rosidl_typesupport_fastrtps_cpp.hpp
[0.294s] -- Up-to-date: /home/zihao/Documents/limo/agilex_open_class/install/limo_msgs/include/limo_msgs/limo_msgs/srv
[0.294s] -- Up-to-date: /home/zihao/Documents/limo/agilex_open_class/install/limo_msgs/include/limo_msgs/limo_msgs/srv/detail
[0.294s] -- Up-to-date: /home/zihao/Documents/limo/agilex_open_class/install/limo_msgs/include/limo_msgs/limo_msgs/srv/detail/dds_fastrtps
[0.294s] -- Up-to-date: /home/zihao/Documents/limo/agilex_open_class/install/limo_msgs/include/limo_msgs/limo_msgs/srv/detail/limo_srv__rosidl_typesupport_fastrtps_cpp.hpp
[0.294s] -- Up-to-date: /home/zihao/Documents/limo/agilex_open_class/install/limo_msgs/lib/liblimo_msgs__rosidl_typesupport_fastrtps_cpp.so
[0.294s] -- Up-to-date: /home/zihao/Documents/limo/agilex_open_class/install/limo_msgs/include/limo_msgs/limo_msgs
[0.294s] -- Up-to-date: /home/zihao/Documents/limo/agilex_open_class/install/limo_msgs/include/limo_msgs/limo_msgs/action
[0.294s] -- Up-to-date: /home/zihao/Documents/limo/agilex_open_class/install/limo_msgs/include/limo_msgs/limo_msgs/action/detail
[0.295s] -- Up-to-date: /home/zihao/Documents/limo/agilex_open_class/install/limo_msgs/include/limo_msgs/limo_msgs/action/detail/limo_action__type_support.c
[0.295s] -- Up-to-date: /home/zihao/Documents/limo/agilex_open_class/install/limo_msgs/include/limo_msgs/limo_msgs/action/detail/limo_action__rosidl_typesupport_introspection_c.h
[0.295s] -- Up-to-date: /home/zihao/Documents/limo/agilex_open_class/install/limo_msgs/include/limo_msgs/limo_msgs/msg
[0.295s] -- Up-to-date: /home/zihao/Documents/limo/agilex_open_class/install/limo_msgs/include/limo_msgs/limo_msgs/msg/rosidl_typesupport_introspection_c__visibility_control.h
[0.295s] -- Up-to-date: /home/zihao/Documents/limo/agilex_open_class/install/limo_msgs/include/limo_msgs/limo_msgs/msg/detail
[0.295s] -- Up-to-date: /home/zihao/Documents/limo/agilex_open_class/install/limo_msgs/include/limo_msgs/limo_msgs/msg/detail/limo_status__type_support.c
[0.295s] -- Up-to-date: /home/zihao/Documents/limo/agilex_open_class/install/limo_msgs/include/limo_msgs/limo_msgs/msg/detail/limo_status__rosidl_typesupport_introspection_c.h
[0.295s] -- Up-to-date: /home/zihao/Documents/limo/agilex_open_class/install/limo_msgs/include/limo_msgs/limo_msgs/srv
[0.295s] -- Up-to-date: /home/zihao/Documents/limo/agilex_open_class/install/limo_msgs/include/limo_msgs/limo_msgs/srv/detail
[0.295s] -- Up-to-date: /home/zihao/Documents/limo/agilex_open_class/install/limo_msgs/include/limo_msgs/limo_msgs/srv/detail/limo_srv__type_support.c
[0.295s] -- Up-to-date: /home/zihao/Documents/limo/agilex_open_class/install/limo_msgs/include/limo_msgs/limo_msgs/srv/detail/limo_srv__rosidl_typesupport_introspection_c.h
[0.295s] -- Up-to-date: /home/zihao/Documents/limo/agilex_open_class/install/limo_msgs/lib/liblimo_msgs__rosidl_typesupport_introspection_c.so
[0.295s] -- Up-to-date: /home/zihao/Documents/limo/agilex_open_class/install/limo_msgs/lib/liblimo_msgs__rosidl_typesupport_c.so
[0.295s] -- Up-to-date: /home/zihao/Documents/limo/agilex_open_class/install/limo_msgs/include/limo_msgs/limo_msgs
[0.295s] -- Up-to-date: /home/zihao/Documents/limo/agilex_open_class/install/limo_msgs/include/limo_msgs/limo_msgs/action
[0.295s] -- Up-to-date: /home/zihao/Documents/limo/agilex_open_class/install/limo_msgs/include/limo_msgs/limo_msgs/action/detail
[0.295s] -- Up-to-date: /home/zihao/Documents/limo/agilex_open_class/install/limo_msgs/include/limo_msgs/limo_msgs/action/detail/limo_action__type_support.cpp
[0.295s] -- Up-to-date: /home/zihao/Documents/limo/agilex_open_class/install/limo_msgs/include/limo_msgs/limo_msgs/action/detail/limo_action__rosidl_typesupport_introspection_cpp.hpp
[0.295s] -- Up-to-date: /home/zihao/Documents/limo/agilex_open_class/install/limo_msgs/include/limo_msgs/limo_msgs/msg
[0.295s] -- Up-to-date: /home/zihao/Documents/limo/agilex_open_class/install/limo_msgs/include/limo_msgs/limo_msgs/msg/detail
[0.295s] -- Up-to-date: /home/zihao/Documents/limo/agilex_open_class/install/limo_msgs/include/limo_msgs/limo_msgs/msg/detail/limo_status__type_support.cpp
[0.295s] -- Up-to-date: /home/zihao/Documents/limo/agilex_open_class/install/limo_msgs/include/limo_msgs/limo_msgs/msg/detail/limo_status__rosidl_typesupport_introspection_cpp.hpp
[0.295s] -- Up-to-date: /home/zihao/Documents/limo/agilex_open_class/install/limo_msgs/include/limo_msgs/limo_msgs/srv
[0.295s] -- Up-to-date: /home/zihao/Documents/limo/agilex_open_class/install/limo_msgs/include/limo_msgs/limo_msgs/srv/detail
[0.295s] -- Up-to-date: /home/zihao/Documents/limo/agilex_open_class/install/limo_msgs/include/limo_msgs/limo_msgs/srv/detail/limo_srv__type_support.cpp
[0.295s] -- Up-to-date: /home/zihao/Documents/limo/agilex_open_class/install/limo_msgs/include/limo_msgs/limo_msgs/srv/detail/limo_srv__rosidl_typesupport_introspection_cpp.hpp
[0.295s] -- Up-to-date: /home/zihao/Documents/limo/agilex_open_class/install/limo_msgs/lib/liblimo_msgs__rosidl_typesupport_introspection_cpp.so
[0.295s] -- Up-to-date: /home/zihao/Documents/limo/agilex_open_class/install/limo_msgs/lib/liblimo_msgs__rosidl_typesupport_cpp.so
[0.295s] -- Up-to-date: /home/zihao/Documents/limo/agilex_open_class/install/limo_msgs/share/limo_msgs/environment/pythonpath.sh
[0.295s] -- Up-to-date: /home/zihao/Documents/limo/agilex_open_class/install/limo_msgs/share/limo_msgs/environment/pythonpath.dsv
[0.295s] -- Up-to-date: /home/zihao/Documents/limo/agilex_open_class/install/limo_msgs/lib/python3.12/site-packages/limo_msgs-0.0.0-py3.12.egg-info
[0.295s] -- Installing: /home/zihao/Documents/limo/agilex_open_class/install/limo_msgs/lib/python3.12/site-packages/limo_msgs-0.0.0-py3.12.egg-info/dependency_links.txt
[0.295s] -- Installing: /home/zihao/Documents/limo/agilex_open_class/install/limo_msgs/lib/python3.12/site-packages/limo_msgs-0.0.0-py3.12.egg-info/PKG-INFO
[0.295s] -- Installing: /home/zihao/Documents/limo/agilex_open_class/install/limo_msgs/lib/python3.12/site-packages/limo_msgs-0.0.0-py3.12.egg-info/top_level.txt
[0.295s] -- Installing: /home/zihao/Documents/limo/agilex_open_class/install/limo_msgs/lib/python3.12/site-packages/limo_msgs-0.0.0-py3.12.egg-info/SOURCES.txt
[0.295s] -- Up-to-date: /home/zihao/Documents/limo/agilex_open_class/install/limo_msgs/lib/python3.12/site-packages/limo_msgs
[0.295s] -- Up-to-date: /home/zihao/Documents/limo/agilex_open_class/install/limo_msgs/lib/python3.12/site-packages/limo_msgs/limo_msgs_s__rosidl_typesupport_fastrtps_c.cpython-312-x86_64-linux-gnu.so
[0.295s] -- Up-to-date: /home/zihao/Documents/limo/agilex_open_class/install/limo_msgs/lib/python3.12/site-packages/limo_msgs/action
[0.295s] -- Up-to-date: /home/zihao/Documents/limo/agilex_open_class/install/limo_msgs/lib/python3.12/site-packages/limo_msgs/action/__init__.py
[0.295s] -- Up-to-date: /home/zihao/Documents/limo/agilex_open_class/install/limo_msgs/lib/python3.12/site-packages/limo_msgs/action/_limo_action.py
[0.295s] -- Up-to-date: /home/zihao/Documents/limo/agilex_open_class/install/limo_msgs/lib/python3.12/site-packages/limo_msgs/action/_limo_action_s.c
[0.295s] -- Up-to-date: /home/zihao/Documents/limo/agilex_open_class/install/limo_msgs/lib/python3.12/site-packages/limo_msgs/msg
[0.295s] -- Up-to-date: /home/zihao/Documents/limo/agilex_open_class/install/limo_msgs/lib/python3.12/site-packages/limo_msgs/msg/_limo_status.py
[0.295s] -- Up-to-date: /home/zihao/Documents/limo/agilex_open_class/install/limo_msgs/lib/python3.12/site-packages/limo_msgs/msg/_limo_status_s.c
[0.295s] -- Up-to-date: /home/zihao/Documents/limo/agilex_open_class/install/limo_msgs/lib/python3.12/site-packages/limo_msgs/msg/__init__.py
[0.295s] -- Up-to-date: /home/zihao/Documents/limo/agilex_open_class/install/limo_msgs/lib/python3.12/site-packages/limo_msgs/limo_msgs_s__rosidl_typesupport_introspection_c.cpython-312-x86_64-linux-gnu.so
[0.295s] -- Up-to-date: /home/zihao/Documents/limo/agilex_open_class/install/limo_msgs/lib/python3.12/site-packages/limo_msgs/limo_msgs_s__rosidl_typesupport_c.cpython-312-x86_64-linux-gnu.so
[0.295s] -- Up-to-date: /home/zihao/Documents/limo/agilex_open_class/install/limo_msgs/lib/python3.12/site-packages/limo_msgs/_limo_msgs_s.ep.rosidl_typesupport_fastrtps_c.c
[0.295s] -- Up-to-date: /home/zihao/Documents/limo/agilex_open_class/install/limo_msgs/lib/python3.12/site-packages/limo_msgs/liblimo_msgs__rosidl_generator_py.so
[0.295s] -- Up-to-date: /home/zihao/Documents/limo/agilex_open_class/install/limo_msgs/lib/python3.12/site-packages/limo_msgs/srv
[0.295s] -- Up-to-date: /home/zihao/Documents/limo/agilex_open_class/install/limo_msgs/lib/python3.12/site-packages/limo_msgs/srv/_limo_srv.py
[0.295s] -- Up-to-date: /home/zihao/Documents/limo/agilex_open_class/install/limo_msgs/lib/python3.12/site-packages/limo_msgs/srv/_limo_srv_s.c
[0.295s] -- Up-to-date: /home/zihao/Documents/limo/agilex_open_class/install/limo_msgs/lib/python3.12/site-packages/limo_msgs/srv/__init__.py
[0.295s] -- Up-to-date: /home/zihao/Documents/limo/agilex_open_class/install/limo_msgs/lib/python3.12/site-packages/limo_msgs/_limo_msgs_s.ep.rosidl_typesupport_c.c
[0.295s] -- Up-to-date: /home/zihao/Documents/limo/agilex_open_class/install/limo_msgs/lib/python3.12/site-packages/limo_msgs/_limo_msgs_s.ep.rosidl_typesupport_introspection_c.c
[0.295s] -- Up-to-date: /home/zihao/Documents/limo/agilex_open_class/install/limo_msgs/lib/python3.12/site-packages/limo_msgs/__init__.py
[0.313s] Listing '/home/zihao/Documents/limo/agilex_open_class/install/limo_msgs/lib/python3.12/site-packages/limo_msgs'...
[0.313s] Listing '/home/zihao/Documents/limo/agilex_open_class/install/limo_msgs/lib/python3.12/site-packages/limo_msgs/action'...
[0.313s] Listing '/home/zihao/Documents/limo/agilex_open_class/install/limo_msgs/lib/python3.12/site-packages/limo_msgs/msg'...
[0.313s] Listing '/home/zihao/Documents/limo/agilex_open_class/install/limo_msgs/lib/python3.12/site-packages/limo_msgs/srv'...
[0.315s] -- Up-to-date: /home/zihao/Documents/limo/agilex_open_class/install/limo_msgs/lib/python3.12/site-packages/limo_msgs/limo_msgs_s__rosidl_typesupport_fastrtps_c.cpython-312-x86_64-linux-gnu.so
[0.315s] -- Up-to-date: /home/zihao/Documents/limo/agilex_open_class/install/limo_msgs/lib/python3.12/site-packages/limo_msgs/limo_msgs_s__rosidl_typesupport_introspection_c.cpython-312-x86_64-linux-gnu.so
[0.315s] -- Up-to-date: /home/zihao/Documents/limo/agilex_open_class/install/limo_msgs/lib/python3.12/site-packages/limo_msgs/limo_msgs_s__rosidl_typesupport_c.cpython-312-x86_64-linux-gnu.so
[0.316s] -- Up-to-date: /home/zihao/Documents/limo/agilex_open_class/install/limo_msgs/lib/liblimo_msgs__rosidl_generator_py.so
[0.316s] -- Up-to-date: /home/zihao/Documents/limo/agilex_open_class/install/limo_msgs/share/limo_msgs/msg/LimoStatus.idl
[0.316s] -- Up-to-date: /home/zihao/Documents/limo/agilex_open_class/install/limo_msgs/share/limo_msgs/srv/LimoSrv.idl
[0.316s] -- Up-to-date: /home/zihao/Documents/limo/agilex_open_class/install/limo_msgs/share/limo_msgs/action/LimoAction.idl
[0.316s] -- Up-to-date: /home/zihao/Documents/limo/agilex_open_class/install/limo_msgs/share/limo_msgs/msg/LimoStatus.msg
[0.316s] -- Up-to-date: /home/zihao/Documents/limo/agilex_open_class/install/limo_msgs/share/limo_msgs/srv/LimoSrv.srv
[0.316s] -- Up-to-date: /home/zihao/Documents/limo/agilex_open_class/install/limo_msgs/share/limo_msgs/srv/LimoSrv_Request.msg
[0.316s] -- Up-to-date: /home/zihao/Documents/limo/agilex_open_class/install/limo_msgs/share/limo_msgs/srv/LimoSrv_Response.msg
[0.316s] -- Up-to-date: /home/zihao/Documents/limo/agilex_open_class/install/limo_msgs/share/limo_msgs/action/LimoAction.action
[0.316s] -- Up-to-date: /home/zihao/Documents/limo/agilex_open_class/install/limo_msgs/share/ament_index/resource_index/package_run_dependencies/limo_msgs
[0.316s] -- Up-to-date: /home/zihao/Documents/limo/agilex_open_class/install/limo_msgs/share/ament_index/resource_index/parent_prefix_path/limo_msgs
[0.316s] -- Up-to-date: /home/zihao/Documents/limo/agilex_open_class/install/limo_msgs/share/limo_msgs/environment/ament_prefix_path.sh
[0.316s] -- Up-to-date: /home/zihao/Documents/limo/agilex_open_class/install/limo_msgs/share/limo_msgs/environment/ament_prefix_path.dsv
[0.316s] -- Up-to-date: /home/zihao/Documents/limo/agilex_open_class/install/limo_msgs/share/limo_msgs/environment/path.sh
[0.316s] -- Up-to-date: /home/zihao/Documents/limo/agilex_open_class/install/limo_msgs/share/limo_msgs/environment/path.dsv
[0.316s] -- Up-to-date: /home/zihao/Documents/limo/agilex_open_class/install/limo_msgs/share/limo_msgs/local_setup.bash
[0.316s] -- Up-to-date: /home/zihao/Documents/limo/agilex_open_class/install/limo_msgs/share/limo_msgs/local_setup.sh
[0.316s] -- Up-to-date: /home/zihao/Documents/limo/agilex_open_class/install/limo_msgs/share/limo_msgs/local_setup.zsh
[0.316s] -- Up-to-date: /home/zihao/Documents/limo/agilex_open_class/install/limo_msgs/share/limo_msgs/local_setup.dsv
[0.316s] -- Installing: /home/zihao/Documents/limo/agilex_open_class/install/limo_msgs/share/limo_msgs/package.dsv
[0.316s] -- Up-to-date: /home/zihao/Documents/limo/agilex_open_class/install/limo_msgs/share/ament_index/resource_index/packages/limo_msgs
[0.316s] -- Up-to-date: /home/zihao/Documents/limo/agilex_open_class/install/limo_msgs/share/limo_msgs/cmake/export_limo_msgs__rosidl_generator_cExport.cmake
[0.316s] -- Up-to-date: /home/zihao/Documents/limo/agilex_open_class/install/limo_msgs/share/limo_msgs/cmake/export_limo_msgs__rosidl_generator_cExport-noconfig.cmake
[0.316s] -- Up-to-date: /home/zihao/Documents/limo/agilex_open_class/install/limo_msgs/share/limo_msgs/cmake/export_limo_msgs__rosidl_typesupport_fastrtps_cExport.cmake
[0.316s] -- Up-to-date: /home/zihao/Documents/limo/agilex_open_class/install/limo_msgs/share/limo_msgs/cmake/export_limo_msgs__rosidl_typesupport_fastrtps_cExport-noconfig.cmake
[0.316s] -- Up-to-date: /home/zihao/Documents/limo/agilex_open_class/install/limo_msgs/share/limo_msgs/cmake/export_limo_msgs__rosidl_generator_cppExport.cmake
[0.316s] -- Up-to-date: /home/zihao/Documents/limo/agilex_open_class/install/limo_msgs/share/limo_msgs/cmake/export_limo_msgs__rosidl_typesupport_fastrtps_cppExport.cmake
[0.316s] -- Up-to-date: /home/zihao/Documents/limo/agilex_open_class/install/limo_msgs/share/limo_msgs/cmake/export_limo_msgs__rosidl_typesupport_fastrtps_cppExport-noconfig.cmake
[0.316s] -- Up-to-date: /home/zihao/Documents/limo/agilex_open_class/install/limo_msgs/share/limo_msgs/cmake/limo_msgs__rosidl_typesupport_introspection_cExport.cmake
[0.316s] -- Up-to-date: /home/zihao/Documents/limo/agilex_open_class/install/limo_msgs/share/limo_msgs/cmake/limo_msgs__rosidl_typesupport_introspection_cExport-noconfig.cmake
[0.316s] -- Up-to-date: /home/zihao/Documents/limo/agilex_open_class/install/limo_msgs/share/limo_msgs/cmake/limo_msgs__rosidl_typesupport_cExport.cmake
[0.316s] -- Up-to-date: /home/zihao/Documents/limo/agilex_open_class/install/limo_msgs/share/limo_msgs/cmake/limo_msgs__rosidl_typesupport_cExport-noconfig.cmake
[0.316s] -- Up-to-date: /home/zihao/Documents/limo/agilex_open_class/install/limo_msgs/share/limo_msgs/cmake/limo_msgs__rosidl_typesupport_introspection_cppExport.cmake
[0.316s] -- Up-to-date: /home/zihao/Documents/limo/agilex_open_class/install/limo_msgs/share/limo_msgs/cmake/limo_msgs__rosidl_typesupport_introspection_cppExport-noconfig.cmake
[0.316s] -- Up-to-date: /home/zihao/Documents/limo/agilex_open_class/install/limo_msgs/share/limo_msgs/cmake/limo_msgs__rosidl_typesupport_cppExport.cmake
[0.316s] -- Up-to-date: /home/zihao/Documents/limo/agilex_open_class/install/limo_msgs/share/limo_msgs/cmake/limo_msgs__rosidl_typesupport_cppExport-noconfig.cmake
[0.316s] -- Up-to-date: /home/zihao/Documents/limo/agilex_open_class/install/limo_msgs/share/limo_msgs/cmake/export_limo_msgs__rosidl_generator_pyExport.cmake
[0.316s] -- Up-to-date: /home/zihao/Documents/limo/agilex_open_class/install/limo_msgs/share/limo_msgs/cmake/export_limo_msgs__rosidl_generator_pyExport-noconfig.cmake
[0.316s] -- Up-to-date: /home/zihao/Documents/limo/agilex_open_class/install/limo_msgs/share/limo_msgs/cmake/rosidl_cmake-extras.cmake
[0.316s] -- Up-to-date: /home/zihao/Documents/limo/agilex_open_class/install/limo_msgs/share/limo_msgs/cmake/ament_cmake_export_dependencies-extras.cmake
[0.316s] -- Up-to-date: /home/zihao/Documents/limo/agilex_open_class/install/limo_msgs/share/limo_msgs/cmake/ament_cmake_export_include_directories-extras.cmake
[0.316s] -- Up-to-date: /home/zihao/Documents/limo/agilex_open_class/install/limo_msgs/share/limo_msgs/cmake/ament_cmake_export_libraries-extras.cmake
[0.316s] -- Up-to-date: /home/zihao/Documents/limo/agilex_open_class/install/limo_msgs/share/limo_msgs/cmake/ament_cmake_export_targets-extras.cmake
[0.317s] -- Up-to-date: /home/zihao/Documents/limo/agilex_open_class/install/limo_msgs/share/limo_msgs/cmake/rosidl_cmake_export_typesupport_targets-extras.cmake
[0.317s] -- Up-to-date: /home/zihao/Documents/limo/agilex_open_class/install/limo_msgs/share/limo_msgs/cmake/rosidl_cmake_export_typesupport_libraries-extras.cmake
[0.317s] -- Up-to-date: /home/zihao/Documents/limo/agilex_open_class/install/limo_msgs/share/limo_msgs/cmake/limo_msgsConfig.cmake
[0.317s] -- Up-to-date: /home/zihao/Documents/limo/agilex_open_class/install/limo_msgs/share/limo_msgs/cmake/limo_msgsConfig-version.cmake
[0.317s] -- Up-to-date: /home/zihao/Documents/limo/agilex_open_class/install/limo_msgs/share/limo_msgs/package.xml
[0.318s] Invoked command in '/home/zihao/Documents/limo/agilex_open_class/build/limo_msgs' returned '0': CMAKE_PREFIX_PATH=/opt/ros/humble /usr/bin/cmake --install /home/zihao/Documents/limo/agilex_open_class/build/limo_msgs
