[0.012s] Invoking command in '/home/zihao/Documents/limo/agilex_open_class/build/learnning_piper': CMAKE_PREFIX_PATH=/opt/ros/humble CONDA_PROMPT_MODIFIER=(base) /usr/bin/cmake /home/zihao/Documents/limo/agilex_open_class/piper/learnning_piper -DCMAKE_INSTALL_PREFIX=/home/zihao/Documents/limo/agilex_open_class/install/learnning_piper
[0.069s] -- The C compiler identification is GNU 11.4.0
[0.115s] -- The CXX compiler identification is GNU 11.4.0
[0.121s] -- Detecting C compiler ABI info
[0.189s] -- Detecting C compiler ABI info - done
[0.193s] -- Check for working C compiler: /usr/bin/cc - skipped
[0.193s] -- Detecting C compile features
[0.193s] -- Detecting C compile features - done
[0.194s] -- Detecting CXX compiler ABI info
[0.264s] -- Detecting CXX compiler ABI info - done
[0.267s] -- Check for working CXX compiler: /usr/bin/c++ - skipped
[0.268s] -- Detecting CXX compile features
[0.268s] -- Detecting CXX compile features - done
[0.269s] -- Found ament_cmake: 1.3.11 (/opt/ros/humble/share/ament_cmake/cmake)
[0.439s] -- Found Python3: /home/zihao/anaconda3/bin/python3 (found version "3.12.7") found components: Interpreter 
[0.491s] -- Found rclcpp: 16.0.11 (/opt/ros/humble/share/rclcpp/cmake)
[0.509s] -- Found rosidl_generator_c: 3.1.6 (/opt/ros/humble/share/rosidl_generator_c/cmake)
[0.511s] -- Found rosidl_adapter: 3.1.6 (/opt/ros/humble/share/rosidl_adapter/cmake)
[0.515s] -- Found rosidl_generator_cpp: 3.1.6 (/opt/ros/humble/share/rosidl_generator_cpp/cmake)
[0.519s] -- Using all available rosidl_typesupport_c: rosidl_typesupport_fastrtps_c;rosidl_typesupport_introspection_c
[0.526s] -- Using all available rosidl_typesupport_cpp: rosidl_typesupport_fastrtps_cpp;rosidl_typesupport_introspection_cpp
[0.545s] -- Found rmw_implementation_cmake: 6.1.2 (/opt/ros/humble/share/rmw_implementation_cmake/cmake)
[0.546s] -- Found rmw_fastrtps_cpp: 6.2.7 (/opt/ros/humble/share/rmw_fastrtps_cpp/cmake)
[0.609s] -- Found OpenSSL: /usr/lib/x86_64-linux-gnu/libcrypto.so (found version "3.0.2")  
[0.625s] -- Found FastRTPS: /opt/ros/humble/include  
[0.647s] -- Using RMW implementation 'rmw_fastrtps_cpp' as default
[0.651s] -- Looking for pthread.h
[0.704s] -- Looking for pthread.h - found
[0.704s] -- Performing Test CMAKE_HAVE_LIBC_PTHREAD
[0.750s] -- Performing Test CMAKE_HAVE_LIBC_PTHREAD - Success
[0.750s] -- Found Threads: TRUE  
[0.770s] -- Found geometry_msgs: 4.2.4 (/opt/ros/humble/share/geometry_msgs/cmake)
[0.774s] -- Found moveit_msgs: 2.2.1 (/opt/ros/humble/share/moveit_msgs/cmake)
[0.826s] -- Found moveit_core: 2.5.6 (/opt/ros/humble/share/moveit_core/cmake)
[0.843s] -- Found Boost: /home/zihao/anaconda3/lib/cmake/Boost-1.82.0/BoostConfig.cmake (found version "1.82.0") found components: chrono date_time filesystem iostreams program_options regex serialization system thread 
[0.864s] -- Found parameter_traits: 0.3.9 (/opt/ros/humble/share/parameter_traits/cmake)
[0.868s] -- Found Eigen3: TRUE (found version "3.4.0") 
[0.869s] -- Found rclcpp_lifecycle: 16.0.11 (/opt/ros/humble/share/rclcpp_lifecycle/cmake)
[0.878s] -- Found Boost: /home/zihao/anaconda3/lib/cmake/Boost-1.82.0/BoostConfig.cmake (found version "1.82.0") found components: filesystem 
[0.951s] -- library: /usr/lib/x86_64-linux-gnu/libcurl.so
[0.964s] -- Ensuring Eigen3 include directory is part of orocos-kdl CMake target
[1.013s] -- Found moveit_ros_planning: 2.5.6 (/opt/ros/humble/share/moveit_ros_planning/cmake)
[1.015s] -- Found Boost: /home/zihao/anaconda3/lib/cmake/Boost-1.82.0/BoostConfig.cmake (found version "1.82.0") found components: system filesystem date_time program_options thread chrono 
[1.025s] -- Found moveit_ros_planning_interface: 2.5.6 (/opt/ros/humble/share/moveit_ros_planning_interface/cmake)
[1.027s] -- Found Boost: /home/zihao/anaconda3/lib/cmake/Boost-1.82.0/BoostConfig.cmake (found version "1.82.0") found components: date_time filesystem program_options system thread 
[1.032s] -- Found Boost: /home/zihao/anaconda3/lib/cmake/Boost-1.82.0/BoostConfig.cmake (found version "1.82.0") found components: thread system filesystem regex date_time program_options 
[1.041s] -- Found Boost: /home/zihao/anaconda3/lib/cmake/Boost-1.82.0/BoostConfig.cmake (found version "1.82.0") found components: system filesystem date_time program_options thread 
[1.052s] -- Found moveit_servo: 2.5.6 (/opt/ros/humble/share/moveit_servo/cmake)
[1.077s] -- Found moveit_visual_tools: 4.1.1 (/opt/ros/humble/share/moveit_visual_tools/cmake)
[1.104s] -- Setting assimp_DIR to: '/opt/ros/humble/share/rviz_assimp_vendor/cmake/../../../opt/rviz_assimp_vendor/lib/cmake/assimp-4.1'
[1.108s] -- Setting OGRE_DIR to: '/opt/ros/humble/share/rviz_ogre_vendor/cmake/../../../opt/rviz_ogre_vendor/lib/OGRE/cmake'
[1.109s] -- Found OGRE
[1.109s] --   static     : OFF
[1.109s] --   components : HLMS;MeshLodGenerator;Overlay;Paging;Property;RTShaderSystem;Terrain;Volume
[1.109s] --   plugins    : Plugin_BSPSceneManager;Plugin_OctreeSceneManager;Plugin_PCZSceneManager;Plugin_ParticleFX;RenderSystem_GL;RenderSystem_GL3Plus;Codec_STBI
[1.109s] --   media      : /opt/ros/humble/opt/rviz_ogre_vendor/share/OGRE/Media
[1.109s] -- OGRE_LIBRARIES: OgreHLMS;OgreMeshLodGenerator;OgreOverlay;OgrePaging;OgreProperty;OgreRTShaderSystem;OgreTerrain;OgreVolume;OgreMain
[1.109s] -- OGRE_LIBRARY_DIRS: /opt/ros/humble/opt/rviz_ogre_vendor/lib
[1.109s] -- OGRE_PLUGINS: Plugin_BSPSceneManager;Plugin_OctreeSceneManager;Plugin_PCZSceneManager;Plugin_ParticleFX;RenderSystem_GL;RenderSystem_GL3Plus;Codec_STBI
[1.109s] -- OGRE_PLUGIN_DIR: /opt/ros/humble/opt/rviz_ogre_vendor/lib/OGRE
[1.109s] -- rviz_ogre_vendor::OgreOverlay for IMPORTED_LOCATION_RELEASE: /opt/ros/humble/opt/rviz_ogre_vendor/lib/libOgreOverlay.so
[1.109s] -- rviz_ogre_vendor::OgreOverlay for IMPORTED_LOCATION_DEBUG: /opt/ros/humble/opt/rviz_ogre_vendor/lib/libOgreOverlay.so
[1.109s] -- rviz_ogre_vendor::OgreMain for IMPORTED_LOCATION_RELEASE: /opt/ros/humble/opt/rviz_ogre_vendor/lib/libOgreMain.so
[1.109s] -- rviz_ogre_vendor::OgreMain for IMPORTED_LOCATION_DEBUG: /opt/ros/humble/opt/rviz_ogre_vendor/lib/libOgreMain.so
[1.117s] -- Found ZLIB: /usr/lib/x86_64-linux-gnu/libz.so (found version "1.2.11") 
[1.119s] -- Found OpenGL: /usr/lib/x86_64-linux-gnu/libOpenGL.so   
[1.189s] -- Found X11: /usr/include   
[1.189s] -- Looking for XOpenDisplay in /usr/lib/x86_64-linux-gnu/libX11.so;/usr/lib/x86_64-linux-gnu/libXext.so
[1.238s] -- Looking for XOpenDisplay in /usr/lib/x86_64-linux-gnu/libX11.so;/usr/lib/x86_64-linux-gnu/libXext.so - found
[1.238s] -- Looking for gethostbyname
[1.283s] -- Looking for gethostbyname - found
[1.283s] -- Looking for connect
[1.324s] -- Looking for connect - found
[1.324s] -- Looking for remove
[1.365s] -- Looking for remove - found
[1.365s] -- Looking for shmat
[1.404s] -- Looking for shmat - found
[1.404s] -- Looking for IceConnectionNumber in ICE
[1.448s] -- Looking for IceConnectionNumber in ICE - found
[1.493s] -- Found ament_lint_auto: 0.12.11 (/opt/ros/humble/share/ament_lint_auto/cmake)
[1.507s] Traceback (most recent call last):
[1.507s]   File "/opt/ros/humble/share/ament_cmake_core/cmake/core/package_xml_2_cmake.py", line 22, in <module>
[1.507s]     from catkin_pkg.package import parse_package_string
[1.507s] ModuleNotFoundError: No module named 'catkin_pkg'
[1.508s] [31mCMake Error at /opt/ros/humble/share/ament_cmake_core/cmake/core/ament_package_xml.cmake:95 (message):
[1.508s]   execute_process(/home/zihao/anaconda3/bin/python3
[1.508s]   /opt/ros/humble/share/ament_cmake_core/cmake/core/package_xml_2_cmake.py
[1.508s]   /home/zihao/Documents/limo/agilex_open_class/piper/learnning_piper/package.xml
[1.508s]   /home/zihao/Documents/limo/agilex_open_class/build/learnning_piper/ament_cmake_core/package.cmake)
[1.508s]   returned error code 1
[1.508s] Call Stack (most recent call first):
[1.508s]   /opt/ros/humble/share/ament_cmake_core/cmake/core/ament_package_xml.cmake:49 (_ament_package_xml)
[1.508s]   /opt/ros/humble/share/ament_lint_auto/cmake/ament_lint_auto_find_test_dependencies.cmake:31 (ament_package_xml)
[1.508s]   CMakeLists.txt:76 (ament_lint_auto_find_test_dependencies)
[1.508s] 
[1.509s] [0m
[1.509s] -- Configuring incomplete, errors occurred!
[1.509s] See also "/home/zihao/Documents/limo/agilex_open_class/build/learnning_piper/CMakeFiles/CMakeOutput.log".
