[0.288s] Invoking command in '/home/zihao/Documents/limo/agilex_open_class/limo/limo_learnning_py': CMAKE_PREFIX_PATH=/home/zihao/Documents/limo/agilex_open_class/install/limo_msgs:/home/zihao/Documents/limo/agilex_open_class/install/piper_moveit_config_v5:/home/zihao/Documents/limo/agilex_open_class/install/piper_moveit_config_v4:/home/zihao/Documents/limo/agilex_open_class/install/piper_description:/home/zihao/Documents/limo/agilex_open_class/install/limo_learnning:/home/zihao/Documents/limo/agilex_open_class/install/limo_bringup:/home/zihao/Documents/limo/agilex_open_class/install/limo_gazebo_sim:/home/zihao/Documents/limo/agilex_open_class/install/limo_description:/home/zihao/Documents/limo/agilex_open_class/install/learnning_piper CONDA_PROMPT_MODIFIER=(base) LD_LIBRARY_PATH=/home/zihao/Documents/limo/agilex_open_class/install/limo_msgs/lib:/usr/lib/x86_64-linux-gnu/gazebo-11/plugins:/opt/ros/humble/opt/rviz_ogre_vendor/lib:/opt/ros/humble/lib/x86_64-linux-gnu:/opt/ros/humble/lib:/tmp/.mount_CursorT78cpw/usr/lib/:/tmp/.mount_CursorT78cpw/usr/lib32/:/tmp/.mount_CursorT78cpw/usr/lib64/:/tmp/.mount_CursorT78cpw/lib/:/tmp/.mount_CursorT78cpw/lib/i386-linux-gnu/:/tmp/.mount_CursorT78cpw/lib/x86_64-linux-gnu/:/tmp/.mount_CursorT78cpw/lib/aarch64-linux-gnu/:/tmp/.mount_CursorT78cpw/lib32/:/tmp/.mount_CursorT78cpw/lib64/:/usr/share/gazebo/../../lib/x86_64-linux-gnu/gazebo-11/plugins PYTHONPATH=/home/zihao/Documents/limo/agilex_open_class/build/limo_learnning_py/prefix_override:/usr/lib/python3/dist-packages/colcon_core/task/python/colcon_distutils_commands:/home/zihao/Documents/limo/agilex_open_class/install/limo_learnning_py/lib/python3.10/site-packages:${PYTHONPATH} /usr/bin/python3 -W ignore:setup.py install is deprecated -W ignore:easy_install command is deprecated setup.py egg_info --egg-base ../../build/limo_learnning_py build --build-base /home/zihao/Documents/limo/agilex_open_class/build/limo_learnning_py/build install --record /home/zihao/Documents/limo/agilex_open_class/build/limo_learnning_py/install.log --single-version-externally-managed install_data
[0.377s] running egg_info
[0.377s] writing ../../build/limo_learnning_py/limo_learnning_py.egg-info/PKG-INFO
[0.377s] writing dependency_links to ../../build/limo_learnning_py/limo_learnning_py.egg-info/dependency_links.txt
[0.377s] writing entry points to ../../build/limo_learnning_py/limo_learnning_py.egg-info/entry_points.txt
[0.377s] writing requirements to ../../build/limo_learnning_py/limo_learnning_py.egg-info/requires.txt
[0.377s] writing top-level names to ../../build/limo_learnning_py/limo_learnning_py.egg-info/top_level.txt
[0.378s] reading manifest file '../../build/limo_learnning_py/limo_learnning_py.egg-info/SOURCES.txt'
[0.378s] writing manifest file '../../build/limo_learnning_py/limo_learnning_py.egg-info/SOURCES.txt'
[0.378s] running build
[0.378s] running build_py
[0.379s] running install
[0.379s] running install_lib
[0.379s] running install_data
[0.379s] running install_egg_info
[0.380s] removing '/home/zihao/Documents/limo/agilex_open_class/install/limo_learnning_py/lib/python3.10/site-packages/limo_learnning_py-0.0.0-py3.10.egg-info' (and everything under it)
[0.380s] Copying ../../build/limo_learnning_py/limo_learnning_py.egg-info to /home/zihao/Documents/limo/agilex_open_class/install/limo_learnning_py/lib/python3.10/site-packages/limo_learnning_py-0.0.0-py3.10.egg-info
[0.380s] running install_scripts
[0.389s] Installing limo_action_client script to /home/zihao/Documents/limo/agilex_open_class/install/limo_learnning_py/lib/limo_learnning_py
[0.389s] Installing limo_action_server script to /home/zihao/Documents/limo/agilex_open_class/install/limo_learnning_py/lib/limo_learnning_py
[0.389s] Installing limo_client script to /home/zihao/Documents/limo/agilex_open_class/install/limo_learnning_py/lib/limo_learnning_py
[0.389s] Installing limo_scan script to /home/zihao/Documents/limo/agilex_open_class/install/limo_learnning_py/lib/limo_learnning_py
[0.389s] Installing limo_server script to /home/zihao/Documents/limo/agilex_open_class/install/limo_learnning_py/lib/limo_learnning_py
[0.389s] Installing limo_topic_cmd script to /home/zihao/Documents/limo/agilex_open_class/install/limo_learnning_py/lib/limo_learnning_py
[0.389s] Installing multi_goal_nav script to /home/zihao/Documents/limo/agilex_open_class/install/limo_learnning_py/lib/limo_learnning_py
[0.389s] writing list of installed files to '/home/zihao/Documents/limo/agilex_open_class/build/limo_learnning_py/install.log'
[0.399s] Invoked command in '/home/zihao/Documents/limo/agilex_open_class/limo/limo_learnning_py' returned '0': CMAKE_PREFIX_PATH=/home/zihao/Documents/limo/agilex_open_class/install/limo_msgs:/home/zihao/Documents/limo/agilex_open_class/install/piper_moveit_config_v5:/home/zihao/Documents/limo/agilex_open_class/install/piper_moveit_config_v4:/home/zihao/Documents/limo/agilex_open_class/install/piper_description:/home/zihao/Documents/limo/agilex_open_class/install/limo_learnning:/home/zihao/Documents/limo/agilex_open_class/install/limo_bringup:/home/zihao/Documents/limo/agilex_open_class/install/limo_gazebo_sim:/home/zihao/Documents/limo/agilex_open_class/install/limo_description:/home/zihao/Documents/limo/agilex_open_class/install/learnning_piper CONDA_PROMPT_MODIFIER=(base) LD_LIBRARY_PATH=/home/zihao/Documents/limo/agilex_open_class/install/limo_msgs/lib:/usr/lib/x86_64-linux-gnu/gazebo-11/plugins:/opt/ros/humble/opt/rviz_ogre_vendor/lib:/opt/ros/humble/lib/x86_64-linux-gnu:/opt/ros/humble/lib:/tmp/.mount_CursorT78cpw/usr/lib/:/tmp/.mount_CursorT78cpw/usr/lib32/:/tmp/.mount_CursorT78cpw/usr/lib64/:/tmp/.mount_CursorT78cpw/lib/:/tmp/.mount_CursorT78cpw/lib/i386-linux-gnu/:/tmp/.mount_CursorT78cpw/lib/x86_64-linux-gnu/:/tmp/.mount_CursorT78cpw/lib/aarch64-linux-gnu/:/tmp/.mount_CursorT78cpw/lib32/:/tmp/.mount_CursorT78cpw/lib64/:/usr/share/gazebo/../../lib/x86_64-linux-gnu/gazebo-11/plugins PYTHONPATH=/home/zihao/Documents/limo/agilex_open_class/build/limo_learnning_py/prefix_override:/usr/lib/python3/dist-packages/colcon_core/task/python/colcon_distutils_commands:/home/zihao/Documents/limo/agilex_open_class/install/limo_learnning_py/lib/python3.10/site-packages:${PYTHONPATH} /usr/bin/python3 -W ignore:setup.py install is deprecated -W ignore:easy_install command is deprecated setup.py egg_info --egg-base ../../build/limo_learnning_py build --build-base /home/zihao/Documents/limo/agilex_open_class/build/limo_learnning_py/build install --record /home/zihao/Documents/limo/agilex_open_class/build/limo_learnning_py/install.log --single-version-externally-managed install_data
